#
# There is insufficient memory for the Java Runtime Environment to continue.
# Native memory allocation (mmap) failed to map 65536 bytes. Error detail: Failed to commit metaspace.
# Possible reasons:
#   The system is out of physical RAM or swap space
#   This process is running with CompressedOops enabled, and the Java Heap may be blocking the growth of the native heap
# Possible solutions:
#   Reduce memory load on the system
#   Increase physical memory or swap space
#   Check if swap backing store is full
#   Decrease Java heap size (-Xmx/-Xms)
#   Decrease number of Java threads
#   Decrease Java thread stack sizes (-Xss)
#   Set larger code cache with -XX:ReservedCodeCacheSize=
#   JVM is running with Zero Based Compressed Oops mode in which the Java heap is
#     placed in the first 32GB address space. The Java Heap base address is the
#     maximum limit for the native heap growth. Please use -XX:HeapBaseMinAddress
#     to set the Java Heap base and to place the Java Heap above 32GB virtual address.
# This output file may be truncated or incomplete.
#
#  Out of Memory Error (virtualSpaceNode.cpp:113), pid=11772, tid=11136
#
# JRE version: Java(TM) SE Runtime Environment (25.0.2+10) (build 25.0.2+10-LTS-69)
# Java VM: Java HotSpot(TM) 64-Bit Server VM (25.0.2+10-LTS-69, mixed mode, tiered, compressed oops, compressed class ptrs, g1 gc, windows-amd64)
# No core dump will be written. Minidumps are not enabled by default on client versions of Windows
#

---------------  S U M M A R Y ------------

Command Line: -Dclassworlds.conf=C:\Users\fersd\apache-maven-3.9.14\bin\m2.conf -Dmaven.home=C:\Users\fersd\apache-maven-3.9.14 -Dlibrary.jansi.path=C:\Users\fersd\apache-maven-3.9.14\lib\jansi-native -Dmaven.multiModuleProjectDirectory=C:\Users\fersd\projet-etudiants\api-gateway org.codehaus.plexus.classworlds.launcher.Launcher spring-boot:run

Host: 13th Gen Intel(R) Core(TM) i9-13900H, 20 cores, 15G,  Windows 11 , 64 bit Build 26100 (10.0.26100.8246)
Time: Tue May  5 00:54:06 2026 Afr. centrale Ouest elapsed time: 0.275936 seconds (0d 0h 0m 0s)

---------------  T H R E A D  ---------------

Current thread (0x00000298fc6bb650):  JavaThread "main"             [_thread_in_vm, id=11136, stack(0x000000ef08f00000,0x000000ef09000000) (1024K)]

Stack: [0x000000ef08f00000,0x000000ef09000000]
Native frames: (J=compiled Java code, j=interpreted, Vv=VM code, C=native code)
V  [jvm.dll+0x7a70f9]  (no source info available)
V  [jvm.dll+0x772d6d]  (no source info available)
V  [jvm.dll+0x965d53]  (no source info available)
V  [jvm.dll+0x968351]  (no source info available)
V  [jvm.dll+0x968a63]  (no source info available)
V  [jvm.dll+0x2fc846]  (no source info available)
V  [jvm.dll+0x962c1e]  (no source info available)
V  [jvm.dll+0x73df54]  (no source info available)
V  [jvm.dll+0x73dfba]  (no source info available)
V  [jvm.dll+0x7408a9]  (no source info available)
V  [jvm.dll+0x740635]  (no source info available)
V  [jvm.dll+0x29b382]  (no source info available)
V  [jvm.dll+0x73e97e]  (no source info available)
V  [jvm.dll+0x74abcc]  (no source info available)
V  [jvm.dll+0x289f32]  (no source info available)
V  [jvm.dll+0x28a3f5]  (no source info available)
V  [jvm.dll+0x28adcd]  (no source info available)
V  [jvm.dll+0x2807a6]  (no source info available)
V  [jvm.dll+0x668d51]  (no source info available)
V  [jvm.dll+0x293281]  (no source info available)
V  [jvm.dll+0x8d525f]  (no source info available)
V  [jvm.dll+0x8d62ba]  (no source info available)
V  [jvm.dll+0x8d67f2]  (no source info available)
V  [jvm.dll+0x8d6546]  (no source info available)
V  [jvm.dll+0x2e5422]  (no source info available)
V  [jvm.dll+0x474d6f]  (no source info available)
C  0x000002988fc3ad6a  (no source info available)

The last pc belongs to instanceof (printed below).
Java frames: (J=compiled Java code, j=interpreted, Vv=VM code)
j  sun.nio.ch.Streams.of(Ljava/nio/channels/ReadableByteChannel;)Ljava/io/InputStream;+1 java.base@25.0.2
j  java.nio.channels.Channels.newInputStream(Ljava/nio/channels/ReadableByteChannel;)Ljava/io/InputStream;+8 java.base@25.0.2
j  java.nio.file.spi.FileSystemProvider.newInputStream(Ljava/nio/file/Path;[Ljava/nio/file/OpenOption;)Ljava/io/InputStream;+98 java.base@25.0.2
j  java.nio.file.Files.newInputStream(Ljava/nio/file/Path;[Ljava/nio/file/OpenOption;)Ljava/io/InputStream;+6 java.base@25.0.2
j  org.codehaus.plexus.classworlds.launcher.Launcher.mainWithExitCode([Ljava/lang/String;)I+44
j  org.codehaus.plexus.classworlds.launcher.Launcher.main([Ljava/lang/String;)V+1
v  ~StubRoutines::call_stub 0x000002988fc212ed
Lock stack of current Java thread (top to bottom):

instanceof  193 instanceof  [0x000002988fc3ace0, 0x000002988fc3afa0]  704 bytes
[MachCode]
  0x000002988fc3ace0: 5848 85c0 | 0f84 8002 | 0000 488b | 4de8 488b | 4908 488b | 4908 488b | 5108 410f | b75d 010f 
  0x000002988fc3ad00: cbc1 eb10 | 807c 1a04 | 070f 84b9 | 0000 0050 | e805 0000 | 00e9 9600 | 0000 488d | 4424 084c 
  0x000002988fc3ad20: 896d c049 | 8bcf c5f8 | 7749 89af | 3804 0000 | 4989 8728 | 0400 0048 | 83ec 2040 | f6c4 0f0f 
  0x000002988fc3ad40: 8419 0000 | 0048 83ec | 0848 b880 | 4c9b cbfb | 7f00 00ff | d048 83c4 | 08e9 0c00 | 0000 48b8 
  0x000002988fc3ad60: 804c 9bcb | fb7f 0000 | ffd0 4883 | c420 49c7 | 8728 0400 | 0000 0000 | 0049 c787 | 3804 0000 
  0x000002988fc3ad80: 0000 0000 | 49c7 8730 | 0400 0000 | 0000 00c5 | f877 4983 | 7f08 000f | 8405 0000 | 00e9 3e64 
  0x000002988fc3ada0: feff 4c8b | 6dc0 4c8b | 75c8 4e8d | 74f5 00c3 | 498b 8788 | 0400 0049 | c787 8804 | 0000 0000 
  0x000002988fc3adc0: 0000 5a8b | 5208 eb11 | 8b50 0866 | 8b5c d948 | 488b 4928 | 488b 44d9 | 0848 8b4d | d848 85c9 
  0x000002988fc3ade0: 0f84 8100 | 0000 488b | 7910 483b | fa0f 850a | 0000 0048 | 8341 1801 | e962 0000 | 0048 85ff 
  0x000002988fc3ae00: 0f84 3800 | 0000 488b | 7920 483b | fa0f 850a | 0000 0048 | 8341 2801 | e942 0000 | 0048 85ff 
  0x000002988fc3ae20: 740a 4883 | 4108 01e9 | 3300 0000 | 4889 5120 | bf01 0000 | 0048 8979 | 28e9 2100 | 0000 483b 
  0x000002988fc3ae40: 5120 0f85 | 0a00 0000 | 4883 4128 | 01e9 0d00 | 0000 4889 | 5110 bf01 | 0000 0048 | 8979 1848 
  0x000002988fc3ae60: 83c1 3048 | 894d d848 | 3bd0 0f84 | f000 0000 | 8b48 1448 | 3b04 0a0f | 84e3 0000 | 0083 f920 
  0x000002988fc3ae80: 0f85 d600 | 0000 4883 | ec20 4c89 | 0424 4c89 | 4c24 084c | 8954 2410 | 4c89 5c24 | 184c 8b8a 
  0x000002988fc3aea0: a800 0000 | 4d8b c18a | 88b0 0000 | 0083 f13f | 49d3 e04d | 85c0 0f89 | 6d00 0000 | f34d 0fb8 
  0x000002988fc3aec0: c04c 8b5a | 284b 3b04 | c374 678a | 88b0 0000 | 0049 d3c9 | 490f bae1 | 0173 4e45 | 8b13 4983 
  0x000002988fc3aee0: c308 4183 | fa3e 0f8f | 2700 0000 | 33c9 453b | c244 0f4d | c14b 3b04 | c30f 8433 | 0000 0049 
  0x000002988fc3af00: 0fba e102 | 0f83 1f00 | 0000 49d1 | c941 83c0 | 01eb db45 | 33c0 4b3b | 04c3 0f84 | 1200 0000 
  0x000002988fc3af20: 4183 c001 | 453b c27c | ed49 c7c2 | 0100 0000 | eb03 4d33 | d249 83fa | 004c 8b5c | 2418 4c8b 
  0x000002988fc3af40: 5424 104c | 8b4c 2408 | 4c8b 0424 | 488d 6424 | 200f 8505 | 0000 00e9 | 0400 0000 | 33c0 eb23 
  0x000002988fc3af60: b801 0000 | 00e9 1900 | 0000 488b | 4dd8 4885 | c90f 840c | 0000 0080 | 4901 0148 | 83c1 3048 
  0x000002988fc3af80: 894d d841 | 0fb6 5d03 | 4983 c503 | 49ba 80b9 | 2ccc fb7f | 0000 41ff | 24da 660f | 1f44 0000 
[/MachCode]

---------------  P R O C E S S  ---------------

Threads class SMR info:
_java_thread_list=0x000002989f2ee8c0, length=14, elements={
0x00000298fc6bb650, 0x000002989e68b240, 0x000002989e68c0a0, 0x000002989e68db80,
0x000002989f161090, 0x000002989f16c080, 0x000002989f166000, 0x000002989f16f380,
0x000002989f178fa0, 0x000002989f2df1d0, 0x000002989f2e19f0, 0x000002989f2e6b50,
0x000002989f16b5f0, 0x000002989f169e80
}

Java Threads: ( => current thread )
=>0x00000298fc6bb650 JavaThread "main"                              [_thread_in_vm, id=11136, stack(0x000000ef08f00000,0x000000ef09000000) (1024K)]
  0x000002989e68b240 JavaThread "Reference Handler"          daemon [_thread_blocked, id=15480, stack(0x000000ef09700000,0x000000ef09800000) (1024K)]
  0x000002989e68c0a0 JavaThread "Finalizer"                  daemon [_thread_blocked, id=22652, stack(0x000000ef09800000,0x000000ef09900000) (1024K)]
  0x000002989e68db80 JavaThread "Signal Dispatcher"          daemon [_thread_blocked, id=18224, stack(0x000000ef09900000,0x000000ef09a00000) (1024K)]
  0x000002989f161090 JavaThread "Attach Listener"            daemon [_thread_blocked, id=14000, stack(0x000000ef09a00000,0x000000ef09b00000) (1024K)]
  0x000002989f16c080 JavaThread "Service Thread"             daemon [_thread_blocked, id=14312, stack(0x000000ef09b00000,0x000000ef09c00000) (1024K)]
  0x000002989f166000 JavaThread "Monitor Deflation Thread"   daemon [_thread_blocked, id=7844, stack(0x000000ef09c00000,0x000000ef09d00000) (1024K)]
  0x000002989f16f380 JavaThread "C2 CompilerThread0"         daemon [_thread_blocked, id=30356, stack(0x000000ef09d00000,0x000000ef09e00000) (1024K)]
  0x000002989f178fa0 JavaThread "C1 CompilerThread0"         daemon [_thread_blocked, id=26952, stack(0x000000ef09e00000,0x000000ef09f00000) (1024K)]
  0x000002989f2df1d0 JavaThread "C1 CompilerThread1"         daemon [_thread_blocked, id=30700, stack(0x000000ef09f00000,0x000000ef0a000000) (1024K)]
  0x000002989f2e19f0 JavaThread "C1 CompilerThread2"         daemon [_thread_blocked, id=1612, stack(0x000000ef0a000000,0x000000ef0a100000) (1024K)]
  0x000002989f2e6b50 JavaThread "C1 CompilerThread3"         daemon [_thread_blocked, id=16368, stack(0x000000ef0a100000,0x000000ef0a200000) (1024K)]
  0x000002989f16b5f0 JavaThread "Notification Thread"        daemon [_thread_blocked, id=8932, stack(0x000000ef0a200000,0x000000ef0a300000) (1024K)]
  0x000002989f169e80 JavaThread "Common-Cleaner"             daemon [_thread_blocked, id=11544, stack(0x000000ef0a300000,0x000000ef0a400000) (1024K)]
Total: 14

Other Threads:
  0x000002989e65af40 VMThread "VM Thread"                           [id=27708, stack(0x000000ef09600000,0x000000ef09700000) (1024K)]
  0x000002989e61c9e0 WatcherThread "VM Periodic Task Thread"        [id=28688, stack(0x000000ef09500000,0x000000ef09600000) (1024K)]
  0x00000298fec4fa40 WorkerThread "GC Thread#0"                     [id=29672, stack(0x000000ef09000000,0x000000ef09100000) (1024K)]
  0x00000298fec69320 ConcurrentGCThread "G1 Main Marker"            [id=29692, stack(0x000000ef09100000,0x000000ef09200000) (1024K)]
  0x00000298fec6cc20 WorkerThread "G1 Conc#0"                       [id=25444, stack(0x000000ef09200000,0x000000ef09300000) (1024K)]
  0x000002989e4efa90 ConcurrentGCThread "G1 Refine#0"               [id=5504, stack(0x000000ef09300000,0x000000ef09400000) (1024K)]
  0x000002989e4f04a0 ConcurrentGCThread "G1 Service"                [id=20364, stack(0x000000ef09400000,0x000000ef09500000) (1024K)]
Total: 7

Threads with active compile tasks:
Total: 0

VM state: not at safepoint (normal execution)

VM Mutex/Monitor currently owned by a thread:  ([mutex/lock_event])
[0x00007ffbcc2b73e8] Metaspace_lock - owner thread: 0x00000298fc6bb650

Heap address: 0x0000000705c00000, size: 4004 MB, Compressed Oops mode: Zero based, Oop shift amount: 3

CDS archive(s) not mapped
Compressed class space mapped at: 0x0000000030000000-0x0000000070000000, reserved size: 1073741824
UseCompressedClassPointers 1, UseCompactObjectHeaders 0
Narrow klass pointer bits 32, Max shift 3
Narrow klass base: 0x0000000000000000, Narrow klass shift: 0
Encoding Range: [0x0000000000000000 - 0x0000000100000000), (4294967296 bytes)
Klass Range:    [0x0000000030000000 - 0x0000000070000000), (1073741824 bytes)
Klass ID Range:  [805306368 - 1879048185) (1073741817)
No protection zone.

GC Precious Log:
 CardTable entry size: 512
 Card Set container configuration: InlinePtr #cards 4 size 8 Array Of Cards #cards 16 size 48 Howl #buckets 8 coarsen threshold 3686 Howl Bitmap #cards 512 size 80 coarsen threshold 460 Card regions per heap region 1 cards per card region 4096
 CPUs: 20 total, 20 available
 Memory: 16008M
 Large Page Support: Disabled
 NUMA Support: Disabled
 Compressed Oops: Enabled (Zero based)
 Heap Region Size: 2M
 Heap Min Capacity: 8M
 Heap Initial Capacity: 252M
 Heap Max Capacity: 4004M
 Pre-touch: Disabled
 Parallel Workers: 15
 Concurrent Workers: 4
 Concurrent Refinement Workers: 15
 Periodic GC: Disabled

Heap:
 garbage-first heap   total reserved 4100096K, committed 258048K, used 2048K [0x0000000705c00000, 0x0000000800000000)
  region size 2048K, 2 young (4096K), 0 survivors (0K)

Heap Regions: E=young(eden), S=young(survivor), O=old, HS=humongous(starts), HC=humongous(continues), CS=collection set, F=free, TAMS=top-at-mark-start, PB=parsable bottom
|   0|0x0000000705c00000, 0x0000000705c00000, 0x0000000705e00000|  0%| F|  |TAMS 0x0000000705c00000| PB 0x0000000705c00000| Untracked |  0
|   1|0x0000000705e00000, 0x0000000705e00000, 0x0000000706000000|  0%| F|  |TAMS 0x0000000705e00000| PB 0x0000000705e00000| Untracked |  0
|   2|0x0000000706000000, 0x0000000706000000, 0x0000000706200000|  0%| F|  |TAMS 0x0000000706000000| PB 0x0000000706000000| Untracked |  0
|   3|0x0000000706200000, 0x0000000706200000, 0x0000000706400000|  0%| F|  |TAMS 0x0000000706200000| PB 0x0000000706200000| Untracked |  0
|   4|0x0000000706400000, 0x0000000706400000, 0x0000000706600000|  0%| F|  |TAMS 0x0000000706400000| PB 0x0000000706400000| Untracked |  0
|   5|0x0000000706600000, 0x0000000706600000, 0x0000000706800000|  0%| F|  |TAMS 0x0000000706600000| PB 0x0000000706600000| Untracked |  0
|   6|0x0000000706800000, 0x0000000706800000, 0x0000000706a00000|  0%| F|  |TAMS 0x0000000706800000| PB 0x0000000706800000| Untracked |  0
|   7|0x0000000706a00000, 0x0000000706a00000, 0x0000000706c00000|  0%| F|  |TAMS 0x0000000706a00000| PB 0x0000000706a00000| Untracked |  0
|   8|0x0000000706c00000, 0x0000000706c00000, 0x0000000706e00000|  0%| F|  |TAMS 0x0000000706c00000| PB 0x0000000706c00000| Untracked |  0
|   9|0x0000000706e00000, 0x0000000706e00000, 0x0000000707000000|  0%| F|  |TAMS 0x0000000706e00000| PB 0x0000000706e00000| Untracked |  0
|  10|0x0000000707000000, 0x0000000707000000, 0x0000000707200000|  0%| F|  |TAMS 0x0000000707000000| PB 0x0000000707000000| Untracked |  0
|  11|0x0000000707200000, 0x0000000707200000, 0x0000000707400000|  0%| F|  |TAMS 0x0000000707200000| PB 0x0000000707200000| Untracked |  0
|  12|0x0000000707400000, 0x0000000707400000, 0x0000000707600000|  0%| F|  |TAMS 0x0000000707400000| PB 0x0000000707400000| Untracked |  0
|  13|0x0000000707600000, 0x0000000707600000, 0x0000000707800000|  0%| F|  |TAMS 0x0000000707600000| PB 0x0000000707600000| Untracked |  0
|  14|0x0000000707800000, 0x0000000707800000, 0x0000000707a00000|  0%| F|  |TAMS 0x0000000707800000| PB 0x0000000707800000| Untracked |  0
|  15|0x0000000707a00000, 0x0000000707a00000, 0x0000000707c00000|  0%| F|  |TAMS 0x0000000707a00000| PB 0x0000000707a00000| Untracked |  0
|  16|0x0000000707c00000, 0x0000000707c00000, 0x0000000707e00000|  0%| F|  |TAMS 0x0000000707c00000| PB 0x0000000707c00000| Untracked |  0
|  17|0x0000000707e00000, 0x0000000707e00000, 0x0000000708000000|  0%| F|  |TAMS 0x0000000707e00000| PB 0x0000000707e00000| Untracked |  0
|  18|0x0000000708000000, 0x0000000708000000, 0x0000000708200000|  0%| F|  |TAMS 0x0000000708000000| PB 0x0000000708000000| Untracked |  0
|  19|0x0000000708200000, 0x0000000708200000, 0x0000000708400000|  0%| F|  |TAMS 0x0000000708200000| PB 0x0000000708200000| Untracked |  0
|  20|0x0000000708400000, 0x0000000708400000, 0x0000000708600000|  0%| F|  |TAMS 0x0000000708400000| PB 0x0000000708400000| Untracked |  0
|  21|0x0000000708600000, 0x0000000708600000, 0x0000000708800000|  0%| F|  |TAMS 0x0000000708600000| PB 0x0000000708600000| Untracked |  0
|  22|0x0000000708800000, 0x0000000708800000, 0x0000000708a00000|  0%| F|  |TAMS 0x0000000708800000| PB 0x0000000708800000| Untracked |  0
|  23|0x0000000708a00000, 0x0000000708a00000, 0x0000000708c00000|  0%| F|  |TAMS 0x0000000708a00000| PB 0x0000000708a00000| Untracked |  0
|  24|0x0000000708c00000, 0x0000000708c00000, 0x0000000708e00000|  0%| F|  |TAMS 0x0000000708c00000| PB 0x0000000708c00000| Untracked |  0
|  25|0x0000000708e00000, 0x0000000708e00000, 0x0000000709000000|  0%| F|  |TAMS 0x0000000708e00000| PB 0x0000000708e00000| Untracked |  0
|  26|0x0000000709000000, 0x0000000709000000, 0x0000000709200000|  0%| F|  |TAMS 0x0000000709000000| PB 0x0000000709000000| Untracked |  0
|  27|0x0000000709200000, 0x0000000709200000, 0x0000000709400000|  0%| F|  |TAMS 0x0000000709200000| PB 0x0000000709200000| Untracked |  0
|  28|0x0000000709400000, 0x0000000709400000, 0x0000000709600000|  0%| F|  |TAMS 0x0000000709400000| PB 0x0000000709400000| Untracked |  0
|  29|0x0000000709600000, 0x0000000709600000, 0x0000000709800000|  0%| F|  |TAMS 0x0000000709600000| PB 0x0000000709600000| Untracked |  0
|  30|0x0000000709800000, 0x0000000709800000, 0x0000000709a00000|  0%| F|  |TAMS 0x0000000709800000| PB 0x0000000709800000| Untracked |  0
|  31|0x0000000709a00000, 0x0000000709a00000, 0x0000000709c00000|  0%| F|  |TAMS 0x0000000709a00000| PB 0x0000000709a00000| Untracked |  0
|  32|0x0000000709c00000, 0x0000000709c00000, 0x0000000709e00000|  0%| F|  |TAMS 0x0000000709c00000| PB 0x0000000709c00000| Untracked |  0
|  33|0x0000000709e00000, 0x0000000709e00000, 0x000000070a000000|  0%| F|  |TAMS 0x0000000709e00000| PB 0x0000000709e00000| Untracked |  0
|  34|0x000000070a000000, 0x000000070a000000, 0x000000070a200000|  0%| F|  |TAMS 0x000000070a000000| PB 0x000000070a000000| Untracked |  0
|  35|0x000000070a200000, 0x000000070a200000, 0x000000070a400000|  0%| F|  |TAMS 0x000000070a200000| PB 0x000000070a200000| Untracked |  0
|  36|0x000000070a400000, 0x000000070a400000, 0x000000070a600000|  0%| F|  |TAMS 0x000000070a400000| PB 0x000000070a400000| Untracked |  0
|  37|0x000000070a600000, 0x000000070a600000, 0x000000070a800000|  0%| F|  |TAMS 0x000000070a600000| PB 0x000000070a600000| Untracked |  0
|  38|0x000000070a800000, 0x000000070a800000, 0x000000070aa00000|  0%| F|  |TAMS 0x000000070a800000| PB 0x000000070a800000| Untracked |  0
|  39|0x000000070aa00000, 0x000000070aa00000, 0x000000070ac00000|  0%| F|  |TAMS 0x000000070aa00000| PB 0x000000070aa00000| Untracked |  0
|  40|0x000000070ac00000, 0x000000070ac00000, 0x000000070ae00000|  0%| F|  |TAMS 0x000000070ac00000| PB 0x000000070ac00000| Untracked |  0
|  41|0x000000070ae00000, 0x000000070ae00000, 0x000000070b000000|  0%| F|  |TAMS 0x000000070ae00000| PB 0x000000070ae00000| Untracked |  0
|  42|0x000000070b000000, 0x000000070b000000, 0x000000070b200000|  0%| F|  |TAMS 0x000000070b000000| PB 0x000000070b000000| Untracked |  0
|  43|0x000000070b200000, 0x000000070b200000, 0x000000070b400000|  0%| F|  |TAMS 0x000000070b200000| PB 0x000000070b200000| Untracked |  0
|  44|0x000000070b400000, 0x000000070b400000, 0x000000070b600000|  0%| F|  |TAMS 0x000000070b400000| PB 0x000000070b400000| Untracked |  0
|  45|0x000000070b600000, 0x000000070b600000, 0x000000070b800000|  0%| F|  |TAMS 0x000000070b600000| PB 0x000000070b600000| Untracked |  0
|  46|0x000000070b800000, 0x000000070b800000, 0x000000070ba00000|  0%| F|  |TAMS 0x000000070b800000| PB 0x000000070b800000| Untracked |  0
|  47|0x000000070ba00000, 0x000000070ba00000, 0x000000070bc00000|  0%| F|  |TAMS 0x000000070ba00000| PB 0x000000070ba00000| Untracked |  0
|  48|0x000000070bc00000, 0x000000070bc00000, 0x000000070be00000|  0%| F|  |TAMS 0x000000070bc00000| PB 0x000000070bc00000| Untracked |  0
|  49|0x000000070be00000, 0x000000070be00000, 0x000000070c000000|  0%| F|  |TAMS 0x000000070be00000| PB 0x000000070be00000| Untracked |  0
|  50|0x000000070c000000, 0x000000070c000000, 0x000000070c200000|  0%| F|  |TAMS 0x000000070c000000| PB 0x000000070c000000| Untracked |  0
|  51|0x000000070c200000, 0x000000070c200000, 0x000000070c400000|  0%| F|  |TAMS 0x000000070c200000| PB 0x000000070c200000| Untracked |  0
|  52|0x000000070c400000, 0x000000070c400000, 0x000000070c600000|  0%| F|  |TAMS 0x000000070c400000| PB 0x000000070c400000| Untracked |  0
|  53|0x000000070c600000, 0x000000070c600000, 0x000000070c800000|  0%| F|  |TAMS 0x000000070c600000| PB 0x000000070c600000| Untracked |  0
|  54|0x000000070c800000, 0x000000070c800000, 0x000000070ca00000|  0%| F|  |TAMS 0x000000070c800000| PB 0x000000070c800000| Untracked |  0
|  55|0x000000070ca00000, 0x000000070ca00000, 0x000000070cc00000|  0%| F|  |TAMS 0x000000070ca00000| PB 0x000000070ca00000| Untracked |  0
|  56|0x000000070cc00000, 0x000000070cc00000, 0x000000070ce00000|  0%| F|  |TAMS 0x000000070cc00000| PB 0x000000070cc00000| Untracked |  0
|  57|0x000000070ce00000, 0x000000070ce00000, 0x000000070d000000|  0%| F|  |TAMS 0x000000070ce00000| PB 0x000000070ce00000| Untracked |  0
|  58|0x000000070d000000, 0x000000070d000000, 0x000000070d200000|  0%| F|  |TAMS 0x000000070d000000| PB 0x000000070d000000| Untracked |  0
|  59|0x000000070d200000, 0x000000070d200000, 0x000000070d400000|  0%| F|  |TAMS 0x000000070d200000| PB 0x000000070d200000| Untracked |  0
|  60|0x000000070d400000, 0x000000070d400000, 0x000000070d600000|  0%| F|  |TAMS 0x000000070d400000| PB 0x000000070d400000| Untracked |  0
|  61|0x000000070d600000, 0x000000070d600000, 0x000000070d800000|  0%| F|  |TAMS 0x000000070d600000| PB 0x000000070d600000| Untracked |  0
|  62|0x000000070d800000, 0x000000070d800000, 0x000000070da00000|  0%| F|  |TAMS 0x000000070d800000| PB 0x000000070d800000| Untracked |  0
|  63|0x000000070da00000, 0x000000070da00000, 0x000000070dc00000|  0%| F|  |TAMS 0x000000070da00000| PB 0x000000070da00000| Untracked |  0
|  64|0x000000070dc00000, 0x000000070dc00000, 0x000000070de00000|  0%| F|  |TAMS 0x000000070dc00000| PB 0x000000070dc00000| Untracked |  0
|  65|0x000000070de00000, 0x000000070de00000, 0x000000070e000000|  0%| F|  |TAMS 0x000000070de00000| PB 0x000000070de00000| Untracked |  0
|  66|0x000000070e000000, 0x000000070e000000, 0x000000070e200000|  0%| F|  |TAMS 0x000000070e000000| PB 0x000000070e000000| Untracked |  0
|  67|0x000000070e200000, 0x000000070e200000, 0x000000070e400000|  0%| F|  |TAMS 0x000000070e200000| PB 0x000000070e200000| Untracked |  0
|  68|0x000000070e400000, 0x000000070e400000, 0x000000070e600000|  0%| F|  |TAMS 0x000000070e400000| PB 0x000000070e400000| Untracked |  0
|  69|0x000000070e600000, 0x000000070e600000, 0x000000070e800000|  0%| F|  |TAMS 0x000000070e600000| PB 0x000000070e600000| Untracked |  0
|  70|0x000000070e800000, 0x000000070e800000, 0x000000070ea00000|  0%| F|  |TAMS 0x000000070e800000| PB 0x000000070e800000| Untracked |  0
|  71|0x000000070ea00000, 0x000000070ea00000, 0x000000070ec00000|  0%| F|  |TAMS 0x000000070ea00000| PB 0x000000070ea00000| Untracked |  0
|  72|0x000000070ec00000, 0x000000070ec00000, 0x000000070ee00000|  0%| F|  |TAMS 0x000000070ec00000| PB 0x000000070ec00000| Untracked |  0
|  73|0x000000070ee00000, 0x000000070ee00000, 0x000000070f000000|  0%| F|  |TAMS 0x000000070ee00000| PB 0x000000070ee00000| Untracked |  0
|  74|0x000000070f000000, 0x000000070f000000, 0x000000070f200000|  0%| F|  |TAMS 0x000000070f000000| PB 0x000000070f000000| Untracked |  0
|  75|0x000000070f200000, 0x000000070f200000, 0x000000070f400000|  0%| F|  |TAMS 0x000000070f200000| PB 0x000000070f200000| Untracked |  0
|  76|0x000000070f400000, 0x000000070f400000, 0x000000070f600000|  0%| F|  |TAMS 0x000000070f400000| PB 0x000000070f400000| Untracked |  0
|  77|0x000000070f600000, 0x000000070f600000, 0x000000070f800000|  0%| F|  |TAMS 0x000000070f600000| PB 0x000000070f600000| Untracked |  0
|  78|0x000000070f800000, 0x000000070f800000, 0x000000070fa00000|  0%| F|  |TAMS 0x000000070f800000| PB 0x000000070f800000| Untracked |  0
|  79|0x000000070fa00000, 0x000000070fa00000, 0x000000070fc00000|  0%| F|  |TAMS 0x000000070fa00000| PB 0x000000070fa00000| Untracked |  0
|  80|0x000000070fc00000, 0x000000070fc00000, 0x000000070fe00000|  0%| F|  |TAMS 0x000000070fc00000| PB 0x000000070fc00000| Untracked |  0
|  81|0x000000070fe00000, 0x000000070fe00000, 0x0000000710000000|  0%| F|  |TAMS 0x000000070fe00000| PB 0x000000070fe00000| Untracked |  0
|  82|0x0000000710000000, 0x0000000710000000, 0x0000000710200000|  0%| F|  |TAMS 0x0000000710000000| PB 0x0000000710000000| Untracked |  0
|  83|0x0000000710200000, 0x0000000710200000, 0x0000000710400000|  0%| F|  |TAMS 0x0000000710200000| PB 0x0000000710200000| Untracked |  0
|  84|0x0000000710400000, 0x0000000710400000, 0x0000000710600000|  0%| F|  |TAMS 0x0000000710400000| PB 0x0000000710400000| Untracked |  0
|  85|0x0000000710600000, 0x0000000710600000, 0x0000000710800000|  0%| F|  |TAMS 0x0000000710600000| PB 0x0000000710600000| Untracked |  0
|  86|0x0000000710800000, 0x0000000710800000, 0x0000000710a00000|  0%| F|  |TAMS 0x0000000710800000| PB 0x0000000710800000| Untracked |  0
|  87|0x0000000710a00000, 0x0000000710a00000, 0x0000000710c00000|  0%| F|  |TAMS 0x0000000710a00000| PB 0x0000000710a00000| Untracked |  0
|  88|0x0000000710c00000, 0x0000000710c00000, 0x0000000710e00000|  0%| F|  |TAMS 0x0000000710c00000| PB 0x0000000710c00000| Untracked |  0
|  89|0x0000000710e00000, 0x0000000710e00000, 0x0000000711000000|  0%| F|  |TAMS 0x0000000710e00000| PB 0x0000000710e00000| Untracked |  0
|  90|0x0000000711000000, 0x0000000711000000, 0x0000000711200000|  0%| F|  |TAMS 0x0000000711000000| PB 0x0000000711000000| Untracked |  0
|  91|0x0000000711200000, 0x0000000711200000, 0x0000000711400000|  0%| F|  |TAMS 0x0000000711200000| PB 0x0000000711200000| Untracked |  0
|  92|0x0000000711400000, 0x0000000711400000, 0x0000000711600000|  0%| F|  |TAMS 0x0000000711400000| PB 0x0000000711400000| Untracked |  0
|  93|0x0000000711600000, 0x0000000711600000, 0x0000000711800000|  0%| F|  |TAMS 0x0000000711600000| PB 0x0000000711600000| Untracked |  0
|  94|0x0000000711800000, 0x0000000711800000, 0x0000000711a00000|  0%| F|  |TAMS 0x0000000711800000| PB 0x0000000711800000| Untracked |  0
|  95|0x0000000711a00000, 0x0000000711a00000, 0x0000000711c00000|  0%| F|  |TAMS 0x0000000711a00000| PB 0x0000000711a00000| Untracked |  0
|  96|0x0000000711c00000, 0x0000000711c00000, 0x0000000711e00000|  0%| F|  |TAMS 0x0000000711c00000| PB 0x0000000711c00000| Untracked |  0
|  97|0x0000000711e00000, 0x0000000711e00000, 0x0000000712000000|  0%| F|  |TAMS 0x0000000711e00000| PB 0x0000000711e00000| Untracked |  0
|  98|0x0000000712000000, 0x0000000712000000, 0x0000000712200000|  0%| F|  |TAMS 0x0000000712000000| PB 0x0000000712000000| Untracked |  0
|  99|0x0000000712200000, 0x0000000712200000, 0x0000000712400000|  0%| F|  |TAMS 0x0000000712200000| PB 0x0000000712200000| Untracked |  0
| 100|0x0000000712400000, 0x0000000712400000, 0x0000000712600000|  0%| F|  |TAMS 0x0000000712400000| PB 0x0000000712400000| Untracked |  0
| 101|0x0000000712600000, 0x0000000712600000, 0x0000000712800000|  0%| F|  |TAMS 0x0000000712600000| PB 0x0000000712600000| Untracked |  0
| 102|0x0000000712800000, 0x0000000712800000, 0x0000000712a00000|  0%| F|  |TAMS 0x0000000712800000| PB 0x0000000712800000| Untracked |  0
| 103|0x0000000712a00000, 0x0000000712a00000, 0x0000000712c00000|  0%| F|  |TAMS 0x0000000712a00000| PB 0x0000000712a00000| Untracked |  0
| 104|0x0000000712c00000, 0x0000000712c00000, 0x0000000712e00000|  0%| F|  |TAMS 0x0000000712c00000| PB 0x0000000712c00000| Untracked |  0
| 105|0x0000000712e00000, 0x0000000712e00000, 0x0000000713000000|  0%| F|  |TAMS 0x0000000712e00000| PB 0x0000000712e00000| Untracked |  0
| 106|0x0000000713000000, 0x0000000713000000, 0x0000000713200000|  0%| F|  |TAMS 0x0000000713000000| PB 0x0000000713000000| Untracked |  0
| 107|0x0000000713200000, 0x0000000713200000, 0x0000000713400000|  0%| F|  |TAMS 0x0000000713200000| PB 0x0000000713200000| Untracked |  0
| 108|0x0000000713400000, 0x0000000713400000, 0x0000000713600000|  0%| F|  |TAMS 0x0000000713400000| PB 0x0000000713400000| Untracked |  0
| 109|0x0000000713600000, 0x0000000713600000, 0x0000000713800000|  0%| F|  |TAMS 0x0000000713600000| PB 0x0000000713600000| Untracked |  0
| 110|0x0000000713800000, 0x0000000713800000, 0x0000000713a00000|  0%| F|  |TAMS 0x0000000713800000| PB 0x0000000713800000| Untracked |  0
| 111|0x0000000713a00000, 0x0000000713a00000, 0x0000000713c00000|  0%| F|  |TAMS 0x0000000713a00000| PB 0x0000000713a00000| Untracked |  0
| 112|0x0000000713c00000, 0x0000000713c00000, 0x0000000713e00000|  0%| F|  |TAMS 0x0000000713c00000| PB 0x0000000713c00000| Untracked |  0
| 113|0x0000000713e00000, 0x0000000713e00000, 0x0000000714000000|  0%| F|  |TAMS 0x0000000713e00000| PB 0x0000000713e00000| Untracked |  0
| 114|0x0000000714000000, 0x0000000714000000, 0x0000000714200000|  0%| F|  |TAMS 0x0000000714000000| PB 0x0000000714000000| Untracked |  0
| 115|0x0000000714200000, 0x0000000714200000, 0x0000000714400000|  0%| F|  |TAMS 0x0000000714200000| PB 0x0000000714200000| Untracked |  0
| 116|0x0000000714400000, 0x0000000714400000, 0x0000000714600000|  0%| F|  |TAMS 0x0000000714400000| PB 0x0000000714400000| Untracked |  0
| 117|0x0000000714600000, 0x0000000714600000, 0x0000000714800000|  0%| F|  |TAMS 0x0000000714600000| PB 0x0000000714600000| Untracked |  0
| 118|0x0000000714800000, 0x0000000714800000, 0x0000000714a00000|  0%| F|  |TAMS 0x0000000714800000| PB 0x0000000714800000| Untracked |  0
| 119|0x0000000714a00000, 0x0000000714a00000, 0x0000000714c00000|  0%| F|  |TAMS 0x0000000714a00000| PB 0x0000000714a00000| Untracked |  0
| 120|0x0000000714c00000, 0x0000000714c00000, 0x0000000714e00000|  0%| F|  |TAMS 0x0000000714c00000| PB 0x0000000714c00000| Untracked |  0
| 121|0x0000000714e00000, 0x0000000714e00000, 0x0000000715000000|  0%| F|  |TAMS 0x0000000714e00000| PB 0x0000000714e00000| Untracked |  0
| 122|0x0000000715000000, 0x0000000715000000, 0x0000000715200000|  0%| F|  |TAMS 0x0000000715000000| PB 0x0000000715000000| Untracked |  0
| 123|0x0000000715200000, 0x0000000715200000, 0x0000000715400000|  0%| F|  |TAMS 0x0000000715200000| PB 0x0000000715200000| Untracked |  0
| 124|0x0000000715400000, 0x00000007155eb880, 0x0000000715600000| 96%| E|  |TAMS 0x0000000715400000| PB 0x0000000715400000| Complete |  0
| 125|0x0000000715600000, 0x0000000715800000, 0x0000000715800000|100%| E|CS|TAMS 0x0000000715600000| PB 0x0000000715600000| Complete |  0

Card table byte_map: [0x00000298977d0000,0x0000029897fb0000] _byte_map_base: 0x0000029893fa2000

Marking Bits: (CMBitMap*) 0x00000298fec511e0
 Bits: [0x0000029897fb0000, 0x000002989be40000)

Polling page: 0x00000298fe3b0000

Metaspace:
Metaspace        used 5398K, committed 5504K, reserved 1114112K
 class space     used 437K, committed 512K, reserved 1048576K

Usage:
  Non-class:      4.84 MB used.
      Class:    437.89 KB used.
       Both:      5.27 MB used.

Virtual space:
  Non-class space:       64.00 MB reserved,       4.88 MB (  8%) committed,  1 nodes.
      Class space:        1.00 GB reserved,     512.00 KB ( <1%) committed,  1 nodes.
             Both:        1.06 GB reserved,       5.38 MB ( <1%) committed. 

Chunk freelists:
   Non-Class:  10.96 MB
       Class:  15.49 MB
        Both:  26.46 MB

MaxMetaspaceSize: unlimited
CompressedClassSpaceSize: 1.00 GB
Initial GC threshold: 21.00 MB
Current GC threshold: 21.00 MB
CDS: off
 - commit_granule_bytes: 65536.
 - commit_granule_words: 8192.
 - virtual_space_node_default_size: 8388608.
 - enlarge_chunks_in_place: 1.
UseCompressedClassPointers 1, UseCompactObjectHeaders 0
Narrow klass pointer bits 32, Max shift 3
Narrow klass base: 0x0000000000000000, Narrow klass shift: 0
Encoding Range: [0x0000000000000000 - 0x0000000100000000), (4294967296 bytes)
Klass Range:    [0x0000000030000000 - 0x0000000070000000), (1073741824 bytes)
Klass ID Range:  [805306368 - 1879048185) (1073741817)
No protection zone.


Internal statistics:

num_allocs_failed_limit: 0.
num_arena_births: 4.
num_arena_deaths: 0.
num_vsnodes_births: 2.
num_vsnodes_deaths: 0.
num_space_committed: 86.
num_space_uncommitted: 0.
num_chunks_returned_to_freelist: 0.
num_chunks_taken_from_freelist: 9.
num_chunk_merges: 0.
num_chunk_splits: 9.
num_chunks_enlarged: 6.
num_inconsistent_stats: 0.

CodeHeap 'non-profiled nmethods': size=119232Kb used=19Kb max_used=19Kb free=119212Kb
 bounds [0x0000029890360000, 0x00000298905d0000, 0x00000298977d0000]
CodeHeap 'profiled nmethods': size=119104Kb used=95Kb max_used=95Kb free=119008Kb
 bounds [0x00000298887d0000, 0x0000029888a40000, 0x000002988fc20000]
CodeHeap 'non-nmethods': size=7424Kb used=2920Kb max_used=2920Kb free=4503Kb
 bounds [0x000002988fc20000, 0x000002988ff00000, 0x0000029890360000]
CodeCache: size=245760Kb, used=3034Kb, max_used=3034Kb, free=242723Kb
 total_blobs=461, nmethods=105, adapters=257, full_count=0
Compilation: enabled, stopped_count=0, restarted_count=0

Compilation events (20 events):
Event: 0.254 Thread 0x000002989f2e6b50   96       3       jdk.internal.misc.Unsafe::getIntUnaligned (83 bytes)
Event: 0.254 Thread 0x000002989f2e6b50 nmethod 96 0x00000298887e4c08 code [0x00000298887e4d00, 0x00000298887e5168]
Event: 0.255 Thread 0x000002989f2e6b50   97       3       java.util.zip.ZipUtils::get32 (40 bytes)
Event: 0.255 Thread 0x000002989f2e19f0   99       3       jdk.internal.misc.Unsafe::convEndian (16 bytes)
Event: 0.255 Thread 0x000002989f178fa0   98       3       jdk.internal.misc.Unsafe::getIntUnaligned (12 bytes)
Event: 0.255 Thread 0x000002989f2df1d0  100       3       java.lang.Integer::toUnsignedLong (7 bytes)
Event: 0.255 Thread 0x000002989f2df1d0 nmethod 100 0x00000298887e5188 code [0x00000298887e5280, 0x00000298887e5378]
Event: 0.255 Thread 0x000002989f2e6b50 nmethod 97 0x00000298887e5488 code [0x00000298887e5580, 0x00000298887e5890]
Event: 0.255 Thread 0x000002989f2e19f0 nmethod 99 0x00000298887e5908 code [0x00000298887e5a00, 0x00000298887e5bb0]
Event: 0.255 Thread 0x000002989f178fa0 nmethod 98 0x00000298887e5c08 code [0x00000298887e5d00, 0x00000298887e5f50]
Event: 0.256 Thread 0x000002989f2e6b50  101       3       jdk.internal.misc.Unsafe::toUnsignedLong (7 bytes)
Event: 0.256 Thread 0x000002989f2e6b50 nmethod 101 0x00000298887e5f88 code [0x00000298887e6080, 0x00000298887e6178]
Event: 0.257 Thread 0x000002989f2e6b50  102       3       java.lang.StringCoding::countPositives (33 bytes)
Event: 0.257 Thread 0x000002989f2e6b50 nmethod 102 0x00000298887e6288 code [0x00000298887e6380, 0x00000298887e6588]
Event: 0.258 Thread 0x000002989f2e6b50  103       3       java.util.Arrays::copyOfRange (82 bytes)
Event: 0.259 Thread 0x000002989f2e6b50 nmethod 103 0x00000298887e6608 code [0x00000298887e6700, 0x00000298887e7388]
Event: 0.260 Thread 0x000002989f178fa0  104       3       java.lang.String::indexOf (41 bytes)
Event: 0.260 Thread 0x000002989f178fa0 nmethod 104 0x00000298887e7408 code [0x00000298887e7500, 0x00000298887e7b58]
Event: 0.268 Thread 0x000002989f2e19f0  105       3       java.lang.String::isEmpty (14 bytes)
Event: 0.268 Thread 0x000002989f2e19f0 nmethod 105 0x00000298887e7b88 code [0x00000298887e7c80, 0x00000298887e7de8]

GC Heap Usage History (0 events):
No events

Metaspace Usage History (0 events):
No events

Dll operation events (4 events):
Event: 0.020 Loaded shared library C:\Program Files\Java\jdk-25.0.2\bin\java.dll
Event: 0.213 Loaded shared library C:\Program Files\Java\jdk-25.0.2\bin\net.dll
Event: 0.218 Loaded shared library C:\Program Files\Java\jdk-25.0.2\bin\nio.dll
Event: 0.237 Loaded shared library C:\Program Files\Java\jdk-25.0.2\bin\zip.dll

Deoptimization events (0 events):
No events

Classes loaded (20 events):
Event: 0.266 Loading class sun/nio/ch/NativeDispatcher done
Event: 0.266 Loading class sun/nio/ch/FileDispatcher done
Event: 0.266 Loading class sun/nio/ch/FileDispatcherImpl done
Event: 0.266 Loading class sun/nio/ch/IOUtil
Event: 0.267 Loading class sun/nio/ch/IOUtil done
Event: 0.270 Loading class java/nio/channels/spi/AbstractInterruptibleChannel$1
Event: 0.270 Loading class sun/nio/ch/Interruptible
Event: 0.270 Loading class sun/nio/ch/Interruptible done
Event: 0.270 Loading class java/nio/channels/spi/AbstractInterruptibleChannel$1 done
Event: 0.270 Loading class sun/nio/ch/NativeThreadSet
Event: 0.271 Loading class sun/nio/ch/NativeThreadSet done
Event: 0.271 Loading class sun/nio/ch/FileChannelImpl$Closer
Event: 0.271 Loading class sun/nio/ch/FileChannelImpl$Closer done
Event: 0.271 Loading class java/nio/channels/Channels
Event: 0.271 Loading class java/nio/channels/Channels done
Event: 0.271 Loading class sun/nio/ch/Streams
Event: 0.271 Loading class sun/nio/ch/Streams done
Event: 0.271 Loading class sun/nio/ch/SocketChannelImpl
Event: 0.272 Loading class sun/nio/ch/SelChImpl
Event: 0.272 Loading class sun/nio/ch/SelChImpl done

Classes unloaded (0 events):
No events

Classes redefined (0 events):
No events

Internal exceptions (0 events):
No events

VM Operations (2 events):
Event: 0.242 Executing non-safepoint VM operation: HandshakeAllThreads (Deoptimize)
Event: 0.242 Executing non-safepoint VM operation: HandshakeAllThreads (Deoptimize) done

Memory protections (0 events):
No events

Nmethod flushes (0 events):
No events

Events (14 events):
Event: 0.036 Thread 0x00000298fc6bb650 Thread added: 0x00000298fc6bb650
Event: 0.110 Thread 0x00000298fc6bb650 Thread added: 0x000002989e68b240
Event: 0.110 Thread 0x00000298fc6bb650 Thread added: 0x000002989e68c0a0
Event: 0.112 Thread 0x00000298fc6bb650 Thread added: 0x000002989e68db80
Event: 0.112 Thread 0x00000298fc6bb650 Thread added: 0x000002989f161090
Event: 0.112 Thread 0x00000298fc6bb650 Thread added: 0x000002989f16c080
Event: 0.112 Thread 0x00000298fc6bb650 Thread added: 0x000002989f166000
Event: 0.112 Thread 0x00000298fc6bb650 Thread added: 0x000002989f16f380
Event: 0.113 Thread 0x00000298fc6bb650 Thread added: 0x000002989f178fa0
Event: 0.156 Thread 0x000002989f178fa0 Thread added: 0x000002989f2df1d0
Event: 0.157 Thread 0x000002989f178fa0 Thread added: 0x000002989f2e19f0
Event: 0.157 Thread 0x000002989f178fa0 Thread added: 0x000002989f2e6b50
Event: 0.163 Thread 0x00000298fc6bb650 Thread added: 0x000002989f16b5f0
Event: 0.183 Thread 0x00000298fc6bb650 Thread added: 0x000002989f169e80


Dynamic libraries:
0x00007ff729b10000 - 0x00007ff729b20000 	C:\Program Files\Java\jdk-25.0.2\bin\java.exe
0x00007ffc86d60000 - 0x00007ffc86fc7000 	C:\WINDOWS\SYSTEM32\ntdll.dll
0x00007ffc84bb0000 - 0x00007ffc84c79000 	C:\WINDOWS\System32\KERNEL32.DLL
0x00007ffc83f80000 - 0x00007ffc84374000 	C:\WINDOWS\System32\KERNELBASE.dll
0x00007ffc84500000 - 0x00007ffc8464b000 	C:\WINDOWS\System32\ucrtbase.dll
0x00007ffc67ec0000 - 0x00007ffc67ed7000 	C:\Program Files\Java\jdk-25.0.2\bin\jli.dll
0x00007ffc67f00000 - 0x00007ffc67f1e000 	C:\Program Files\Java\jdk-25.0.2\bin\VCRUNTIME140.dll
0x00007ffc85e00000 - 0x00007ffc85fc5000 	C:\WINDOWS\System32\USER32.dll
0x00007ffc83ea0000 - 0x00007ffc83ec7000 	C:\WINDOWS\System32\win32u.dll
0x00007ffc65e60000 - 0x00007ffc660f3000 	C:\WINDOWS\WinSxS\amd64_microsoft.windows.common-controls_6595b64144ccf1df_6.0.26100.8115_none_3e075c82e3354f9c\COMCTL32.dll
0x00007ffc85dd0000 - 0x00007ffc85dfb000 	C:\WINDOWS\System32\GDI32.dll
0x00007ffc84910000 - 0x00007ffc84a3b000 	C:\WINDOWS\System32\gdi32full.dll
0x00007ffc868d0000 - 0x00007ffc86979000 	C:\WINDOWS\System32\msvcrt.dll
0x00007ffc83ed0000 - 0x00007ffc83f73000 	C:\WINDOWS\System32\msvcp_win.dll
0x00007ffc86370000 - 0x00007ffc863a2000 	C:\WINDOWS\System32\IMM32.DLL
0x00007ffc71fd0000 - 0x00007ffc71fdc000 	C:\Program Files\Java\jdk-25.0.2\bin\vcruntime140_1.dll
0x00007ffc45930000 - 0x00007ffc459bd000 	C:\Program Files\Java\jdk-25.0.2\bin\msvcp140.dll
0x00007ffbcb540000 - 0x00007ffbcc39f000 	C:\Program Files\Java\jdk-25.0.2\bin\server\jvm.dll
0x00007ffc84af0000 - 0x00007ffc84ba6000 	C:\WINDOWS\System32\ADVAPI32.dll
0x00007ffc84d00000 - 0x00007ffc84da7000 	C:\WINDOWS\System32\sechost.dll
0x00007ffc86980000 - 0x00007ffc86a98000 	C:\WINDOWS\System32\RPCRT4.dll
0x00007ffc86af0000 - 0x00007ffc86b70000 	C:\WINDOWS\System32\WS2_32.dll
0x00007ffc83490000 - 0x00007ffc834ee000 	C:\WINDOWS\SYSTEM32\POWRPROF.dll
0x00007ffc793a0000 - 0x00007ffc793d6000 	C:\WINDOWS\SYSTEM32\WINMM.dll
0x00007ffc6fe10000 - 0x00007ffc6fe1b000 	C:\WINDOWS\SYSTEM32\VERSION.dll
0x00007ffc83470000 - 0x00007ffc83484000 	C:\WINDOWS\SYSTEM32\UMPDC.dll
0x00007ffc82380000 - 0x00007ffc8239b000 	C:\WINDOWS\SYSTEM32\kernel.appcore.dll
0x00007ffc71b00000 - 0x00007ffc71b0a000 	C:\Program Files\Java\jdk-25.0.2\bin\jimage.dll
0x00007ffc81070000 - 0x00007ffc812b2000 	C:\WINDOWS\SYSTEM32\DBGHELP.DLL
0x00007ffc852d0000 - 0x00007ffc85652000 	C:\WINDOWS\System32\combase.dll
0x00007ffc86290000 - 0x00007ffc86368000 	C:\WINDOWS\System32\OLEAUT32.dll
0x00007ffc66100000 - 0x00007ffc6613b000 	C:\WINDOWS\SYSTEM32\dbgcore.DLL
0x00007ffc84a40000 - 0x00007ffc84ae5000 	C:\WINDOWS\System32\bcryptPrimitives.dll
0x00007ffc67ea0000 - 0x00007ffc67ebf000 	C:\Program Files\Java\jdk-25.0.2\bin\java.dll
0x00007ffc84fc0000 - 0x00007ffc85157000 	C:\WINDOWS\System32\ole32.dll
0x00007ffc85660000 - 0x00007ffc85dc7000 	C:\WINDOWS\System32\SHELL32.dll
0x00007ffc84650000 - 0x00007ffc847ba000 	C:\WINDOWS\System32\wintypes.dll
0x00007ffc83630000 - 0x00007ffc83e98000 	C:\WINDOWS\System32\windows.storage.dll
0x00007ffc86c10000 - 0x00007ffc86d08000 	C:\WINDOWS\System32\SHCORE.dll
0x00007ffc86ba0000 - 0x00007ffc86c06000 	C:\WINDOWS\System32\shlwapi.dll
0x00007ffc83550000 - 0x00007ffc83579000 	C:\WINDOWS\SYSTEM32\profapi.dll
0x00007ffc67dd0000 - 0x00007ffc67de2000 	C:\Program Files\Java\jdk-25.0.2\bin\net.dll
0x00007ffc828d0000 - 0x00007ffc8293c000 	C:\WINDOWS\system32\mswsock.dll
0x00007ffc67db0000 - 0x00007ffc67dc6000 	C:\Program Files\Java\jdk-25.0.2\bin\nio.dll
0x00007ffc5dac0000 - 0x00007ffc5dad7000 	C:\Program Files\Java\jdk-25.0.2\bin\zip.dll

JVMTI agents: none

dbghelp: loaded successfully - version: 4.0.5 - missing functions: none
symbol engine: initialized successfully - sym options: 0x614 - pdb path: .;C:\Program Files\Java\jdk-25.0.2\bin;C:\WINDOWS\SYSTEM32;C:\WINDOWS\WinSxS\amd64_microsoft.windows.common-controls_6595b64144ccf1df_6.0.26100.8115_none_3e075c82e3354f9c;C:\Program Files\Java\jdk-25.0.2\bin\server

VM Arguments:
jvm_args: -Dclassworlds.conf=C:\Users\fersd\apache-maven-3.9.14\bin\m2.conf -Dmaven.home=C:\Users\fersd\apache-maven-3.9.14 -Dlibrary.jansi.path=C:\Users\fersd\apache-maven-3.9.14\lib\jansi-native -Dmaven.multiModuleProjectDirectory=C:\Users\fersd\projet-etudiants\api-gateway 
java_command: org.codehaus.plexus.classworlds.launcher.Launcher spring-boot:run
java_class_path (initial): C:\Users\fersd\apache-maven-3.9.14\boot\plexus-classworlds-2.9.0.jar
Launcher Type: SUN_STANDARD

[Global flags]
     intx CICompilerCount                          = 12                                        {product} {ergonomic}
     uint ConcGCThreads                            = 4                                         {product} {ergonomic}
     uint G1ConcRefinementThreads                  = 15                                        {product} {ergonomic}
   size_t G1HeapRegionSize                         = 2097152                                   {product} {ergonomic}
   size_t InitialHeapSize                          = 264241152                                 {product} {ergonomic}
   size_t MarkStackSize                            = 4194304                                   {product} {ergonomic}
   size_t MarkStackSizeMax                         = 536870912                                 {product} {ergonomic}
   size_t MaxHeapSize                              = 4198498304                                {product} {ergonomic}
   size_t MaxNewSize                               = 2518679552                                {product} {ergonomic}
   size_t MinHeapDeltaBytes                        = 2097152                                   {product} {ergonomic}
   size_t MinHeapSize                              = 8388608                                   {product} {ergonomic}
    uintx NonNMethodCodeHeapSize                   = 7602176                                {pd product} {ergonomic}
    uintx NonProfiledCodeHeapSize                  = 122093568                              {pd product} {ergonomic}
    uintx ProfiledCodeHeapSize                     = 121962496                              {pd product} {ergonomic}
    uintx ReservedCodeCacheSize                    = 251658240                              {pd product} {ergonomic}
     bool SegmentedCodeCache                       = true                                      {product} {ergonomic}
   size_t SoftMaxHeapSize                          = 4198498304                             {manageable} {ergonomic}
     bool UseCompressedOops                        = true                           {product lp64_product} {ergonomic}
     bool UseG1GC                                  = true                                      {product} {ergonomic}
     bool UseLargePagesIndividualAllocation        = false                                  {pd product} {ergonomic}

Logging:
Log output configuration:
 #0: stdout all=warning uptime,level,tags foldmultilines=false
 #1: stderr all=off uptime,level,tags foldmultilines=false

Release file:
IMPLEMENTOR="Oracle Corporation" 
JAVA_RUNTIME_VERSION="25.0.2+10-LTS-69" 
JAVA_VERSION="25.0.2" 
JAVA_VERSION_DATE="2026-01-20" 
LIBC="default" 
MODULES="java.base java.compiler java.datatransfer java.xml java.prefs java.desktop java.instrument java.logging java.management java.security.sasl java.naming java.rmi java.management.rmi java.net.http java.scripting java.security.jgss java.transaction.xa java.sql java.sql.rowset java.xml.crypto java.se java.smartcardio jdk.accessibility jdk.internal.jvmstat jdk.attach jdk.charsets jdk.internal.opt jdk.zipfs jdk.compiler jdk.crypto.cryptoki jdk.crypto.ec jdk.crypto.mscapi jdk.dynalink jdk.internal.ed jdk.editpad jdk.internal.vm.ci jdk.graal.compiler jdk.graal.compiler.management jdk.hotspot.agent jdk.httpserver jdk.incubator.vector jdk.internal.le jdk.internal.md jdk.jartool jdk.javadoc jdk.jcmd jdk.management jdk.management.agent jdk.jconsole jdk.jdeps jdk.jdwp.agent jdk.jdi jdk.jfr jdk.jlink jdk.jpackage jdk.jshell jdk.jsobject jdk.jstatd jdk.localedata jdk.management.jfr jdk.naming.dns jdk.naming.rmi jdk.net jdk.nio.mapmode jdk.sctp jdk.security.auth jdk.security.jgss jdk.unsupported jdk.unsupported.desktop jdk.xml.dom" 
OS_ARCH="x86_64" 
OS_NAME="Windows" 
SOURCE=".:git:b75efb40c93a open:git:405a5699ebd0" 

Environment Variables:
PATH=C:\Program Files\Common Files\Oracle\Java\javapath;C:\Program Files\Eclipse Adoptium\jdk-25.0.2.10-hotspot\bin;C:\Program Files (x86)\VMware\VMware Workstation\bin\;C:\WINDOWS\system32;C:\WINDOWS;C:\WINDOWS\System32\Wbem;C:\WINDOWS\System32\WindowsPowerShell\v1.0\;C:\WINDOWS\System32\OpenSSH\;C:\Program Files\Git\cmd;C:\Program Files\TortoiseGit\bin;C:\Users\fersd\AppData\Local\nvm;C:\Program Files\nodejs;C:\Program Files\PuTTY\;C:\Program Files\Docker\Docker\resources\bin;C:\Users\fersd\AppData\Local\Python\pythoncore-3.14-64\Scripts;;C:\Users\fersd\AppData\Local\nvm;C:\Program Files\nodejs;C:\Program Files\PowerShell\7\;C:\Program Files\PostgreSQL\18\bin;E:\DevOps\Antigravity\bin;C:\Users\fersd\AppData\Local\Programs\Microsoft VS Code\bin;C:\Users\fersd\apache-maven-3.9.14\bin;E:\DevOps\fullstack\flutter\bin;C:\kubectl;C:\Program Files\nodejs\;C:\Users\fersd\AppData\Local\Programs\Python\Launcher\;C:\Program Files\PostgreSQL\18\bin;C:\Users\fersd\AppData\Local\Programs\Microsoft VS Code\bin;C:\Users\fersd\apache-maven-3.9.14\bin;E:\DevOps\fullstack\flutter\bin;C:\kubectl;C:\Users\fersd\AppData\Local\Python\bin;C:\Users\fersd\AppData\Roaming\npm
USERNAME=fersd
OS=Windows_NT
PROCESSOR_IDENTIFIER=Intel64 Family 6 Model 186 Stepping 2, GenuineIntel
TMP=C:\Users\fersd\AppData\Local\Temp
TEMP=C:\Users\fersd\AppData\Local\Temp




Compilation memory statistics disabled.

Periodic native trim disabled

---------------  S Y S T E M  ---------------

OS:
 Windows 11 , 64 bit Build 26100 (10.0.26100.8246)
OS uptime: 0 days 15:27 hours
Hyper-V role detected

CPU: total 20 (initial active 20) (10 cores per cpu, 2 threads per core) family 6 model 186 stepping 2 microcode 0x410e, cx8, cmov, fxsr, ht, mmx, 3dnowpref, sse, sse2, sse3, ssse3, sse4.1, sse4.2, popcnt, lzcnt, tsc, tscinvbit, avx, avx2, aes, erms, clmul, bmi1, bmi2, adx, sha, fma, vzeroupper, clflush, clflushopt, clwb, hv, serialize, rdtscp, rdpid, fsrm, gfni, f16c, cet_ibt, cet_ss
Processor Information for processor 0
  Max Mhz: 2600, Current Mhz: 1496, Mhz Limit: 2600
Processor Information for processor 1
  Max Mhz: 2600, Current Mhz: 1496, Mhz Limit: 2600
Processor Information for processor 2
  Max Mhz: 2600, Current Mhz: 1496, Mhz Limit: 2600
Processor Information for processor 3
  Max Mhz: 2600, Current Mhz: 1496, Mhz Limit: 2600
Processor Information for processor 4
  Max Mhz: 2600, Current Mhz: 1496, Mhz Limit: 2600
Processor Information for processor 5
  Max Mhz: 2600, Current Mhz: 1496, Mhz Limit: 2600
Processor Information for processor 6
  Max Mhz: 2600, Current Mhz: 1496, Mhz Limit: 2600
Processor Information for processor 7
  Max Mhz: 2600, Current Mhz: 1496, Mhz Limit: 2600
Processor Information for processor 8
  Max Mhz: 2600, Current Mhz: 1496, Mhz Limit: 2600
Processor Information for processor 9
  Max Mhz: 2600, Current Mhz: 1496, Mhz Limit: 2600
Processor Information for processor 10
  Max Mhz: 2600, Current Mhz: 1496, Mhz Limit: 2600
Processor Information for processor 11
  Max Mhz: 2600, Current Mhz: 1496, Mhz Limit: 2600
Processor Information for processor 12
  Max Mhz: 2600, Current Mhz: 1505, Mhz Limit: 2600
Processor Information for processor 13
  Max Mhz: 2600, Current Mhz: 1505, Mhz Limit: 2600
Processor Information for processor 14
  Max Mhz: 2600, Current Mhz: 1505, Mhz Limit: 2600
Processor Information for processor 15
  Max Mhz: 2600, Current Mhz: 1505, Mhz Limit: 2600
Processor Information for processor 16
  Max Mhz: 2600, Current Mhz: 1505, Mhz Limit: 2600
Processor Information for processor 17
  Max Mhz: 2600, Current Mhz: 1505, Mhz Limit: 2600
Processor Information for processor 18
  Max Mhz: 2600, Current Mhz: 1505, Mhz Limit: 2600
Processor Information for processor 19
  Max Mhz: 2600, Current Mhz: 1505, Mhz Limit: 2600

Memory: 4k page, system-wide physical 16008M (1658M free)
TotalPageFile size 36150M (AvailPageFile size 1M)
current process WorkingSet (physical memory assigned to process): 33M, peak: 33M
current process commit charge ("private bytes"): 343M, peak: 347M

vm_info: Java HotSpot(TM) 64-Bit Server VM (25.0.2+10-LTS-69) for windows-amd64 JRE (25.0.2+10-LTS-69), built on 2025-12-18T11:36:35Z with MS VC++ 17.13 (VS2022)

END.
