#
# There is insufficient memory for the Java Runtime Environment to continue.
# Native memory allocation (mmap) failed to map 65536 bytes. Error detail: Failed to commit metaspace.
# Possible reasons:
#   The system is out of physical RAM or swap space
#   This process is running with CompressedOops enabled, and the Java Heap may be blocking the growth of the native heap
# Possible solutions:
#   Reduce memory load on the system
#   Increase physical memory or swap space
#   Check if swap backing store is full
#   Decrease Java heap size (-Xmx/-Xms)
#   Decrease number of Java threads
#   Decrease Java thread stack sizes (-Xss)
#   Set larger code cache with -XX:ReservedCodeCacheSize=
#   JVM is running with Zero Based Compressed Oops mode in which the Java heap is
#     placed in the first 32GB address space. The Java Heap base address is the
#     maximum limit for the native heap growth. Please use -XX:HeapBaseMinAddress
#     to set the Java Heap base and to place the Java Heap above 32GB virtual address.
# This output file may be truncated or incomplete.
#
#  Out of Memory Error (virtualSpaceNode.cpp:113), pid=32440, tid=31672
#
# JRE version: Java(TM) SE Runtime Environment (25.0.2+10) (build 25.0.2+10-LTS-69)
# Java VM: Java HotSpot(TM) 64-Bit Server VM (25.0.2+10-LTS-69, mixed mode, tiered, compressed oops, compressed class ptrs, g1 gc, windows-amd64)
# No core dump will be written. Minidumps are not enabled by default on client versions of Windows
#

---------------  S U M M A R Y ------------

Command Line: --enable-native-access=ALL-UNNAMED 

Host: 13th Gen Intel(R) Core(TM) i9-13900H, 20 cores, 15G,  Windows 11 , 64 bit Build 26100 (10.0.26100.8246)
Time: Tue May  5 00:54:05 2026 Afr. centrale Ouest elapsed time: 0.322243 seconds (0d 0h 0m 0s)

---------------  T H R E A D  ---------------

Current thread (0x000001c9e87051e0):  JavaThread "main"             [_thread_in_vm, id=31672, stack(0x00000063c2200000,0x00000063c2300000) (1024K)]

Stack: [0x00000063c2200000,0x00000063c2300000]
Native frames: (J=compiled Java code, j=interpreted, Vv=VM code, C=native code)
V  [jvm.dll+0x7a70f9]  (no source info available)
V  [jvm.dll+0x772d6d]  (no source info available)
V  [jvm.dll+0x965d53]  (no source info available)
V  [jvm.dll+0x968351]  (no source info available)
V  [jvm.dll+0x968a63]  (no source info available)
V  [jvm.dll+0x2fc846]  (no source info available)
V  [jvm.dll+0x962c1e]  (no source info available)
V  [jvm.dll+0x73df54]  (no source info available)
V  [jvm.dll+0x73dfba]  (no source info available)
V  [jvm.dll+0x7408a9]  (no source info available)
V  [jvm.dll+0x740635]  (no source info available)
V  [jvm.dll+0x29b382]  (no source info available)
V  [jvm.dll+0x73e97e]  (no source info available)
V  [jvm.dll+0x45cbfa]  (no source info available)
V  [jvm.dll+0x3032a3]  (no source info available)
V  [jvm.dll+0x30447b]  (no source info available)
V  [jvm.dll+0x282e0d]  (no source info available)
V  [jvm.dll+0x28252d]  (no source info available)
V  [jvm.dll+0x668d75]  (no source info available)
V  [jvm.dll+0x293281]  (no source info available)
V  [jvm.dll+0x8d525f]  (no source info available)
V  [jvm.dll+0x8d62ba]  (no source info available)
V  [jvm.dll+0x8d67f2]  (no source info available)
V  [jvm.dll+0x8d6546]  (no source info available)
V  [jvm.dll+0x2e5422]  (no source info available)
V  [jvm.dll+0x47188e]  (no source info available)
C  0x000001c98746a6ef  (no source info available)

The last pc belongs to new (printed below).
Java frames: (J=compiled Java code, j=interpreted, Vv=VM code)
j  jdk.internal.module.ServicesCatalog.addProviders(Ljava/lang/String;[Ljdk/internal/module/ServicesCatalog$ServiceProvider;)V+18 java.base@25.0.2
j  jdk.internal.module.ServicesCatalog.register(Ljava/lang/Module;)V+111 java.base@25.0.2
j  java.lang.Module.defineModules(Ljava/lang/module/Configuration;Ljava/util/function/Function;Ljava/lang/ModuleLayer;)Ljava/util/Map;+730 java.base@25.0.2
j  java.lang.ModuleLayer.<init>(Ljava/lang/module/Configuration;Ljava/util/List;Ljava/util/function/Function;)V+34 java.base@25.0.2
j  java.lang.ModuleLayer.defineModules(Ljava/lang/module/Configuration;Ljava/util/List;Ljava/util/function/Function;)Ljava/lang/ModuleLayer$Controller;+33 java.base@25.0.2
j  java.lang.ModuleLayer.defineModules(Ljava/lang/module/Configuration;Ljava/util/function/Function;)Ljava/lang/ModuleLayer;+6 java.base@25.0.2
j  jdk.internal.module.ModuleBootstrap.boot2()Ljava/lang/ModuleLayer;+1194 java.base@25.0.2
j  jdk.internal.module.ModuleBootstrap.boot()Ljava/lang/ModuleLayer;+64 java.base@25.0.2
j  java.lang.System.initPhase2(ZZ)I+0 java.base@25.0.2
v  ~StubRoutines::call_stub 0x000001c9874512ed
Lock stack of current Java thread (top to bottom):

new  187 new  [0x000001c98746a5c0, 0x000001c98746a778]  440 bytes
[MachCode]
  0x000001c98746a5c0: 4883 ec08 | c5fa 1104 | 24eb 1f48 | 83ec 10c5 | fb11 0424 | eb14 4883 | ec10 4889 | 0424 48c7 
  0x000001c98746a5e0: 4424 0800 | 0000 00eb | 0150 410f | b755 010f | cac1 ea10 | 488b 4de8 | 488b 4908 | 488b 4908 
  0x000001c98746a600: 488b 4108 | 807c 1004 | 070f 8583 | 0000 0066 | 8b54 d148 | 488b 4928 | 488b 4cd1 | 0851 80b9 
  0x000001c98746a620: 3001 0000 | 040f 840d | 0000 004c | 3bb9 3801 | 0000 0f85 | 5900 0000 | 8b51 08f6 | c201 0f85 
  0x000001c98746a640: 4d00 0000 | 498b 87c8 | 0100 0048 | 8d1c 1049 | 3b9f d801 | 0000 0f87 | 3500 0000 | 4989 9fc8 
  0x000001c98746a660: 0100 0048 | 83ea 100f | 840f 0000 | 0033 c9c1 | ea03 4889 | 4cd0 0848 | ffca 75f6 | 48c7 0001 
  0x000001c98746a680: 0000 0059 | 33f6 8970 | 0c89 4808 | e9cb 0000 | 0059 488b | 55e8 488b | 5208 488b | 5208 450f 
  0x000001c98746a6a0: b745 0141 | 0fc8 41c1 | e810 e805 | 0000 00e9 | a800 0000 | 488d 4424 | 084c 896d | c049 8bcf 
  0x000001c98746a6c0: c5f8 7749 | 89af 3804 | 0000 4989 | 8728 0400 | 0048 83ec | 2040 f6c4 | 0f0f 8419 | 0000 0048 
  0x000001c98746a6e0: 83ec 0848 | b840 189b | cbfb 7f00 | 00ff d048 | 83c4 08e9 | 0c00 0000 | 48b8 4018 | 9bcb fb7f 
  0x000001c98746a700: 0000 ffd0 | 4883 c420 | 49c7 8728 | 0400 0000 | 0000 0049 | c787 3804 | 0000 0000 | 0000 49c7 
  0x000001c98746a720: 8730 0400 | 0000 0000 | 00c5 f877 | 4983 7f08 | 000f 8405 | 0000 00e9 | a46a feff | 498b 8780 
  0x000001c98746a740: 0400 0049 | c787 8004 | 0000 0000 | 0000 4c8b | 6dc0 4c8b | 75c8 4e8d | 74f5 00c3 | 410f b65d 
  0x000001c98746a760: 0349 83c5 | 0349 ba80 | d92c ccfb | 7f00 0041 | ff24 da0f | 1f44 0000 
[/MachCode]

---------------  P R O C E S S  ---------------

Threads class SMR info:
_java_thread_list=0x000001c9fc16cdc0, length=10, elements={
0x000001c9e87051e0, 0x000001c9fb8b14e0, 0x000001c9fc0574b0, 0x000001c9fc05c7e0,
0x000001c9fc05e500, 0x000001c9fc05f6d0, 0x000001c9fc060290, 0x000001c9fb8c3200,
0x000001c9fb8b7fb0, 0x000001c9fb849b10
}

Java Threads: ( => current thread )
=>0x000001c9e87051e0 JavaThread "main"                              [_thread_in_vm, id=31672, stack(0x00000063c2200000,0x00000063c2300000) (1024K)]
  0x000001c9fb8b14e0 JavaThread "Reference Handler"          daemon [_thread_blocked, id=28784, stack(0x00000063c2a00000,0x00000063c2b00000) (1024K)]
  0x000001c9fc0574b0 JavaThread "Finalizer"                  daemon [_thread_blocked, id=11972, stack(0x00000063c2b00000,0x00000063c2c00000) (1024K)]
  0x000001c9fc05c7e0 JavaThread "Signal Dispatcher"          daemon [_thread_blocked, id=28336, stack(0x00000063c2c00000,0x00000063c2d00000) (1024K)]
  0x000001c9fc05e500 JavaThread "Attach Listener"            daemon [_thread_blocked, id=4184, stack(0x00000063c2d00000,0x00000063c2e00000) (1024K)]
  0x000001c9fc05f6d0 JavaThread "Service Thread"             daemon [_thread_blocked, id=13112, stack(0x00000063c2e00000,0x00000063c2f00000) (1024K)]
  0x000001c9fc060290 JavaThread "Monitor Deflation Thread"   daemon [_thread_blocked, id=31116, stack(0x00000063c2f00000,0x00000063c3000000) (1024K)]
  0x000001c9fb8c3200 JavaThread "C2 CompilerThread0"         daemon [_thread_blocked, id=27448, stack(0x00000063c3000000,0x00000063c3100000) (1024K)]
  0x000001c9fb8b7fb0 JavaThread "C1 CompilerThread0"         daemon [_thread_blocked, id=20624, stack(0x00000063c3100000,0x00000063c3200000) (1024K)]
  0x000001c9fb849b10 JavaThread "C1 CompilerThread1"         daemon [_thread_blocked, id=2620, stack(0x00000063c3200000,0x00000063c3300000) (1024K)]
Total: 10

Other Threads:
  0x000001c9fb8829b0 VMThread "VM Thread"                           [id=4236, stack(0x00000063c2900000,0x00000063c2a00000) (1024K)]
  0x000001c9fb848c20 WatcherThread "VM Periodic Task Thread"        [id=16580, stack(0x00000063c2800000,0x00000063c2900000) (1024K)]
  0x000001c9eac27d20 WorkerThread "GC Thread#0"                     [id=15464, stack(0x00000063c2300000,0x00000063c2400000) (1024K)]
  0x000001c9eac413a0 ConcurrentGCThread "G1 Main Marker"            [id=12824, stack(0x00000063c2400000,0x00000063c2500000) (1024K)]
  0x000001c9eac41f40 WorkerThread "G1 Conc#0"                       [id=16944, stack(0x00000063c2500000,0x00000063c2600000) (1024K)]
  0x000001c9eac7e010 ConcurrentGCThread "G1 Refine#0"               [id=20088, stack(0x00000063c2600000,0x00000063c2700000) (1024K)]
  0x000001c9fb716060 ConcurrentGCThread "G1 Service"                [id=18004, stack(0x00000063c2700000,0x00000063c2800000) (1024K)]
Total: 7

Threads with active compile tasks:
Total: 0

VM state: not at safepoint (normal execution)

VM Mutex/Monitor currently owned by a thread:  ([mutex/lock_event])
[0x00007ffbcc2b73e8] Metaspace_lock - owner thread: 0x000001c9e87051e0

Heap address: 0x0000000705c00000, size: 4004 MB, Compressed Oops mode: Zero based, Oop shift amount: 3

CDS archive(s) not mapped
Compressed class space mapped at: 0x0000000092000000-0x00000000d2000000, reserved size: 1073741824
UseCompressedClassPointers 1, UseCompactObjectHeaders 0
Narrow klass pointer bits 32, Max shift 3
Narrow klass base: 0x0000000000000000, Narrow klass shift: 0
Encoding Range: [0x0000000000000000 - 0x0000000100000000), (4294967296 bytes)
Klass Range:    [0x0000000092000000 - 0x00000000d2000000), (1073741824 bytes)
Klass ID Range:  [2449473536 - 3523215353) (1073741817)
No protection zone.

GC Precious Log:
 CardTable entry size: 512
 Card Set container configuration: InlinePtr #cards 4 size 8 Array Of Cards #cards 16 size 48 Howl #buckets 8 coarsen threshold 3686 Howl Bitmap #cards 512 size 80 coarsen threshold 460 Card regions per heap region 1 cards per card region 4096
 CPUs: 20 total, 20 available
 Memory: 16008M
 Large Page Support: Disabled
 NUMA Support: Disabled
 Compressed Oops: Enabled (Zero based)
 Heap Region Size: 2M
 Heap Min Capacity: 8M
 Heap Initial Capacity: 252M
 Heap Max Capacity: 4004M
 Pre-touch: Disabled
 Parallel Workers: 15
 Concurrent Workers: 4
 Concurrent Refinement Workers: 15
 Periodic GC: Disabled

Heap:
 garbage-first heap   total reserved 4100096K, committed 258048K, used 2048K [0x0000000705c00000, 0x0000000800000000)
  region size 2048K, 2 young (4096K), 0 survivors (0K)

Heap Regions: E=young(eden), S=young(survivor), O=old, HS=humongous(starts), HC=humongous(continues), CS=collection set, F=free, TAMS=top-at-mark-start, PB=parsable bottom
|   0|0x0000000705c00000, 0x0000000705c00000, 0x0000000705e00000|  0%| F|  |TAMS 0x0000000705c00000| PB 0x0000000705c00000| Untracked |  0
|   1|0x0000000705e00000, 0x0000000705e00000, 0x0000000706000000|  0%| F|  |TAMS 0x0000000705e00000| PB 0x0000000705e00000| Untracked |  0
|   2|0x0000000706000000, 0x0000000706000000, 0x0000000706200000|  0%| F|  |TAMS 0x0000000706000000| PB 0x0000000706000000| Untracked |  0
|   3|0x0000000706200000, 0x0000000706200000, 0x0000000706400000|  0%| F|  |TAMS 0x0000000706200000| PB 0x0000000706200000| Untracked |  0
|   4|0x0000000706400000, 0x0000000706400000, 0x0000000706600000|  0%| F|  |TAMS 0x0000000706400000| PB 0x0000000706400000| Untracked |  0
|   5|0x0000000706600000, 0x0000000706600000, 0x0000000706800000|  0%| F|  |TAMS 0x0000000706600000| PB 0x0000000706600000| Untracked |  0
|   6|0x0000000706800000, 0x0000000706800000, 0x0000000706a00000|  0%| F|  |TAMS 0x0000000706800000| PB 0x0000000706800000| Untracked |  0
|   7|0x0000000706a00000, 0x0000000706a00000, 0x0000000706c00000|  0%| F|  |TAMS 0x0000000706a00000| PB 0x0000000706a00000| Untracked |  0
|   8|0x0000000706c00000, 0x0000000706c00000, 0x0000000706e00000|  0%| F|  |TAMS 0x0000000706c00000| PB 0x0000000706c00000| Untracked |  0
|   9|0x0000000706e00000, 0x0000000706e00000, 0x0000000707000000|  0%| F|  |TAMS 0x0000000706e00000| PB 0x0000000706e00000| Untracked |  0
|  10|0x0000000707000000, 0x0000000707000000, 0x0000000707200000|  0%| F|  |TAMS 0x0000000707000000| PB 0x0000000707000000| Untracked |  0
|  11|0x0000000707200000, 0x0000000707200000, 0x0000000707400000|  0%| F|  |TAMS 0x0000000707200000| PB 0x0000000707200000| Untracked |  0
|  12|0x0000000707400000, 0x0000000707400000, 0x0000000707600000|  0%| F|  |TAMS 0x0000000707400000| PB 0x0000000707400000| Untracked |  0
|  13|0x0000000707600000, 0x0000000707600000, 0x0000000707800000|  0%| F|  |TAMS 0x0000000707600000| PB 0x0000000707600000| Untracked |  0
|  14|0x0000000707800000, 0x0000000707800000, 0x0000000707a00000|  0%| F|  |TAMS 0x0000000707800000| PB 0x0000000707800000| Untracked |  0
|  15|0x0000000707a00000, 0x0000000707a00000, 0x0000000707c00000|  0%| F|  |TAMS 0x0000000707a00000| PB 0x0000000707a00000| Untracked |  0
|  16|0x0000000707c00000, 0x0000000707c00000, 0x0000000707e00000|  0%| F|  |TAMS 0x0000000707c00000| PB 0x0000000707c00000| Untracked |  0
|  17|0x0000000707e00000, 0x0000000707e00000, 0x0000000708000000|  0%| F|  |TAMS 0x0000000707e00000| PB 0x0000000707e00000| Untracked |  0
|  18|0x0000000708000000, 0x0000000708000000, 0x0000000708200000|  0%| F|  |TAMS 0x0000000708000000| PB 0x0000000708000000| Untracked |  0
|  19|0x0000000708200000, 0x0000000708200000, 0x0000000708400000|  0%| F|  |TAMS 0x0000000708200000| PB 0x0000000708200000| Untracked |  0
|  20|0x0000000708400000, 0x0000000708400000, 0x0000000708600000|  0%| F|  |TAMS 0x0000000708400000| PB 0x0000000708400000| Untracked |  0
|  21|0x0000000708600000, 0x0000000708600000, 0x0000000708800000|  0%| F|  |TAMS 0x0000000708600000| PB 0x0000000708600000| Untracked |  0
|  22|0x0000000708800000, 0x0000000708800000, 0x0000000708a00000|  0%| F|  |TAMS 0x0000000708800000| PB 0x0000000708800000| Untracked |  0
|  23|0x0000000708a00000, 0x0000000708a00000, 0x0000000708c00000|  0%| F|  |TAMS 0x0000000708a00000| PB 0x0000000708a00000| Untracked |  0
|  24|0x0000000708c00000, 0x0000000708c00000, 0x0000000708e00000|  0%| F|  |TAMS 0x0000000708c00000| PB 0x0000000708c00000| Untracked |  0
|  25|0x0000000708e00000, 0x0000000708e00000, 0x0000000709000000|  0%| F|  |TAMS 0x0000000708e00000| PB 0x0000000708e00000| Untracked |  0
|  26|0x0000000709000000, 0x0000000709000000, 0x0000000709200000|  0%| F|  |TAMS 0x0000000709000000| PB 0x0000000709000000| Untracked |  0
|  27|0x0000000709200000, 0x0000000709200000, 0x0000000709400000|  0%| F|  |TAMS 0x0000000709200000| PB 0x0000000709200000| Untracked |  0
|  28|0x0000000709400000, 0x0000000709400000, 0x0000000709600000|  0%| F|  |TAMS 0x0000000709400000| PB 0x0000000709400000| Untracked |  0
|  29|0x0000000709600000, 0x0000000709600000, 0x0000000709800000|  0%| F|  |TAMS 0x0000000709600000| PB 0x0000000709600000| Untracked |  0
|  30|0x0000000709800000, 0x0000000709800000, 0x0000000709a00000|  0%| F|  |TAMS 0x0000000709800000| PB 0x0000000709800000| Untracked |  0
|  31|0x0000000709a00000, 0x0000000709a00000, 0x0000000709c00000|  0%| F|  |TAMS 0x0000000709a00000| PB 0x0000000709a00000| Untracked |  0
|  32|0x0000000709c00000, 0x0000000709c00000, 0x0000000709e00000|  0%| F|  |TAMS 0x0000000709c00000| PB 0x0000000709c00000| Untracked |  0
|  33|0x0000000709e00000, 0x0000000709e00000, 0x000000070a000000|  0%| F|  |TAMS 0x0000000709e00000| PB 0x0000000709e00000| Untracked |  0
|  34|0x000000070a000000, 0x000000070a000000, 0x000000070a200000|  0%| F|  |TAMS 0x000000070a000000| PB 0x000000070a000000| Untracked |  0
|  35|0x000000070a200000, 0x000000070a200000, 0x000000070a400000|  0%| F|  |TAMS 0x000000070a200000| PB 0x000000070a200000| Untracked |  0
|  36|0x000000070a400000, 0x000000070a400000, 0x000000070a600000|  0%| F|  |TAMS 0x000000070a400000| PB 0x000000070a400000| Untracked |  0
|  37|0x000000070a600000, 0x000000070a600000, 0x000000070a800000|  0%| F|  |TAMS 0x000000070a600000| PB 0x000000070a600000| Untracked |  0
|  38|0x000000070a800000, 0x000000070a800000, 0x000000070aa00000|  0%| F|  |TAMS 0x000000070a800000| PB 0x000000070a800000| Untracked |  0
|  39|0x000000070aa00000, 0x000000070aa00000, 0x000000070ac00000|  0%| F|  |TAMS 0x000000070aa00000| PB 0x000000070aa00000| Untracked |  0
|  40|0x000000070ac00000, 0x000000070ac00000, 0x000000070ae00000|  0%| F|  |TAMS 0x000000070ac00000| PB 0x000000070ac00000| Untracked |  0
|  41|0x000000070ae00000, 0x000000070ae00000, 0x000000070b000000|  0%| F|  |TAMS 0x000000070ae00000| PB 0x000000070ae00000| Untracked |  0
|  42|0x000000070b000000, 0x000000070b000000, 0x000000070b200000|  0%| F|  |TAMS 0x000000070b000000| PB 0x000000070b000000| Untracked |  0
|  43|0x000000070b200000, 0x000000070b200000, 0x000000070b400000|  0%| F|  |TAMS 0x000000070b200000| PB 0x000000070b200000| Untracked |  0
|  44|0x000000070b400000, 0x000000070b400000, 0x000000070b600000|  0%| F|  |TAMS 0x000000070b400000| PB 0x000000070b400000| Untracked |  0
|  45|0x000000070b600000, 0x000000070b600000, 0x000000070b800000|  0%| F|  |TAMS 0x000000070b600000| PB 0x000000070b600000| Untracked |  0
|  46|0x000000070b800000, 0x000000070b800000, 0x000000070ba00000|  0%| F|  |TAMS 0x000000070b800000| PB 0x000000070b800000| Untracked |  0
|  47|0x000000070ba00000, 0x000000070ba00000, 0x000000070bc00000|  0%| F|  |TAMS 0x000000070ba00000| PB 0x000000070ba00000| Untracked |  0
|  48|0x000000070bc00000, 0x000000070bc00000, 0x000000070be00000|  0%| F|  |TAMS 0x000000070bc00000| PB 0x000000070bc00000| Untracked |  0
|  49|0x000000070be00000, 0x000000070be00000, 0x000000070c000000|  0%| F|  |TAMS 0x000000070be00000| PB 0x000000070be00000| Untracked |  0
|  50|0x000000070c000000, 0x000000070c000000, 0x000000070c200000|  0%| F|  |TAMS 0x000000070c000000| PB 0x000000070c000000| Untracked |  0
|  51|0x000000070c200000, 0x000000070c200000, 0x000000070c400000|  0%| F|  |TAMS 0x000000070c200000| PB 0x000000070c200000| Untracked |  0
|  52|0x000000070c400000, 0x000000070c400000, 0x000000070c600000|  0%| F|  |TAMS 0x000000070c400000| PB 0x000000070c400000| Untracked |  0
|  53|0x000000070c600000, 0x000000070c600000, 0x000000070c800000|  0%| F|  |TAMS 0x000000070c600000| PB 0x000000070c600000| Untracked |  0
|  54|0x000000070c800000, 0x000000070c800000, 0x000000070ca00000|  0%| F|  |TAMS 0x000000070c800000| PB 0x000000070c800000| Untracked |  0
|  55|0x000000070ca00000, 0x000000070ca00000, 0x000000070cc00000|  0%| F|  |TAMS 0x000000070ca00000| PB 0x000000070ca00000| Untracked |  0
|  56|0x000000070cc00000, 0x000000070cc00000, 0x000000070ce00000|  0%| F|  |TAMS 0x000000070cc00000| PB 0x000000070cc00000| Untracked |  0
|  57|0x000000070ce00000, 0x000000070ce00000, 0x000000070d000000|  0%| F|  |TAMS 0x000000070ce00000| PB 0x000000070ce00000| Untracked |  0
|  58|0x000000070d000000, 0x000000070d000000, 0x000000070d200000|  0%| F|  |TAMS 0x000000070d000000| PB 0x000000070d000000| Untracked |  0
|  59|0x000000070d200000, 0x000000070d200000, 0x000000070d400000|  0%| F|  |TAMS 0x000000070d200000| PB 0x000000070d200000| Untracked |  0
|  60|0x000000070d400000, 0x000000070d400000, 0x000000070d600000|  0%| F|  |TAMS 0x000000070d400000| PB 0x000000070d400000| Untracked |  0
|  61|0x000000070d600000, 0x000000070d600000, 0x000000070d800000|  0%| F|  |TAMS 0x000000070d600000| PB 0x000000070d600000| Untracked |  0
|  62|0x000000070d800000, 0x000000070d800000, 0x000000070da00000|  0%| F|  |TAMS 0x000000070d800000| PB 0x000000070d800000| Untracked |  0
|  63|0x000000070da00000, 0x000000070da00000, 0x000000070dc00000|  0%| F|  |TAMS 0x000000070da00000| PB 0x000000070da00000| Untracked |  0
|  64|0x000000070dc00000, 0x000000070dc00000, 0x000000070de00000|  0%| F|  |TAMS 0x000000070dc00000| PB 0x000000070dc00000| Untracked |  0
|  65|0x000000070de00000, 0x000000070de00000, 0x000000070e000000|  0%| F|  |TAMS 0x000000070de00000| PB 0x000000070de00000| Untracked |  0
|  66|0x000000070e000000, 0x000000070e000000, 0x000000070e200000|  0%| F|  |TAMS 0x000000070e000000| PB 0x000000070e000000| Untracked |  0
|  67|0x000000070e200000, 0x000000070e200000, 0x000000070e400000|  0%| F|  |TAMS 0x000000070e200000| PB 0x000000070e200000| Untracked |  0
|  68|0x000000070e400000, 0x000000070e400000, 0x000000070e600000|  0%| F|  |TAMS 0x000000070e400000| PB 0x000000070e400000| Untracked |  0
|  69|0x000000070e600000, 0x000000070e600000, 0x000000070e800000|  0%| F|  |TAMS 0x000000070e600000| PB 0x000000070e600000| Untracked |  0
|  70|0x000000070e800000, 0x000000070e800000, 0x000000070ea00000|  0%| F|  |TAMS 0x000000070e800000| PB 0x000000070e800000| Untracked |  0
|  71|0x000000070ea00000, 0x000000070ea00000, 0x000000070ec00000|  0%| F|  |TAMS 0x000000070ea00000| PB 0x000000070ea00000| Untracked |  0
|  72|0x000000070ec00000, 0x000000070ec00000, 0x000000070ee00000|  0%| F|  |TAMS 0x000000070ec00000| PB 0x000000070ec00000| Untracked |  0
|  73|0x000000070ee00000, 0x000000070ee00000, 0x000000070f000000|  0%| F|  |TAMS 0x000000070ee00000| PB 0x000000070ee00000| Untracked |  0
|  74|0x000000070f000000, 0x000000070f000000, 0x000000070f200000|  0%| F|  |TAMS 0x000000070f000000| PB 0x000000070f000000| Untracked |  0
|  75|0x000000070f200000, 0x000000070f200000, 0x000000070f400000|  0%| F|  |TAMS 0x000000070f200000| PB 0x000000070f200000| Untracked |  0
|  76|0x000000070f400000, 0x000000070f400000, 0x000000070f600000|  0%| F|  |TAMS 0x000000070f400000| PB 0x000000070f400000| Untracked |  0
|  77|0x000000070f600000, 0x000000070f600000, 0x000000070f800000|  0%| F|  |TAMS 0x000000070f600000| PB 0x000000070f600000| Untracked |  0
|  78|0x000000070f800000, 0x000000070f800000, 0x000000070fa00000|  0%| F|  |TAMS 0x000000070f800000| PB 0x000000070f800000| Untracked |  0
|  79|0x000000070fa00000, 0x000000070fa00000, 0x000000070fc00000|  0%| F|  |TAMS 0x000000070fa00000| PB 0x000000070fa00000| Untracked |  0
|  80|0x000000070fc00000, 0x000000070fc00000, 0x000000070fe00000|  0%| F|  |TAMS 0x000000070fc00000| PB 0x000000070fc00000| Untracked |  0
|  81|0x000000070fe00000, 0x000000070fe00000, 0x0000000710000000|  0%| F|  |TAMS 0x000000070fe00000| PB 0x000000070fe00000| Untracked |  0
|  82|0x0000000710000000, 0x0000000710000000, 0x0000000710200000|  0%| F|  |TAMS 0x0000000710000000| PB 0x0000000710000000| Untracked |  0
|  83|0x0000000710200000, 0x0000000710200000, 0x0000000710400000|  0%| F|  |TAMS 0x0000000710200000| PB 0x0000000710200000| Untracked |  0
|  84|0x0000000710400000, 0x0000000710400000, 0x0000000710600000|  0%| F|  |TAMS 0x0000000710400000| PB 0x0000000710400000| Untracked |  0
|  85|0x0000000710600000, 0x0000000710600000, 0x0000000710800000|  0%| F|  |TAMS 0x0000000710600000| PB 0x0000000710600000| Untracked |  0
|  86|0x0000000710800000, 0x0000000710800000, 0x0000000710a00000|  0%| F|  |TAMS 0x0000000710800000| PB 0x0000000710800000| Untracked |  0
|  87|0x0000000710a00000, 0x0000000710a00000, 0x0000000710c00000|  0%| F|  |TAMS 0x0000000710a00000| PB 0x0000000710a00000| Untracked |  0
|  88|0x0000000710c00000, 0x0000000710c00000, 0x0000000710e00000|  0%| F|  |TAMS 0x0000000710c00000| PB 0x0000000710c00000| Untracked |  0
|  89|0x0000000710e00000, 0x0000000710e00000, 0x0000000711000000|  0%| F|  |TAMS 0x0000000710e00000| PB 0x0000000710e00000| Untracked |  0
|  90|0x0000000711000000, 0x0000000711000000, 0x0000000711200000|  0%| F|  |TAMS 0x0000000711000000| PB 0x0000000711000000| Untracked |  0
|  91|0x0000000711200000, 0x0000000711200000, 0x0000000711400000|  0%| F|  |TAMS 0x0000000711200000| PB 0x0000000711200000| Untracked |  0
|  92|0x0000000711400000, 0x0000000711400000, 0x0000000711600000|  0%| F|  |TAMS 0x0000000711400000| PB 0x0000000711400000| Untracked |  0
|  93|0x0000000711600000, 0x0000000711600000, 0x0000000711800000|  0%| F|  |TAMS 0x0000000711600000| PB 0x0000000711600000| Untracked |  0
|  94|0x0000000711800000, 0x0000000711800000, 0x0000000711a00000|  0%| F|  |TAMS 0x0000000711800000| PB 0x0000000711800000| Untracked |  0
|  95|0x0000000711a00000, 0x0000000711a00000, 0x0000000711c00000|  0%| F|  |TAMS 0x0000000711a00000| PB 0x0000000711a00000| Untracked |  0
|  96|0x0000000711c00000, 0x0000000711c00000, 0x0000000711e00000|  0%| F|  |TAMS 0x0000000711c00000| PB 0x0000000711c00000| Untracked |  0
|  97|0x0000000711e00000, 0x0000000711e00000, 0x0000000712000000|  0%| F|  |TAMS 0x0000000711e00000| PB 0x0000000711e00000| Untracked |  0
|  98|0x0000000712000000, 0x0000000712000000, 0x0000000712200000|  0%| F|  |TAMS 0x0000000712000000| PB 0x0000000712000000| Untracked |  0
|  99|0x0000000712200000, 0x0000000712200000, 0x0000000712400000|  0%| F|  |TAMS 0x0000000712200000| PB 0x0000000712200000| Untracked |  0
| 100|0x0000000712400000, 0x0000000712400000, 0x0000000712600000|  0%| F|  |TAMS 0x0000000712400000| PB 0x0000000712400000| Untracked |  0
| 101|0x0000000712600000, 0x0000000712600000, 0x0000000712800000|  0%| F|  |TAMS 0x0000000712600000| PB 0x0000000712600000| Untracked |  0
| 102|0x0000000712800000, 0x0000000712800000, 0x0000000712a00000|  0%| F|  |TAMS 0x0000000712800000| PB 0x0000000712800000| Untracked |  0
| 103|0x0000000712a00000, 0x0000000712a00000, 0x0000000712c00000|  0%| F|  |TAMS 0x0000000712a00000| PB 0x0000000712a00000| Untracked |  0
| 104|0x0000000712c00000, 0x0000000712c00000, 0x0000000712e00000|  0%| F|  |TAMS 0x0000000712c00000| PB 0x0000000712c00000| Untracked |  0
| 105|0x0000000712e00000, 0x0000000712e00000, 0x0000000713000000|  0%| F|  |TAMS 0x0000000712e00000| PB 0x0000000712e00000| Untracked |  0
| 106|0x0000000713000000, 0x0000000713000000, 0x0000000713200000|  0%| F|  |TAMS 0x0000000713000000| PB 0x0000000713000000| Untracked |  0
| 107|0x0000000713200000, 0x0000000713200000, 0x0000000713400000|  0%| F|  |TAMS 0x0000000713200000| PB 0x0000000713200000| Untracked |  0
| 108|0x0000000713400000, 0x0000000713400000, 0x0000000713600000|  0%| F|  |TAMS 0x0000000713400000| PB 0x0000000713400000| Untracked |  0
| 109|0x0000000713600000, 0x0000000713600000, 0x0000000713800000|  0%| F|  |TAMS 0x0000000713600000| PB 0x0000000713600000| Untracked |  0
| 110|0x0000000713800000, 0x0000000713800000, 0x0000000713a00000|  0%| F|  |TAMS 0x0000000713800000| PB 0x0000000713800000| Untracked |  0
| 111|0x0000000713a00000, 0x0000000713a00000, 0x0000000713c00000|  0%| F|  |TAMS 0x0000000713a00000| PB 0x0000000713a00000| Untracked |  0
| 112|0x0000000713c00000, 0x0000000713c00000, 0x0000000713e00000|  0%| F|  |TAMS 0x0000000713c00000| PB 0x0000000713c00000| Untracked |  0
| 113|0x0000000713e00000, 0x0000000713e00000, 0x0000000714000000|  0%| F|  |TAMS 0x0000000713e00000| PB 0x0000000713e00000| Untracked |  0
| 114|0x0000000714000000, 0x0000000714000000, 0x0000000714200000|  0%| F|  |TAMS 0x0000000714000000| PB 0x0000000714000000| Untracked |  0
| 115|0x0000000714200000, 0x0000000714200000, 0x0000000714400000|  0%| F|  |TAMS 0x0000000714200000| PB 0x0000000714200000| Untracked |  0
| 116|0x0000000714400000, 0x0000000714400000, 0x0000000714600000|  0%| F|  |TAMS 0x0000000714400000| PB 0x0000000714400000| Untracked |  0
| 117|0x0000000714600000, 0x0000000714600000, 0x0000000714800000|  0%| F|  |TAMS 0x0000000714600000| PB 0x0000000714600000| Untracked |  0
| 118|0x0000000714800000, 0x0000000714800000, 0x0000000714a00000|  0%| F|  |TAMS 0x0000000714800000| PB 0x0000000714800000| Untracked |  0
| 119|0x0000000714a00000, 0x0000000714a00000, 0x0000000714c00000|  0%| F|  |TAMS 0x0000000714a00000| PB 0x0000000714a00000| Untracked |  0
| 120|0x0000000714c00000, 0x0000000714c00000, 0x0000000714e00000|  0%| F|  |TAMS 0x0000000714c00000| PB 0x0000000714c00000| Untracked |  0
| 121|0x0000000714e00000, 0x0000000714e00000, 0x0000000715000000|  0%| F|  |TAMS 0x0000000714e00000| PB 0x0000000714e00000| Untracked |  0
| 122|0x0000000715000000, 0x0000000715000000, 0x0000000715200000|  0%| F|  |TAMS 0x0000000715000000| PB 0x0000000715000000| Untracked |  0
| 123|0x0000000715200000, 0x0000000715200000, 0x0000000715400000|  0%| F|  |TAMS 0x0000000715200000| PB 0x0000000715200000| Untracked |  0
| 124|0x0000000715400000, 0x00000007154f5c40, 0x0000000715600000| 48%| E|  |TAMS 0x0000000715400000| PB 0x0000000715400000| Complete |  0
| 125|0x0000000715600000, 0x0000000715800000, 0x0000000715800000|100%| E|CS|TAMS 0x0000000715600000| PB 0x0000000715600000| Complete |  0

Card table byte_map: [0x000001c9f46e0000,0x000001c9f4ec0000] _byte_map_base: 0x000001c9f0eb2000

Marking Bits: (CMBitMap*) 0x000001c9eac284b0
 Bits: [0x000001c9f4ec0000, 0x000001c9f8d50000)

Polling page: 0x000001c9ea390000

Metaspace:
Metaspace        used 3947K, committed 3968K, reserved 1114112K
 class space     used 299K, committed 320K, reserved 1048576K

Usage:
  Non-class:      3.56 MB used.
      Class:    299.38 KB used.
       Both:      3.85 MB used.

Virtual space:
  Non-class space:       64.00 MB reserved,       3.56 MB (  6%) committed,  1 nodes.
      Class space:        1.00 GB reserved,     320.00 KB ( <1%) committed,  1 nodes.
             Both:        1.06 GB reserved,       3.88 MB ( <1%) committed. 

Chunk freelists:
   Non-Class:  12.00 MB
       Class:  15.50 MB
        Both:  27.50 MB

MaxMetaspaceSize: unlimited
CompressedClassSpaceSize: 1.00 GB
Initial GC threshold: 21.00 MB
Current GC threshold: 21.00 MB
CDS: off
 - commit_granule_bytes: 65536.
 - commit_granule_words: 8192.
 - virtual_space_node_default_size: 8388608.
 - enlarge_chunks_in_place: 1.
UseCompressedClassPointers 1, UseCompactObjectHeaders 0
Narrow klass pointer bits 32, Max shift 3
Narrow klass base: 0x0000000000000000, Narrow klass shift: 0
Encoding Range: [0x0000000000000000 - 0x0000000100000000), (4294967296 bytes)
Klass Range:    [0x0000000092000000 - 0x00000000d2000000), (1073741824 bytes)
Klass ID Range:  [2449473536 - 3523215353) (1073741817)
No protection zone.


Internal statistics:

num_allocs_failed_limit: 0.
num_arena_births: 2.
num_arena_deaths: 0.
num_vsnodes_births: 2.
num_vsnodes_deaths: 0.
num_space_committed: 62.
num_space_uncommitted: 0.
num_chunks_returned_to_freelist: 0.
num_chunks_taken_from_freelist: 2.
num_chunk_merges: 0.
num_chunk_splits: 2.
num_chunks_enlarged: 1.
num_inconsistent_stats: 0.

CodeHeap 'non-profiled nmethods': size=119232Kb used=15Kb max_used=15Kb free=119216Kb
 bounds [0x000001c987b90000, 0x000001c987e00000, 0x000001c98f000000]
CodeHeap 'profiled nmethods': size=119104Kb used=75Kb max_used=75Kb free=119028Kb
 bounds [0x000001c980000000, 0x000001c980270000, 0x000001c987450000]
CodeHeap 'non-nmethods': size=7424Kb used=1742Kb max_used=1742Kb free=5681Kb
 bounds [0x000001c987450000, 0x000001c9876c0000, 0x000001c987b90000]
CodeCache: size=245760Kb, used=1832Kb, max_used=1832Kb, free=243925Kb
 total_blobs=381, nmethods=81, adapters=203, full_count=0
Compilation: enabled, stopped_count=0, restarted_count=0

Compilation events (20 events):
Event: 0.317 Thread 0x000001c9fb8b7fb0 nmethod 70 0x000001c980011108 code [0x000001c980011200, 0x000001c980011488]
Event: 0.317 Thread 0x000001c9fb8b7fb0   74       3       java.util.ImmutableCollections$SetN::isEmpty (13 bytes)
Event: 0.317 Thread 0x000001c9fb849b10 nmethod 72 0x000001c980011508 code [0x000001c980011600, 0x000001c980011818]
Event: 0.318 Thread 0x000001c9fb849b10   71       3       java.lang.module.ResolvedModule::hashCode (16 bytes)
Event: 0.318 Thread 0x000001c9fb8b7fb0 nmethod 74 0x000001c980011888 code [0x000001c980011980, 0x000001c980011ad8]
Event: 0.318 Thread 0x000001c9fb8b7fb0   73       1       java.lang.module.ModuleDescriptor::isAutomatic (5 bytes)
Event: 0.318 Thread 0x000001c9fb8b7fb0 nmethod 73 0x000001c987b93408 code [0x000001c987b93500, 0x000001c987b935c8]
Event: 0.318 Thread 0x000001c9fb8b7fb0   75       3       java.util.AbstractMap::<init> (5 bytes)
Event: 0.318 Thread 0x000001c9fb849b10 nmethod 71 0x000001c980011b88 code [0x000001c980011c80, 0x000001c980011eb0]
Event: 0.318 Thread 0x000001c9fb8b7fb0 nmethod 75 0x000001c980011f08 code [0x000001c980012000, 0x000001c980012160]
Event: 0.318 Thread 0x000001c9fb849b10   76       3       java.util.ImmutableCollections$Set12::iterator (9 bytes)
Event: 0.318 Thread 0x000001c9fb8b7fb0   77       3       java.util.ImmutableCollections$Set12$1::<init> (37 bytes)
Event: 0.318 Thread 0x000001c9fb849b10 nmethod 76 0x000001c980012208 code [0x000001c980012300, 0x000001c980012498]
Event: 0.318 Thread 0x000001c9fb849b10   81       3       java.util.HashMap::<init> (11 bytes)
Event: 0.318 Thread 0x000001c9fb8b7fb0 nmethod 77 0x000001c980012508 code [0x000001c980012600, 0x000001c980012970]
Event: 0.318 Thread 0x000001c9fb849b10 nmethod 81 0x000001c980012988 code [0x000001c980012a80, 0x000001c980012c48]
Event: 0.318 Thread 0x000001c9fb8b7fb0   78       1       java.lang.module.ResolvedModule::configuration (5 bytes)
Event: 0.318 Thread 0x000001c9fb849b10   80       1       java.lang.module.ModuleDescriptor$Exports::targets (5 bytes)
Event: 0.318 Thread 0x000001c9fb849b10 nmethod 80 0x000001c987b93708 code [0x000001c987b93800, 0x000001c987b938c8]
Event: 0.318 Thread 0x000001c9fb8b7fb0 nmethod 78 0x000001c987b93a08 code [0x000001c987b93b00, 0x000001c987b93bc8]

GC Heap Usage History (0 events):
No events

Metaspace Usage History (0 events):
No events

Dll operation events (1 events):
Event: 0.022 Loaded shared library C:\Program Files\Java\jdk-25.0.2\bin\java.dll

Deoptimization events (0 events):
No events

Classes loaded (20 events):
Event: 0.304 Loading class jdk/internal/loader/ClassLoaderValue done
Event: 0.305 Loading class jdk/internal/loader/BuiltinClassLoader$LoadedModule
Event: 0.305 Loading class jdk/internal/loader/BuiltinClassLoader$LoadedModule done
Event: 0.307 Loading class java/lang/module/Configuration
Event: 0.307 Loading class java/lang/module/Configuration done
Event: 0.307 Loading class java/lang/module/ResolvedModule
Event: 0.307 Loading class java/lang/module/ResolvedModule done
Event: 0.307 Loading class java/util/AbstractMap$1
Event: 0.307 Loading class java/util/AbstractMap$1 done
Event: 0.308 Loading class java/util/AbstractMap$KeyIterator
Event: 0.308 Loading class java/util/AbstractMap$KeyIterator done
Event: 0.309 Loading class jdk/internal/module/ModuleLoaderMap$Mapper
Event: 0.309 Loading class jdk/internal/module/ModuleLoaderMap$Mapper done
Event: 0.310 Loading class java/lang/ModuleLayer
Event: 0.311 Loading class java/lang/ModuleLayer done
Event: 0.318 Loading class jdk/internal/loader/AbstractClassLoaderValue$Memoizer
Event: 0.318 Loading class jdk/internal/loader/AbstractClassLoaderValue$Memoizer done
Event: 0.318 Loading class jdk/internal/module/ServicesCatalog$ServiceProvider
Event: 0.318 Loading class jdk/internal/module/ServicesCatalog$ServiceProvider done
Event: 0.318 Loading class java/util/concurrent/CopyOnWriteArrayList

Classes unloaded (0 events):
No events

Classes redefined (0 events):
No events

Internal exceptions (0 events):
No events

VM Operations (0 events):
No events

Memory protections (0 events):
No events

Nmethod flushes (0 events):
No events

Events (10 events):
Event: 0.038 Thread 0x000001c9e87051e0 Thread added: 0x000001c9e87051e0
Event: 0.206 Thread 0x000001c9e87051e0 Thread added: 0x000001c9fb8b14e0
Event: 0.207 Thread 0x000001c9e87051e0 Thread added: 0x000001c9fc0574b0
Event: 0.214 Thread 0x000001c9e87051e0 Thread added: 0x000001c9fc05c7e0
Event: 0.214 Thread 0x000001c9e87051e0 Thread added: 0x000001c9fc05e500
Event: 0.214 Thread 0x000001c9e87051e0 Thread added: 0x000001c9fc05f6d0
Event: 0.214 Thread 0x000001c9e87051e0 Thread added: 0x000001c9fc060290
Event: 0.214 Thread 0x000001c9e87051e0 Thread added: 0x000001c9fb8c3200
Event: 0.215 Thread 0x000001c9e87051e0 Thread added: 0x000001c9fb8b7fb0
Event: 0.310 Thread 0x000001c9fb8b7fb0 Thread added: 0x000001c9fb849b10


Dynamic libraries:
0x00007ff729b10000 - 0x00007ff729b20000 	C:\Program Files\Java\jdk-25.0.2\bin\java.exe
0x00007ffc86d60000 - 0x00007ffc86fc7000 	C:\WINDOWS\SYSTEM32\ntdll.dll
0x00007ffc84bb0000 - 0x00007ffc84c79000 	C:\WINDOWS\System32\KERNEL32.DLL
0x00007ffc83f80000 - 0x00007ffc84374000 	C:\WINDOWS\System32\KERNELBASE.dll
0x00007ffc84500000 - 0x00007ffc8464b000 	C:\WINDOWS\System32\ucrtbase.dll
0x00007ffc67ec0000 - 0x00007ffc67ed7000 	C:\Program Files\Java\jdk-25.0.2\bin\jli.dll
0x00007ffc67f00000 - 0x00007ffc67f1e000 	C:\Program Files\Java\jdk-25.0.2\bin\VCRUNTIME140.dll
0x00007ffc85e00000 - 0x00007ffc85fc5000 	C:\WINDOWS\System32\USER32.dll
0x00007ffc65e60000 - 0x00007ffc660f3000 	C:\WINDOWS\WinSxS\amd64_microsoft.windows.common-controls_6595b64144ccf1df_6.0.26100.8115_none_3e075c82e3354f9c\COMCTL32.dll
0x00007ffc83ea0000 - 0x00007ffc83ec7000 	C:\WINDOWS\System32\win32u.dll
0x00007ffc868d0000 - 0x00007ffc86979000 	C:\WINDOWS\System32\msvcrt.dll
0x00007ffc85dd0000 - 0x00007ffc85dfb000 	C:\WINDOWS\System32\GDI32.dll
0x00007ffc84910000 - 0x00007ffc84a3b000 	C:\WINDOWS\System32\gdi32full.dll
0x00007ffc83ed0000 - 0x00007ffc83f73000 	C:\WINDOWS\System32\msvcp_win.dll
0x00007ffc86370000 - 0x00007ffc863a2000 	C:\WINDOWS\System32\IMM32.DLL
0x00007ffc71fd0000 - 0x00007ffc71fdc000 	C:\Program Files\Java\jdk-25.0.2\bin\vcruntime140_1.dll
0x00007ffc45930000 - 0x00007ffc459bd000 	C:\Program Files\Java\jdk-25.0.2\bin\msvcp140.dll
0x00007ffbcb540000 - 0x00007ffbcc39f000 	C:\Program Files\Java\jdk-25.0.2\bin\server\jvm.dll
0x00007ffc84af0000 - 0x00007ffc84ba6000 	C:\WINDOWS\System32\ADVAPI32.dll
0x00007ffc84d00000 - 0x00007ffc84da7000 	C:\WINDOWS\System32\sechost.dll
0x00007ffc86980000 - 0x00007ffc86a98000 	C:\WINDOWS\System32\RPCRT4.dll
0x00007ffc86af0000 - 0x00007ffc86b70000 	C:\WINDOWS\System32\WS2_32.dll
0x00007ffc83490000 - 0x00007ffc834ee000 	C:\WINDOWS\SYSTEM32\POWRPROF.dll
0x00007ffc6fe10000 - 0x00007ffc6fe1b000 	C:\WINDOWS\SYSTEM32\VERSION.dll
0x00007ffc793a0000 - 0x00007ffc793d6000 	C:\WINDOWS\SYSTEM32\WINMM.dll
0x00007ffc83470000 - 0x00007ffc83484000 	C:\WINDOWS\SYSTEM32\UMPDC.dll
0x00007ffc82380000 - 0x00007ffc8239b000 	C:\WINDOWS\SYSTEM32\kernel.appcore.dll
0x00007ffc71b00000 - 0x00007ffc71b0a000 	C:\Program Files\Java\jdk-25.0.2\bin\jimage.dll
0x00007ffc81070000 - 0x00007ffc812b2000 	C:\WINDOWS\SYSTEM32\DBGHELP.DLL
0x00007ffc852d0000 - 0x00007ffc85652000 	C:\WINDOWS\System32\combase.dll
0x00007ffc86290000 - 0x00007ffc86368000 	C:\WINDOWS\System32\OLEAUT32.dll
0x00007ffc66100000 - 0x00007ffc6613b000 	C:\WINDOWS\SYSTEM32\dbgcore.DLL
0x00007ffc84a40000 - 0x00007ffc84ae5000 	C:\WINDOWS\System32\bcryptPrimitives.dll
0x00007ffc67ea0000 - 0x00007ffc67ebf000 	C:\Program Files\Java\jdk-25.0.2\bin\java.dll
0x00007ffc84fc0000 - 0x00007ffc85157000 	C:\WINDOWS\System32\ole32.dll
0x00007ffc85660000 - 0x00007ffc85dc7000 	C:\WINDOWS\System32\SHELL32.dll
0x00007ffc84650000 - 0x00007ffc847ba000 	C:\WINDOWS\System32\wintypes.dll
0x00007ffc83630000 - 0x00007ffc83e98000 	C:\WINDOWS\System32\windows.storage.dll
0x00007ffc86c10000 - 0x00007ffc86d08000 	C:\WINDOWS\System32\SHCORE.dll
0x00007ffc86ba0000 - 0x00007ffc86c06000 	C:\WINDOWS\System32\shlwapi.dll
0x00007ffc83550000 - 0x00007ffc83579000 	C:\WINDOWS\SYSTEM32\profapi.dll

JVMTI agents: none

dbghelp: loaded successfully - version: 4.0.5 - missing functions: none
symbol engine: initialized successfully - sym options: 0x614 - pdb path: .;C:\Program Files\Java\jdk-25.0.2\bin;C:\WINDOWS\SYSTEM32;C:\WINDOWS\WinSxS\amd64_microsoft.windows.common-controls_6595b64144ccf1df_6.0.26100.8115_none_3e075c82e3354f9c;C:\Program Files\Java\jdk-25.0.2\bin\server

VM Arguments:
jvm_args: --enable-native-access=ALL-UNNAMED 
java_command: <unknown>
java_class_path (initial): <not set>
Launcher Type: SUN_STANDARD

[Global flags]
     intx CICompilerCount                          = 12                                        {product} {ergonomic}
     uint ConcGCThreads                            = 4                                         {product} {ergonomic}
     uint G1ConcRefinementThreads                  = 15                                        {product} {ergonomic}
   size_t G1HeapRegionSize                         = 2097152                                   {product} {ergonomic}
   size_t InitialHeapSize                          = 264241152                                 {product} {ergonomic}
   size_t MarkStackSize                            = 4194304                                   {product} {ergonomic}
   size_t MarkStackSizeMax                         = 536870912                                 {product} {ergonomic}
   size_t MaxHeapSize                              = 4198498304                                {product} {ergonomic}
   size_t MaxNewSize                               = 2518679552                                {product} {ergonomic}
   size_t MinHeapDeltaBytes                        = 2097152                                   {product} {ergonomic}
   size_t MinHeapSize                              = 8388608                                   {product} {ergonomic}
    uintx NonNMethodCodeHeapSize                   = 7602176                                {pd product} {ergonomic}
    uintx NonProfiledCodeHeapSize                  = 122093568                              {pd product} {ergonomic}
    uintx ProfiledCodeHeapSize                     = 121962496                              {pd product} {ergonomic}
    uintx ReservedCodeCacheSize                    = 251658240                              {pd product} {ergonomic}
     bool SegmentedCodeCache                       = true                                      {product} {ergonomic}
   size_t SoftMaxHeapSize                          = 4198498304                             {manageable} {ergonomic}
     bool UseCompressedOops                        = true                           {product lp64_product} {ergonomic}
     bool UseG1GC                                  = true                                      {product} {ergonomic}
     bool UseLargePagesIndividualAllocation        = false                                  {pd product} {ergonomic}

Logging:
Log output configuration:
 #0: stdout all=warning uptime,level,tags foldmultilines=false
 #1: stderr all=off uptime,level,tags foldmultilines=false

Release file:
<release file has not been read>
Environment Variables:
PATH=C:\Program Files\Common Files\Oracle\Java\javapath;C:\Program Files\Eclipse Adoptium\jdk-25.0.2.10-hotspot\bin;C:\Program Files (x86)\VMware\VMware Workstation\bin\;C:\WINDOWS\system32;C:\WINDOWS;C:\WINDOWS\System32\Wbem;C:\WINDOWS\System32\WindowsPowerShell\v1.0\;C:\WINDOWS\System32\OpenSSH\;C:\Program Files\Git\cmd;C:\Program Files\TortoiseGit\bin;C:\Users\fersd\AppData\Local\nvm;C:\Program Files\nodejs;C:\Program Files\PuTTY\;C:\Program Files\Docker\Docker\resources\bin;C:\Users\fersd\AppData\Local\Python\pythoncore-3.14-64\Scripts;;C:\Users\fersd\AppData\Local\nvm;C:\Program Files\nodejs;C:\Program Files\PowerShell\7\;C:\Program Files\PostgreSQL\18\bin;E:\DevOps\Antigravity\bin;C:\Users\fersd\AppData\Local\Programs\Microsoft VS Code\bin;C:\Users\fersd\apache-maven-3.9.14\bin;E:\DevOps\fullstack\flutter\bin;C:\kubectl;C:\Program Files\nodejs\;C:\Users\fersd\AppData\Local\Programs\Python\Launcher\;C:\Program Files\PostgreSQL\18\bin;C:\Users\fersd\AppData\Local\Programs\Microsoft VS Code\bin;C:\Users\fersd\apache-maven-3.9.14\bin;E:\DevOps\fullstack\flutter\bin;C:\kubectl;C:\Users\fersd\AppData\Local\Python\bin;C:\Users\fersd\AppData\Roaming\npm
USERNAME=fersd
OS=Windows_NT
PROCESSOR_IDENTIFIER=Intel64 Family 6 Model 186 Stepping 2, GenuineIntel
TMP=C:\Users\fersd\AppData\Local\Temp
TEMP=C:\Users\fersd\AppData\Local\Temp




Compilation memory statistics disabled.

Periodic native trim disabled

---------------  S Y S T E M  ---------------

OS:
 Windows 11 , 64 bit Build 26100 (10.0.26100.8246)
OS uptime: 0 days 15:27 hours
Hyper-V role detected

CPU: total 20 (initial active 20) (10 cores per cpu, 2 threads per core) family 6 model 186 stepping 2 microcode 0x410e, cx8, cmov, fxsr, ht, mmx, 3dnowpref, sse, sse2, sse3, ssse3, sse4.1, sse4.2, popcnt, lzcnt, tsc, tscinvbit, avx, avx2, aes, erms, clmul, bmi1, bmi2, adx, sha, fma, vzeroupper, clflush, clflushopt, clwb, hv, serialize, rdtscp, rdpid, fsrm, gfni, f16c, cet_ibt, cet_ss
Processor Information for processor 0
  Max Mhz: 2600, Current Mhz: 1496, Mhz Limit: 2600
Processor Information for processor 1
  Max Mhz: 2600, Current Mhz: 1496, Mhz Limit: 2600
Processor Information for processor 2
  Max Mhz: 2600, Current Mhz: 1496, Mhz Limit: 2600
Processor Information for processor 3
  Max Mhz: 2600, Current Mhz: 1496, Mhz Limit: 2600
Processor Information for processor 4
  Max Mhz: 2600, Current Mhz: 1496, Mhz Limit: 2600
Processor Information for processor 5
  Max Mhz: 2600, Current Mhz: 1496, Mhz Limit: 2600
Processor Information for processor 6
  Max Mhz: 2600, Current Mhz: 1496, Mhz Limit: 2600
Processor Information for processor 7
  Max Mhz: 2600, Current Mhz: 1496, Mhz Limit: 2600
Processor Information for processor 8
  Max Mhz: 2600, Current Mhz: 1496, Mhz Limit: 2600
Processor Information for processor 9
  Max Mhz: 2600, Current Mhz: 1496, Mhz Limit: 2600
Processor Information for processor 10
  Max Mhz: 2600, Current Mhz: 1496, Mhz Limit: 2600
Processor Information for processor 11
  Max Mhz: 2600, Current Mhz: 1496, Mhz Limit: 2600
Processor Information for processor 12
  Max Mhz: 2600, Current Mhz: 1505, Mhz Limit: 2600
Processor Information for processor 13
  Max Mhz: 2600, Current Mhz: 1505, Mhz Limit: 2600
Processor Information for processor 14
  Max Mhz: 2600, Current Mhz: 1505, Mhz Limit: 2600
Processor Information for processor 15
  Max Mhz: 2600, Current Mhz: 1505, Mhz Limit: 2600
Processor Information for processor 16
  Max Mhz: 2600, Current Mhz: 1505, Mhz Limit: 2600
Processor Information for processor 17
  Max Mhz: 2600, Current Mhz: 1505, Mhz Limit: 2600
Processor Information for processor 18
  Max Mhz: 2600, Current Mhz: 1505, Mhz Limit: 2600
Processor Information for processor 19
  Max Mhz: 2600, Current Mhz: 1505, Mhz Limit: 2600

Memory: 4k page, system-wide physical 16008M (1656M free)
TotalPageFile size 36150M (AvailPageFile size 6M)
current process WorkingSet (physical memory assigned to process): 31M, peak: 31M
current process commit charge ("private bytes"): 341M, peak: 347M

vm_info: Java HotSpot(TM) 64-Bit Server VM (25.0.2+10-LTS-69) for windows-amd64 JRE (25.0.2+10-LTS-69), built on 2025-12-18T11:36:35Z with MS VC++ 17.13 (VS2022)

END.
