#
# There is insufficient memory for the Java Runtime Environment to continue.
# Native memory allocation (mmap) failed to map 264241152 bytes. Error detail: G1 virtual space
# Possible reasons:
#   The system is out of physical RAM or swap space
#   This process is running with CompressedOops enabled, and the Java Heap may be blocking the growth of the native heap
# Possible solutions:
#   Reduce memory load on the system
#   Increase physical memory or swap space
#   Check if swap backing store is full
#   Decrease Java heap size (-Xmx/-Xms)
#   Decrease number of Java threads
#   Decrease Java thread stack sizes (-Xss)
#   Set larger code cache with -XX:ReservedCodeCacheSize=
#   JVM is running with Zero Based Compressed Oops mode in which the Java heap is
#     placed in the first 32GB address space. The Java Heap base address is the
#     maximum limit for the native heap growth. Please use -XX:HeapBaseMinAddress
#     to set the Java Heap base and to place the Java Heap above 32GB virtual address.
# This output file may be truncated or incomplete.
#
#  Out of Memory Error (os_windows.cpp:3554), pid=17900, tid=7212
#
# JRE version:  (25.0.2+10) (build )
# Java VM: Java HotSpot(TM) 64-Bit Server VM (25.0.2+10-LTS-69, mixed mode, sharing, tiered, compressed oops, compressed class ptrs, g1 gc, windows-amd64)
# No core dump will be written. Minidumps are not enabled by default on client versions of Windows
#

---------------  S U M M A R Y ------------

Command Line: -Dclassworlds.conf=C:\Users\fersd\apache-maven-3.9.14\bin\m2.conf -Dmaven.home=C:\Users\fersd\apache-maven-3.9.14 -Dlibrary.jansi.path=C:\Users\fersd\apache-maven-3.9.14\lib\jansi-native -Dmaven.multiModuleProjectDirectory=C:\Users\fersd\projet-etudiants\api-gateway org.codehaus.plexus.classworlds.launcher.Launcher spring-boot:run

Host: 13th Gen Intel(R) Core(TM) i9-13900H, 20 cores, 15G,  Windows 11 , 64 bit Build 26100 (10.0.26100.8246)
Time: Tue May  5 00:54:19 2026 Afr. centrale Ouest elapsed time: 0.034831 seconds (0d 0h 0m 0s)

---------------  T H R E A D  ---------------

Current thread (0x00000201a4735fc0):  JavaThread "Unknown thread" [_thread_in_vm, id=7212, stack(0x0000009206800000,0x0000009206900000) (1024K)]

Stack: [0x0000009206800000,0x0000009206900000]
Native frames: (J=compiled Java code, j=interpreted, Vv=VM code, C=native code)
V  [jvm.dll+0x7a70f9]  (no source info available)
V  [jvm.dll+0x772d6d]  (no source info available)
V  [jvm.dll+0x965d53]  (no source info available)
V  [jvm.dll+0x968351]  (no source info available)
V  [jvm.dll+0x968a63]  (no source info available)
V  [jvm.dll+0x2fc846]  (no source info available)
V  [jvm.dll+0x7a3325]  (no source info available)
V  [jvm.dll+0x796737]  (no source info available)
V  [jvm.dll+0x3f4988]  (no source info available)
V  [jvm.dll+0x3fc8d6]  (no source info available)
V  [jvm.dll+0x3e8f7e]  (no source info available)
V  [jvm.dll+0x3e9238]  (no source info available)
V  [jvm.dll+0x3c0145]  (no source info available)
V  [jvm.dll+0x3c0dce]  (no source info available)
V  [jvm.dll+0x92cdf7]  (no source info available)
V  [jvm.dll+0x458f02]  (no source info available)
V  [jvm.dll+0x9107a2]  (no source info available)
V  [jvm.dll+0x4f9331]  (no source info available)
V  [jvm.dll+0x4fabc1]  (no source info available)
C  [jli.dll+0x543e]  (no source info available)
C  [ucrtbase.dll+0x37b0]  (no source info available)
C  [KERNEL32.DLL+0x2e8d7]  (no source info available)
C  [ntdll.dll+0x8c3fc]  (no source info available)

Lock stack of current Java thread (top to bottom):


---------------  P R O C E S S  ---------------

Threads class SMR info:
_java_thread_list=0x00007ffbcc235388, length=0, elements={
}

Java Threads: ( => current thread )
Total: 0

Other Threads:
  0x00000201a6bc9240 WorkerThread "GC Thread#0"                     [id=13404, stack(0x0000009206900000,0x0000009206a00000) (1024K)]
  0x00000201a6be2880 ConcurrentGCThread "G1 Main Marker"            [id=15380, stack(0x0000009206a00000,0x0000009206b00000) (1024K)]
  0x00000201a6be3220 WorkerThread "G1 Conc#0"                       [id=21136, stack(0x0000009206b00000,0x0000009206c00000) (1024K)]

[error occurred during error reporting (printing all threads), id 0xc0000005, EXCEPTION_ACCESS_VIOLATION (0xc0000005) at pc=0x00007ffbcb914f1a]
VM state: not at safepoint (not fully initialized)

VM Mutex/Monitor currently owned by a thread:  ([mutex/lock_event])
[0x00007ffbcc2b9768] Heap_lock - owner thread: 0x00000201a4735fc0

Heap address: 0x0000000705c00000, size: 4004 MB, Compressed Oops mode: Zero based, Oop shift amount: 3

CDS archive(s) mapped at: [0x0000000000000000-0x0000000000000000-0x0000000000000000), size 0, SharedBaseAddress: 0x0000000800000000, ArchiveRelocationMode: 1.
UseCompressedClassPointers 1, UseCompactObjectHeaders 0
Narrow klass pointer bits 32, Max shift 3
Narrow klass base: 0xffffffffffffffff, Narrow klass shift: -1
Encoding Range: [0xffffffffffffffff - 0x000000007fffffff), (2147483648 bytes)
Klass Range:    [0x0000000000000000 - 0x0000000000000000), (0 bytes)
Klass ID Range:  [4294967295 - 0) (1)
No protection zone.

GC Precious Log:
 CardTable entry size: 512
 Card Set container configuration: InlinePtr #cards 4 size 8 Array Of Cards #cards 16 size 48 Howl #buckets 8 coarsen threshold 3686 Howl Bitmap #cards 512 size 80 coarsen threshold 460 Card regions per heap region 1 cards per card region 4096

Heap:
 garbage-first heap   total reserved 4100096K, committed 0K, used 0K [0x0000000705c00000, 0x0000000800000000)
  region size 2048K, 0 young (0K), 0 survivors (0K)

Heap Regions: E=young(eden), S=young(survivor), O=old, HS=humongous(starts), HC=humongous(continues), CS=collection set, F=free, TAMS=top-at-mark-start, PB=parsable bottom

Card table byte_map: [0x00000201bf690000,0x00000201bfe70000] _byte_map_base: 0x00000201bbe62000

Marking Bits: (CMBitMap*) 0x00000201a6bca7e0
 Bits: [0x00000201bfe70000, 0x00000201c3d00000)

GC Heap Usage History (0 events):
No events

Metaspace Usage History (0 events):
No events

Dll operation events (1 events):
Event: 0.024 Loaded shared library C:\Program Files\Java\jdk-25.0.2\bin\java.dll

Deoptimization events (0 events):
No events

Classes loaded (0 events):
No events

Classes unloaded (0 events):
No events

Classes redefined (0 events):
No events

Internal exceptions (0 events):
No events

VM Operations (0 events):
No events

Memory protections (0 events):
No events

Nmethod flushes (0 events):
No events

Events (0 events):
No events


Dynamic libraries:
0x00007ff729b10000 - 0x00007ff729b20000 	C:\Program Files\Java\jdk-25.0.2\bin\java.exe
0x00007ffc86d60000 - 0x00007ffc86fc7000 	C:\WINDOWS\SYSTEM32\ntdll.dll
0x00007ffc84bb0000 - 0x00007ffc84c79000 	C:\WINDOWS\System32\KERNEL32.DLL
0x00007ffc83f80000 - 0x00007ffc84374000 	C:\WINDOWS\System32\KERNELBASE.dll
0x00007ffc84500000 - 0x00007ffc8464b000 	C:\WINDOWS\System32\ucrtbase.dll
0x00007ffc67ec0000 - 0x00007ffc67ed7000 	C:\Program Files\Java\jdk-25.0.2\bin\jli.dll
0x00007ffc85e00000 - 0x00007ffc85fc5000 	C:\WINDOWS\System32\USER32.dll
0x00007ffc83ea0000 - 0x00007ffc83ec7000 	C:\WINDOWS\System32\win32u.dll
0x00007ffc85dd0000 - 0x00007ffc85dfb000 	C:\WINDOWS\System32\GDI32.dll
0x00007ffc84910000 - 0x00007ffc84a3b000 	C:\WINDOWS\System32\gdi32full.dll
0x00007ffc83ed0000 - 0x00007ffc83f73000 	C:\WINDOWS\System32\msvcp_win.dll
0x00007ffc67f00000 - 0x00007ffc67f1e000 	C:\Program Files\Java\jdk-25.0.2\bin\VCRUNTIME140.dll
0x00007ffc65e60000 - 0x00007ffc660f3000 	C:\WINDOWS\WinSxS\amd64_microsoft.windows.common-controls_6595b64144ccf1df_6.0.26100.8115_none_3e075c82e3354f9c\COMCTL32.dll
0x00007ffc868d0000 - 0x00007ffc86979000 	C:\WINDOWS\System32\msvcrt.dll
0x00007ffc86370000 - 0x00007ffc863a2000 	C:\WINDOWS\System32\IMM32.DLL
0x00007ffc71fd0000 - 0x00007ffc71fdc000 	C:\Program Files\Java\jdk-25.0.2\bin\vcruntime140_1.dll
0x00007ffc45930000 - 0x00007ffc459bd000 	C:\Program Files\Java\jdk-25.0.2\bin\msvcp140.dll
0x00007ffbcb540000 - 0x00007ffbcc39f000 	C:\Program Files\Java\jdk-25.0.2\bin\server\jvm.dll
0x00007ffc84af0000 - 0x00007ffc84ba6000 	C:\WINDOWS\System32\ADVAPI32.dll
0x00007ffc84d00000 - 0x00007ffc84da7000 	C:\WINDOWS\System32\sechost.dll
0x00007ffc86980000 - 0x00007ffc86a98000 	C:\WINDOWS\System32\RPCRT4.dll
0x00007ffc86af0000 - 0x00007ffc86b70000 	C:\WINDOWS\System32\WS2_32.dll
0x00007ffc793a0000 - 0x00007ffc793d6000 	C:\WINDOWS\SYSTEM32\WINMM.dll
0x00007ffc6fe10000 - 0x00007ffc6fe1b000 	C:\WINDOWS\SYSTEM32\VERSION.dll
0x00007ffc83490000 - 0x00007ffc834ee000 	C:\WINDOWS\SYSTEM32\POWRPROF.dll
0x00007ffc83470000 - 0x00007ffc83484000 	C:\WINDOWS\SYSTEM32\UMPDC.dll
0x00007ffc82380000 - 0x00007ffc8239b000 	C:\WINDOWS\SYSTEM32\kernel.appcore.dll
0x00007ffc71b00000 - 0x00007ffc71b0a000 	C:\Program Files\Java\jdk-25.0.2\bin\jimage.dll
0x00007ffc81070000 - 0x00007ffc812b2000 	C:\WINDOWS\SYSTEM32\DBGHELP.DLL
0x00007ffc852d0000 - 0x00007ffc85652000 	C:\WINDOWS\System32\combase.dll
0x00007ffc86290000 - 0x00007ffc86368000 	C:\WINDOWS\System32\OLEAUT32.dll
0x00007ffc66100000 - 0x00007ffc6613b000 	C:\WINDOWS\SYSTEM32\dbgcore.DLL
0x00007ffc84a40000 - 0x00007ffc84ae5000 	C:\WINDOWS\System32\bcryptPrimitives.dll
0x00007ffc67ea0000 - 0x00007ffc67ebf000 	C:\Program Files\Java\jdk-25.0.2\bin\java.dll
0x00007ffc84fc0000 - 0x00007ffc85157000 	C:\WINDOWS\System32\ole32.dll
0x00007ffc85660000 - 0x00007ffc85dc7000 	C:\WINDOWS\System32\SHELL32.dll
0x00007ffc84650000 - 0x00007ffc847ba000 	C:\WINDOWS\System32\wintypes.dll

JVMTI agents: none

dbghelp: loaded successfully - version: 4.0.5 - missing functions: none
symbol engine: initialized successfully - sym options: 0x614 - pdb path: .;C:\Program Files\Java\jdk-25.0.2\bin;C:\WINDOWS\SYSTEM32;C:\WINDOWS\WinSxS\amd64_microsoft.windows.common-controls_6595b64144ccf1df_6.0.26100.8115_none_3e075c82e3354f9c;C:\Program Files\Java\jdk-25.0.2\bin\server

VM Arguments:
jvm_args: -Dclassworlds.conf=C:\Users\fersd\apache-maven-3.9.14\bin\m2.conf -Dmaven.home=C:\Users\fersd\apache-maven-3.9.14 -Dlibrary.jansi.path=C:\Users\fersd\apache-maven-3.9.14\lib\jansi-native -Dmaven.multiModuleProjectDirectory=C:\Users\fersd\projet-etudiants\api-gateway 
java_command: org.codehaus.plexus.classworlds.launcher.Launcher spring-boot:run
java_class_path (initial): C:\Users\fersd\apache-maven-3.9.14\boot\plexus-classworlds-2.9.0.jar
Launcher Type: SUN_STANDARD

[Global flags]
     intx CICompilerCount                          = 12                                        {product} {ergonomic}
     uint ConcGCThreads                            = 4                                         {product} {ergonomic}
     uint G1ConcRefinementThreads                  = 15                                        {product} {ergonomic}
   size_t G1HeapRegionSize                         = 2097152                                   {product} {ergonomic}
   size_t InitialHeapSize                          = 264241152                                 {product} {ergonomic}
   size_t MarkStackSize                            = 4194304                                   {product} {ergonomic}
   size_t MarkStackSizeMax                         = 536870912                                 {product} {ergonomic}
   size_t MaxHeapSize                              = 4198498304                                {product} {ergonomic}
   size_t MinHeapDeltaBytes                        = 2097152                                   {product} {ergonomic}
   size_t MinHeapSize                              = 8388608                                   {product} {ergonomic}
    uintx NonNMethodCodeHeapSize                   = 7602176                                {pd product} {ergonomic}
    uintx NonProfiledCodeHeapSize                  = 122093568                              {pd product} {ergonomic}
    uintx ProfiledCodeHeapSize                     = 121962496                              {pd product} {ergonomic}
    uintx ReservedCodeCacheSize                    = 251658240                              {pd product} {ergonomic}
     bool SegmentedCodeCache                       = true                                      {product} {ergonomic}
   size_t SoftMaxHeapSize                          = 4198498304                             {manageable} {ergonomic}
     bool UseCompressedOops                        = true                           {product lp64_product} {ergonomic}
     bool UseG1GC                                  = true                                      {product} {ergonomic}
     bool UseLargePagesIndividualAllocation        = false                                  {pd product} {ergonomic}

Logging:
Log output configuration:
 #0: stdout all=warning uptime,level,tags foldmultilines=false
 #1: stderr all=off uptime,level,tags foldmultilines=false

Release file:
<release file has not been read>
Environment Variables:
PATH=C:\Program Files\Common Files\Oracle\Java\javapath;C:\Program Files\Eclipse Adoptium\jdk-25.0.2.10-hotspot\bin;C:\Program Files (x86)\VMware\VMware Workstation\bin\;C:\WINDOWS\system32;C:\WINDOWS;C:\WINDOWS\System32\Wbem;C:\WINDOWS\System32\WindowsPowerShell\v1.0\;C:\WINDOWS\System32\OpenSSH\;C:\Program Files\Git\cmd;C:\Program Files\TortoiseGit\bin;C:\Users\fersd\AppData\Local\nvm;C:\Program Files\nodejs;C:\Program Files\PuTTY\;C:\Program Files\Docker\Docker\resources\bin;C:\Users\fersd\AppData\Local\Python\pythoncore-3.14-64\Scripts;;C:\Users\fersd\AppData\Local\nvm;C:\Program Files\nodejs;C:\Program Files\PowerShell\7\;C:\Program Files\PostgreSQL\18\bin;E:\DevOps\Antigravity\bin;C:\Users\fersd\AppData\Local\Programs\Microsoft VS Code\bin;C:\Users\fersd\apache-maven-3.9.14\bin;E:\DevOps\fullstack\flutter\bin;C:\kubectl;C:\Program Files\nodejs\;C:\Users\fersd\AppData\Local\Programs\Python\Launcher\;C:\Program Files\PostgreSQL\18\bin;C:\Users\fersd\AppData\Local\Programs\Microsoft VS Code\bin;C:\Users\fersd\apache-maven-3.9.14\bin;E:\DevOps\fullstack\flutter\bin;C:\kubectl;C:\Users\fersd\AppData\Local\Python\bin;C:\Users\fersd\AppData\Roaming\npm
USERNAME=fersd
OS=Windows_NT
PROCESSOR_IDENTIFIER=Intel64 Family 6 Model 186 Stepping 2, GenuineIntel
TMP=C:\Users\fersd\AppData\Local\Temp
TEMP=C:\Users\fersd\AppData\Local\Temp




Compilation memory statistics disabled.

Periodic native trim disabled

---------------  S Y S T E M  ---------------

OS:
 Windows 11 , 64 bit Build 26100 (10.0.26100.8246)
OS uptime: 0 days 15:27 hours
Hyper-V role detected

CPU: total 20 (initial active 20) (10 cores per cpu, 2 threads per core) family 6 model 186 stepping 2 microcode 0x410e, cx8, cmov, fxsr, ht, mmx, 3dnowpref, sse, sse2, sse3, ssse3, sse4.1, sse4.2, popcnt, lzcnt, tsc, tscinvbit, avx, avx2, aes, erms, clmul, bmi1, bmi2, adx, sha, fma, vzeroupper, clflush, clflushopt, clwb, hv, serialize, rdtscp, rdpid, fsrm, gfni, f16c, cet_ibt, cet_ss
Processor Information for processor 0
  Max Mhz: 2600, Current Mhz: 1496, Mhz Limit: 2600
Processor Information for processor 1
  Max Mhz: 2600, Current Mhz: 1496, Mhz Limit: 2600
Processor Information for processor 2
  Max Mhz: 2600, Current Mhz: 1496, Mhz Limit: 2600
Processor Information for processor 3
  Max Mhz: 2600, Current Mhz: 1496, Mhz Limit: 2600
Processor Information for processor 4
  Max Mhz: 2600, Current Mhz: 1496, Mhz Limit: 2600
Processor Information for processor 5
  Max Mhz: 2600, Current Mhz: 1496, Mhz Limit: 2600
Processor Information for processor 6
  Max Mhz: 2600, Current Mhz: 1496, Mhz Limit: 2600
Processor Information for processor 7
  Max Mhz: 2600, Current Mhz: 1496, Mhz Limit: 2600
Processor Information for processor 8
  Max Mhz: 2600, Current Mhz: 1496, Mhz Limit: 2600
Processor Information for processor 9
  Max Mhz: 2600, Current Mhz: 1496, Mhz Limit: 2600
Processor Information for processor 10
  Max Mhz: 2600, Current Mhz: 1496, Mhz Limit: 2600
Processor Information for processor 11
  Max Mhz: 2600, Current Mhz: 1496, Mhz Limit: 2600
Processor Information for processor 12
  Max Mhz: 2600, Current Mhz: 1505, Mhz Limit: 2600
Processor Information for processor 13
  Max Mhz: 2600, Current Mhz: 1505, Mhz Limit: 2600
Processor Information for processor 14
  Max Mhz: 2600, Current Mhz: 1505, Mhz Limit: 2600
Processor Information for processor 15
  Max Mhz: 2600, Current Mhz: 1505, Mhz Limit: 2600
Processor Information for processor 16
  Max Mhz: 2600, Current Mhz: 1505, Mhz Limit: 2600
Processor Information for processor 17
  Max Mhz: 2600, Current Mhz: 1505, Mhz Limit: 2600
Processor Information for processor 18
  Max Mhz: 2600, Current Mhz: 1505, Mhz Limit: 2600
Processor Information for processor 19
  Max Mhz: 2600, Current Mhz: 1505, Mhz Limit: 2600

Memory: 4k page, system-wide physical 16008M (1624M free)
TotalPageFile size 36150M (AvailPageFile size 217M)
current process WorkingSet (physical memory assigned to process): 14M, peak: 14M
current process commit charge ("private bytes"): 75M, peak: 327M

vm_info: Java HotSpot(TM) 64-Bit Server VM (25.0.2+10-LTS-69) for windows-amd64 JRE (25.0.2+10-LTS-69), built on 2025-12-18T11:36:35Z with MS VC++ 17.13 (VS2022)

END.
