#
# There is insufficient memory for the Java Runtime Environment to continue.
# Native memory allocation (malloc) failed to allocate 32752 bytes. Error detail: Chunk::new
# Possible reasons:
#   The system is out of physical RAM or swap space
#   This process is running with CompressedOops enabled, and the Java Heap may be blocking the growth of the native heap
# Possible solutions:
#   Reduce memory load on the system
#   Increase physical memory or swap space
#   Check if swap backing store is full
#   Decrease Java heap size (-Xmx/-Xms)
#   Decrease number of Java threads
#   Decrease Java thread stack sizes (-Xss)
#   Set larger code cache with -XX:ReservedCodeCacheSize=
#   JVM is running with Zero Based Compressed Oops mode in which the Java heap is
#     placed in the first 32GB address space. The Java Heap base address is the
#     maximum limit for the native heap growth. Please use -XX:HeapBaseMinAddress
#     to set the Java Heap base and to place the Java Heap above 32GB virtual address.
# This output file may be truncated or incomplete.
#
#  Out of Memory Error (arena.cpp:186), pid=17268, tid=8784
#
# JRE version: Java(TM) SE Runtime Environment (25.0.2+10) (build 25.0.2+10-LTS-69)
# Java VM: Java HotSpot(TM) 64-Bit Server VM (25.0.2+10-LTS-69, mixed mode, sharing, tiered, compressed oops, compressed class ptrs, g1 gc, windows-amd64)
# No core dump will be written. Minidumps are not enabled by default on client versions of Windows
#

---------------  S U M M A R Y ------------

Command Line: --enable-native-access=ALL-UNNAMED -Dclassworlds.conf=C:\Users\fersd\apache-maven-3.9.14\bin\m2.conf -Dmaven.home=C:\Users\fersd\apache-maven-3.9.14 -Dlibrary.jansi.path=C:\Users\fersd\apache-maven-3.9.14\lib\jansi-native -Dmaven.multiModuleProjectDirectory=C:\Users\fersd\projet-etudiants\api-gateway org.codehaus.plexus.classworlds.launcher.Launcher spring-boot:run -Dspring-boot .run.jvmArguments=-Xms256m -Xmx512m

Host: 13th Gen Intel(R) Core(TM) i9-13900H, 20 cores, 15G,  Windows 11 , 64 bit Build 26100 (10.0.26100.8246)
Time: Tue May  5 00:55:26 2026 Afr. centrale Ouest elapsed time: 0.431304 seconds (0d 0h 0m 0s)

---------------  T H R E A D  ---------------

Current thread (0x00000178f4252470):  JavaThread "C1 CompilerThread0" daemon [_thread_in_native, id=8784, stack(0x0000000cbc400000,0x0000000cbc500000) (1024K)]


Current CompileTask:
C1:431  457       3       jdk.internal.classfile.impl.StackMapGenerator::processBlock (2767 bytes)

Stack: [0x0000000cbc400000,0x0000000cbc500000]
Native frames: (J=compiled Java code, j=interpreted, Vv=VM code, C=native code)
V  [jvm.dll+0x7a70f9]  (no source info available)
V  [jvm.dll+0x772d6d]  (no source info available)
V  [jvm.dll+0x965d53]  (no source info available)
V  [jvm.dll+0x968351]  (no source info available)
V  [jvm.dll+0x968a63]  (no source info available)
V  [jvm.dll+0x2fc846]  (no source info available)
V  [jvm.dll+0x111b16]  (no source info available)
V  [jvm.dll+0x111e3e]  (no source info available)
V  [jvm.dll+0x19dedd]  (no source info available)
V  [jvm.dll+0x1e76c3]  (no source info available)
V  [jvm.dll+0x1e79e6]  (no source info available)
V  [jvm.dll+0x1f780f]  (no source info available)
V  [jvm.dll+0x1f6549]  (no source info available)
V  [jvm.dll+0x1f2808]  (no source info available)
V  [jvm.dll+0x1eb4f1]  (no source info available)
V  [jvm.dll+0x1e813e]  (no source info available)
V  [jvm.dll+0x1d6280]  (no source info available)
V  [jvm.dll+0x1beb6f]  (no source info available)
V  [jvm.dll+0x1be3df]  (no source info available)
V  [jvm.dll+0x1be69e]  (no source info available)
V  [jvm.dll+0x1bd9e1]  (no source info available)
V  [jvm.dll+0x1bf85d]  (no source info available)
V  [jvm.dll+0x2cfc86]  (no source info available)
V  [jvm.dll+0x2cdf05]  (no source info available)
V  [jvm.dll+0x48e9d1]  (no source info available)
V  [jvm.dll+0x906fcd]  (no source info available)
V  [jvm.dll+0x7a56d5]  (no source info available)
C  [ucrtbase.dll+0x37b0]  (no source info available)
C  [KERNEL32.DLL+0x2e8d7]  (no source info available)
C  [ntdll.dll+0x8c3fc]  (no source info available)

Lock stack of current Java thread (top to bottom):


---------------  P R O C E S S  ---------------

Threads class SMR info:
_java_thread_list=0x00000178f4b401d0, length=12, elements={
0x00000178d21110b0, 0x00000178f4236cb0, 0x00000178f42375c0, 0x00000178f423a110,
0x00000178f423c180, 0x00000178f423d8b0, 0x00000178f4246ff0, 0x00000178f424ebb0,
0x00000178f4252470, 0x00000178f4af0480, 0x00000178f4b36db0, 0x00000178f4b3ef90
}

Java Threads: ( => current thread )
  0x00000178d21110b0 JavaThread "main"                              [_thread_in_Java, id=3816, stack(0x0000000cbb500000,0x0000000cbb600000) (1024K)]
  0x00000178f4236cb0 JavaThread "Reference Handler"          daemon [_thread_blocked, id=8024, stack(0x0000000cbbd00000,0x0000000cbbe00000) (1024K)]
  0x00000178f42375c0 JavaThread "Finalizer"                  daemon [_thread_blocked, id=6204, stack(0x0000000cbbe00000,0x0000000cbbf00000) (1024K)]
  0x00000178f423a110 JavaThread "Signal Dispatcher"          daemon [_thread_blocked, id=21696, stack(0x0000000cbbf00000,0x0000000cbc000000) (1024K)]
  0x00000178f423c180 JavaThread "Attach Listener"            daemon [_thread_blocked, id=19560, stack(0x0000000cbc000000,0x0000000cbc100000) (1024K)]
  0x00000178f423d8b0 JavaThread "Service Thread"             daemon [_thread_blocked, id=4124, stack(0x0000000cbc100000,0x0000000cbc200000) (1024K)]
  0x00000178f4246ff0 JavaThread "Monitor Deflation Thread"   daemon [_thread_blocked, id=30296, stack(0x0000000cbc200000,0x0000000cbc300000) (1024K)]
  0x00000178f424ebb0 JavaThread "C2 CompilerThread0"         daemon [_thread_blocked, id=20376, stack(0x0000000cbc300000,0x0000000cbc400000) (1024K)]
=>0x00000178f4252470 JavaThread "C1 CompilerThread0"         daemon [_thread_in_native, id=8784, stack(0x0000000cbc400000,0x0000000cbc500000) (1024K)]
  0x00000178f4af0480 JavaThread "C1 CompilerThread1"         daemon [_thread_in_vm, id=25804, stack(0x0000000cbc500000,0x0000000cbc600000) (1024K)]
  0x00000178f4b36db0 JavaThread "Notification Thread"        daemon [_thread_blocked, id=12768, stack(0x0000000cbc600000,0x0000000cbc700000) (1024K)]
  0x00000178f4b3ef90 JavaThread "Common-Cleaner"             daemon [_thread_blocked, id=17848, stack(0x0000000cbc700000,0x0000000cbc800000) (1024K)]
Total: 12

Other Threads:
  0x00000178f4220ba0 VMThread "VM Thread"                           [id=14284, stack(0x0000000cbbc00000,0x0000000cbbd00000) (1024K)]
  0x00000178f40f6580 WatcherThread "VM Periodic Task Thread"        [id=8344, stack(0x0000000cbbb00000,0x0000000cbbc00000) (1024K)]
  0x00000178d2797340 WorkerThread "GC Thread#0"                     [id=6240, stack(0x0000000cbb600000,0x0000000cbb700000) (1024K)]
  0x00000178d27b0d80 ConcurrentGCThread "G1 Main Marker"            [id=30136, stack(0x0000000cbb700000,0x0000000cbb800000) (1024K)]
  0x00000178d27b2610 WorkerThread "G1 Conc#0"                       [id=17052, stack(0x0000000cbb800000,0x0000000cbb900000) (1024K)]
  0x00000178f40e7530 ConcurrentGCThread "G1 Refine#0"               [id=30512, stack(0x0000000cbb900000,0x0000000cbba00000) (1024K)]
  0x00000178f40ea050 ConcurrentGCThread "G1 Service"                [id=15920, stack(0x0000000cbba00000,0x0000000cbbb00000) (1024K)]
Total: 7

Threads with active compile tasks:
C1 CompilerThread0  630  457       3       jdk.internal.classfile.impl.StackMapGenerator::processBlock (2767 bytes)
Total: 1

VM state: not at safepoint (normal execution)

VM Mutex/Monitor currently owned by a thread: None

Heap address: 0x0000000705c00000, size: 4004 MB, Compressed Oops mode: Zero based, Oop shift amount: 3

CDS archive(s) mapped at: [0x0000000034000000-0x0000000034dd0000-0x0000000034dd0000), size 14483456, SharedBaseAddress: 0x0000000034000000, ArchiveRelocationMode: 1.
Compressed class space mapped at: 0x0000000035000000-0x0000000075000000, reserved size: 1073741824
UseCompressedClassPointers 1, UseCompactObjectHeaders 0
Narrow klass pointer bits 32, Max shift 3
Narrow klass base: 0x0000000034000000, Narrow klass shift: 0
Encoding Range: [0x0000000034000000 - 0x0000000134000000), (4294967296 bytes)
Klass Range:    [0x0000000034010000 - 0x0000000075000000), (1090453504 bytes)
Klass ID Range:  [65536 - 1090519033) (1090453497)
Protection zone: [0x0000000034000000 - 0x0000000034010000), (65536 bytes)

GC Precious Log:
 CardTable entry size: 512
 Card Set container configuration: InlinePtr #cards 4 size 8 Array Of Cards #cards 16 size 48 Howl #buckets 8 coarsen threshold 3686 Howl Bitmap #cards 512 size 80 coarsen threshold 460 Card regions per heap region 1 cards per card region 4096
 CPUs: 20 total, 20 available
 Memory: 16008M
 Large Page Support: Disabled
 NUMA Support: Disabled
 Compressed Oops: Enabled (Zero based)
 Heap Region Size: 2M
 Heap Min Capacity: 8M
 Heap Initial Capacity: 252M
 Heap Max Capacity: 4004M
 Pre-touch: Disabled
 Parallel Workers: 15
 Concurrent Workers: 4
 Concurrent Refinement Workers: 15
 Periodic GC: Disabled

Heap:
 garbage-first heap   total reserved 4100096K, committed 260096K, used 9365K [0x0000000705c00000, 0x0000000800000000)
  region size 2048K, 5 young (10240K), 0 survivors (0K)

Heap Regions: E=young(eden), S=young(survivor), O=old, HS=humongous(starts), HC=humongous(continues), CS=collection set, F=free, TAMS=top-at-mark-start, PB=parsable bottom
|   0|0x0000000705c00000, 0x0000000705c00000, 0x0000000705e00000|  0%| F|  |TAMS 0x0000000705c00000| PB 0x0000000705c00000| Untracked |  0
|   1|0x0000000705e00000, 0x0000000705e00000, 0x0000000706000000|  0%| F|  |TAMS 0x0000000705e00000| PB 0x0000000705e00000| Untracked |  0
|   2|0x0000000706000000, 0x0000000706000000, 0x0000000706200000|  0%| F|  |TAMS 0x0000000706000000| PB 0x0000000706000000| Untracked |  0
|   3|0x0000000706200000, 0x0000000706200000, 0x0000000706400000|  0%| F|  |TAMS 0x0000000706200000| PB 0x0000000706200000| Untracked |  0
|   4|0x0000000706400000, 0x0000000706400000, 0x0000000706600000|  0%| F|  |TAMS 0x0000000706400000| PB 0x0000000706400000| Untracked |  0
|   5|0x0000000706600000, 0x0000000706600000, 0x0000000706800000|  0%| F|  |TAMS 0x0000000706600000| PB 0x0000000706600000| Untracked |  0
|   6|0x0000000706800000, 0x0000000706800000, 0x0000000706a00000|  0%| F|  |TAMS 0x0000000706800000| PB 0x0000000706800000| Untracked |  0
|   7|0x0000000706a00000, 0x0000000706a00000, 0x0000000706c00000|  0%| F|  |TAMS 0x0000000706a00000| PB 0x0000000706a00000| Untracked |  0
|   8|0x0000000706c00000, 0x0000000706c00000, 0x0000000706e00000|  0%| F|  |TAMS 0x0000000706c00000| PB 0x0000000706c00000| Untracked |  0
|   9|0x0000000706e00000, 0x0000000706e00000, 0x0000000707000000|  0%| F|  |TAMS 0x0000000706e00000| PB 0x0000000706e00000| Untracked |  0
|  10|0x0000000707000000, 0x0000000707000000, 0x0000000707200000|  0%| F|  |TAMS 0x0000000707000000| PB 0x0000000707000000| Untracked |  0
|  11|0x0000000707200000, 0x0000000707200000, 0x0000000707400000|  0%| F|  |TAMS 0x0000000707200000| PB 0x0000000707200000| Untracked |  0
|  12|0x0000000707400000, 0x0000000707400000, 0x0000000707600000|  0%| F|  |TAMS 0x0000000707400000| PB 0x0000000707400000| Untracked |  0
|  13|0x0000000707600000, 0x0000000707600000, 0x0000000707800000|  0%| F|  |TAMS 0x0000000707600000| PB 0x0000000707600000| Untracked |  0
|  14|0x0000000707800000, 0x0000000707800000, 0x0000000707a00000|  0%| F|  |TAMS 0x0000000707800000| PB 0x0000000707800000| Untracked |  0
|  15|0x0000000707a00000, 0x0000000707a00000, 0x0000000707c00000|  0%| F|  |TAMS 0x0000000707a00000| PB 0x0000000707a00000| Untracked |  0
|  16|0x0000000707c00000, 0x0000000707c00000, 0x0000000707e00000|  0%| F|  |TAMS 0x0000000707c00000| PB 0x0000000707c00000| Untracked |  0
|  17|0x0000000707e00000, 0x0000000707e00000, 0x0000000708000000|  0%| F|  |TAMS 0x0000000707e00000| PB 0x0000000707e00000| Untracked |  0
|  18|0x0000000708000000, 0x0000000708000000, 0x0000000708200000|  0%| F|  |TAMS 0x0000000708000000| PB 0x0000000708000000| Untracked |  0
|  19|0x0000000708200000, 0x0000000708200000, 0x0000000708400000|  0%| F|  |TAMS 0x0000000708200000| PB 0x0000000708200000| Untracked |  0
|  20|0x0000000708400000, 0x0000000708400000, 0x0000000708600000|  0%| F|  |TAMS 0x0000000708400000| PB 0x0000000708400000| Untracked |  0
|  21|0x0000000708600000, 0x0000000708600000, 0x0000000708800000|  0%| F|  |TAMS 0x0000000708600000| PB 0x0000000708600000| Untracked |  0
|  22|0x0000000708800000, 0x0000000708800000, 0x0000000708a00000|  0%| F|  |TAMS 0x0000000708800000| PB 0x0000000708800000| Untracked |  0
|  23|0x0000000708a00000, 0x0000000708a00000, 0x0000000708c00000|  0%| F|  |TAMS 0x0000000708a00000| PB 0x0000000708a00000| Untracked |  0
|  24|0x0000000708c00000, 0x0000000708c00000, 0x0000000708e00000|  0%| F|  |TAMS 0x0000000708c00000| PB 0x0000000708c00000| Untracked |  0
|  25|0x0000000708e00000, 0x0000000708e00000, 0x0000000709000000|  0%| F|  |TAMS 0x0000000708e00000| PB 0x0000000708e00000| Untracked |  0
|  26|0x0000000709000000, 0x0000000709000000, 0x0000000709200000|  0%| F|  |TAMS 0x0000000709000000| PB 0x0000000709000000| Untracked |  0
|  27|0x0000000709200000, 0x0000000709200000, 0x0000000709400000|  0%| F|  |TAMS 0x0000000709200000| PB 0x0000000709200000| Untracked |  0
|  28|0x0000000709400000, 0x0000000709400000, 0x0000000709600000|  0%| F|  |TAMS 0x0000000709400000| PB 0x0000000709400000| Untracked |  0
|  29|0x0000000709600000, 0x0000000709600000, 0x0000000709800000|  0%| F|  |TAMS 0x0000000709600000| PB 0x0000000709600000| Untracked |  0
|  30|0x0000000709800000, 0x0000000709800000, 0x0000000709a00000|  0%| F|  |TAMS 0x0000000709800000| PB 0x0000000709800000| Untracked |  0
|  31|0x0000000709a00000, 0x0000000709a00000, 0x0000000709c00000|  0%| F|  |TAMS 0x0000000709a00000| PB 0x0000000709a00000| Untracked |  0
|  32|0x0000000709c00000, 0x0000000709c00000, 0x0000000709e00000|  0%| F|  |TAMS 0x0000000709c00000| PB 0x0000000709c00000| Untracked |  0
|  33|0x0000000709e00000, 0x0000000709e00000, 0x000000070a000000|  0%| F|  |TAMS 0x0000000709e00000| PB 0x0000000709e00000| Untracked |  0
|  34|0x000000070a000000, 0x000000070a000000, 0x000000070a200000|  0%| F|  |TAMS 0x000000070a000000| PB 0x000000070a000000| Untracked |  0
|  35|0x000000070a200000, 0x000000070a200000, 0x000000070a400000|  0%| F|  |TAMS 0x000000070a200000| PB 0x000000070a200000| Untracked |  0
|  36|0x000000070a400000, 0x000000070a400000, 0x000000070a600000|  0%| F|  |TAMS 0x000000070a400000| PB 0x000000070a400000| Untracked |  0
|  37|0x000000070a600000, 0x000000070a600000, 0x000000070a800000|  0%| F|  |TAMS 0x000000070a600000| PB 0x000000070a600000| Untracked |  0
|  38|0x000000070a800000, 0x000000070a800000, 0x000000070aa00000|  0%| F|  |TAMS 0x000000070a800000| PB 0x000000070a800000| Untracked |  0
|  39|0x000000070aa00000, 0x000000070aa00000, 0x000000070ac00000|  0%| F|  |TAMS 0x000000070aa00000| PB 0x000000070aa00000| Untracked |  0
|  40|0x000000070ac00000, 0x000000070ac00000, 0x000000070ae00000|  0%| F|  |TAMS 0x000000070ac00000| PB 0x000000070ac00000| Untracked |  0
|  41|0x000000070ae00000, 0x000000070ae00000, 0x000000070b000000|  0%| F|  |TAMS 0x000000070ae00000| PB 0x000000070ae00000| Untracked |  0
|  42|0x000000070b000000, 0x000000070b000000, 0x000000070b200000|  0%| F|  |TAMS 0x000000070b000000| PB 0x000000070b000000| Untracked |  0
|  43|0x000000070b200000, 0x000000070b200000, 0x000000070b400000|  0%| F|  |TAMS 0x000000070b200000| PB 0x000000070b200000| Untracked |  0
|  44|0x000000070b400000, 0x000000070b400000, 0x000000070b600000|  0%| F|  |TAMS 0x000000070b400000| PB 0x000000070b400000| Untracked |  0
|  45|0x000000070b600000, 0x000000070b600000, 0x000000070b800000|  0%| F|  |TAMS 0x000000070b600000| PB 0x000000070b600000| Untracked |  0
|  46|0x000000070b800000, 0x000000070b800000, 0x000000070ba00000|  0%| F|  |TAMS 0x000000070b800000| PB 0x000000070b800000| Untracked |  0
|  47|0x000000070ba00000, 0x000000070ba00000, 0x000000070bc00000|  0%| F|  |TAMS 0x000000070ba00000| PB 0x000000070ba00000| Untracked |  0
|  48|0x000000070bc00000, 0x000000070bc00000, 0x000000070be00000|  0%| F|  |TAMS 0x000000070bc00000| PB 0x000000070bc00000| Untracked |  0
|  49|0x000000070be00000, 0x000000070be00000, 0x000000070c000000|  0%| F|  |TAMS 0x000000070be00000| PB 0x000000070be00000| Untracked |  0
|  50|0x000000070c000000, 0x000000070c000000, 0x000000070c200000|  0%| F|  |TAMS 0x000000070c000000| PB 0x000000070c000000| Untracked |  0
|  51|0x000000070c200000, 0x000000070c200000, 0x000000070c400000|  0%| F|  |TAMS 0x000000070c200000| PB 0x000000070c200000| Untracked |  0
|  52|0x000000070c400000, 0x000000070c400000, 0x000000070c600000|  0%| F|  |TAMS 0x000000070c400000| PB 0x000000070c400000| Untracked |  0
|  53|0x000000070c600000, 0x000000070c600000, 0x000000070c800000|  0%| F|  |TAMS 0x000000070c600000| PB 0x000000070c600000| Untracked |  0
|  54|0x000000070c800000, 0x000000070c800000, 0x000000070ca00000|  0%| F|  |TAMS 0x000000070c800000| PB 0x000000070c800000| Untracked |  0
|  55|0x000000070ca00000, 0x000000070ca00000, 0x000000070cc00000|  0%| F|  |TAMS 0x000000070ca00000| PB 0x000000070ca00000| Untracked |  0
|  56|0x000000070cc00000, 0x000000070cc00000, 0x000000070ce00000|  0%| F|  |TAMS 0x000000070cc00000| PB 0x000000070cc00000| Untracked |  0
|  57|0x000000070ce00000, 0x000000070ce00000, 0x000000070d000000|  0%| F|  |TAMS 0x000000070ce00000| PB 0x000000070ce00000| Untracked |  0
|  58|0x000000070d000000, 0x000000070d000000, 0x000000070d200000|  0%| F|  |TAMS 0x000000070d000000| PB 0x000000070d000000| Untracked |  0
|  59|0x000000070d200000, 0x000000070d200000, 0x000000070d400000|  0%| F|  |TAMS 0x000000070d200000| PB 0x000000070d200000| Untracked |  0
|  60|0x000000070d400000, 0x000000070d400000, 0x000000070d600000|  0%| F|  |TAMS 0x000000070d400000| PB 0x000000070d400000| Untracked |  0
|  61|0x000000070d600000, 0x000000070d600000, 0x000000070d800000|  0%| F|  |TAMS 0x000000070d600000| PB 0x000000070d600000| Untracked |  0
|  62|0x000000070d800000, 0x000000070d800000, 0x000000070da00000|  0%| F|  |TAMS 0x000000070d800000| PB 0x000000070d800000| Untracked |  0
|  63|0x000000070da00000, 0x000000070da00000, 0x000000070dc00000|  0%| F|  |TAMS 0x000000070da00000| PB 0x000000070da00000| Untracked |  0
|  64|0x000000070dc00000, 0x000000070dc00000, 0x000000070de00000|  0%| F|  |TAMS 0x000000070dc00000| PB 0x000000070dc00000| Untracked |  0
|  65|0x000000070de00000, 0x000000070de00000, 0x000000070e000000|  0%| F|  |TAMS 0x000000070de00000| PB 0x000000070de00000| Untracked |  0
|  66|0x000000070e000000, 0x000000070e000000, 0x000000070e200000|  0%| F|  |TAMS 0x000000070e000000| PB 0x000000070e000000| Untracked |  0
|  67|0x000000070e200000, 0x000000070e200000, 0x000000070e400000|  0%| F|  |TAMS 0x000000070e200000| PB 0x000000070e200000| Untracked |  0
|  68|0x000000070e400000, 0x000000070e400000, 0x000000070e600000|  0%| F|  |TAMS 0x000000070e400000| PB 0x000000070e400000| Untracked |  0
|  69|0x000000070e600000, 0x000000070e600000, 0x000000070e800000|  0%| F|  |TAMS 0x000000070e600000| PB 0x000000070e600000| Untracked |  0
|  70|0x000000070e800000, 0x000000070e800000, 0x000000070ea00000|  0%| F|  |TAMS 0x000000070e800000| PB 0x000000070e800000| Untracked |  0
|  71|0x000000070ea00000, 0x000000070ea00000, 0x000000070ec00000|  0%| F|  |TAMS 0x000000070ea00000| PB 0x000000070ea00000| Untracked |  0
|  72|0x000000070ec00000, 0x000000070ec00000, 0x000000070ee00000|  0%| F|  |TAMS 0x000000070ec00000| PB 0x000000070ec00000| Untracked |  0
|  73|0x000000070ee00000, 0x000000070ee00000, 0x000000070f000000|  0%| F|  |TAMS 0x000000070ee00000| PB 0x000000070ee00000| Untracked |  0
|  74|0x000000070f000000, 0x000000070f000000, 0x000000070f200000|  0%| F|  |TAMS 0x000000070f000000| PB 0x000000070f000000| Untracked |  0
|  75|0x000000070f200000, 0x000000070f200000, 0x000000070f400000|  0%| F|  |TAMS 0x000000070f200000| PB 0x000000070f200000| Untracked |  0
|  76|0x000000070f400000, 0x000000070f400000, 0x000000070f600000|  0%| F|  |TAMS 0x000000070f400000| PB 0x000000070f400000| Untracked |  0
|  77|0x000000070f600000, 0x000000070f600000, 0x000000070f800000|  0%| F|  |TAMS 0x000000070f600000| PB 0x000000070f600000| Untracked |  0
|  78|0x000000070f800000, 0x000000070f800000, 0x000000070fa00000|  0%| F|  |TAMS 0x000000070f800000| PB 0x000000070f800000| Untracked |  0
|  79|0x000000070fa00000, 0x000000070fa00000, 0x000000070fc00000|  0%| F|  |TAMS 0x000000070fa00000| PB 0x000000070fa00000| Untracked |  0
|  80|0x000000070fc00000, 0x000000070fc00000, 0x000000070fe00000|  0%| F|  |TAMS 0x000000070fc00000| PB 0x000000070fc00000| Untracked |  0
|  81|0x000000070fe00000, 0x000000070fe00000, 0x0000000710000000|  0%| F|  |TAMS 0x000000070fe00000| PB 0x000000070fe00000| Untracked |  0
|  82|0x0000000710000000, 0x0000000710000000, 0x0000000710200000|  0%| F|  |TAMS 0x0000000710000000| PB 0x0000000710000000| Untracked |  0
|  83|0x0000000710200000, 0x0000000710200000, 0x0000000710400000|  0%| F|  |TAMS 0x0000000710200000| PB 0x0000000710200000| Untracked |  0
|  84|0x0000000710400000, 0x0000000710400000, 0x0000000710600000|  0%| F|  |TAMS 0x0000000710400000| PB 0x0000000710400000| Untracked |  0
|  85|0x0000000710600000, 0x0000000710600000, 0x0000000710800000|  0%| F|  |TAMS 0x0000000710600000| PB 0x0000000710600000| Untracked |  0
|  86|0x0000000710800000, 0x0000000710800000, 0x0000000710a00000|  0%| F|  |TAMS 0x0000000710800000| PB 0x0000000710800000| Untracked |  0
|  87|0x0000000710a00000, 0x0000000710a00000, 0x0000000710c00000|  0%| F|  |TAMS 0x0000000710a00000| PB 0x0000000710a00000| Untracked |  0
|  88|0x0000000710c00000, 0x0000000710c00000, 0x0000000710e00000|  0%| F|  |TAMS 0x0000000710c00000| PB 0x0000000710c00000| Untracked |  0
|  89|0x0000000710e00000, 0x0000000710e00000, 0x0000000711000000|  0%| F|  |TAMS 0x0000000710e00000| PB 0x0000000710e00000| Untracked |  0
|  90|0x0000000711000000, 0x0000000711000000, 0x0000000711200000|  0%| F|  |TAMS 0x0000000711000000| PB 0x0000000711000000| Untracked |  0
|  91|0x0000000711200000, 0x0000000711200000, 0x0000000711400000|  0%| F|  |TAMS 0x0000000711200000| PB 0x0000000711200000| Untracked |  0
|  92|0x0000000711400000, 0x0000000711400000, 0x0000000711600000|  0%| F|  |TAMS 0x0000000711400000| PB 0x0000000711400000| Untracked |  0
|  93|0x0000000711600000, 0x0000000711600000, 0x0000000711800000|  0%| F|  |TAMS 0x0000000711600000| PB 0x0000000711600000| Untracked |  0
|  94|0x0000000711800000, 0x0000000711800000, 0x0000000711a00000|  0%| F|  |TAMS 0x0000000711800000| PB 0x0000000711800000| Untracked |  0
|  95|0x0000000711a00000, 0x0000000711a00000, 0x0000000711c00000|  0%| F|  |TAMS 0x0000000711a00000| PB 0x0000000711a00000| Untracked |  0
|  96|0x0000000711c00000, 0x0000000711c00000, 0x0000000711e00000|  0%| F|  |TAMS 0x0000000711c00000| PB 0x0000000711c00000| Untracked |  0
|  97|0x0000000711e00000, 0x0000000711e00000, 0x0000000712000000|  0%| F|  |TAMS 0x0000000711e00000| PB 0x0000000711e00000| Untracked |  0
|  98|0x0000000712000000, 0x0000000712000000, 0x0000000712200000|  0%| F|  |TAMS 0x0000000712000000| PB 0x0000000712000000| Untracked |  0
|  99|0x0000000712200000, 0x0000000712200000, 0x0000000712400000|  0%| F|  |TAMS 0x0000000712200000| PB 0x0000000712200000| Untracked |  0
| 100|0x0000000712400000, 0x0000000712400000, 0x0000000712600000|  0%| F|  |TAMS 0x0000000712400000| PB 0x0000000712400000| Untracked |  0
| 101|0x0000000712600000, 0x0000000712600000, 0x0000000712800000|  0%| F|  |TAMS 0x0000000712600000| PB 0x0000000712600000| Untracked |  0
| 102|0x0000000712800000, 0x0000000712800000, 0x0000000712a00000|  0%| F|  |TAMS 0x0000000712800000| PB 0x0000000712800000| Untracked |  0
| 103|0x0000000712a00000, 0x0000000712a00000, 0x0000000712c00000|  0%| F|  |TAMS 0x0000000712a00000| PB 0x0000000712a00000| Untracked |  0
| 104|0x0000000712c00000, 0x0000000712c00000, 0x0000000712e00000|  0%| F|  |TAMS 0x0000000712c00000| PB 0x0000000712c00000| Untracked |  0
| 105|0x0000000712e00000, 0x0000000712e00000, 0x0000000713000000|  0%| F|  |TAMS 0x0000000712e00000| PB 0x0000000712e00000| Untracked |  0
| 106|0x0000000713000000, 0x0000000713000000, 0x0000000713200000|  0%| F|  |TAMS 0x0000000713000000| PB 0x0000000713000000| Untracked |  0
| 107|0x0000000713200000, 0x0000000713200000, 0x0000000713400000|  0%| F|  |TAMS 0x0000000713200000| PB 0x0000000713200000| Untracked |  0
| 108|0x0000000713400000, 0x0000000713400000, 0x0000000713600000|  0%| F|  |TAMS 0x0000000713400000| PB 0x0000000713400000| Untracked |  0
| 109|0x0000000713600000, 0x0000000713600000, 0x0000000713800000|  0%| F|  |TAMS 0x0000000713600000| PB 0x0000000713600000| Untracked |  0
| 110|0x0000000713800000, 0x0000000713800000, 0x0000000713a00000|  0%| F|  |TAMS 0x0000000713800000| PB 0x0000000713800000| Untracked |  0
| 111|0x0000000713a00000, 0x0000000713a00000, 0x0000000713c00000|  0%| F|  |TAMS 0x0000000713a00000| PB 0x0000000713a00000| Untracked |  0
| 112|0x0000000713c00000, 0x0000000713c00000, 0x0000000713e00000|  0%| F|  |TAMS 0x0000000713c00000| PB 0x0000000713c00000| Untracked |  0
| 113|0x0000000713e00000, 0x0000000713e00000, 0x0000000714000000|  0%| F|  |TAMS 0x0000000713e00000| PB 0x0000000713e00000| Untracked |  0
| 114|0x0000000714000000, 0x0000000714000000, 0x0000000714200000|  0%| F|  |TAMS 0x0000000714000000| PB 0x0000000714000000| Untracked |  0
| 115|0x0000000714200000, 0x0000000714200000, 0x0000000714400000|  0%| F|  |TAMS 0x0000000714200000| PB 0x0000000714200000| Untracked |  0
| 116|0x0000000714400000, 0x0000000714400000, 0x0000000714600000|  0%| F|  |TAMS 0x0000000714400000| PB 0x0000000714400000| Untracked |  0
| 117|0x0000000714600000, 0x0000000714600000, 0x0000000714800000|  0%| F|  |TAMS 0x0000000714600000| PB 0x0000000714600000| Untracked |  0
| 118|0x0000000714800000, 0x0000000714800000, 0x0000000714a00000|  0%| F|  |TAMS 0x0000000714800000| PB 0x0000000714800000| Untracked |  0
| 119|0x0000000714a00000, 0x0000000714a00000, 0x0000000714c00000|  0%| F|  |TAMS 0x0000000714a00000| PB 0x0000000714a00000| Untracked |  0
| 120|0x0000000714c00000, 0x0000000714c00000, 0x0000000714e00000|  0%| F|  |TAMS 0x0000000714c00000| PB 0x0000000714c00000| Untracked |  0
| 121|0x0000000714e00000, 0x0000000714ef89a8, 0x0000000715000000| 48%| E|  |TAMS 0x0000000714e00000| PB 0x0000000714e00000| Complete |  0
| 122|0x0000000715000000, 0x0000000715200000, 0x0000000715200000|100%| E|CS|TAMS 0x0000000715000000| PB 0x0000000715000000| Complete |  0
| 123|0x0000000715200000, 0x0000000715400000, 0x0000000715400000|100%| E|CS|TAMS 0x0000000715200000| PB 0x0000000715200000| Complete |  0
| 124|0x0000000715400000, 0x0000000715600000, 0x0000000715600000|100%| E|CS|TAMS 0x0000000715400000| PB 0x0000000715400000| Complete |  0
| 125|0x0000000715600000, 0x0000000715800000, 0x0000000715800000|100%| E|CS|TAMS 0x0000000715600000| PB 0x0000000715600000| Complete |  0
|2001|0x00000007ffe00000, 0x00000007fff257b8, 0x0000000800000000| 57%| O|  |TAMS 0x00000007ffe00000| PB 0x00000007ffe00000| Untracked |  0

Card table byte_map: [0x00000178ed0a0000,0x00000178ed880000] _byte_map_base: 0x00000178e9872000

Marking Bits: (CMBitMap*) 0x00000178d2798ae0
 Bits: [0x00000178ed880000, 0x00000178f1710000)

Polling page: 0x00000178d27f0000

Metaspace:
Metaspace        used 1488K, committed 1664K, reserved 1114112K
 class space     used 122K, committed 192K, reserved 1048576K

Usage:
  Non-class:      1.33 MB used.
      Class:    122.20 KB used.
       Both:      1.45 MB used.

Virtual space:
  Non-class space:       64.00 MB reserved,       1.44 MB (  2%) committed,  1 nodes.
      Class space:        1.00 GB reserved,     192.00 KB ( <1%) committed,  1 nodes.
             Both:        1.06 GB reserved,       1.62 MB ( <1%) committed. 

Chunk freelists:
   Non-Class:  11.45 MB
       Class:  15.67 MB
        Both:  27.12 MB

MaxMetaspaceSize: unlimited
CompressedClassSpaceSize: 1.00 GB
Initial GC threshold: 21.00 MB
Current GC threshold: 21.00 MB
CDS: on
 - commit_granule_bytes: 65536.
 - commit_granule_words: 8192.
 - virtual_space_node_default_size: 8388608.
 - enlarge_chunks_in_place: 1.
UseCompressedClassPointers 1, UseCompactObjectHeaders 0
Narrow klass pointer bits 32, Max shift 3
Narrow klass base: 0x0000000034000000, Narrow klass shift: 0
Encoding Range: [0x0000000034000000 - 0x0000000134000000), (4294967296 bytes)
Klass Range:    [0x0000000034010000 - 0x0000000075000000), (1090453504 bytes)
Klass ID Range:  [65536 - 1090519033) (1090453497)
Protection zone: [0x0000000034000000 - 0x0000000034010000), (65536 bytes)


Internal statistics:

num_allocs_failed_limit: 0.
num_arena_births: 40.
num_arena_deaths: 0.
num_vsnodes_births: 2.
num_vsnodes_deaths: 0.
num_space_committed: 26.
num_space_uncommitted: 0.
num_chunks_returned_to_freelist: 0.
num_chunks_taken_from_freelist: 77.
num_chunk_merges: 0.
num_chunk_splits: 49.
num_chunks_enlarged: 36.
num_inconsistent_stats: 0.

CodeHeap 'non-profiled nmethods': size=119232Kb used=150Kb max_used=150Kb free=119081Kb
 bounds [0x00000178e4260000, 0x00000178e44d0000, 0x00000178eb6d0000]
CodeHeap 'profiled nmethods': size=119104Kb used=540Kb max_used=540Kb free=118563Kb
 bounds [0x00000178dc6d0000, 0x00000178dc940000, 0x00000178e3b20000]
CodeHeap 'non-nmethods': size=7424Kb used=1849Kb max_used=1863Kb free=5574Kb
 bounds [0x00000178e3b20000, 0x00000178e3d90000, 0x00000178e4260000]
CodeCache: size=245760Kb, used=2539Kb, max_used=2553Kb, free=243218Kb
 total_blobs=941, nmethods=528, adapters=316, full_count=0
Compilation: enabled, stopped_count=0, restarted_count=0

Compilation events (20 events):
Event: 0.416 Thread 0x00000178f4af0480 nmethod 463 0x00000178dc740308 code [0x00000178dc740400, 0x00000178dc740d60]
Event: 0.416 Thread 0x00000178f4af0480  459   !   3       java.nio.DirectByteBuffer::get (34 bytes)
Event: 0.417 Thread 0x00000178f4af0480 nmethod 459 0x00000178dc740d88 code [0x00000178dc740e80, 0x00000178dc741900]
Event: 0.417 Thread 0x00000178f4af0480  460       3       java.nio.DirectByteBuffer::ix (10 bytes)
Event: 0.417 Thread 0x00000178f4af0480 nmethod 460 0x00000178dc741988 code [0x00000178dc741a80, 0x00000178dc741b90]
Event: 0.417 Thread 0x00000178f4af0480  461   !   3       jdk.internal.misc.ScopedMemoryAccess::getByte (16 bytes)
Event: 0.418 Thread 0x00000178f4af0480 nmethod 461 0x00000178dc741c88 code [0x00000178dc741d80, 0x00000178dc742150]
Event: 0.418 Thread 0x00000178f4af0480  462   !   3       jdk.internal.misc.ScopedMemoryAccess::getByteInternal (34 bytes)
Event: 0.418 Thread 0x00000178f4af0480 nmethod 462 0x00000178dc742188 code [0x00000178dc742280, 0x00000178dc7424d8]
Event: 0.418 Thread 0x00000178f4af0480  458       3       jdk.internal.classfile.impl.RawBytecodeHelper::isStoreIntoLocal (18 bytes)
Event: 0.418 Thread 0x00000178f4af0480 nmethod 458 0x00000178dc742508 code [0x00000178dc742600, 0x00000178dc742760]
Event: 0.418 Thread 0x00000178f4af0480  467       3       jdk.internal.classfile.impl.AbstractPoolEntry::hash1 (10 bytes)
Event: 0.418 Thread 0x00000178f4af0480 nmethod 467 0x00000178dc742808 code [0x00000178dc742900, 0x00000178dc742a00]
Event: 0.419 Thread 0x00000178f4af0480  468       3       jdk.internal.classfile.impl.SplitConstantPool::utf8Entry (6 bytes)
Event: 0.419 Thread 0x00000178f4af0480 nmethod 468 0x00000178dc742b08 code [0x00000178dc742c00, 0x00000178dc742db8]
Event: 0.420 Thread 0x00000178f424ebb0  469       4       java.util.concurrent.ConcurrentHashMap::casTabAt (20 bytes)
Event: 0.423 Thread 0x00000178f4af0480  471       3       java.util.Arrays::rangeCheck (74 bytes)
Event: 0.424 Thread 0x00000178f424ebb0 nmethod 469 0x00000178e4280d88 code [0x00000178e4280e80, 0x00000178e4281010]
Event: 0.424 Thread 0x00000178f4af0480 nmethod 471 0x00000178dc742e08 code [0x00000178dc742f00, 0x00000178dc743c48]
Event: 0.424 Thread 0x00000178f4af0480  473       3       jdk.internal.jimage.ImageStringsReader::unmaskedHashCode (166 bytes)

GC Heap Usage History (0 events):
No events

Metaspace Usage History (0 events):
No events

Dll operation events (6 events):
Event: 0.021 Loaded shared library C:\Program Files\Java\jdk-25.0.2\bin\java.dll
Event: 0.094 Loaded shared library C:\Program Files\Java\jdk-25.0.2\bin\net.dll
Event: 0.098 Loaded shared library C:\Program Files\Java\jdk-25.0.2\bin\nio.dll
Event: 0.104 Loaded shared library C:\Program Files\Java\jdk-25.0.2\bin\zip.dll
Event: 0.400 Loaded shared library C:\Users\fersd\apache-maven-3.9.14\lib\jansi-native\Windows\x86_64\jansi.dll
Event: 0.411 Loaded shared library C:\Program Files\Java\jdk-25.0.2\bin\jimage.dll

Deoptimization events (20 events):
Event: 0.202 Thread 0x00000178d21110b0 DEOPT PACKING pc=0x00000178dc6e09f8 sp=0x0000000cbb5fedd0
Event: 0.202 Thread 0x00000178d21110b0 DEOPT UNPACKING pc=0x00000178e3b71702 sp=0x0000000cbb5fe258 mode 0
Event: 0.204 Thread 0x00000178d21110b0 DEOPT PACKING pc=0x00000178dc6e09f8 sp=0x0000000cbb5feb00
Event: 0.204 Thread 0x00000178d21110b0 DEOPT UNPACKING pc=0x00000178e3b71702 sp=0x0000000cbb5fdf70 mode 0
Event: 0.205 Thread 0x00000178d21110b0 DEOPT PACKING pc=0x00000178dc6e09f8 sp=0x0000000cbb5feb00
Event: 0.205 Thread 0x00000178d21110b0 DEOPT UNPACKING pc=0x00000178e3b71702 sp=0x0000000cbb5fdf70 mode 0
Event: 0.205 Thread 0x00000178d21110b0 DEOPT PACKING pc=0x00000178dc6e09f8 sp=0x0000000cbb5feb00
Event: 0.205 Thread 0x00000178d21110b0 DEOPT UNPACKING pc=0x00000178e3b71702 sp=0x0000000cbb5fdf70 mode 0
Event: 0.207 Thread 0x00000178d21110b0 DEOPT PACKING pc=0x00000178dc6e09f8 sp=0x0000000cbb5feb00
Event: 0.207 Thread 0x00000178d21110b0 DEOPT UNPACKING pc=0x00000178e3b71702 sp=0x0000000cbb5fdf70 mode 0
Event: 0.208 Thread 0x00000178d21110b0 DEOPT PACKING pc=0x00000178dc6e09f8 sp=0x0000000cbb5feb00
Event: 0.208 Thread 0x00000178d21110b0 DEOPT UNPACKING pc=0x00000178e3b71702 sp=0x0000000cbb5fdf70 mode 0
Event: 0.208 Thread 0x00000178d21110b0 DEOPT PACKING pc=0x00000178dc6e09f8 sp=0x0000000cbb5feb00
Event: 0.208 Thread 0x00000178d21110b0 DEOPT UNPACKING pc=0x00000178e3b71702 sp=0x0000000cbb5fdf70 mode 0
Event: 0.284 Thread 0x00000178d21110b0 Uncommon trap: trap_request=0xffffff45 fr.pc=0x00000178e426e8a4 relative=0x0000000000000124
Event: 0.284 Thread 0x00000178d21110b0 Uncommon trap: reason=unstable_if action=reinterpret pc=0x00000178e426e8a4 method=java.lang.StringCoding.countPositives([BII)I @ 17 c2
Event: 0.284 Thread 0x00000178d21110b0 DEOPT PACKING pc=0x00000178e426e8a4 sp=0x0000000cbb5fabc0
Event: 0.284 Thread 0x00000178d21110b0 DEOPT UNPACKING pc=0x00000178e3c3fc02 sp=0x0000000cbb5fab48 mode 2
Event: 0.358 Thread 0x00000178d21110b0 DEOPT PACKING pc=0x00000178dc70dc78 sp=0x0000000cbb5fd620
Event: 0.358 Thread 0x00000178d21110b0 DEOPT UNPACKING pc=0x00000178e3b71702 sp=0x0000000cbb5fca90 mode 0

Classes loaded (20 events):
Event: 0.381 Loading class java/lang/ProcessEnvironment$CheckedEntry
Event: 0.381 Loading class java/lang/ProcessEnvironment$CheckedEntry done
Event: 0.387 Loading class java/lang/SecurityException
Event: 0.387 Loading class java/lang/SecurityException done
Event: 0.387 Loading class java/lang/UnsatisfiedLinkError
Event: 0.387 Loading class java/lang/UnsatisfiedLinkError done
Event: 0.388 Loading class java/lang/AssertionError
Event: 0.388 Loading class java/lang/AssertionError done
Event: 0.390 Loading class java/util/LinkedList
Event: 0.390 Loading class java/util/AbstractSequentialList
Event: 0.391 Loading class java/util/AbstractSequentialList done
Event: 0.391 Loading class java/util/LinkedList done
Event: 0.401 Loading class jdk/internal/loader/NativeLibraries$Unloader
Event: 0.401 Loading class jdk/internal/loader/NativeLibraries$Unloader done
Event: 0.425 Loading class sun/net/www/protocol/jar/JarURLConnection
Event: 0.425 Loading class java/net/JarURLConnection
Event: 0.425 Loading class java/net/URLConnection
Event: 0.426 Loading class java/net/URLConnection done
Event: 0.426 Loading class java/net/JarURLConnection done
Event: 0.426 Loading class sun/net/www/protocol/jar/JarURLConnection done

Classes unloaded (0 events):
No events

Classes redefined (0 events):
No events

Internal exceptions (13 events):
Event: 0.348 Thread 0x00000178d21110b0 Exception <a 'java/lang/NoSuchMethodError'{0x0000000715300688}: 'java.lang.Object java.lang.invoke.Invokers$Holder.invokeExact_MT(java.lang.Object, java.lang.Object, java.lang.Object, java.lang.Object, java.lang.Object)'> (0x0000000715300688) 
thrown [s\open\src\hotspot\share\interpreter\linkResolver.cpp, line 804]
Event: 0.365 Thread 0x00000178d21110b0 Exception <a 'java/lang/NoSuchMethodError'{0x000000071532bbb8}: 'java.lang.Object java.lang.invoke.DirectMethodHandle$Holder.invokeStaticInit(java.lang.Object)'> (0x000000071532bbb8) 
thrown [s\open\src\hotspot\share\interpreter\linkResolver.cpp, line 804]
Event: 0.382 Thread 0x00000178d21110b0 Exception <a 'java/lang/NullPointerException'{0x000000071535e158}> (0x000000071535e158) 
thrown [s\open\src\hotspot\share\interpreter\linkResolver.cpp, line 1416]
Event: 0.412 Thread 0x00000178d21110b0 Exception <a 'java/lang/NoSuchMethodError'{0x0000000715383ea0}: 'void java.lang.invoke.DirectMethodHandle$Holder.invokeStatic(java.lang.Object, long, java.lang.Object)'> (0x0000000715383ea0) 
thrown [s\open\src\hotspot\share\interpreter\linkResolver.cpp, line 804]
Event: 0.415 Thread 0x00000178d21110b0 Exception <a 'java/lang/NoSuchMethodError'{0x0000000715393028}: 'java.lang.Object java.lang.invoke.DirectMethodHandle$Holder.newInvokeSpecial(java.lang.Object, long, java.lang.Object)'> (0x0000000715393028) 
thrown [s\open\src\hotspot\share\interpreter\linkResolver.cpp, line 804]
Event: 0.419 Thread 0x00000178d21110b0 Exception <a 'java/lang/NullPointerException'{0x00000007153b1c18}> (0x00000007153b1c18) 
thrown [s\open\src\hotspot\share\interpreter\linkResolver.cpp, line 1416]
Event: 0.419 Thread 0x00000178d21110b0 Exception <a 'java/lang/NullPointerException'{0x00000007153b1ef8}> (0x00000007153b1ef8) 
thrown [s\open\src\hotspot\share\interpreter\linkResolver.cpp, line 1416]
Event: 0.419 Thread 0x00000178d21110b0 Exception <a 'java/lang/NullPointerException'{0x00000007153b21d8}> (0x00000007153b21d8) 
thrown [s\open\src\hotspot\share\interpreter\linkResolver.cpp, line 1416]
Event: 0.421 Thread 0x00000178d21110b0 Exception <a 'java/lang/NullPointerException'{0x00000007153b6fd0}> (0x00000007153b6fd0) 
thrown [s\open\src\hotspot\share\interpreter\linkResolver.cpp, line 1416]
Event: 0.426 Thread 0x00000178d21110b0 Exception <a 'java/lang/NullPointerException'{0x00000007153c8290}> (0x00000007153c8290) 
thrown [s\open\src\hotspot\share\interpreter\linkResolver.cpp, line 1416]
Event: 0.427 Thread 0x00000178d21110b0 Exception <a 'java/lang/NullPointerException'{0x00000007153c8570}> (0x00000007153c8570) 
thrown [s\open\src\hotspot\share\interpreter\linkResolver.cpp, line 1416]
Event: 0.427 Thread 0x00000178d21110b0 Exception <a 'java/lang/NullPointerException'{0x00000007153c8850}> (0x00000007153c8850) 
thrown [s\open\src\hotspot\share\interpreter\linkResolver.cpp, line 1416]
Event: 0.427 Thread 0x00000178d21110b0 Exception <a 'java/lang/NullPointerException'{0x00000007153c8b30}> (0x00000007153c8b30) 
thrown [s\open\src\hotspot\share\interpreter\linkResolver.cpp, line 1416]

VM Operations (4 events):
Event: 0.106 Executing non-safepoint VM operation: HandshakeAllThreads (Deoptimize)
Event: 0.106 Executing non-safepoint VM operation: HandshakeAllThreads (Deoptimize) done
Event: 0.379 Executing non-safepoint VM operation: HandshakeAllThreads (Deoptimize)
Event: 0.379 Executing non-safepoint VM operation: HandshakeAllThreads (Deoptimize) done

Memory protections (0 events):
No events

Nmethod flushes (0 events):
No events

Events (14 events):
Event: 0.047 Thread 0x00000178d21110b0 Thread added: 0x00000178d21110b0
Event: 0.067 Thread 0x00000178d21110b0 Thread added: 0x00000178f4236cb0
Event: 0.067 Thread 0x00000178d21110b0 Thread added: 0x00000178f42375c0
Event: 0.068 Thread 0x00000178d21110b0 Thread added: 0x00000178f423a110
Event: 0.068 Thread 0x00000178d21110b0 Thread added: 0x00000178f423c180
Event: 0.068 Thread 0x00000178d21110b0 Thread added: 0x00000178f423d8b0
Event: 0.068 Thread 0x00000178d21110b0 Thread added: 0x00000178f4246ff0
Event: 0.068 Thread 0x00000178d21110b0 Thread added: 0x00000178f424ebb0
Event: 0.069 Thread 0x00000178d21110b0 Thread added: 0x00000178f4252470
Event: 0.079 Thread 0x00000178f424ebb0 Thread added: 0x00000178f4af0480
Event: 0.085 Thread 0x00000178d21110b0 Thread added: 0x00000178f4b36db0
Event: 0.089 Thread 0x00000178d21110b0 Thread added: 0x00000178f4b3ef90
Event: 0.201 Thread 0x00000178f424ebb0 Thread added: 0x00000178f4c47e10
Event: 0.390 Thread 0x00000178d21110b0 Thread added: 0x00000178f9072240


Dynamic libraries:
0x00007ff729b10000 - 0x00007ff729b20000 	C:\Program Files\Java\jdk-25.0.2\bin\java.exe
0x00007ffc86d60000 - 0x00007ffc86fc7000 	C:\WINDOWS\SYSTEM32\ntdll.dll
0x00007ffc84bb0000 - 0x00007ffc84c79000 	C:\WINDOWS\System32\KERNEL32.DLL
0x00007ffc83f80000 - 0x00007ffc84374000 	C:\WINDOWS\System32\KERNELBASE.dll
0x00007ffc84500000 - 0x00007ffc8464b000 	C:\WINDOWS\System32\ucrtbase.dll
0x00007ffc67ec0000 - 0x00007ffc67ed7000 	C:\Program Files\Java\jdk-25.0.2\bin\jli.dll
0x00007ffc67f00000 - 0x00007ffc67f1e000 	C:\Program Files\Java\jdk-25.0.2\bin\VCRUNTIME140.dll
0x00007ffc85e00000 - 0x00007ffc85fc5000 	C:\WINDOWS\System32\USER32.dll
0x00007ffc65e60000 - 0x00007ffc660f3000 	C:\WINDOWS\WinSxS\amd64_microsoft.windows.common-controls_6595b64144ccf1df_6.0.26100.8115_none_3e075c82e3354f9c\COMCTL32.dll
0x00007ffc83ea0000 - 0x00007ffc83ec7000 	C:\WINDOWS\System32\win32u.dll
0x00007ffc868d0000 - 0x00007ffc86979000 	C:\WINDOWS\System32\msvcrt.dll
0x00007ffc85dd0000 - 0x00007ffc85dfb000 	C:\WINDOWS\System32\GDI32.dll
0x00007ffc84910000 - 0x00007ffc84a3b000 	C:\WINDOWS\System32\gdi32full.dll
0x00007ffc83ed0000 - 0x00007ffc83f73000 	C:\WINDOWS\System32\msvcp_win.dll
0x00007ffc86370000 - 0x00007ffc863a2000 	C:\WINDOWS\System32\IMM32.DLL
0x00007ffc71fd0000 - 0x00007ffc71fdc000 	C:\Program Files\Java\jdk-25.0.2\bin\vcruntime140_1.dll
0x00007ffc45930000 - 0x00007ffc459bd000 	C:\Program Files\Java\jdk-25.0.2\bin\msvcp140.dll
0x00007ffbcb540000 - 0x00007ffbcc39f000 	C:\Program Files\Java\jdk-25.0.2\bin\server\jvm.dll
0x00007ffc84af0000 - 0x00007ffc84ba6000 	C:\WINDOWS\System32\ADVAPI32.dll
0x00007ffc84d00000 - 0x00007ffc84da7000 	C:\WINDOWS\System32\sechost.dll
0x00007ffc86980000 - 0x00007ffc86a98000 	C:\WINDOWS\System32\RPCRT4.dll
0x00007ffc86af0000 - 0x00007ffc86b70000 	C:\WINDOWS\System32\WS2_32.dll
0x00007ffc83490000 - 0x00007ffc834ee000 	C:\WINDOWS\SYSTEM32\POWRPROF.dll
0x00007ffc793a0000 - 0x00007ffc793d6000 	C:\WINDOWS\SYSTEM32\WINMM.dll
0x00007ffc6fe10000 - 0x00007ffc6fe1b000 	C:\WINDOWS\SYSTEM32\VERSION.dll
0x00007ffc83470000 - 0x00007ffc83484000 	C:\WINDOWS\SYSTEM32\UMPDC.dll
0x00007ffc82380000 - 0x00007ffc8239b000 	C:\WINDOWS\SYSTEM32\kernel.appcore.dll
0x00007ffc71b00000 - 0x00007ffc71b0a000 	C:\Program Files\Java\jdk-25.0.2\bin\jimage.dll
0x00007ffc81070000 - 0x00007ffc812b2000 	C:\WINDOWS\SYSTEM32\DBGHELP.DLL
0x00007ffc852d0000 - 0x00007ffc85652000 	C:\WINDOWS\System32\combase.dll
0x00007ffc86290000 - 0x00007ffc86368000 	C:\WINDOWS\System32\OLEAUT32.dll
0x00007ffc66100000 - 0x00007ffc6613b000 	C:\WINDOWS\SYSTEM32\dbgcore.DLL
0x00007ffc84a40000 - 0x00007ffc84ae5000 	C:\WINDOWS\System32\bcryptPrimitives.dll
0x00007ffc67ea0000 - 0x00007ffc67ebf000 	C:\Program Files\Java\jdk-25.0.2\bin\java.dll
0x00007ffc84fc0000 - 0x00007ffc85157000 	C:\WINDOWS\System32\ole32.dll
0x00007ffc85660000 - 0x00007ffc85dc7000 	C:\WINDOWS\System32\SHELL32.dll
0x00007ffc84650000 - 0x00007ffc847ba000 	C:\WINDOWS\System32\wintypes.dll
0x00007ffc83630000 - 0x00007ffc83e98000 	C:\WINDOWS\System32\windows.storage.dll
0x00007ffc86c10000 - 0x00007ffc86d08000 	C:\WINDOWS\System32\SHCORE.dll
0x00007ffc86ba0000 - 0x00007ffc86c06000 	C:\WINDOWS\System32\shlwapi.dll
0x00007ffc83550000 - 0x00007ffc83579000 	C:\WINDOWS\SYSTEM32\profapi.dll
0x00007ffc67dd0000 - 0x00007ffc67de2000 	C:\Program Files\Java\jdk-25.0.2\bin\net.dll
0x00007ffc828d0000 - 0x00007ffc8293c000 	C:\WINDOWS\system32\mswsock.dll
0x00007ffc67db0000 - 0x00007ffc67dc6000 	C:\Program Files\Java\jdk-25.0.2\bin\nio.dll
0x00007ffc5dac0000 - 0x00007ffc5dad7000 	C:\Program Files\Java\jdk-25.0.2\bin\zip.dll
0x00007ffc59730000 - 0x00007ffc59754000 	C:\Users\fersd\apache-maven-3.9.14\lib\jansi-native\Windows\x86_64\jansi.dll
0x00007ffc67ef0000 - 0x00007ffc67f00000 	C:\Program Files\Java\jdk-25.0.2\bin\verify.dll

JVMTI agents: none

dbghelp: loaded successfully - version: 4.0.5 - missing functions: none
symbol engine: initialized successfully - sym options: 0x614 - pdb path: .;C:\Program Files\Java\jdk-25.0.2\bin;C:\WINDOWS\SYSTEM32;C:\WINDOWS\WinSxS\amd64_microsoft.windows.common-controls_6595b64144ccf1df_6.0.26100.8115_none_3e075c82e3354f9c;C:\Program Files\Java\jdk-25.0.2\bin\server;C:\Users\fersd\apache-maven-3.9.14\lib\jansi-native\Windows\x86_64

VM Arguments:
jvm_args: --enable-native-access=ALL-UNNAMED -Dclassworlds.conf=C:\Users\fersd\apache-maven-3.9.14\bin\m2.conf -Dmaven.home=C:\Users\fersd\apache-maven-3.9.14 -Dlibrary.jansi.path=C:\Users\fersd\apache-maven-3.9.14\lib\jansi-native -Dmaven.multiModuleProjectDirectory=C:\Users\fersd\projet-etudiants\api-gateway 
java_command: org.codehaus.plexus.classworlds.launcher.Launcher spring-boot:run -Dspring-boot .run.jvmArguments=-Xms256m -Xmx512m
java_class_path (initial): C:\Users\fersd\apache-maven-3.9.14\boot\plexus-classworlds-2.9.0.jar
Launcher Type: SUN_STANDARD

[Global flags]
     intx CICompilerCount                          = 12                                        {product} {ergonomic}
     uint ConcGCThreads                            = 4                                         {product} {ergonomic}
     uint G1ConcRefinementThreads                  = 15                                        {product} {ergonomic}
   size_t G1HeapRegionSize                         = 2097152                                   {product} {ergonomic}
   size_t InitialHeapSize                          = 264241152                                 {product} {ergonomic}
   size_t MarkStackSize                            = 4194304                                   {product} {ergonomic}
   size_t MarkStackSizeMax                         = 536870912                                 {product} {ergonomic}
   size_t MaxHeapSize                              = 4198498304                                {product} {ergonomic}
   size_t MaxNewSize                               = 2518679552                                {product} {ergonomic}
   size_t MinHeapDeltaBytes                        = 2097152                                   {product} {ergonomic}
   size_t MinHeapSize                              = 8388608                                   {product} {ergonomic}
    uintx NonNMethodCodeHeapSize                   = 7602176                                {pd product} {ergonomic}
    uintx NonProfiledCodeHeapSize                  = 122093568                              {pd product} {ergonomic}
    uintx ProfiledCodeHeapSize                     = 121962496                              {pd product} {ergonomic}
    uintx ReservedCodeCacheSize                    = 251658240                              {pd product} {ergonomic}
     bool SegmentedCodeCache                       = true                                      {product} {ergonomic}
   size_t SoftMaxHeapSize                          = 4198498304                             {manageable} {ergonomic}
     bool UseCompressedOops                        = true                           {product lp64_product} {ergonomic}
     bool UseG1GC                                  = true                                      {product} {ergonomic}
     bool UseLargePagesIndividualAllocation        = false                                  {pd product} {ergonomic}

Logging:
Log output configuration:
 #0: stdout all=warning uptime,level,tags foldmultilines=false
 #1: stderr all=off uptime,level,tags foldmultilines=false

Release file:
IMPLEMENTOR="Oracle Corporation" 
JAVA_RUNTIME_VERSION="25.0.2+10-LTS-69" 
JAVA_VERSION="25.0.2" 
JAVA_VERSION_DATE="2026-01-20" 
LIBC="default" 
MODULES="java.base java.compiler java.datatransfer java.xml java.prefs java.desktop java.instrument java.logging java.management java.security.sasl java.naming java.rmi java.management.rmi java.net.http java.scripting java.security.jgss java.transaction.xa java.sql java.sql.rowset java.xml.crypto java.se java.smartcardio jdk.accessibility jdk.internal.jvmstat jdk.attach jdk.charsets jdk.internal.opt jdk.zipfs jdk.compiler jdk.crypto.cryptoki jdk.crypto.ec jdk.crypto.mscapi jdk.dynalink jdk.internal.ed jdk.editpad jdk.internal.vm.ci jdk.graal.compiler jdk.graal.compiler.management jdk.hotspot.agent jdk.httpserver jdk.incubator.vector jdk.internal.le jdk.internal.md jdk.jartool jdk.javadoc jdk.jcmd jdk.management jdk.management.agent jdk.jconsole jdk.jdeps jdk.jdwp.agent jdk.jdi jdk.jfr jdk.jlink jdk.jpackage jdk.jshell jdk.jsobject jdk.jstatd jdk.localedata jdk.management.jfr jdk.naming.dns jdk.naming.rmi jdk.net jdk.nio.mapmode jdk.sctp jdk.security.auth jdk.security.jgss jdk.unsupported jdk.unsupported.desktop jdk.xml.dom" 
OS_ARCH="x86_64" 
OS_NAME="Windows" 
SOURCE=".:git:b75efb40c93a open:git:405a5699ebd0" 

Environment Variables:
PATH=C:\Program Files\Common Files\Oracle\Java\javapath;C:\Program Files\Eclipse Adoptium\jdk-25.0.2.10-hotspot\bin;C:\Program Files (x86)\VMware\VMware Workstation\bin\;C:\WINDOWS\system32;C:\WINDOWS;C:\WINDOWS\System32\Wbem;C:\WINDOWS\System32\WindowsPowerShell\v1.0\;C:\WINDOWS\System32\OpenSSH\;C:\Program Files\Git\cmd;C:\Program Files\TortoiseGit\bin;C:\Users\fersd\AppData\Local\nvm;C:\Program Files\nodejs;C:\Program Files\PuTTY\;C:\Program Files\Docker\Docker\resources\bin;C:\Users\fersd\AppData\Local\Python\pythoncore-3.14-64\Scripts;;C:\Users\fersd\AppData\Local\nvm;C:\Program Files\nodejs;C:\Program Files\PowerShell\7\;C:\Program Files\PostgreSQL\18\bin;E:\DevOps\Antigravity\bin;C:\Users\fersd\AppData\Local\Programs\Microsoft VS Code\bin;C:\Users\fersd\apache-maven-3.9.14\bin;E:\DevOps\fullstack\flutter\bin;C:\kubectl;C:\Program Files\nodejs\;C:\Users\fersd\AppData\Local\Programs\Python\Launcher\;C:\Program Files\PostgreSQL\18\bin;C:\Users\fersd\AppData\Local\Programs\Microsoft VS Code\bin;C:\Users\fersd\apache-maven-3.9.14\bin;E:\DevOps\fullstack\flutter\bin;C:\kubectl;C:\Users\fersd\AppData\Local\Python\bin;C:\Users\fersd\AppData\Roaming\npm
USERNAME=fersd
OS=Windows_NT
PROCESSOR_IDENTIFIER=Intel64 Family 6 Model 186 Stepping 2, GenuineIntel
TMP=C:\Users\fersd\AppData\Local\Temp
TEMP=C:\Users\fersd\AppData\Local\Temp




Compilation memory statistics disabled.

Periodic native trim disabled

---------------  S Y S T E M  ---------------

OS:
 Windows 11 , 64 bit Build 26100 (10.0.26100.8246)
OS uptime: 0 days 15:28 hours
Hyper-V role detected

CPU: total 20 (initial active 20) (10 cores per cpu, 2 threads per core) family 6 model 186 stepping 2 microcode 0x410e, cx8, cmov, fxsr, ht, mmx, 3dnowpref, sse, sse2, sse3, ssse3, sse4.1, sse4.2, popcnt, lzcnt, tsc, tscinvbit, avx, avx2, aes, erms, clmul, bmi1, bmi2, adx, sha, fma, vzeroupper, clflush, clflushopt, clwb, hv, serialize, rdtscp, rdpid, fsrm, gfni, f16c, cet_ibt, cet_ss
Processor Information for processor 0
  Max Mhz: 2600, Current Mhz: 1496, Mhz Limit: 2600
Processor Information for processor 1
  Max Mhz: 2600, Current Mhz: 1496, Mhz Limit: 2600
Processor Information for processor 2
  Max Mhz: 2600, Current Mhz: 1496, Mhz Limit: 2600
Processor Information for processor 3
  Max Mhz: 2600, Current Mhz: 1496, Mhz Limit: 2600
Processor Information for processor 4
  Max Mhz: 2600, Current Mhz: 1496, Mhz Limit: 2600
Processor Information for processor 5
  Max Mhz: 2600, Current Mhz: 1496, Mhz Limit: 2600
Processor Information for processor 6
  Max Mhz: 2600, Current Mhz: 1496, Mhz Limit: 2600
Processor Information for processor 7
  Max Mhz: 2600, Current Mhz: 1496, Mhz Limit: 2600
Processor Information for processor 8
  Max Mhz: 2600, Current Mhz: 1496, Mhz Limit: 2600
Processor Information for processor 9
  Max Mhz: 2600, Current Mhz: 1496, Mhz Limit: 2600
Processor Information for processor 10
  Max Mhz: 2600, Current Mhz: 1496, Mhz Limit: 2600
Processor Information for processor 11
  Max Mhz: 2600, Current Mhz: 1496, Mhz Limit: 2600
Processor Information for processor 12
  Max Mhz: 2600, Current Mhz: 1505, Mhz Limit: 2600
Processor Information for processor 13
  Max Mhz: 2600, Current Mhz: 1505, Mhz Limit: 2600
Processor Information for processor 14
  Max Mhz: 2600, Current Mhz: 1505, Mhz Limit: 2600
Processor Information for processor 15
  Max Mhz: 2600, Current Mhz: 1505, Mhz Limit: 2600
Processor Information for processor 16
  Max Mhz: 2600, Current Mhz: 1505, Mhz Limit: 2600
Processor Information for processor 17
  Max Mhz: 2600, Current Mhz: 1505, Mhz Limit: 2600
Processor Information for processor 18
  Max Mhz: 2600, Current Mhz: 1505, Mhz Limit: 2600
Processor Information for processor 19
  Max Mhz: 2600, Current Mhz: 1505, Mhz Limit: 2600

Memory: 4k page, system-wide physical 16008M (2004M free)
TotalPageFile size 36150M (AvailPageFile size 6327M)
current process WorkingSet (physical memory assigned to process): 55M, peak: 55M
current process commit charge ("private bytes"): 362M, peak: 362M

vm_info: Java HotSpot(TM) 64-Bit Server VM (25.0.2+10-LTS-69) for windows-amd64 JRE (25.0.2+10-LTS-69), built on 2025-12-18T11:36:35Z with MS VC++ 17.13 (VS2022)

END.
