#
# There is insufficient memory for the Java Runtime Environment to continue.
# Native memory allocation (malloc) failed to allocate 32752 bytes. Error detail: Chunk::new
# Possible reasons:
#   The system is out of physical RAM or swap space
#   This process is running with CompressedOops enabled, and the Java Heap may be blocking the growth of the native heap
# Possible solutions:
#   Reduce memory load on the system
#   Increase physical memory or swap space
#   Check if swap backing store is full
#   Decrease Java heap size (-Xmx/-Xms)
#   Decrease number of Java threads
#   Decrease Java thread stack sizes (-Xss)
#   Set larger code cache with -XX:ReservedCodeCacheSize=
#   JVM is running with Zero Based Compressed Oops mode in which the Java heap is
#     placed in the first 32GB address space. The Java Heap base address is the
#     maximum limit for the native heap growth. Please use -XX:HeapBaseMinAddress
#     to set the Java Heap base and to place the Java Heap above 32GB virtual address.
# This output file may be truncated or incomplete.
#
#  Out of Memory Error (arena.cpp:186), pid=2080, tid=16044
#
# JRE version: Java(TM) SE Runtime Environment (25.0.2+10) (build 25.0.2+10-LTS-69)
# Java VM: Java HotSpot(TM) 64-Bit Server VM (25.0.2+10-LTS-69, mixed mode, sharing, tiered, compressed oops, compressed class ptrs, g1 gc, windows-amd64)
# No core dump will be written. Minidumps are not enabled by default on client versions of Windows
#

---------------  S U M M A R Y ------------

Command Line: --enable-native-access=ALL-UNNAMED -Dclassworlds.conf=C:\Users\fersd\apache-maven-3.9.14\bin\m2.conf -Dmaven.home=C:\Users\fersd\apache-maven-3.9.14 -Dlibrary.jansi.path=C:\Users\fersd\apache-maven-3.9.14\lib\jansi-native -Dmaven.multiModuleProjectDirectory=C:\Users\fersd\projet-etudiants\grading-service org.codehaus.plexus.classworlds.launcher.Launcher spring-boot:run -Dspring-boot .run.jvmArguments=-Xms256m -Xmx512m

Host: 13th Gen Intel(R) Core(TM) i9-13900H, 20 cores, 15G,  Windows 11 , 64 bit Build 26100 (10.0.26100.8246)
Time: Sun Apr 26 23:22:19 2026 Afr. centrale Ouest elapsed time: 0.059634 seconds (0d 0h 0m 0s)

---------------  T H R E A D  ---------------

Current thread (0x00000248ee1eb530):  JavaThread "C1 CompilerThread2" daemon [_thread_in_native, id=16044, stack(0x000000c6b8c00000,0x000000c6b8d00000) (1024K)]


Current CompileTask:
C1:59  205   !   3       java.lang.String::<init> (852 bytes)

Stack: [0x000000c6b8c00000,0x000000c6b8d00000]
Native frames: (J=compiled Java code, j=interpreted, Vv=VM code, C=native code)
V  [jvm.dll+0x7a70f9]  (no source info available)
V  [jvm.dll+0x772d6d]  (no source info available)
V  [jvm.dll+0x965d53]  (no source info available)
V  [jvm.dll+0x968351]  (no source info available)
V  [jvm.dll+0x968a63]  (no source info available)
V  [jvm.dll+0x2fc846]  (no source info available)
V  [jvm.dll+0x111b16]  (no source info available)
V  [jvm.dll+0x111e3e]  (no source info available)
V  [jvm.dll+0xf41bd]  (no source info available)
V  [jvm.dll+0x20016b]  (no source info available)
V  [jvm.dll+0x207221]  (no source info available)
V  [jvm.dll+0x1ff988]  (no source info available)
V  [jvm.dll+0x1feebd]  (no source info available)
V  [jvm.dll+0x207e3b]  (no source info available)
V  [jvm.dll+0x1fffc7]  (no source info available)
V  [jvm.dll+0x202f42]  (no source info available)
V  [jvm.dll+0x1bec17]  (no source info available)
V  [jvm.dll+0x1be3df]  (no source info available)
V  [jvm.dll+0x1be69e]  (no source info available)
V  [jvm.dll+0x1bd9e1]  (no source info available)
V  [jvm.dll+0x1bf85d]  (no source info available)
V  [jvm.dll+0x2cfc86]  (no source info available)
V  [jvm.dll+0x2cdf05]  (no source info available)
V  [jvm.dll+0x48e9d1]  (no source info available)
V  [jvm.dll+0x906fcd]  (no source info available)
V  [jvm.dll+0x7a56d5]  (no source info available)
C  [ucrtbase.dll+0x37b0]  (no source info available)
C  [KERNEL32.DLL+0x2e8d7]  (no source info available)
C  [ntdll.dll+0x8c3fc]  (no source info available)

Lock stack of current Java thread (top to bottom):


---------------  P R O C E S S  ---------------

Threads class SMR info:
_java_thread_list=0x00000248eeb071c0, length=14, elements={
0x00000248cc172430, 0x00000248ee1ce3e0, 0x00000248ee1cecf0, 0x00000248ee1cf750,
0x00000248ee1d0460, 0x00000248ee1d1020, 0x00000248ee1d3d20, 0x00000248ee1d48e0,
0x00000248ee1ebd40, 0x00000248ee1ecd60, 0x00000248ee1eb530, 0x00000248eeafc230,
0x00000248eeb02ff0, 0x00000248ee1ead20
}

Java Threads: ( => current thread )
  0x00000248cc172430 JavaThread "main"                              [_thread_in_vm, id=20280, stack(0x000000c6b7b00000,0x000000c6b7c00000) (1024K)]
  0x00000248ee1ce3e0 JavaThread "Reference Handler"          daemon [_thread_blocked, id=2148, stack(0x000000c6b8300000,0x000000c6b8400000) (1024K)]
  0x00000248ee1cecf0 JavaThread "Finalizer"                  daemon [_thread_blocked, id=26572, stack(0x000000c6b8400000,0x000000c6b8500000) (1024K)]
  0x00000248ee1cf750 JavaThread "Signal Dispatcher"          daemon [_thread_blocked, id=19620, stack(0x000000c6b8500000,0x000000c6b8600000) (1024K)]
  0x00000248ee1d0460 JavaThread "Attach Listener"            daemon [_thread_blocked, id=14052, stack(0x000000c6b8600000,0x000000c6b8700000) (1024K)]
  0x00000248ee1d1020 JavaThread "Service Thread"             daemon [_thread_blocked, id=21056, stack(0x000000c6b8700000,0x000000c6b8800000) (1024K)]
  0x00000248ee1d3d20 JavaThread "Monitor Deflation Thread"   daemon [_thread_blocked, id=30124, stack(0x000000c6b8800000,0x000000c6b8900000) (1024K)]
  0x00000248ee1d48e0 JavaThread "C2 CompilerThread0"         daemon [_thread_in_native, id=19544, stack(0x000000c6b8900000,0x000000c6b8a00000) (1024K)]
  0x00000248ee1ebd40 JavaThread "C1 CompilerThread0"         daemon [_thread_blocked, id=30524, stack(0x000000c6b8a00000,0x000000c6b8b00000) (1024K)]
  0x00000248ee1ecd60 JavaThread "C1 CompilerThread1"         daemon [_thread_blocked, id=28868, stack(0x000000c6b8b00000,0x000000c6b8c00000) (1024K)]
=>0x00000248ee1eb530 JavaThread "C1 CompilerThread2"         daemon [_thread_in_native, id=16044, stack(0x000000c6b8c00000,0x000000c6b8d00000) (1024K)]
  0x00000248eeafc230 JavaThread "Notification Thread"        daemon [_thread_blocked, id=24720, stack(0x000000c6b8d00000,0x000000c6b8e00000) (1024K)]
  0x00000248eeb02ff0 JavaThread "Common-Cleaner"             daemon [_thread_blocked, id=29444, stack(0x000000c6b8e00000,0x000000c6b8f00000) (1024K)]
  0x00000248ee1ead20 JavaThread "C2 CompilerThread1"         daemon [_thread_in_native, id=31440, stack(0x000000c6b8f00000,0x000000c6b9000000) (1024K)]
Total: 14

Other Threads:
  0x00000248ee1b91d0 VMThread "VM Thread"                           [id=6328, stack(0x000000c6b8200000,0x000000c6b8300000) (1024K)]
  0x00000248ee1ac710 WatcherThread "VM Periodic Task Thread"        [id=4840, stack(0x000000c6b8100000,0x000000c6b8200000) (1024K)]
  0x00000248cc7578a0 WorkerThread "GC Thread#0"                     [id=27940, stack(0x000000c6b7c00000,0x000000c6b7d00000) (1024K)]
  0x00000248cc7710e0 ConcurrentGCThread "G1 Main Marker"            [id=13172, stack(0x000000c6b7d00000,0x000000c6b7e00000) (1024K)]
  0x00000248cc7734a0 WorkerThread "G1 Conc#0"                       [id=19524, stack(0x000000c6b7e00000,0x000000c6b7f00000) (1024K)]
  0x00000248ee078190 ConcurrentGCThread "G1 Refine#0"               [id=4884, stack(0x000000c6b7f00000,0x000000c6b8000000) (1024K)]
  0x00000248ee07acb0 ConcurrentGCThread "G1 Service"                [id=29540, stack(0x000000c6b8000000,0x000000c6b8100000) (1024K)]
Total: 7

Threads with active compile tasks:
C2 CompilerThread0  97  253   !   4       java.util.zip.ZipFile$Source::checkAndAddEntry (350 bytes)
C1 CompilerThread2  97  205   !   3       java.lang.String::<init> (852 bytes)
C2 CompilerThread1  97  224       4       jdk.internal.util.ArraysSupport::vectorizedHashCode (158 bytes)
Total: 3

VM state: not at safepoint (normal execution)

VM Mutex/Monitor currently owned by a thread: None

Heap address: 0x0000000705c00000, size: 4004 MB, Compressed Oops mode: Zero based, Oop shift amount: 3

CDS archive(s) mapped at: [0x0000000089000000-0x0000000089dd0000-0x0000000089dd0000), size 14483456, SharedBaseAddress: 0x0000000089000000, ArchiveRelocationMode: 1.
Compressed class space mapped at: 0x000000008a000000-0x00000000ca000000, reserved size: 1073741824
UseCompressedClassPointers 1, UseCompactObjectHeaders 0
Narrow klass pointer bits 32, Max shift 3
Narrow klass base: 0x0000000089000000, Narrow klass shift: 0
Encoding Range: [0x0000000089000000 - 0x0000000189000000), (4294967296 bytes)
Klass Range:    [0x0000000089010000 - 0x00000000ca000000), (1090453504 bytes)
Klass ID Range:  [65536 - 1090519033) (1090453497)
Protection zone: [0x0000000089000000 - 0x0000000089010000), (65536 bytes)

GC Precious Log:
 CardTable entry size: 512
 Card Set container configuration: InlinePtr #cards 4 size 8 Array Of Cards #cards 16 size 48 Howl #buckets 8 coarsen threshold 3686 Howl Bitmap #cards 512 size 80 coarsen threshold 460 Card regions per heap region 1 cards per card region 4096
 CPUs: 20 total, 20 available
 Memory: 16008M
 Large Page Support: Disabled
 NUMA Support: Disabled
 Compressed Oops: Enabled (Zero based)
 Heap Region Size: 2M
 Heap Min Capacity: 8M
 Heap Initial Capacity: 252M
 Heap Max Capacity: 4004M
 Pre-touch: Disabled
 Parallel Workers: 15
 Concurrent Workers: 4
 Concurrent Refinement Workers: 15
 Periodic GC: Disabled

Heap:
 garbage-first heap   total reserved 4100096K, committed 260096K, used 5269K [0x0000000705c00000, 0x0000000800000000)
  region size 2048K, 3 young (6144K), 0 survivors (0K)

Heap Regions: E=young(eden), S=young(survivor), O=old, HS=humongous(starts), HC=humongous(continues), CS=collection set, F=free, TAMS=top-at-mark-start, PB=parsable bottom
|   0|0x0000000705c00000, 0x0000000705c00000, 0x0000000705e00000|  0%| F|  |TAMS 0x0000000705c00000| PB 0x0000000705c00000| Untracked |  0
|   1|0x0000000705e00000, 0x0000000705e00000, 0x0000000706000000|  0%| F|  |TAMS 0x0000000705e00000| PB 0x0000000705e00000| Untracked |  0
|   2|0x0000000706000000, 0x0000000706000000, 0x0000000706200000|  0%| F|  |TAMS 0x0000000706000000| PB 0x0000000706000000| Untracked |  0
|   3|0x0000000706200000, 0x0000000706200000, 0x0000000706400000|  0%| F|  |TAMS 0x0000000706200000| PB 0x0000000706200000| Untracked |  0
|   4|0x0000000706400000, 0x0000000706400000, 0x0000000706600000|  0%| F|  |TAMS 0x0000000706400000| PB 0x0000000706400000| Untracked |  0
|   5|0x0000000706600000, 0x0000000706600000, 0x0000000706800000|  0%| F|  |TAMS 0x0000000706600000| PB 0x0000000706600000| Untracked |  0
|   6|0x0000000706800000, 0x0000000706800000, 0x0000000706a00000|  0%| F|  |TAMS 0x0000000706800000| PB 0x0000000706800000| Untracked |  0
|   7|0x0000000706a00000, 0x0000000706a00000, 0x0000000706c00000|  0%| F|  |TAMS 0x0000000706a00000| PB 0x0000000706a00000| Untracked |  0
|   8|0x0000000706c00000, 0x0000000706c00000, 0x0000000706e00000|  0%| F|  |TAMS 0x0000000706c00000| PB 0x0000000706c00000| Untracked |  0
|   9|0x0000000706e00000, 0x0000000706e00000, 0x0000000707000000|  0%| F|  |TAMS 0x0000000706e00000| PB 0x0000000706e00000| Untracked |  0
|  10|0x0000000707000000, 0x0000000707000000, 0x0000000707200000|  0%| F|  |TAMS 0x0000000707000000| PB 0x0000000707000000| Untracked |  0
|  11|0x0000000707200000, 0x0000000707200000, 0x0000000707400000|  0%| F|  |TAMS 0x0000000707200000| PB 0x0000000707200000| Untracked |  0
|  12|0x0000000707400000, 0x0000000707400000, 0x0000000707600000|  0%| F|  |TAMS 0x0000000707400000| PB 0x0000000707400000| Untracked |  0
|  13|0x0000000707600000, 0x0000000707600000, 0x0000000707800000|  0%| F|  |TAMS 0x0000000707600000| PB 0x0000000707600000| Untracked |  0
|  14|0x0000000707800000, 0x0000000707800000, 0x0000000707a00000|  0%| F|  |TAMS 0x0000000707800000| PB 0x0000000707800000| Untracked |  0
|  15|0x0000000707a00000, 0x0000000707a00000, 0x0000000707c00000|  0%| F|  |TAMS 0x0000000707a00000| PB 0x0000000707a00000| Untracked |  0
|  16|0x0000000707c00000, 0x0000000707c00000, 0x0000000707e00000|  0%| F|  |TAMS 0x0000000707c00000| PB 0x0000000707c00000| Untracked |  0
|  17|0x0000000707e00000, 0x0000000707e00000, 0x0000000708000000|  0%| F|  |TAMS 0x0000000707e00000| PB 0x0000000707e00000| Untracked |  0
|  18|0x0000000708000000, 0x0000000708000000, 0x0000000708200000|  0%| F|  |TAMS 0x0000000708000000| PB 0x0000000708000000| Untracked |  0
|  19|0x0000000708200000, 0x0000000708200000, 0x0000000708400000|  0%| F|  |TAMS 0x0000000708200000| PB 0x0000000708200000| Untracked |  0
|  20|0x0000000708400000, 0x0000000708400000, 0x0000000708600000|  0%| F|  |TAMS 0x0000000708400000| PB 0x0000000708400000| Untracked |  0
|  21|0x0000000708600000, 0x0000000708600000, 0x0000000708800000|  0%| F|  |TAMS 0x0000000708600000| PB 0x0000000708600000| Untracked |  0
|  22|0x0000000708800000, 0x0000000708800000, 0x0000000708a00000|  0%| F|  |TAMS 0x0000000708800000| PB 0x0000000708800000| Untracked |  0
|  23|0x0000000708a00000, 0x0000000708a00000, 0x0000000708c00000|  0%| F|  |TAMS 0x0000000708a00000| PB 0x0000000708a00000| Untracked |  0
|  24|0x0000000708c00000, 0x0000000708c00000, 0x0000000708e00000|  0%| F|  |TAMS 0x0000000708c00000| PB 0x0000000708c00000| Untracked |  0
|  25|0x0000000708e00000, 0x0000000708e00000, 0x0000000709000000|  0%| F|  |TAMS 0x0000000708e00000| PB 0x0000000708e00000| Untracked |  0
|  26|0x0000000709000000, 0x0000000709000000, 0x0000000709200000|  0%| F|  |TAMS 0x0000000709000000| PB 0x0000000709000000| Untracked |  0
|  27|0x0000000709200000, 0x0000000709200000, 0x0000000709400000|  0%| F|  |TAMS 0x0000000709200000| PB 0x0000000709200000| Untracked |  0
|  28|0x0000000709400000, 0x0000000709400000, 0x0000000709600000|  0%| F|  |TAMS 0x0000000709400000| PB 0x0000000709400000| Untracked |  0
|  29|0x0000000709600000, 0x0000000709600000, 0x0000000709800000|  0%| F|  |TAMS 0x0000000709600000| PB 0x0000000709600000| Untracked |  0
|  30|0x0000000709800000, 0x0000000709800000, 0x0000000709a00000|  0%| F|  |TAMS 0x0000000709800000| PB 0x0000000709800000| Untracked |  0
|  31|0x0000000709a00000, 0x0000000709a00000, 0x0000000709c00000|  0%| F|  |TAMS 0x0000000709a00000| PB 0x0000000709a00000| Untracked |  0
|  32|0x0000000709c00000, 0x0000000709c00000, 0x0000000709e00000|  0%| F|  |TAMS 0x0000000709c00000| PB 0x0000000709c00000| Untracked |  0
|  33|0x0000000709e00000, 0x0000000709e00000, 0x000000070a000000|  0%| F|  |TAMS 0x0000000709e00000| PB 0x0000000709e00000| Untracked |  0
|  34|0x000000070a000000, 0x000000070a000000, 0x000000070a200000|  0%| F|  |TAMS 0x000000070a000000| PB 0x000000070a000000| Untracked |  0
|  35|0x000000070a200000, 0x000000070a200000, 0x000000070a400000|  0%| F|  |TAMS 0x000000070a200000| PB 0x000000070a200000| Untracked |  0
|  36|0x000000070a400000, 0x000000070a400000, 0x000000070a600000|  0%| F|  |TAMS 0x000000070a400000| PB 0x000000070a400000| Untracked |  0
|  37|0x000000070a600000, 0x000000070a600000, 0x000000070a800000|  0%| F|  |TAMS 0x000000070a600000| PB 0x000000070a600000| Untracked |  0
|  38|0x000000070a800000, 0x000000070a800000, 0x000000070aa00000|  0%| F|  |TAMS 0x000000070a800000| PB 0x000000070a800000| Untracked |  0
|  39|0x000000070aa00000, 0x000000070aa00000, 0x000000070ac00000|  0%| F|  |TAMS 0x000000070aa00000| PB 0x000000070aa00000| Untracked |  0
|  40|0x000000070ac00000, 0x000000070ac00000, 0x000000070ae00000|  0%| F|  |TAMS 0x000000070ac00000| PB 0x000000070ac00000| Untracked |  0
|  41|0x000000070ae00000, 0x000000070ae00000, 0x000000070b000000|  0%| F|  |TAMS 0x000000070ae00000| PB 0x000000070ae00000| Untracked |  0
|  42|0x000000070b000000, 0x000000070b000000, 0x000000070b200000|  0%| F|  |TAMS 0x000000070b000000| PB 0x000000070b000000| Untracked |  0
|  43|0x000000070b200000, 0x000000070b200000, 0x000000070b400000|  0%| F|  |TAMS 0x000000070b200000| PB 0x000000070b200000| Untracked |  0
|  44|0x000000070b400000, 0x000000070b400000, 0x000000070b600000|  0%| F|  |TAMS 0x000000070b400000| PB 0x000000070b400000| Untracked |  0
|  45|0x000000070b600000, 0x000000070b600000, 0x000000070b800000|  0%| F|  |TAMS 0x000000070b600000| PB 0x000000070b600000| Untracked |  0
|  46|0x000000070b800000, 0x000000070b800000, 0x000000070ba00000|  0%| F|  |TAMS 0x000000070b800000| PB 0x000000070b800000| Untracked |  0
|  47|0x000000070ba00000, 0x000000070ba00000, 0x000000070bc00000|  0%| F|  |TAMS 0x000000070ba00000| PB 0x000000070ba00000| Untracked |  0
|  48|0x000000070bc00000, 0x000000070bc00000, 0x000000070be00000|  0%| F|  |TAMS 0x000000070bc00000| PB 0x000000070bc00000| Untracked |  0
|  49|0x000000070be00000, 0x000000070be00000, 0x000000070c000000|  0%| F|  |TAMS 0x000000070be00000| PB 0x000000070be00000| Untracked |  0
|  50|0x000000070c000000, 0x000000070c000000, 0x000000070c200000|  0%| F|  |TAMS 0x000000070c000000| PB 0x000000070c000000| Untracked |  0
|  51|0x000000070c200000, 0x000000070c200000, 0x000000070c400000|  0%| F|  |TAMS 0x000000070c200000| PB 0x000000070c200000| Untracked |  0
|  52|0x000000070c400000, 0x000000070c400000, 0x000000070c600000|  0%| F|  |TAMS 0x000000070c400000| PB 0x000000070c400000| Untracked |  0
|  53|0x000000070c600000, 0x000000070c600000, 0x000000070c800000|  0%| F|  |TAMS 0x000000070c600000| PB 0x000000070c600000| Untracked |  0
|  54|0x000000070c800000, 0x000000070c800000, 0x000000070ca00000|  0%| F|  |TAMS 0x000000070c800000| PB 0x000000070c800000| Untracked |  0
|  55|0x000000070ca00000, 0x000000070ca00000, 0x000000070cc00000|  0%| F|  |TAMS 0x000000070ca00000| PB 0x000000070ca00000| Untracked |  0
|  56|0x000000070cc00000, 0x000000070cc00000, 0x000000070ce00000|  0%| F|  |TAMS 0x000000070cc00000| PB 0x000000070cc00000| Untracked |  0
|  57|0x000000070ce00000, 0x000000070ce00000, 0x000000070d000000|  0%| F|  |TAMS 0x000000070ce00000| PB 0x000000070ce00000| Untracked |  0
|  58|0x000000070d000000, 0x000000070d000000, 0x000000070d200000|  0%| F|  |TAMS 0x000000070d000000| PB 0x000000070d000000| Untracked |  0
|  59|0x000000070d200000, 0x000000070d200000, 0x000000070d400000|  0%| F|  |TAMS 0x000000070d200000| PB 0x000000070d200000| Untracked |  0
|  60|0x000000070d400000, 0x000000070d400000, 0x000000070d600000|  0%| F|  |TAMS 0x000000070d400000| PB 0x000000070d400000| Untracked |  0
|  61|0x000000070d600000, 0x000000070d600000, 0x000000070d800000|  0%| F|  |TAMS 0x000000070d600000| PB 0x000000070d600000| Untracked |  0
|  62|0x000000070d800000, 0x000000070d800000, 0x000000070da00000|  0%| F|  |TAMS 0x000000070d800000| PB 0x000000070d800000| Untracked |  0
|  63|0x000000070da00000, 0x000000070da00000, 0x000000070dc00000|  0%| F|  |TAMS 0x000000070da00000| PB 0x000000070da00000| Untracked |  0
|  64|0x000000070dc00000, 0x000000070dc00000, 0x000000070de00000|  0%| F|  |TAMS 0x000000070dc00000| PB 0x000000070dc00000| Untracked |  0
|  65|0x000000070de00000, 0x000000070de00000, 0x000000070e000000|  0%| F|  |TAMS 0x000000070de00000| PB 0x000000070de00000| Untracked |  0
|  66|0x000000070e000000, 0x000000070e000000, 0x000000070e200000|  0%| F|  |TAMS 0x000000070e000000| PB 0x000000070e000000| Untracked |  0
|  67|0x000000070e200000, 0x000000070e200000, 0x000000070e400000|  0%| F|  |TAMS 0x000000070e200000| PB 0x000000070e200000| Untracked |  0
|  68|0x000000070e400000, 0x000000070e400000, 0x000000070e600000|  0%| F|  |TAMS 0x000000070e400000| PB 0x000000070e400000| Untracked |  0
|  69|0x000000070e600000, 0x000000070e600000, 0x000000070e800000|  0%| F|  |TAMS 0x000000070e600000| PB 0x000000070e600000| Untracked |  0
|  70|0x000000070e800000, 0x000000070e800000, 0x000000070ea00000|  0%| F|  |TAMS 0x000000070e800000| PB 0x000000070e800000| Untracked |  0
|  71|0x000000070ea00000, 0x000000070ea00000, 0x000000070ec00000|  0%| F|  |TAMS 0x000000070ea00000| PB 0x000000070ea00000| Untracked |  0
|  72|0x000000070ec00000, 0x000000070ec00000, 0x000000070ee00000|  0%| F|  |TAMS 0x000000070ec00000| PB 0x000000070ec00000| Untracked |  0
|  73|0x000000070ee00000, 0x000000070ee00000, 0x000000070f000000|  0%| F|  |TAMS 0x000000070ee00000| PB 0x000000070ee00000| Untracked |  0
|  74|0x000000070f000000, 0x000000070f000000, 0x000000070f200000|  0%| F|  |TAMS 0x000000070f000000| PB 0x000000070f000000| Untracked |  0
|  75|0x000000070f200000, 0x000000070f200000, 0x000000070f400000|  0%| F|  |TAMS 0x000000070f200000| PB 0x000000070f200000| Untracked |  0
|  76|0x000000070f400000, 0x000000070f400000, 0x000000070f600000|  0%| F|  |TAMS 0x000000070f400000| PB 0x000000070f400000| Untracked |  0
|  77|0x000000070f600000, 0x000000070f600000, 0x000000070f800000|  0%| F|  |TAMS 0x000000070f600000| PB 0x000000070f600000| Untracked |  0
|  78|0x000000070f800000, 0x000000070f800000, 0x000000070fa00000|  0%| F|  |TAMS 0x000000070f800000| PB 0x000000070f800000| Untracked |  0
|  79|0x000000070fa00000, 0x000000070fa00000, 0x000000070fc00000|  0%| F|  |TAMS 0x000000070fa00000| PB 0x000000070fa00000| Untracked |  0
|  80|0x000000070fc00000, 0x000000070fc00000, 0x000000070fe00000|  0%| F|  |TAMS 0x000000070fc00000| PB 0x000000070fc00000| Untracked |  0
|  81|0x000000070fe00000, 0x000000070fe00000, 0x0000000710000000|  0%| F|  |TAMS 0x000000070fe00000| PB 0x000000070fe00000| Untracked |  0
|  82|0x0000000710000000, 0x0000000710000000, 0x0000000710200000|  0%| F|  |TAMS 0x0000000710000000| PB 0x0000000710000000| Untracked |  0
|  83|0x0000000710200000, 0x0000000710200000, 0x0000000710400000|  0%| F|  |TAMS 0x0000000710200000| PB 0x0000000710200000| Untracked |  0
|  84|0x0000000710400000, 0x0000000710400000, 0x0000000710600000|  0%| F|  |TAMS 0x0000000710400000| PB 0x0000000710400000| Untracked |  0
|  85|0x0000000710600000, 0x0000000710600000, 0x0000000710800000|  0%| F|  |TAMS 0x0000000710600000| PB 0x0000000710600000| Untracked |  0
|  86|0x0000000710800000, 0x0000000710800000, 0x0000000710a00000|  0%| F|  |TAMS 0x0000000710800000| PB 0x0000000710800000| Untracked |  0
|  87|0x0000000710a00000, 0x0000000710a00000, 0x0000000710c00000|  0%| F|  |TAMS 0x0000000710a00000| PB 0x0000000710a00000| Untracked |  0
|  88|0x0000000710c00000, 0x0000000710c00000, 0x0000000710e00000|  0%| F|  |TAMS 0x0000000710c00000| PB 0x0000000710c00000| Untracked |  0
|  89|0x0000000710e00000, 0x0000000710e00000, 0x0000000711000000|  0%| F|  |TAMS 0x0000000710e00000| PB 0x0000000710e00000| Untracked |  0
|  90|0x0000000711000000, 0x0000000711000000, 0x0000000711200000|  0%| F|  |TAMS 0x0000000711000000| PB 0x0000000711000000| Untracked |  0
|  91|0x0000000711200000, 0x0000000711200000, 0x0000000711400000|  0%| F|  |TAMS 0x0000000711200000| PB 0x0000000711200000| Untracked |  0
|  92|0x0000000711400000, 0x0000000711400000, 0x0000000711600000|  0%| F|  |TAMS 0x0000000711400000| PB 0x0000000711400000| Untracked |  0
|  93|0x0000000711600000, 0x0000000711600000, 0x0000000711800000|  0%| F|  |TAMS 0x0000000711600000| PB 0x0000000711600000| Untracked |  0
|  94|0x0000000711800000, 0x0000000711800000, 0x0000000711a00000|  0%| F|  |TAMS 0x0000000711800000| PB 0x0000000711800000| Untracked |  0
|  95|0x0000000711a00000, 0x0000000711a00000, 0x0000000711c00000|  0%| F|  |TAMS 0x0000000711a00000| PB 0x0000000711a00000| Untracked |  0
|  96|0x0000000711c00000, 0x0000000711c00000, 0x0000000711e00000|  0%| F|  |TAMS 0x0000000711c00000| PB 0x0000000711c00000| Untracked |  0
|  97|0x0000000711e00000, 0x0000000711e00000, 0x0000000712000000|  0%| F|  |TAMS 0x0000000711e00000| PB 0x0000000711e00000| Untracked |  0
|  98|0x0000000712000000, 0x0000000712000000, 0x0000000712200000|  0%| F|  |TAMS 0x0000000712000000| PB 0x0000000712000000| Untracked |  0
|  99|0x0000000712200000, 0x0000000712200000, 0x0000000712400000|  0%| F|  |TAMS 0x0000000712200000| PB 0x0000000712200000| Untracked |  0
| 100|0x0000000712400000, 0x0000000712400000, 0x0000000712600000|  0%| F|  |TAMS 0x0000000712400000| PB 0x0000000712400000| Untracked |  0
| 101|0x0000000712600000, 0x0000000712600000, 0x0000000712800000|  0%| F|  |TAMS 0x0000000712600000| PB 0x0000000712600000| Untracked |  0
| 102|0x0000000712800000, 0x0000000712800000, 0x0000000712a00000|  0%| F|  |TAMS 0x0000000712800000| PB 0x0000000712800000| Untracked |  0
| 103|0x0000000712a00000, 0x0000000712a00000, 0x0000000712c00000|  0%| F|  |TAMS 0x0000000712a00000| PB 0x0000000712a00000| Untracked |  0
| 104|0x0000000712c00000, 0x0000000712c00000, 0x0000000712e00000|  0%| F|  |TAMS 0x0000000712c00000| PB 0x0000000712c00000| Untracked |  0
| 105|0x0000000712e00000, 0x0000000712e00000, 0x0000000713000000|  0%| F|  |TAMS 0x0000000712e00000| PB 0x0000000712e00000| Untracked |  0
| 106|0x0000000713000000, 0x0000000713000000, 0x0000000713200000|  0%| F|  |TAMS 0x0000000713000000| PB 0x0000000713000000| Untracked |  0
| 107|0x0000000713200000, 0x0000000713200000, 0x0000000713400000|  0%| F|  |TAMS 0x0000000713200000| PB 0x0000000713200000| Untracked |  0
| 108|0x0000000713400000, 0x0000000713400000, 0x0000000713600000|  0%| F|  |TAMS 0x0000000713400000| PB 0x0000000713400000| Untracked |  0
| 109|0x0000000713600000, 0x0000000713600000, 0x0000000713800000|  0%| F|  |TAMS 0x0000000713600000| PB 0x0000000713600000| Untracked |  0
| 110|0x0000000713800000, 0x0000000713800000, 0x0000000713a00000|  0%| F|  |TAMS 0x0000000713800000| PB 0x0000000713800000| Untracked |  0
| 111|0x0000000713a00000, 0x0000000713a00000, 0x0000000713c00000|  0%| F|  |TAMS 0x0000000713a00000| PB 0x0000000713a00000| Untracked |  0
| 112|0x0000000713c00000, 0x0000000713c00000, 0x0000000713e00000|  0%| F|  |TAMS 0x0000000713c00000| PB 0x0000000713c00000| Untracked |  0
| 113|0x0000000713e00000, 0x0000000713e00000, 0x0000000714000000|  0%| F|  |TAMS 0x0000000713e00000| PB 0x0000000713e00000| Untracked |  0
| 114|0x0000000714000000, 0x0000000714000000, 0x0000000714200000|  0%| F|  |TAMS 0x0000000714000000| PB 0x0000000714000000| Untracked |  0
| 115|0x0000000714200000, 0x0000000714200000, 0x0000000714400000|  0%| F|  |TAMS 0x0000000714200000| PB 0x0000000714200000| Untracked |  0
| 116|0x0000000714400000, 0x0000000714400000, 0x0000000714600000|  0%| F|  |TAMS 0x0000000714400000| PB 0x0000000714400000| Untracked |  0
| 117|0x0000000714600000, 0x0000000714600000, 0x0000000714800000|  0%| F|  |TAMS 0x0000000714600000| PB 0x0000000714600000| Untracked |  0
| 118|0x0000000714800000, 0x0000000714800000, 0x0000000714a00000|  0%| F|  |TAMS 0x0000000714800000| PB 0x0000000714800000| Untracked |  0
| 119|0x0000000714a00000, 0x0000000714a00000, 0x0000000714c00000|  0%| F|  |TAMS 0x0000000714a00000| PB 0x0000000714a00000| Untracked |  0
| 120|0x0000000714c00000, 0x0000000714c00000, 0x0000000714e00000|  0%| F|  |TAMS 0x0000000714c00000| PB 0x0000000714c00000| Untracked |  0
| 121|0x0000000714e00000, 0x0000000714e00000, 0x0000000715000000|  0%| F|  |TAMS 0x0000000714e00000| PB 0x0000000714e00000| Untracked |  0
| 122|0x0000000715000000, 0x0000000715000000, 0x0000000715200000|  0%| F|  |TAMS 0x0000000715000000| PB 0x0000000715000000| Untracked |  0
| 123|0x0000000715200000, 0x0000000715400000, 0x0000000715400000|100%| E|  |TAMS 0x0000000715200000| PB 0x0000000715200000| Complete |  0
| 124|0x0000000715400000, 0x0000000715600000, 0x0000000715600000|100%| E|CS|TAMS 0x0000000715400000| PB 0x0000000715400000| Complete |  0
| 125|0x0000000715600000, 0x0000000715800000, 0x0000000715800000|100%| E|CS|TAMS 0x0000000715600000| PB 0x0000000715600000| Complete |  0
|2001|0x00000007ffe00000, 0x00000007fff257b8, 0x0000000800000000| 57%| O|  |TAMS 0x00000007ffe00000| PB 0x00000007ffe00000| Untracked |  0

Card table byte_map: [0x00000248e7030000,0x00000248e7810000] _byte_map_base: 0x00000248e3802000

Marking Bits: (CMBitMap*) 0x00000248cc758030
 Bits: [0x00000248e7810000, 0x00000248eb6a0000)

Polling page: 0x00000248cc400000

Metaspace:
Metaspace        used 976K, committed 1088K, reserved 1114112K
 class space     used 75K, committed 128K, reserved 1048576K

Usage:
  Non-class:    900.48 KB used.
      Class:     75.90 KB used.
       Both:    976.38 KB used.

Virtual space:
  Non-class space:       64.00 MB reserved,     960.00 KB (  1%) committed,  1 nodes.
      Class space:        1.00 GB reserved,     128.00 KB ( <1%) committed,  1 nodes.
             Both:        1.06 GB reserved,       1.06 MB ( <1%) committed. 

Chunk freelists:
   Non-Class:  11.69 MB
       Class:  15.70 MB
        Both:  27.39 MB

MaxMetaspaceSize: unlimited
CompressedClassSpaceSize: 1.00 GB
Initial GC threshold: 21.00 MB
Current GC threshold: 21.00 MB
CDS: on
 - commit_granule_bytes: 65536.
 - commit_granule_words: 8192.
 - virtual_space_node_default_size: 8388608.
 - enlarge_chunks_in_place: 1.
UseCompressedClassPointers 1, UseCompactObjectHeaders 0
Narrow klass pointer bits 32, Max shift 3
Narrow klass base: 0x0000000089000000, Narrow klass shift: 0
Encoding Range: [0x0000000089000000 - 0x0000000189000000), (4294967296 bytes)
Klass Range:    [0x0000000089010000 - 0x00000000ca000000), (1090453504 bytes)
Klass ID Range:  [65536 - 1090519033) (1090453497)
Protection zone: [0x0000000089000000 - 0x0000000089010000), (65536 bytes)


Internal statistics:

num_allocs_failed_limit: 0.
num_arena_births: 24.
num_arena_deaths: 0.
num_vsnodes_births: 2.
num_vsnodes_deaths: 0.
num_space_committed: 17.
num_space_uncommitted: 0.
num_chunks_returned_to_freelist: 0.
num_chunks_taken_from_freelist: 44.
num_chunk_merges: 0.
num_chunk_splits: 30.
num_chunks_enlarged: 22.
num_inconsistent_stats: 0.

CodeHeap 'non-profiled nmethods': size=119232Kb used=113Kb max_used=113Kb free=119118Kb
 bounds [0x00000248de200000, 0x00000248de470000, 0x00000248e5670000]
CodeHeap 'profiled nmethods': size=119104Kb used=420Kb max_used=420Kb free=118684Kb
 bounds [0x00000248d6670000, 0x00000248d68e0000, 0x00000248ddac0000]
CodeHeap 'non-nmethods': size=7424Kb used=2416Kb max_used=2426Kb free=5007Kb
 bounds [0x00000248ddac0000, 0x00000248ddd30000, 0x00000248de200000]
CodeCache: size=245760Kb, used=2949Kb, max_used=2959Kb, free=242809Kb
 total_blobs=845, nmethods=439, adapters=306, full_count=0
Compilation: enabled, stopped_count=0, restarted_count=0

Compilation events (20 events):
Event: 0.053 Thread 0x00000248ee1d48e0 nmethod 180 0x00000248de20c688 code [0x00000248de20c780, 0x00000248de20c930]
Event: 0.053 Thread 0x00000248ee1d48e0  191 %     4       java.lang.StringCoding::countPositives @ 7 (33 bytes)
Event: 0.053 Thread 0x00000248ee1eb530 nmethod 197 0x00000248de20c988 code [0x00000248de20ca80, 0x00000248de20cb48]
Event: 0.054 Thread 0x00000248ee1eb530  198       3       java.util.HashMap::putVal (300 bytes)
Event: 0.054 Thread 0x00000248ee1eb530 nmethod 198 0x00000248d6698f08 code [0x00000248d6699000, 0x00000248d669a250]
Event: 0.054 Thread 0x00000248ee1ebd40  200       1       java.util.zip.Inflater$InflaterZStreamRef::address (5 bytes)
Event: 0.055 Thread 0x00000248ee1ebd40 nmethod 200 0x00000248de20cc88 code [0x00000248de20cd80, 0x00000248de20ce48]
Event: 0.055 Thread 0x00000248ee1d48e0 nmethod 191% 0x00000248de20cf88 code [0x00000248de20d080, 0x00000248de20d328]
Event: 0.056 Thread 0x00000248ee1d48e0  204       4       java.lang.StringCoding::countPositives (33 bytes)
Event: 0.056 Thread 0x00000248ee1ead20  199       4       jdk.internal.misc.Unsafe::getShortUnaligned (12 bytes)
Event: 0.056 Thread 0x00000248ee1eb530  205   !   3       java.lang.String::<init> (852 bytes)
Event: 0.056 Thread 0x00000248ee1ebd40  207       3       java.lang.String::<init> (22 bytes)
Event: 0.056 Thread 0x00000248ee1ecd60  206       1       java.util.LinkedHashMap::removeEldestEntry (2 bytes)
Event: 0.056 Thread 0x00000248ee1ecd60 nmethod 206 0x00000248de20d788 code [0x00000248de20d880, 0x00000248de20d948]
Event: 0.056 Thread 0x00000248ee1ead20 nmethod 199 0x00000248de20da88 code [0x00000248de20db80, 0x00000248de20dc38]
Event: 0.056 Thread 0x00000248ee1ead20  201       4       java.util.zip.ZipUtils::get16 (40 bytes)
Event: 0.056 Thread 0x00000248ee1ebd40 nmethod 207 0x00000248d669a288 code [0x00000248d669a380, 0x00000248d669a7c8]
Event: 0.056 Thread 0x00000248ee1ead20 nmethod 201 0x00000248de20e088 code [0x00000248de20e180, 0x00000248de20e250]
Event: 0.056 Thread 0x00000248ee1ead20  202       4       java.util.zip.ZipUtils::get32 (40 bytes)
Event: 0.057 Thread 0x00000248ee1ebd40  210       3       java.lang.AbstractStringBuilder::<init> (39 bytes)

GC Heap Usage History (0 events):
No events

Metaspace Usage History (0 events):
No events

Dll operation events (4 events):
Event: 0.007 Loaded shared library C:\Program Files\Java\jdk-25.0.2\bin\java.dll
Event: 0.029 Loaded shared library C:\Program Files\Java\jdk-25.0.2\bin\net.dll
Event: 0.030 Loaded shared library C:\Program Files\Java\jdk-25.0.2\bin\nio.dll
Event: 0.032 Loaded shared library C:\Program Files\Java\jdk-25.0.2\bin\zip.dll

Deoptimization events (14 events):
Event: 0.056 Thread 0x00000248cc172430 DEOPT PACKING pc=0x00000248d667f978 sp=0x000000c6b7bfe7c0
Event: 0.056 Thread 0x00000248cc172430 DEOPT UNPACKING pc=0x00000248ddb11702 sp=0x000000c6b7bfdc30 mode 0
Event: 0.056 Thread 0x00000248cc172430 DEOPT PACKING pc=0x00000248d667f978 sp=0x000000c6b7bfe7c0
Event: 0.056 Thread 0x00000248cc172430 DEOPT UNPACKING pc=0x00000248ddb11702 sp=0x000000c6b7bfdc30 mode 0
Event: 0.056 Thread 0x00000248cc172430 DEOPT PACKING pc=0x00000248d667f978 sp=0x000000c6b7bfe7c0
Event: 0.056 Thread 0x00000248cc172430 DEOPT UNPACKING pc=0x00000248ddb11702 sp=0x000000c6b7bfdc30 mode 0
Event: 0.056 Thread 0x00000248cc172430 DEOPT PACKING pc=0x00000248d667f978 sp=0x000000c6b7bfea90
Event: 0.056 Thread 0x00000248cc172430 DEOPT UNPACKING pc=0x00000248ddb11702 sp=0x000000c6b7bfdf18 mode 0
Event: 0.056 Thread 0x00000248cc172430 DEOPT PACKING pc=0x00000248d667f978 sp=0x000000c6b7bfe7c0
Event: 0.056 Thread 0x00000248cc172430 DEOPT UNPACKING pc=0x00000248ddb11702 sp=0x000000c6b7bfdc30 mode 0
Event: 0.056 Thread 0x00000248cc172430 DEOPT PACKING pc=0x00000248d667f978 sp=0x000000c6b7bfe7c0
Event: 0.056 Thread 0x00000248cc172430 DEOPT UNPACKING pc=0x00000248ddb11702 sp=0x000000c6b7bfdc30 mode 0
Event: 0.056 Thread 0x00000248cc172430 DEOPT PACKING pc=0x00000248d667f978 sp=0x000000c6b7bfe7c0
Event: 0.056 Thread 0x00000248cc172430 DEOPT UNPACKING pc=0x00000248ddb11702 sp=0x000000c6b7bfdc30 mode 0

Classes loaded (20 events):
Event: 0.037 Loading class java/io/InputStreamReader
Event: 0.037 Loading class java/io/InputStreamReader done
Event: 0.037 Loading class java/io/FileNotFoundException
Event: 0.037 Loading class java/io/FileNotFoundException done
Event: 0.037 Loading class java/io/BufferedReader
Event: 0.037 Loading class java/io/BufferedReader done
Event: 0.037 Loading class sun/nio/cs/StreamDecoder
Event: 0.037 Loading class sun/nio/cs/StreamDecoder done
Event: 0.037 Loading class sun/nio/cs/UTF_8$Decoder
Event: 0.037 Loading class sun/nio/cs/UTF_8$Decoder done
Event: 0.038 Loading class java/util/TreeSet
Event: 0.038 Loading class java/util/TreeSet done
Event: 0.040 Loading class java/io/FilenameFilter
Event: 0.040 Loading class java/io/FilenameFilter done
Event: 0.049 Loading class java/util/TreeMap$KeySet
Event: 0.049 Loading class java/util/TreeMap$KeySet done
Event: 0.049 Loading class java/util/TreeMap$KeyIterator
Event: 0.049 Loading class java/util/TreeMap$KeyIterator done
Event: 0.049 Loading class jdk/internal/loader/URLClassPath$FileLoader
Event: 0.049 Loading class jdk/internal/loader/URLClassPath$FileLoader done

Classes unloaded (0 events):
No events

Classes redefined (0 events):
No events

Internal exceptions (0 events):
No events

VM Operations (2 events):
Event: 0.032 Executing non-safepoint VM operation: HandshakeAllThreads (Deoptimize)
Event: 0.032 Executing non-safepoint VM operation: HandshakeAllThreads (Deoptimize) done

Memory protections (0 events):
No events

Nmethod flushes (0 events):
No events

Events (14 events):
Event: 0.016 Thread 0x00000248cc172430 Thread added: 0x00000248cc172430
Event: 0.022 Thread 0x00000248cc172430 Thread added: 0x00000248ee1ce3e0
Event: 0.022 Thread 0x00000248cc172430 Thread added: 0x00000248ee1cecf0
Event: 0.022 Thread 0x00000248cc172430 Thread added: 0x00000248ee1cf750
Event: 0.022 Thread 0x00000248cc172430 Thread added: 0x00000248ee1d0460
Event: 0.022 Thread 0x00000248cc172430 Thread added: 0x00000248ee1d1020
Event: 0.022 Thread 0x00000248cc172430 Thread added: 0x00000248ee1d3d20
Event: 0.022 Thread 0x00000248cc172430 Thread added: 0x00000248ee1d48e0
Event: 0.022 Thread 0x00000248cc172430 Thread added: 0x00000248ee1ebd40
Event: 0.025 Thread 0x00000248ee1d48e0 Thread added: 0x00000248ee1ecd60
Event: 0.026 Thread 0x00000248ee1ecd60 Thread added: 0x00000248ee1eb530
Event: 0.026 Thread 0x00000248cc172430 Thread added: 0x00000248eeafc230
Event: 0.027 Thread 0x00000248cc172430 Thread added: 0x00000248eeb02ff0
Event: 0.056 Thread 0x00000248ee1d48e0 Thread added: 0x00000248ee1ead20


Dynamic libraries:
0x00007ff6159e0000 - 0x00007ff6159f0000 	C:\Program Files\Java\jdk-25.0.2\bin\java.exe
0x00007ffc21b60000 - 0x00007ffc21dc7000 	C:\WINDOWS\SYSTEM32\ntdll.dll
0x00007ffc20340000 - 0x00007ffc20409000 	C:\WINDOWS\System32\KERNEL32.DLL
0x00007ffc1e650000 - 0x00007ffc1ea44000 	C:\WINDOWS\System32\KERNELBASE.dll
0x00007ffc1f570000 - 0x00007ffc1f6bb000 	C:\WINDOWS\System32\ucrtbase.dll
0x00007ffc0d460000 - 0x00007ffc0d477000 	C:\Program Files\Java\jdk-25.0.2\bin\jli.dll
0x00007ffc0cfc0000 - 0x00007ffc0cfde000 	C:\Program Files\Java\jdk-25.0.2\bin\VCRUNTIME140.dll
0x00007ffc21070000 - 0x00007ffc21235000 	C:\WINDOWS\System32\USER32.dll
0x00007ffbff150000 - 0x00007ffbff3e3000 	C:\WINDOWS\WinSxS\amd64_microsoft.windows.common-controls_6595b64144ccf1df_6.0.26100.8115_none_3e075c82e3354f9c\COMCTL32.dll
0x00007ffc1e620000 - 0x00007ffc1e647000 	C:\WINDOWS\System32\win32u.dll
0x00007ffc20000000 - 0x00007ffc200a9000 	C:\WINDOWS\System32\msvcrt.dll
0x00007ffc20210000 - 0x00007ffc2023b000 	C:\WINDOWS\System32\GDI32.dll
0x00007ffc1e430000 - 0x00007ffc1e55b000 	C:\WINDOWS\System32\gdi32full.dll
0x00007ffc1f840000 - 0x00007ffc1f8e3000 	C:\WINDOWS\System32\msvcp_win.dll
0x00007ffc20db0000 - 0x00007ffc20de2000 	C:\WINDOWS\System32\IMM32.DLL
0x00007ffc0d350000 - 0x00007ffc0d35c000 	C:\Program Files\Java\jdk-25.0.2\bin\vcruntime140_1.dll
0x00007ffba17c0000 - 0x00007ffba184d000 	C:\Program Files\Java\jdk-25.0.2\bin\msvcp140.dll
0x00007ffb3b230000 - 0x00007ffb3c08f000 	C:\Program Files\Java\jdk-25.0.2\bin\server\jvm.dll
0x00007ffc20bb0000 - 0x00007ffc20c66000 	C:\WINDOWS\System32\ADVAPI32.dll
0x00007ffc1ff00000 - 0x00007ffc1ffa7000 	C:\WINDOWS\System32\sechost.dll
0x00007ffc21470000 - 0x00007ffc21588000 	C:\WINDOWS\System32\RPCRT4.dll
0x00007ffc20df0000 - 0x00007ffc20e70000 	C:\WINDOWS\System32\WS2_32.dll
0x00007ffc1e290000 - 0x00007ffc1e2ee000 	C:\WINDOWS\SYSTEM32\POWRPROF.dll
0x00007ffc143b0000 - 0x00007ffc143e6000 	C:\WINDOWS\SYSTEM32\WINMM.dll
0x00007ffc0a790000 - 0x00007ffc0a79b000 	C:\WINDOWS\SYSTEM32\VERSION.dll
0x00007ffc1e270000 - 0x00007ffc1e284000 	C:\WINDOWS\SYSTEM32\UMPDC.dll
0x00007ffc1d180000 - 0x00007ffc1d19b000 	C:\WINDOWS\SYSTEM32\kernel.appcore.dll
0x00007ffc0cf20000 - 0x00007ffc0cf2a000 	C:\Program Files\Java\jdk-25.0.2\bin\jimage.dll
0x00007ffc1c160000 - 0x00007ffc1c3a2000 	C:\WINDOWS\SYSTEM32\DBGHELP.DLL
0x00007ffc1faf0000 - 0x00007ffc1fe72000 	C:\WINDOWS\System32\combase.dll
0x00007ffc20c70000 - 0x00007ffc20d48000 	C:\WINDOWS\System32\OLEAUT32.dll
0x00007ffbff780000 - 0x00007ffbff7bb000 	C:\WINDOWS\SYSTEM32\dbgcore.DLL
0x00007ffc1ebc0000 - 0x00007ffc1ec65000 	C:\WINDOWS\System32\bcryptPrimitives.dll
0x00007ffc041f0000 - 0x00007ffc0420f000 	C:\Program Files\Java\jdk-25.0.2\bin\java.dll
0x00007ffc21240000 - 0x00007ffc213d7000 	C:\WINDOWS\System32\ole32.dll
0x00007ffc20410000 - 0x00007ffc20b77000 	C:\WINDOWS\System32\SHELL32.dll
0x00007ffc1ea50000 - 0x00007ffc1ebba000 	C:\WINDOWS\System32\wintypes.dll
0x00007ffc1ed00000 - 0x00007ffc1f568000 	C:\WINDOWS\System32\windows.storage.dll
0x00007ffc20240000 - 0x00007ffc20338000 	C:\WINDOWS\System32\SHCORE.dll
0x00007ffc1f8f0000 - 0x00007ffc1f956000 	C:\WINDOWS\System32\shlwapi.dll
0x00007ffc1e350000 - 0x00007ffc1e379000 	C:\WINDOWS\SYSTEM32\profapi.dll
0x00007ffc03f90000 - 0x00007ffc03fa2000 	C:\Program Files\Java\jdk-25.0.2\bin\net.dll
0x00007ffc1d6d0000 - 0x00007ffc1d73c000 	C:\WINDOWS\system32\mswsock.dll
0x00007ffc03960000 - 0x00007ffc03976000 	C:\Program Files\Java\jdk-25.0.2\bin\nio.dll
0x00007ffc03420000 - 0x00007ffc03437000 	C:\Program Files\Java\jdk-25.0.2\bin\zip.dll
0x00007ffbd8730000 - 0x00007ffbd8754000 	C:\Users\fersd\apache-maven-3.9.14\lib\jansi-native\Windows\x86_64\jansi.dll

JVMTI agents: none

dbghelp: loaded successfully - version: 4.0.5 - missing functions: none
symbol engine: initialized successfully - sym options: 0x614 - pdb path: .;C:\Program Files\Java\jdk-25.0.2\bin;C:\WINDOWS\SYSTEM32;C:\WINDOWS\WinSxS\amd64_microsoft.windows.common-controls_6595b64144ccf1df_6.0.26100.8115_none_3e075c82e3354f9c;C:\Program Files\Java\jdk-25.0.2\bin\server;C:\Users\fersd\apache-maven-3.9.14\lib\jansi-native\Windows\x86_64

VM Arguments:
jvm_args: --enable-native-access=ALL-UNNAMED -Dclassworlds.conf=C:\Users\fersd\apache-maven-3.9.14\bin\m2.conf -Dmaven.home=C:\Users\fersd\apache-maven-3.9.14 -Dlibrary.jansi.path=C:\Users\fersd\apache-maven-3.9.14\lib\jansi-native -Dmaven.multiModuleProjectDirectory=C:\Users\fersd\projet-etudiants\grading-service 
java_command: org.codehaus.plexus.classworlds.launcher.Launcher spring-boot:run -Dspring-boot .run.jvmArguments=-Xms256m -Xmx512m
java_class_path (initial): C:\Users\fersd\apache-maven-3.9.14\boot\plexus-classworlds-2.9.0.jar
Launcher Type: SUN_STANDARD

[Global flags]
     intx CICompilerCount                          = 12                                        {product} {ergonomic}
     uint ConcGCThreads                            = 4                                         {product} {ergonomic}
     uint G1ConcRefinementThreads                  = 15                                        {product} {ergonomic}
   size_t G1HeapRegionSize                         = 2097152                                   {product} {ergonomic}
   size_t InitialHeapSize                          = 264241152                                 {product} {ergonomic}
   size_t MarkStackSize                            = 4194304                                   {product} {ergonomic}
   size_t MarkStackSizeMax                         = 536870912                                 {product} {ergonomic}
   size_t MaxHeapSize                              = 4198498304                                {product} {ergonomic}
   size_t MaxNewSize                               = 2518679552                                {product} {ergonomic}
   size_t MinHeapDeltaBytes                        = 2097152                                   {product} {ergonomic}
   size_t MinHeapSize                              = 8388608                                   {product} {ergonomic}
    uintx NonNMethodCodeHeapSize                   = 7602176                                {pd product} {ergonomic}
    uintx NonProfiledCodeHeapSize                  = 122093568                              {pd product} {ergonomic}
    uintx ProfiledCodeHeapSize                     = 121962496                              {pd product} {ergonomic}
    uintx ReservedCodeCacheSize                    = 251658240                              {pd product} {ergonomic}
     bool SegmentedCodeCache                       = true                                      {product} {ergonomic}
   size_t SoftMaxHeapSize                          = 4198498304                             {manageable} {ergonomic}
     bool UseCompressedOops                        = true                           {product lp64_product} {ergonomic}
     bool UseG1GC                                  = true                                      {product} {ergonomic}
     bool UseLargePagesIndividualAllocation        = false                                  {pd product} {ergonomic}

Logging:
Log output configuration:
 #0: stdout all=warning uptime,level,tags foldmultilines=false
 #1: stderr all=off uptime,level,tags foldmultilines=false

Release file:
<release file has not been read>
Environment Variables:
PATH=C:\Program Files\Common Files\Oracle\Java\javapath;C:\Program Files\Eclipse Adoptium\jdk-25.0.2.10-hotspot\bin;C:\Program Files (x86)\VMware\VMware Workstation\bin\;C:\WINDOWS\system32;C:\WINDOWS;C:\WINDOWS\System32\Wbem;C:\WINDOWS\System32\WindowsPowerShell\v1.0\;C:\WINDOWS\System32\OpenSSH\;C:\Program Files\Git\cmd;C:\Program Files\TortoiseGit\bin;C:\Users\fersd\AppData\Local\nvm;C:\Program Files\nodejs;C:\Program Files\PuTTY\;C:\Program Files\Docker\Docker\resources\bin;C:\Users\fersd\AppData\Local\Python\pythoncore-3.14-64\Scripts;;C:\Users\fersd\AppData\Local\nvm;C:\Program Files\nodejs;C:\Program Files\PowerShell\7\;C:\Program Files\PostgreSQL\18\bin;E:\DevOps\Antigravity\bin;C:\Users\fersd\AppData\Local\Programs\Microsoft VS Code\bin;C:\Users\fersd\apache-maven-3.9.14\bin;E:\DevOps\fullstack\flutter\bin;C:\kubectl;C:\Program Files\nodejs\;C:\Users\fersd\AppData\Local\Programs\Python\Launcher\;C:\Program Files\PostgreSQL\18\bin;C:\Users\fersd\AppData\Local\Programs\Microsoft VS Code\bin;C:\Users\fersd\apache-maven-3.9.14\bin;E:\DevOps\fullstack\flutter\bin;C:\kubectl;C:\Users\fersd\AppData\Local\Python\bin;C:\Users\fersd\AppData\Roaming\npm
USERNAME=fersd
OS=Windows_NT
PROCESSOR_IDENTIFIER=Intel64 Family 6 Model 186 Stepping 2, GenuineIntel
TMP=C:\Users\fersd\AppData\Local\Temp
TEMP=C:\Users\fersd\AppData\Local\Temp




Compilation memory statistics disabled.

Periodic native trim disabled

---------------  S Y S T E M  ---------------

OS:
 Windows 11 , 64 bit Build 26100 (10.0.26100.8246)
OS uptime: 3 days 23:52 hours
Hyper-V role detected

CPU: total 20 (initial active 20) (10 cores per cpu, 2 threads per core) family 6 model 186 stepping 2 microcode 0x410e, cx8, cmov, fxsr, ht, mmx, 3dnowpref, sse, sse2, sse3, ssse3, sse4.1, sse4.2, popcnt, lzcnt, tsc, tscinvbit, avx, avx2, aes, erms, clmul, bmi1, bmi2, adx, sha, fma, vzeroupper, clflush, clflushopt, clwb, hv, serialize, rdtscp, rdpid, fsrm, gfni, f16c, cet_ibt, cet_ss
Processor Information for processor 0
  Max Mhz: 2600, Current Mhz: 2600, Mhz Limit: 2600
Processor Information for processor 1
  Max Mhz: 2600, Current Mhz: 2600, Mhz Limit: 2600
Processor Information for processor 2
  Max Mhz: 2600, Current Mhz: 2600, Mhz Limit: 2600
Processor Information for processor 3
  Max Mhz: 2600, Current Mhz: 2600, Mhz Limit: 2600
Processor Information for processor 4
  Max Mhz: 2600, Current Mhz: 2600, Mhz Limit: 2600
Processor Information for processor 5
  Max Mhz: 2600, Current Mhz: 2600, Mhz Limit: 2600
Processor Information for processor 6
  Max Mhz: 2600, Current Mhz: 2600, Mhz Limit: 2600
Processor Information for processor 7
  Max Mhz: 2600, Current Mhz: 2600, Mhz Limit: 2600
Processor Information for processor 8
  Max Mhz: 2600, Current Mhz: 2600, Mhz Limit: 2600
Processor Information for processor 9
  Max Mhz: 2600, Current Mhz: 2600, Mhz Limit: 2600
Processor Information for processor 10
  Max Mhz: 2600, Current Mhz: 2600, Mhz Limit: 2600
Processor Information for processor 11
  Max Mhz: 2600, Current Mhz: 2600, Mhz Limit: 2600
Processor Information for processor 12
  Max Mhz: 2600, Current Mhz: 2600, Mhz Limit: 2600
Processor Information for processor 13
  Max Mhz: 2600, Current Mhz: 2600, Mhz Limit: 2600
Processor Information for processor 14
  Max Mhz: 2600, Current Mhz: 1505, Mhz Limit: 2600
Processor Information for processor 15
  Max Mhz: 2600, Current Mhz: 2600, Mhz Limit: 2600
Processor Information for processor 16
  Max Mhz: 2600, Current Mhz: 2600, Mhz Limit: 2600
Processor Information for processor 17
  Max Mhz: 2600, Current Mhz: 2600, Mhz Limit: 2600
Processor Information for processor 18
  Max Mhz: 2600, Current Mhz: 1505, Mhz Limit: 2600
Processor Information for processor 19
  Max Mhz: 2600, Current Mhz: 1505, Mhz Limit: 2600

Memory: 4k page, system-wide physical 16008M (2050M free)
TotalPageFile size 34383M (AvailPageFile size 1M)
current process WorkingSet (physical memory assigned to process): 51M, peak: 51M
current process commit charge ("private bytes"): 360M, peak: 360M

vm_info: Java HotSpot(TM) 64-Bit Server VM (25.0.2+10-LTS-69) for windows-amd64 JRE (25.0.2+10-LTS-69), built on 2025-12-18T11:36:35Z with MS VC++ 17.13 (VS2022)

END.
