#
# There is insufficient memory for the Java Runtime Environment to continue.
# Native memory allocation (malloc) failed to allocate 2660760 bytes. Error detail: Chunk::new
# Possible reasons:
#   The system is out of physical RAM or swap space
#   This process is running with CompressedOops enabled, and the Java Heap may be blocking the growth of the native heap
# Possible solutions:
#   Reduce memory load on the system
#   Increase physical memory or swap space
#   Check if swap backing store is full
#   Decrease Java heap size (-Xmx/-Xms)
#   Decrease number of Java threads
#   Decrease Java thread stack sizes (-Xss)
#   Set larger code cache with -XX:ReservedCodeCacheSize=
#   JVM is running with Zero Based Compressed Oops mode in which the Java heap is
#     placed in the first 32GB address space. The Java Heap base address is the
#     maximum limit for the native heap growth. Please use -XX:HeapBaseMinAddress
#     to set the Java Heap base and to place the Java Heap above 32GB virtual address.
# This output file may be truncated or incomplete.
#
#  Out of Memory Error (arena.cpp:186), pid=29540, tid=2080
#
# JRE version: Java(TM) SE Runtime Environment (25.0.2+10) (build 25.0.2+10-LTS-69)
# Java VM: Java HotSpot(TM) 64-Bit Server VM (25.0.2+10-LTS-69, mixed mode, sharing, tiered, compressed oops, compressed class ptrs, g1 gc, windows-amd64)
# No core dump will be written. Minidumps are not enabled by default on client versions of Windows
#

---------------  S U M M A R Y ------------

Command Line: --enable-native-access=ALL-UNNAMED -Dclassworlds.conf=C:\Users\fersd\apache-maven-3.9.14\bin\m2.conf -Dmaven.home=C:\Users\fersd\apache-maven-3.9.14 -Dlibrary.jansi.path=C:\Users\fersd\apache-maven-3.9.14\lib\jansi-native -Dmaven.multiModuleProjectDirectory=C:\Users\fersd\projet-etudiants\grading-service org.codehaus.plexus.classworlds.launcher.Launcher spring-boot:run

Host: 13th Gen Intel(R) Core(TM) i9-13900H, 20 cores, 15G,  Windows 11 , 64 bit Build 26100 (10.0.26100.8246)
Time: Sun Apr 26 23:19:45 2026 Afr. centrale Ouest elapsed time: 2.343118 seconds (0d 0h 0m 2s)

---------------  T H R E A D  ---------------

Current thread (0x000001eec056bab0):  JavaThread "C2 CompilerThread1" daemon [_thread_in_native, id=2080, stack(0x000000d2fa600000,0x000000d2fa700000) (1024K)]


Current CompileTask:
C2:2343 5866       4       jdk.nio.zipfs.ZipFileSystem::makeParentDirs (133 bytes)

Stack: [0x000000d2fa600000,0x000000d2fa700000]
Native frames: (J=compiled Java code, j=interpreted, Vv=VM code, C=native code)
V  [jvm.dll+0x7a70f9]  (no source info available)
V  [jvm.dll+0x772d6d]  (no source info available)
V  [jvm.dll+0x965d53]  (no source info available)
V  [jvm.dll+0x968351]  (no source info available)
V  [jvm.dll+0x968a63]  (no source info available)
V  [jvm.dll+0x2fc846]  (no source info available)
V  [jvm.dll+0x111b16]  (no source info available)
V  [jvm.dll+0x111e3e]  (no source info available)
V  [jvm.dll+0x1a0872]  (no source info available)
V  [jvm.dll+0x3b54c2]  (no source info available)
V  [jvm.dll+0x7aca8f]  (no source info available)
V  [jvm.dll+0x2c0b97]  (no source info available)
V  [jvm.dll+0x2bfb5f]  (no source info available)
V  [jvm.dll+0x2379a0]  (no source info available)
V  [jvm.dll+0x2cfc86]  (no source info available)
V  [jvm.dll+0x2cdf05]  (no source info available)
V  [jvm.dll+0x48e9d1]  (no source info available)
V  [jvm.dll+0x906fcd]  (no source info available)
V  [jvm.dll+0x7a56d5]  (no source info available)
C  [ucrtbase.dll+0x37b0]  (no source info available)
C  [KERNEL32.DLL+0x2e8d7]  (no source info available)
C  [ntdll.dll+0x8c3fc]  (no source info available)

Lock stack of current Java thread (top to bottom):


---------------  P R O C E S S  ---------------

Threads class SMR info:
_java_thread_list=0x000001eec6937150, length=19, elements={
0x000001ee9da11070, 0x000001eebfc90d60, 0x000001eebfc91670, 0x000001eebfc940e0,
0x000001eebfc97e10, 0x000001eebfc989d0, 0x000001eebfc99590, 0x000001eebfca9f60,
0x000001eebfcae780, 0x000001eec041df50, 0x000001eec0484fa0, 0x000001eec0486940,
0x000001eec056bab0, 0x000001eec544d7a0, 0x000001eec577c970, 0x000001eec58d27a0,
0x000001eec5988500, 0x000001eec5a1d6c0, 0x000001eec6799bc0
}

Java Threads: ( => current thread )
  0x000001ee9da11070 JavaThread "main"                              [_thread_in_vm, id=11472, stack(0x000000d2f9300000,0x000000d2f9400000) (1024K)]
  0x000001eebfc90d60 JavaThread "Reference Handler"          daemon [_thread_blocked, id=20160, stack(0x000000d2f9b00000,0x000000d2f9c00000) (1024K)]
  0x000001eebfc91670 JavaThread "Finalizer"                  daemon [_thread_blocked, id=21196, stack(0x000000d2f9c00000,0x000000d2f9d00000) (1024K)]
  0x000001eebfc940e0 JavaThread "Signal Dispatcher"          daemon [_thread_blocked, id=10320, stack(0x000000d2f9d00000,0x000000d2f9e00000) (1024K)]
  0x000001eebfc97e10 JavaThread "Attach Listener"            daemon [_thread_blocked, id=12368, stack(0x000000d2f9e00000,0x000000d2f9f00000) (1024K)]
  0x000001eebfc989d0 JavaThread "Service Thread"             daemon [_thread_blocked, id=10916, stack(0x000000d2f9f00000,0x000000d2fa000000) (1024K)]
  0x000001eebfc99590 JavaThread "Monitor Deflation Thread"   daemon [_thread_blocked, id=28124, stack(0x000000d2fa000000,0x000000d2fa100000) (1024K)]
  0x000001eebfca9f60 JavaThread "C2 CompilerThread0"         daemon [_thread_blocked, id=26768, stack(0x000000d2fa100000,0x000000d2fa200000) (1024K)]
  0x000001eebfcae780 JavaThread "C1 CompilerThread0"         daemon [_thread_blocked, id=19360, stack(0x000000d2fa200000,0x000000d2fa300000) (1024K)]
  0x000001eec041df50 JavaThread "C1 CompilerThread1"         daemon [_thread_blocked, id=17888, stack(0x000000d2fa300000,0x000000d2fa400000) (1024K)]
  0x000001eec0484fa0 JavaThread "Notification Thread"        daemon [_thread_blocked, id=19452, stack(0x000000d2fa400000,0x000000d2fa500000) (1024K)]
  0x000001eec0486940 JavaThread "Common-Cleaner"             daemon [_thread_blocked, id=3040, stack(0x000000d2fa500000,0x000000d2fa600000) (1024K)]
=>0x000001eec056bab0 JavaThread "C2 CompilerThread1"         daemon [_thread_in_native, id=2080, stack(0x000000d2fa600000,0x000000d2fa700000) (1024K)]
  0x000001eec544d7a0 JavaThread "C1 CompilerThread2"         daemon [_thread_blocked, id=30416, stack(0x000000d2fa700000,0x000000d2fa800000) (1024K)]
  0x000001eec577c970 JavaThread "C1 CompilerThread3"         daemon [_thread_blocked, id=11224, stack(0x000000d2fa800000,0x000000d2fa900000) (1024K)]
  0x000001eec58d27a0 JavaThread "C2 CompilerThread2"         daemon [_thread_blocked, id=28616, stack(0x000000d2fa900000,0x000000d2faa00000) (1024K)]
  0x000001eec5988500 JavaThread "C2 CompilerThread3"         daemon [_thread_in_native, id=15748, stack(0x000000d2faa00000,0x000000d2fab00000) (1024K)]
  0x000001eec5a1d6c0 JavaThread "C2 CompilerThread4"         daemon [_thread_blocked, id=3828, stack(0x000000d2fab00000,0x000000d2fac00000) (1024K)]
  0x000001eec6799bc0 JavaThread "Thread-1"                   daemon [_thread_blocked, id=4764, stack(0x000000d2fb400000,0x000000d2fb500000) (1024K)]
Total: 19

Other Threads:
  0x000001eebfc7d7e0 VMThread "VM Thread"                           [id=13196, stack(0x000000d2f9a00000,0x000000d2f9b00000) (1024K)]
  0x000001eebfc716b0 WatcherThread "VM Periodic Task Thread"        [id=25044, stack(0x000000d2f9900000,0x000000d2f9a00000) (1024K)]
  0x000001ee9ff46970 WorkerThread "GC Thread#0"                     [id=18024, stack(0x000000d2f9400000,0x000000d2f9500000) (1024K)]
  0x000001eec5913df0 WorkerThread "GC Thread#1"                     [id=28776, stack(0x000000d2faf00000,0x000000d2fb000000) (1024K)]
  0x000001eec5914220 WorkerThread "GC Thread#2"                     [id=8924, stack(0x000000d2fb000000,0x000000d2fb100000) (1024K)]
  0x000001eec62d0680 WorkerThread "GC Thread#3"                     [id=6244, stack(0x000000d2fb100000,0x000000d2fb200000) (1024K)]
  0x000001eec62d0ab0 WorkerThread "GC Thread#4"                     [id=8264, stack(0x000000d2fb200000,0x000000d2fb300000) (1024K)]
  0x000001eec62d0ee0 WorkerThread "GC Thread#5"                     [id=7296, stack(0x000000d2fb300000,0x000000d2fb400000) (1024K)]
  0x000001eec7466440 WorkerThread "GC Thread#6"                     [id=24488, stack(0x000000d2fae00000,0x000000d2faf00000) (1024K)]
  0x000001eec7465ba0 WorkerThread "GC Thread#7"                     [id=21660, stack(0x000000d2fb500000,0x000000d2fb600000) (1024K)]
  0x000001eec7465ff0 WorkerThread "GC Thread#8"                     [id=18308, stack(0x000000d2fb600000,0x000000d2fb700000) (1024K)]
  0x000001eec7466890 WorkerThread "GC Thread#9"                     [id=21644, stack(0x000000d2fb700000,0x000000d2fb800000) (1024K)]
  0x000001eec7464610 WorkerThread "GC Thread#10"                    [id=11520, stack(0x000000d2fb800000,0x000000d2fb900000) (1024K)]
  0x000001eec74693b0 WorkerThread "GC Thread#11"                    [id=10480, stack(0x000000d2fac00000,0x000000d2fad00000) (1024K)]
  0x000001eec746a4f0 WorkerThread "GC Thread#12"                    [id=12556, stack(0x000000d2fad00000,0x000000d2fae00000) (1024K)]
  0x000001eec746a940 WorkerThread "GC Thread#13"                    [id=19304, stack(0x000000d2fb900000,0x000000d2fba00000) (1024K)]
  0x000001ee9ff5f1a0 ConcurrentGCThread "G1 Main Marker"            [id=16872, stack(0x000000d2f9500000,0x000000d2f9600000) (1024K)]
  0x000001ee9ff61560 WorkerThread "G1 Conc#0"                       [id=20264, stack(0x000000d2f9600000,0x000000d2f9700000) (1024K)]
  0x000001eec7468b10 WorkerThread "G1 Conc#1"                       [id=21756, stack(0x000000d2fba00000,0x000000d2fbb00000) (1024K)]
  0x000001eec746ad90 WorkerThread "G1 Conc#2"                       [id=20632, stack(0x000000d2fbb00000,0x000000d2fbc00000) (1024K)]
  0x000001eec74679d0 WorkerThread "G1 Conc#3"                       [id=13328, stack(0x000000d2fbc00000,0x000000d2fbd00000) (1024K)]
  0x000001eebfb34700 ConcurrentGCThread "G1 Refine#0"               [id=2808, stack(0x000000d2f9700000,0x000000d2f9800000) (1024K)]
  0x000001eebfb37230 ConcurrentGCThread "G1 Service"                [id=26584, stack(0x000000d2f9800000,0x000000d2f9900000) (1024K)]
Total: 23

Threads with active compile tasks:
C2 CompilerThread1  2394 5866       4       jdk.nio.zipfs.ZipFileSystem::makeParentDirs (133 bytes)
C2 CompilerThread3  2394 5967   !   4       jdk.internal.loader.BuiltinClassLoader::loadClassOrNull (143 bytes)
Total: 2

VM state: not at safepoint (normal execution)

VM Mutex/Monitor currently owned by a thread:  ([mutex/lock_event])
[0x00007ffb3bfa6fe8] Uncommit_lock - owner thread: 0x000001eebfb37230
[0x00007ffb3bfa9768] Heap_lock - owner thread: 0x000001ee9ff5f1a0

Heap address: 0x0000000705c00000, size: 4004 MB, Compressed Oops mode: Zero based, Oop shift amount: 3

CDS archive(s) mapped at: [0x0000000026000000-0x0000000026dd0000-0x0000000026dd0000), size 14483456, SharedBaseAddress: 0x0000000026000000, ArchiveRelocationMode: 1.
Compressed class space mapped at: 0x0000000027000000-0x0000000067000000, reserved size: 1073741824
UseCompressedClassPointers 1, UseCompactObjectHeaders 0
Narrow klass pointer bits 32, Max shift 3
Narrow klass base: 0x0000000026000000, Narrow klass shift: 0
Encoding Range: [0x0000000026000000 - 0x0000000126000000), (4294967296 bytes)
Klass Range:    [0x0000000026010000 - 0x0000000067000000), (1090453504 bytes)
Klass ID Range:  [65536 - 1090519033) (1090453497)
Protection zone: [0x0000000026000000 - 0x0000000026010000), (65536 bytes)

GC Precious Log:
 CardTable entry size: 512
 Card Set container configuration: InlinePtr #cards 4 size 8 Array Of Cards #cards 16 size 48 Howl #buckets 8 coarsen threshold 3686 Howl Bitmap #cards 512 size 80 coarsen threshold 460 Card regions per heap region 1 cards per card region 4096
 CPUs: 20 total, 20 available
 Memory: 16008M
 Large Page Support: Disabled
 NUMA Support: Disabled
 Compressed Oops: Enabled (Zero based)
 Heap Region Size: 2M
 Heap Min Capacity: 8M
 Heap Initial Capacity: 252M
 Heap Max Capacity: 4004M
 Pre-touch: Disabled
 Parallel Workers: 15
 Concurrent Workers: 4
 Concurrent Refinement Workers: 15
 Periodic GC: Disabled

Heap:
 garbage-first heap   total reserved 4100096K, committed 110592K, used 31522K [0x0000000705c00000, 0x0000000800000000)
  region size 2048K, 5 young (10240K), 4 survivors (8192K)

Heap Regions: E=young(eden), S=young(survivor), O=old, HS=humongous(starts), HC=humongous(continues), CS=collection set, F=free, TAMS=top-at-mark-start, PB=parsable bottom
|   0|0x0000000705c00000, 0x0000000705c00000, 0x0000000705e00000|  0%| F|  |TAMS 0x0000000705c00000| PB 0x0000000705c00000| Untracked |  0
|   1|0x0000000705e00000, 0x0000000705e00000, 0x0000000706000000|  0%| F|  |TAMS 0x0000000705e00000| PB 0x0000000705e00000| Untracked |  0
|   2|0x0000000706000000, 0x0000000706000000, 0x0000000706200000|  0%| F|  |TAMS 0x0000000706000000| PB 0x0000000706000000| Untracked |  0
|   3|0x0000000706200000, 0x0000000706200000, 0x0000000706400000|  0%| F|  |TAMS 0x0000000706200000| PB 0x0000000706200000| Untracked |  0
|   4|0x0000000706400000, 0x0000000706400000, 0x0000000706600000|  0%| F|  |TAMS 0x0000000706400000| PB 0x0000000706400000| Untracked |  0
|   5|0x0000000706600000, 0x0000000706600000, 0x0000000706800000|  0%| F|  |TAMS 0x0000000706600000| PB 0x0000000706600000| Untracked |  0
|   6|0x0000000706800000, 0x0000000706800000, 0x0000000706a00000|  0%| F|  |TAMS 0x0000000706800000| PB 0x0000000706800000| Untracked |  0
|   7|0x0000000706a00000, 0x0000000706a00000, 0x0000000706c00000|  0%| F|  |TAMS 0x0000000706a00000| PB 0x0000000706a00000| Untracked |  0
|   8|0x0000000706c00000, 0x0000000706c00000, 0x0000000706e00000|  0%| F|  |TAMS 0x0000000706c00000| PB 0x0000000706c00000| Untracked |  0
|   9|0x0000000706e00000, 0x0000000706e00000, 0x0000000707000000|  0%| F|  |TAMS 0x0000000706e00000| PB 0x0000000706e00000| Untracked |  0
|  10|0x0000000707000000, 0x0000000707000000, 0x0000000707200000|  0%| F|  |TAMS 0x0000000707000000| PB 0x0000000707000000| Untracked |  0
|  11|0x0000000707200000, 0x0000000707200000, 0x0000000707400000|  0%| F|  |TAMS 0x0000000707200000| PB 0x0000000707200000| Untracked |  0
|  12|0x0000000707400000, 0x0000000707400000, 0x0000000707600000|  0%| F|  |TAMS 0x0000000707400000| PB 0x0000000707400000| Untracked |  0
|  13|0x0000000707600000, 0x0000000707600000, 0x0000000707800000|  0%| F|  |TAMS 0x0000000707600000| PB 0x0000000707600000| Untracked |  0
|  14|0x0000000707800000, 0x0000000707800000, 0x0000000707a00000|  0%| F|  |TAMS 0x0000000707800000| PB 0x0000000707800000| Untracked |  0
|  15|0x0000000707a00000, 0x0000000707a00000, 0x0000000707c00000|  0%| F|  |TAMS 0x0000000707a00000| PB 0x0000000707a00000| Untracked |  0
|  16|0x0000000707c00000, 0x0000000707e00000, 0x0000000707e00000|100%|HS|  |TAMS 0x0000000707e00000| PB 0x0000000707c00000| Complete |  0
|  17|0x0000000707e00000, 0x0000000708000000, 0x0000000708000000|100%|HC|  |TAMS 0x0000000708000000| PB 0x0000000707e00000| Complete |  0
|  18|0x0000000708000000, 0x0000000708200000, 0x0000000708200000|100%|HS|  |TAMS 0x0000000708200000| PB 0x0000000708000000| Complete |  0
|  19|0x0000000708200000, 0x0000000708400000, 0x0000000708400000|100%|HC|  |TAMS 0x0000000708400000| PB 0x0000000708200000| Complete |  0
|  20|0x0000000708400000, 0x0000000708600000, 0x0000000708600000|100%| O|  |TAMS 0x0000000708400000| PB 0x0000000708400000| Untracked |  0
|  21|0x0000000708600000, 0x0000000708800000, 0x0000000708800000|100%| O|  |TAMS 0x0000000708600000| PB 0x0000000708600000| Untracked |  0
|  22|0x0000000708800000, 0x0000000708a00000, 0x0000000708a00000|100%| O|  |TAMS 0x0000000708800000| PB 0x0000000708800000| Untracked |  0
|  23|0x0000000708a00000, 0x0000000708c00000, 0x0000000708c00000|100%| O|  |TAMS 0x0000000708a00000| PB 0x0000000708a00000| Untracked |  0
|  24|0x0000000708c00000, 0x0000000708e00000, 0x0000000708e00000|100%| O|  |TAMS 0x0000000708c00000| PB 0x0000000708c00000| Untracked |  0
|  25|0x0000000708e00000, 0x0000000709000000, 0x0000000709000000|100%| O|  |TAMS 0x0000000708e00000| PB 0x0000000708e00000| Untracked |  0
|  26|0x0000000709000000, 0x00000007091a3400, 0x0000000709200000| 81%| O|  |TAMS 0x0000000709000000| PB 0x0000000709000000| Untracked |  0
|  27|0x0000000709200000, 0x0000000709200000, 0x0000000709400000|  0%| F|  |TAMS 0x0000000709200000| PB 0x0000000709200000| Untracked |  0
|  28|0x0000000709400000, 0x0000000709400000, 0x0000000709600000|  0%| F|  |TAMS 0x0000000709400000| PB 0x0000000709400000| Untracked |  0
|  29|0x0000000709600000, 0x0000000709600000, 0x0000000709800000|  0%| F|  |TAMS 0x0000000709600000| PB 0x0000000709600000| Untracked |  0
|  30|0x0000000709800000, 0x0000000709800000, 0x0000000709a00000|  0%| F|  |TAMS 0x0000000709800000| PB 0x0000000709800000| Untracked |  0
|  31|0x0000000709a00000, 0x0000000709a00000, 0x0000000709c00000|  0%| F|  |TAMS 0x0000000709a00000| PB 0x0000000709a00000| Untracked |  0
|  32|0x0000000709c00000, 0x0000000709c00000, 0x0000000709e00000|  0%| F|  |TAMS 0x0000000709c00000| PB 0x0000000709c00000| Untracked |  0
|  33|0x0000000709e00000, 0x0000000709e00000, 0x000000070a000000|  0%| F|  |TAMS 0x0000000709e00000| PB 0x0000000709e00000| Untracked |  0
|  34|0x000000070a000000, 0x000000070a000000, 0x000000070a200000|  0%| F|  |TAMS 0x000000070a000000| PB 0x000000070a000000| Untracked |  0
|  35|0x000000070a200000, 0x000000070a200000, 0x000000070a400000|  0%| F|  |TAMS 0x000000070a200000| PB 0x000000070a200000| Untracked |  0
|  36|0x000000070a400000, 0x000000070a400000, 0x000000070a600000|  0%| F|  |TAMS 0x000000070a400000| PB 0x000000070a400000| Untracked |  0
|  37|0x000000070a600000, 0x000000070a600000, 0x000000070a800000|  0%| F|  |TAMS 0x000000070a600000| PB 0x000000070a600000| Untracked |  0
|  38|0x000000070a800000, 0x000000070a800000, 0x000000070aa00000|  0%| F|  |TAMS 0x000000070a800000| PB 0x000000070a800000| Untracked |  0
|  39|0x000000070aa00000, 0x000000070aa00000, 0x000000070ac00000|  0%| F|  |TAMS 0x000000070aa00000| PB 0x000000070aa00000| Untracked |  0
|  40|0x000000070ac00000, 0x000000070ac00000, 0x000000070ae00000|  0%| F|  |TAMS 0x000000070ac00000| PB 0x000000070ac00000| Untracked |  0
|  41|0x000000070ae00000, 0x000000070ae00000, 0x000000070b000000|  0%| F|  |TAMS 0x000000070ae00000| PB 0x000000070ae00000| Untracked |  0
|  42|0x000000070b000000, 0x000000070b000000, 0x000000070b200000|  0%| F|  |TAMS 0x000000070b000000| PB 0x000000070b000000| Untracked |  0
|  43|0x000000070b200000, 0x000000070b200000, 0x000000070b400000|  0%| F|  |TAMS 0x000000070b200000| PB 0x000000070b200000| Untracked |  0
|  44|0x000000070b400000, 0x000000070b400000, 0x000000070b600000|  0%| F|  |TAMS 0x000000070b400000| PB 0x000000070b400000| Untracked |  0
|  45|0x000000070b600000, 0x000000070b600000, 0x000000070b800000|  0%| F|  |TAMS 0x000000070b600000| PB 0x000000070b600000| Untracked |  0
|  46|0x000000070b800000, 0x000000070b800000, 0x000000070ba00000|  0%| F|  |TAMS 0x000000070b800000| PB 0x000000070b800000| Untracked |  0
|  47|0x000000070ba00000, 0x000000070ba00000, 0x000000070bc00000|  0%| F|  |TAMS 0x000000070ba00000| PB 0x000000070ba00000| Untracked |  0
|  89|0x0000000710e00000, 0x0000000711000000, 0x0000000711000000|100%| S|CS|TAMS 0x0000000710e00000| PB 0x0000000710e00000| Complete |  0
|  90|0x0000000711000000, 0x0000000711200000, 0x0000000711200000|100%| S|CS|TAMS 0x0000000711000000| PB 0x0000000711000000| Complete |  0
|  91|0x0000000711200000, 0x0000000711400000, 0x0000000711400000|100%| S|CS|TAMS 0x0000000711200000| PB 0x0000000711200000| Complete |  0
|  92|0x0000000711400000, 0x0000000711600000, 0x0000000711600000|100%| S|CS|TAMS 0x0000000711400000| PB 0x0000000711400000| Complete |  0
| 125|0x0000000715600000, 0x0000000715700000, 0x0000000715800000| 50%| E|  |TAMS 0x0000000715600000| PB 0x0000000715600000| Complete |  0
|2001|0x00000007ffe00000, 0x00000007fff257b8, 0x0000000800000000| 57%| O|Cm|TAMS 0x00000007fff257b8| PB 0x00000007ffe00000| Updating |  0

Card table byte_map: [0x000001eeb89f0000,0x000001eeb91d0000] _byte_map_base: 0x000001eeb51c2000

Marking Bits: (CMBitMap*) 0x000001ee9ff47100
 Bits: [0x000001eeb91d0000, 0x000001eebd060000)

Polling page: 0x000001ee9dd10000

Metaspace:
Metaspace        used 21680K, committed 21952K, reserved 1114112K
 class space     used 2586K, committed 2688K, reserved 1048576K

Usage:
  Non-class:     18.65 MB used.
      Class:      2.53 MB used.
       Both:     21.17 MB used.

Virtual space:
  Non-class space:       64.00 MB reserved,      18.81 MB ( 29%) committed,  1 nodes.
      Class space:        1.00 GB reserved,       2.62 MB ( <1%) committed,  1 nodes.
             Both:        1.06 GB reserved,      21.44 MB (  2%) committed. 

Chunk freelists:
   Non-Class:  12.42 MB
       Class:  13.25 MB
        Both:  25.67 MB

MaxMetaspaceSize: unlimited
CompressedClassSpaceSize: 1.00 GB
Initial GC threshold: 21.00 MB
Current GC threshold: 35.25 MB
CDS: on
 - commit_granule_bytes: 65536.
 - commit_granule_words: 8192.
 - virtual_space_node_default_size: 8388608.
 - enlarge_chunks_in_place: 1.
UseCompressedClassPointers 1, UseCompactObjectHeaders 0
Narrow klass pointer bits 32, Max shift 3
Narrow klass base: 0x0000000026000000, Narrow klass shift: 0
Encoding Range: [0x0000000026000000 - 0x0000000126000000), (4294967296 bytes)
Klass Range:    [0x0000000026010000 - 0x0000000067000000), (1090453504 bytes)
Klass ID Range:  [65536 - 1090519033) (1090453497)
Protection zone: [0x0000000026000000 - 0x0000000026010000), (65536 bytes)


Internal statistics:

num_allocs_failed_limit: 3.
num_arena_births: 168.
num_arena_deaths: 0.
num_vsnodes_births: 2.
num_vsnodes_deaths: 0.
num_space_committed: 344.
num_space_uncommitted: 0.
num_chunks_returned_to_freelist: 3.
num_chunks_taken_from_freelist: 946.
num_chunk_merges: 3.
num_chunk_splits: 657.
num_chunks_enlarged: 524.
num_inconsistent_stats: 0.

CodeHeap 'non-profiled nmethods': size=119232Kb used=2371Kb max_used=2371Kb free=116860Kb
 bounds [0x000001eeb0300000, 0x000001eeb0570000, 0x000001eeb7770000]
CodeHeap 'profiled nmethods': size=119104Kb used=10239Kb max_used=10239Kb free=108865Kb
 bounds [0x000001eea8770000, 0x000001eea9170000, 0x000001eeafbc0000]
CodeHeap 'non-nmethods': size=7424Kb used=3121Kb max_used=3250Kb free=4302Kb
 bounds [0x000001eeafbc0000, 0x000001eeaff00000, 0x000001eeb0300000]
CodeCache: size=245760Kb, used=15731Kb, max_used=15860Kb, free=230027Kb
 total_blobs=6530, nmethods=5976, adapters=453, full_count=0
Compilation: enabled, stopped_count=0, restarted_count=0

Compilation events (20 events):
Event: 2.335 Thread 0x000001eec577c970 nmethod 5900 0x000001eea9152288 code [0x000001eea9152380, 0x000001eea9152620]
Event: 2.335 Thread 0x000001eebfca9f60 5901       4       java.lang.Character::toString (5 bytes)
Event: 2.336 Thread 0x000001eebfca9f60 nmethod 5901 0x000001eeb0540f88 code [0x000001eeb0541080, 0x000001eeb05412a0]
Event: 2.336 Thread 0x000001eebfcae780 5902       3       java.lang.invoke.LambdaMetafactory::metafactory (71 bytes)
Event: 2.337 Thread 0x000001eec544d7a0 5903       1       jdk.internal.constant.PrimitiveClassDescImpl::isPrimitive (2 bytes)
Event: 2.337 Thread 0x000001eec544d7a0 nmethod 5903 0x000001eeb0541308 code [0x000001eeb0541400, 0x000001eeb05414c8]
Event: 2.337 Thread 0x000001eec041df50 5904       1       java.util.stream.MatchOps$BooleanTerminalSink::cancellationRequested (5 bytes)
Event: 2.337 Thread 0x000001eec041df50 nmethod 5904 0x000001eeb0541608 code [0x000001eeb0541700, 0x000001eeb05417c8]
Event: 2.337 Thread 0x000001eebfcae780 nmethod 5902 0x000001eea9152688 code [0x000001eea9152780, 0x000001eea9153260]
Event: 2.337 Thread 0x000001eec544d7a0 5905   !   3       jdk.internal.loader.BuiltinClassLoader::defineClass (162 bytes)
Event: 2.337 Thread 0x000001eebfcae780 5906       3       java.nio.DirectByteBufferR::slice (5 bytes)
Event: 2.337 Thread 0x000001eec041df50 5907       3       java.nio.DirectByteBufferR::slice (74 bytes)
Event: 2.337 Thread 0x000001eebfcae780 nmethod 5906 0x000001eea9153288 code [0x000001eea9153380, 0x000001eea9153538]
Event: 2.337 Thread 0x000001eebfcae780 5908       3       jdk.internal.loader.BuiltinClassLoader$LoadedModule::codeSourceURL (32 bytes)
Event: 2.337 Thread 0x000001eec041df50 nmethod 5907 0x000001eea9153588 code [0x000001eea9153680, 0x000001eea9153b18]
Event: 2.338 Thread 0x000001eebfcae780 nmethod 5908 0x000001eea9153b88 code [0x000001eea9153c80, 0x000001eea9154018]
Event: 2.338 Thread 0x000001eec5a1d6c0 nmethod 5895 0x000001eeb0541908 code [0x000001eeb0541a00, 0x000001eeb0541ff8]
Event: 2.338 Thread 0x000001eec544d7a0 nmethod 5905 0x000001eea9154088 code [0x000001eea9154180, 0x000001eea9156ba8]
Event: 2.338 Thread 0x000001eec041df50 5909       3       java.nio.file.Files::provider (10 bytes)
Event: 2.339 Thread 0x000001eec041df50 nmethod 5909 0x000001eea9156c08 code [0x000001eea9156d00, 0x000001eea9156f70]

GC Heap Usage History (4 events):
Event: 0.600 {heap Before GC invocations=0 (full 0):
 garbage-first heap   total reserved 4100096K, committed 260096K, used 50325K [0x0000000705c00000, 0x0000000800000000)
  region size 2048K, 24 young (49152K), 0 survivors (0K)
}
Event: 0.603 {heap After GC invocations=1 (full 0):
 garbage-first heap   total reserved 4100096K, committed 260096K, used 5749K [0x0000000705c00000, 0x0000000800000000)
  region size 2048K, 3 young (6144K), 3 survivors (6144K)
}
Event: 1.759 {heap Before GC invocations=1 (full 0):
 garbage-first heap   total reserved 4100096K, committed 260096K, used 116341K [0x0000000705c00000, 0x0000000800000000)
  region size 2048K, 57 young (116736K), 3 survivors (6144K)
}
Event: 1.767 {heap After GC invocations=2 (full 0):
 garbage-first heap   total reserved 4100096K, committed 260096K, used 17034K [0x0000000705c00000, 0x0000000800000000)
  region size 2048K, 8 young (16384K), 8 survivors (16384K)
}

Metaspace Usage History (4 events):
Event: 0.600 {metaspace Before GC invocations=0 (full 0):
 Metaspace       used 9230K, committed 9472K, reserved 1114112K
  class space    used 1142K, committed 1280K, reserved 1048576K
}
Event: 0.603 {metaspace After GC invocations=1 (full 0):
 Metaspace       used 9230K, committed 9472K, reserved 1114112K
  class space    used 1142K, committed 1280K, reserved 1048576K
}
Event: 1.759 {metaspace Before GC invocations=1 (full 0):
 Metaspace       used 16219K, committed 16512K, reserved 1114112K
  class space    used 1911K, committed 2048K, reserved 1048576K
}
Event: 1.767 {metaspace After GC invocations=2 (full 0):
 Metaspace       used 16219K, committed 16512K, reserved 1114112K
  class space    used 1911K, committed 2048K, reserved 1048576K
}

Dll operation events (7 events):
Event: 0.006 Loaded shared library C:\Program Files\Java\jdk-25.0.2\bin\java.dll
Event: 0.027 Loaded shared library C:\Program Files\Java\jdk-25.0.2\bin\net.dll
Event: 0.028 Loaded shared library C:\Program Files\Java\jdk-25.0.2\bin\nio.dll
Event: 0.030 Loaded shared library C:\Program Files\Java\jdk-25.0.2\bin\zip.dll
Event: 0.091 Loaded shared library C:\Users\fersd\apache-maven-3.9.14\lib\jansi-native\Windows\x86_64\jansi.dll
Event: 0.091 Loaded shared library C:\Program Files\Java\jdk-25.0.2\bin\jimage.dll
Event: 0.101 Loaded shared library C:\Program Files\Java\jdk-25.0.2\bin\verify.dll

Deoptimization events (20 events):
Event: 2.323 Thread 0x000001ee9da11070 Uncommon trap: trap_request=0xffffff45 fr.pc=0x000001eeb053a7b0 relative=0x0000000000000230
Event: 2.323 Thread 0x000001ee9da11070 Uncommon trap: reason=unstable_if action=reinterpret pc=0x000001eeb053a7b0 method=jdk.internal.util.ArraysSupport.hashCode([BIII)I @ 1 c2
Event: 2.323 Thread 0x000001ee9da11070 DEOPT PACKING pc=0x000001eeb053a7b0 sp=0x000000d2f93fc870
Event: 2.323 Thread 0x000001ee9da11070 DEOPT UNPACKING pc=0x000001eeafce0002 sp=0x000000d2f93fc7f0 mode 2
Event: 2.326 Thread 0x000001ee9da11070 Uncommon trap: trap_request=0xffffff45 fr.pc=0x000001eeb053f1e4 relative=0x0000000000000164
Event: 2.326 Thread 0x000001ee9da11070 Uncommon trap: reason=unstable_if action=reinterpret pc=0x000001eeb053f1e4 method=jdk.nio.zipfs.ZipFileSystem.getParentOff([B)I @ 21 c2
Event: 2.326 Thread 0x000001ee9da11070 DEOPT PACKING pc=0x000001eeb053f1e4 sp=0x000000d2f93fc860
Event: 2.326 Thread 0x000001ee9da11070 DEOPT UNPACKING pc=0x000001eeafce0002 sp=0x000000d2f93fc7f0 mode 2
Event: 2.336 Thread 0x000001ee9da11070 Uncommon trap: trap_request=0xffffffde fr.pc=0x000001eeb0453ca8 relative=0x00000000000001a8
Event: 2.336 Thread 0x000001ee9da11070 Uncommon trap: reason=class_check action=maybe_recompile pc=0x000001eeb0453ca8 method=java.util.stream.StreamOpFlag.fromCharacteristics(Ljava/util/Spliterator;)I @ 14 c2
Event: 2.336 Thread 0x000001ee9da11070 DEOPT PACKING pc=0x000001eeb0453ca8 sp=0x000000d2f93fd730
Event: 2.336 Thread 0x000001ee9da11070 DEOPT UNPACKING pc=0x000001eeafce0002 sp=0x000000d2f93fd660 mode 2
Event: 2.339 Thread 0x000001ee9da11070 Uncommon trap: trap_request=0xffffff45 fr.pc=0x000001eeb053ee44 relative=0x00000000000002c4
Event: 2.339 Thread 0x000001ee9da11070 Uncommon trap: reason=unstable_if action=reinterpret pc=0x000001eeb053ee44 method=java.util.Arrays.hashCode([B)I @ 1 c2
Event: 2.339 Thread 0x000001ee9da11070 DEOPT PACKING pc=0x000001eeb053ee44 sp=0x000000d2f93fd820
Event: 2.339 Thread 0x000001ee9da11070 DEOPT UNPACKING pc=0x000001eeafce0002 sp=0x000000d2f93fd758 mode 2
Event: 2.339 Thread 0x000001ee9da11070 Uncommon trap: trap_request=0xffffff45 fr.pc=0x000001eeb053a9ec relative=0x00000000000000ec
Event: 2.339 Thread 0x000001ee9da11070 Uncommon trap: reason=unstable_if action=reinterpret pc=0x000001eeb053a9ec method=jdk.nio.zipfs.ZipConstants.pkSigAt([BIII)Z @ 5 c2
Event: 2.339 Thread 0x000001ee9da11070 DEOPT PACKING pc=0x000001eeb053a9ec sp=0x000000d2f93fd5f0
Event: 2.339 Thread 0x000001ee9da11070 DEOPT UNPACKING pc=0x000001eeafce0002 sp=0x000000d2f93fd598 mode 2

Classes loaded (20 events):
Event: 2.330 Loading class java/nio/file/attribute/PosixFileAttributeView
Event: 2.330 Loading class java/nio/file/attribute/FileOwnerAttributeView
Event: 2.330 Loading class java/nio/file/attribute/FileOwnerAttributeView done
Event: 2.330 Loading class java/nio/file/attribute/PosixFileAttributeView done
Event: 2.331 Loading class sun/nio/fs/WindowsAclFileAttributeView
Event: 2.331 Loading class sun/nio/fs/AbstractAclFileAttributeView
Event: 2.331 Loading class java/nio/file/attribute/AclFileAttributeView
Event: 2.331 Loading class java/nio/file/attribute/AclFileAttributeView done
Event: 2.331 Loading class sun/nio/fs/AbstractAclFileAttributeView done
Event: 2.331 Loading class sun/nio/fs/WindowsAclFileAttributeView done
Event: 2.331 Loading class sun/nio/fs/WindowsSecurity
Event: 2.331 Loading class sun/nio/fs/WindowsSecurity done
Event: 2.332 Loading class java/nio/file/ClosedDirectoryStreamException
Event: 2.332 Loading class java/nio/file/ClosedDirectoryStreamException done
Event: 2.332 Loading class java/nio/file/DirectoryIteratorException
Event: 2.332 Loading class java/nio/file/DirectoryIteratorException done
Event: 2.336 Loading class java/util/TreeMap$KeySpliterator
Event: 2.336 Loading class java/util/TreeMap$TreeMapSpliterator
Event: 2.336 Loading class java/util/TreeMap$TreeMapSpliterator done
Event: 2.336 Loading class java/util/TreeMap$KeySpliterator done

Classes unloaded (0 events):
No events

Classes redefined (0 events):
No events

Internal exceptions (20 events):
Event: 0.948 Thread 0x000001ee9da11070 Exception <a 'java/lang/NoSuchMethodError'{0x0000000713e20308}: 'java.lang.Object java.lang.invoke.DirectMethodHandle$Holder.invokeVirtual(java.lang.Object, java.lang.Object, java.lang.Object)'> (0x0000000713e20308) 
thrown [s\open\src\hotspot\share\interpreter\linkResolver.cpp, line 804]
Event: 0.981 Thread 0x000001ee9da11070 Exception <a 'java/lang/NoSuchMethodError'{0x0000000713c428b8}: 'void java.lang.invoke.DirectMethodHandle$Holder.invokeVirtual(java.lang.Object, java.lang.Object, int)'> (0x0000000713c428b8) 
thrown [s\open\src\hotspot\share\interpreter\linkResolver.cpp, line 804]
Event: 0.982 Thread 0x000001ee9da11070 Exception <a 'java/lang/NoSuchMethodError'{0x0000000713c5b6e0}: 'java.lang.Object java.lang.invoke.DirectMethodHandle$Holder.invokeStatic(java.lang.Object, java.lang.Object, java.lang.Object, java.lang.Object, int)'> (0x0000000713c5b6e0) 
thrown [s\open\src\hotspot\share\interpreter\linkResolver.cpp, line 804]
Event: 0.983 Thread 0x000001ee9da11070 Exception <a 'java/lang/NoSuchMethodError'{0x0000000713c6ce10}: 'void java.lang.invoke.DirectMethodHandle$Holder.invokeSpecial(java.lang.Object, java.lang.Object, java.lang.Object, int)'> (0x0000000713c6ce10) 
thrown [s\open\src\hotspot\share\interpreter\linkResolver.cpp, line 804]
Event: 0.983 Thread 0x000001ee9da11070 Exception <a 'java/lang/NoSuchMethodError'{0x0000000713c751a8}: 'void java.lang.invoke.DelegatingMethodHandle$Holder.reinvoke_L(java.lang.Object, java.lang.Object, int)'> (0x0000000713c751a8) 
thrown [s\open\src\hotspot\share\interpreter\linkResolver.cpp, line 804]
Event: 1.261 Thread 0x000001ee9da11070 Implicit null exception at 0x000001eeb044de87 to 0x000001eeb044e954
Event: 1.261 Thread 0x000001ee9da11070 Implicit null exception at 0x000001eeb040104d to 0x000001eeb040125c
Event: 1.261 Thread 0x000001ee9da11070 Implicit null exception at 0x000001eeb0419039 to 0x000001eeb0419600
Event: 1.262 Thread 0x000001ee9da11070 Exception <a 'java/lang/NoSuchMethodError'{0x0000000711ccc370}: 'void java.lang.invoke.DirectMethodHandle$Holder.invokeStatic(java.lang.Object, java.lang.Object, java.lang.Object, java.lang.Object)'> (0x0000000711ccc370) 
thrown [s\open\src\hotspot\share\interpreter\linkResolver.cpp, line 804]
Event: 1.845 Thread 0x000001ee9da11070 Implicit null exception at 0x000001eeb039c39d to 0x000001eeb039c415
Event: 1.960 Thread 0x000001ee9da11070 Exception <a 'java/lang/NoSuchMethodError'{0x000000071443b860}: 'java.lang.Object java.lang.invoke.DirectMethodHandle$Holder.newInvokeSpecial(java.lang.Object, java.lang.Object, java.lang.Object, java.lang.Object, java.lang.Object, java.lang.Object, java.lang.Object)'> (0x000000071443b860) 
thrown [s\open\src\hotspot\share\interpreter\linkResolver.cpp, line 804]
Event: 1.962 Thread 0x000001ee9da11070 Implicit null exception at 0x000001eeb04e25c2 to 0x000001eeb04e4374
Event: 2.034 Thread 0x000001ee9da11070 Implicit null exception at 0x000001eeb04be3b5 to 0x000001eeb04be870
Event: 2.038 Thread 0x000001ee9da11070 Exception <a 'java/lang/NoSuchMethodError'{0x0000000713a17cf0}: 'int java.lang.invoke.DirectMethodHandle$Holder.invokeVirtual(java.lang.Object, java.lang.Object)'> (0x0000000713a17cf0) 
thrown [s\open\src\hotspot\share\interpreter\linkResolver.cpp, line 804]
Event: 2.050 Thread 0x000001ee9da11070 Exception <a 'java/lang/NoSuchMethodError'{0x0000000713b438c8}: 'void java.lang.invoke.Invokers$Holder.invokeExact_MT(java.lang.Object, java.lang.Object, int, java.lang.Object)'> (0x0000000713b438c8) 
thrown [s\open\src\hotspot\share\interpreter\linkResolver.cpp, line 804]
Event: 2.189 Thread 0x000001ee9da11070 Exception <a 'java/lang/IncompatibleClassChangeError'{0x0000000712a71608}: Found class java.lang.Object, but interface was expected> (0x0000000712a71608) 
thrown [s\open\src\hotspot\share\interpreter\linkResolver.cpp, line 871]
Event: 2.190 Thread 0x000001ee9da11070 Exception <a 'java/lang/NoSuchMethodError'{0x0000000712a80ba0}: 'void java.lang.invoke.DirectMethodHandle$Holder.invokeInterface(java.lang.Object, java.lang.Object, java.lang.Object)'> (0x0000000712a80ba0) 
thrown [s\open\src\hotspot\share\interpreter\linkResolver.cpp, line 804]
Event: 2.232 Thread 0x000001ee9da11070 Exception <a 'java/lang/NoSuchMethodError'{0x0000000712839440}: 'int java.lang.invoke.DirectMethodHandle$Holder.invokeInterface(java.lang.Object, java.lang.Object)'> (0x0000000712839440) 
thrown [s\open\src\hotspot\share\interpreter\linkResolver.cpp, line 804]
Event: 2.303 Thread 0x000001ee9da11070 Exception <a 'java/lang/NoSuchMethodError'{0x00000007123760b8}: 'int java.lang.invoke.DirectMethodHandle$Holder.invokeVirtual(java.lang.Object, java.lang.Object, java.lang.Object)'> (0x00000007123760b8) 
thrown [s\open\src\hotspot\share\interpreter\linkResolver.cpp, line 804]
Event: 2.339 Thread 0x000001ee9da11070 Implicit null exception at 0x000001eeb053ebfe to 0x000001eeb053ee2c

VM Operations (20 events):
Event: 1.759 Executing safepoint VM operation: G1CollectForAllocation (G1 Evacuation Pause)
Event: 1.767 Executing safepoint VM operation: G1CollectForAllocation (G1 Evacuation Pause) done
Event: 2.049 Executing non-safepoint VM operation: HandshakeAllThreads (Deoptimize)
Event: 2.049 Executing non-safepoint VM operation: HandshakeAllThreads (Deoptimize) done
Event: 2.206 Executing non-safepoint VM operation: HandshakeAllThreads (Deoptimize)
Event: 2.206 Executing non-safepoint VM operation: HandshakeAllThreads (Deoptimize) done
Event: 2.230 Executing non-safepoint VM operation: HandshakeAllThreads (Deoptimize)
Event: 2.230 Executing non-safepoint VM operation: HandshakeAllThreads (Deoptimize) done
Event: 2.235 Executing non-safepoint VM operation: HandshakeAllThreads (Deoptimize)
Event: 2.235 Executing non-safepoint VM operation: HandshakeAllThreads (Deoptimize) done
Event: 2.307 Executing non-safepoint VM operation: HandshakeAllThreads (Deoptimize)
Event: 2.307 Executing non-safepoint VM operation: HandshakeAllThreads (Deoptimize) done
Event: 2.308 Executing non-safepoint VM operation: HandshakeAllThreads (Deoptimize)
Event: 2.309 Executing non-safepoint VM operation: HandshakeAllThreads (Deoptimize) done
Event: 2.329 Executing non-safepoint VM operation: HandshakeAllThreads (Deoptimize)
Event: 2.329 Executing non-safepoint VM operation: HandshakeAllThreads (Deoptimize) done
Event: 2.330 Executing non-safepoint VM operation: HandshakeAllThreads (Deoptimize)
Event: 2.330 Executing non-safepoint VM operation: HandshakeAllThreads (Deoptimize) done
Event: 2.332 Executing non-safepoint VM operation: HandshakeAllThreads (Deoptimize)
Event: 2.332 Executing non-safepoint VM operation: HandshakeAllThreads (Deoptimize) done

Memory protections (0 events):
No events

Nmethod flushes (0 events):
No events

Events (20 events):
Event: 0.020 Thread 0x000001ee9da11070 Thread added: 0x000001eebfca9f60
Event: 0.020 Thread 0x000001ee9da11070 Thread added: 0x000001eebfcae780
Event: 0.023 Thread 0x000001eebfca9f60 Thread added: 0x000001eec041df50
Event: 0.025 Thread 0x000001ee9da11070 Thread added: 0x000001eec0484fa0
Event: 0.026 Thread 0x000001ee9da11070 Thread added: 0x000001eec0486940
Event: 0.053 Thread 0x000001eebfca9f60 Thread added: 0x000001eec056bab0
Event: 0.090 Thread 0x000001ee9da11070 Thread added: 0x000001eec50d7850
Event: 0.097 Thread 0x000001eec50d7850 Thread exited: 0x000001eec50d7850
Event: 0.151 Thread 0x000001eec041df50 Thread added: 0x000001eec544d7a0
Event: 0.159 Thread 0x000001eec041df50 Thread added: 0x000001eec577c970
Event: 0.280 Thread 0x000001eec056bab0 Thread added: 0x000001eec58d27a0
Event: 0.285 Thread 0x000001eec041df50 Thread added: 0x000001eec5988500
Event: 0.285 Thread 0x000001eec041df50 Thread added: 0x000001eec5a1d6c0
Event: 0.289 Thread 0x000001eec577c970 Thread added: 0x000001eec5a1ded0
Event: 0.289 Thread 0x000001eec577c970 Thread added: 0x000001eec5a1e6e0
Event: 0.290 Thread 0x000001eec577c970 Thread added: 0x000001eec5a1eef0
Event: 0.886 Thread 0x000001ee9da11070 Thread added: 0x000001eec6799bc0
Event: 1.752 Thread 0x000001eec5a1eef0 Thread exited: 0x000001eec5a1eef0
Event: 1.992 Thread 0x000001eec5a1e6e0 Thread exited: 0x000001eec5a1e6e0
Event: 2.269 Thread 0x000001eec5a1ded0 Thread exited: 0x000001eec5a1ded0


Dynamic libraries:
0x00007ff6159e0000 - 0x00007ff6159f0000 	C:\Program Files\Java\jdk-25.0.2\bin\java.exe
0x00007ffc21b60000 - 0x00007ffc21dc7000 	C:\WINDOWS\SYSTEM32\ntdll.dll
0x00007ffc20340000 - 0x00007ffc20409000 	C:\WINDOWS\System32\KERNEL32.DLL
0x00007ffc1e650000 - 0x00007ffc1ea44000 	C:\WINDOWS\System32\KERNELBASE.dll
0x00007ffc1f570000 - 0x00007ffc1f6bb000 	C:\WINDOWS\System32\ucrtbase.dll
0x00007ffc0d460000 - 0x00007ffc0d477000 	C:\Program Files\Java\jdk-25.0.2\bin\jli.dll
0x00007ffc0cfc0000 - 0x00007ffc0cfde000 	C:\Program Files\Java\jdk-25.0.2\bin\VCRUNTIME140.dll
0x00007ffc21070000 - 0x00007ffc21235000 	C:\WINDOWS\System32\USER32.dll
0x00007ffbff150000 - 0x00007ffbff3e3000 	C:\WINDOWS\WinSxS\amd64_microsoft.windows.common-controls_6595b64144ccf1df_6.0.26100.8115_none_3e075c82e3354f9c\COMCTL32.dll
0x00007ffc1e620000 - 0x00007ffc1e647000 	C:\WINDOWS\System32\win32u.dll
0x00007ffc20000000 - 0x00007ffc200a9000 	C:\WINDOWS\System32\msvcrt.dll
0x00007ffc20210000 - 0x00007ffc2023b000 	C:\WINDOWS\System32\GDI32.dll
0x00007ffc1e430000 - 0x00007ffc1e55b000 	C:\WINDOWS\System32\gdi32full.dll
0x00007ffc1f840000 - 0x00007ffc1f8e3000 	C:\WINDOWS\System32\msvcp_win.dll
0x00007ffc20db0000 - 0x00007ffc20de2000 	C:\WINDOWS\System32\IMM32.DLL
0x00007ffc0d350000 - 0x00007ffc0d35c000 	C:\Program Files\Java\jdk-25.0.2\bin\vcruntime140_1.dll
0x00007ffb9f9c0000 - 0x00007ffb9fa4d000 	C:\Program Files\Java\jdk-25.0.2\bin\msvcp140.dll
0x00007ffb3b230000 - 0x00007ffb3c08f000 	C:\Program Files\Java\jdk-25.0.2\bin\server\jvm.dll
0x00007ffc20bb0000 - 0x00007ffc20c66000 	C:\WINDOWS\System32\ADVAPI32.dll
0x00007ffc1ff00000 - 0x00007ffc1ffa7000 	C:\WINDOWS\System32\sechost.dll
0x00007ffc21470000 - 0x00007ffc21588000 	C:\WINDOWS\System32\RPCRT4.dll
0x00007ffc20df0000 - 0x00007ffc20e70000 	C:\WINDOWS\System32\WS2_32.dll
0x00007ffc143b0000 - 0x00007ffc143e6000 	C:\WINDOWS\SYSTEM32\WINMM.dll
0x00007ffc1e290000 - 0x00007ffc1e2ee000 	C:\WINDOWS\SYSTEM32\POWRPROF.dll
0x00007ffc0a790000 - 0x00007ffc0a79b000 	C:\WINDOWS\SYSTEM32\VERSION.dll
0x00007ffc1e270000 - 0x00007ffc1e284000 	C:\WINDOWS\SYSTEM32\UMPDC.dll
0x00007ffc1d180000 - 0x00007ffc1d19b000 	C:\WINDOWS\SYSTEM32\kernel.appcore.dll
0x00007ffc0cf20000 - 0x00007ffc0cf2a000 	C:\Program Files\Java\jdk-25.0.2\bin\jimage.dll
0x00007ffc1c160000 - 0x00007ffc1c3a2000 	C:\WINDOWS\SYSTEM32\DBGHELP.DLL
0x00007ffc1faf0000 - 0x00007ffc1fe72000 	C:\WINDOWS\System32\combase.dll
0x00007ffc20c70000 - 0x00007ffc20d48000 	C:\WINDOWS\System32\OLEAUT32.dll
0x00007ffbff780000 - 0x00007ffbff7bb000 	C:\WINDOWS\SYSTEM32\dbgcore.DLL
0x00007ffc1ebc0000 - 0x00007ffc1ec65000 	C:\WINDOWS\System32\bcryptPrimitives.dll
0x00007ffc041f0000 - 0x00007ffc0420f000 	C:\Program Files\Java\jdk-25.0.2\bin\java.dll
0x00007ffc21240000 - 0x00007ffc213d7000 	C:\WINDOWS\System32\ole32.dll
0x00007ffc20410000 - 0x00007ffc20b77000 	C:\WINDOWS\System32\SHELL32.dll
0x00007ffc1ea50000 - 0x00007ffc1ebba000 	C:\WINDOWS\System32\wintypes.dll
0x00007ffc1ed00000 - 0x00007ffc1f568000 	C:\WINDOWS\System32\windows.storage.dll
0x00007ffc20240000 - 0x00007ffc20338000 	C:\WINDOWS\System32\SHCORE.dll
0x00007ffc1f8f0000 - 0x00007ffc1f956000 	C:\WINDOWS\System32\shlwapi.dll
0x00007ffc1e350000 - 0x00007ffc1e379000 	C:\WINDOWS\SYSTEM32\profapi.dll
0x00007ffc03f90000 - 0x00007ffc03fa2000 	C:\Program Files\Java\jdk-25.0.2\bin\net.dll
0x00007ffc1d6d0000 - 0x00007ffc1d73c000 	C:\WINDOWS\system32\mswsock.dll
0x00007ffc03960000 - 0x00007ffc03976000 	C:\Program Files\Java\jdk-25.0.2\bin\nio.dll
0x00007ffc03420000 - 0x00007ffc03437000 	C:\Program Files\Java\jdk-25.0.2\bin\zip.dll
0x00007ffba3ea0000 - 0x00007ffba3ec4000 	C:\Users\fersd\apache-maven-3.9.14\lib\jansi-native\Windows\x86_64\jansi.dll
0x00007ffc0cf10000 - 0x00007ffc0cf20000 	C:\Program Files\Java\jdk-25.0.2\bin\verify.dll

JVMTI agents: none

dbghelp: loaded successfully - version: 4.0.5 - missing functions: none
symbol engine: initialized successfully - sym options: 0x614 - pdb path: .;C:\Program Files\Java\jdk-25.0.2\bin;C:\WINDOWS\SYSTEM32;C:\WINDOWS\WinSxS\amd64_microsoft.windows.common-controls_6595b64144ccf1df_6.0.26100.8115_none_3e075c82e3354f9c;C:\Program Files\Java\jdk-25.0.2\bin\server;C:\Users\fersd\apache-maven-3.9.14\lib\jansi-native\Windows\x86_64

VM Arguments:
jvm_args: --enable-native-access=ALL-UNNAMED -Dclassworlds.conf=C:\Users\fersd\apache-maven-3.9.14\bin\m2.conf -Dmaven.home=C:\Users\fersd\apache-maven-3.9.14 -Dlibrary.jansi.path=C:\Users\fersd\apache-maven-3.9.14\lib\jansi-native -Dmaven.multiModuleProjectDirectory=C:\Users\fersd\projet-etudiants\grading-service 
java_command: org.codehaus.plexus.classworlds.launcher.Launcher spring-boot:run
java_class_path (initial): C:\Users\fersd\apache-maven-3.9.14\boot\plexus-classworlds-2.9.0.jar
Launcher Type: SUN_STANDARD

[Global flags]
     intx CICompilerCount                          = 12                                        {product} {ergonomic}
     uint ConcGCThreads                            = 4                                         {product} {ergonomic}
     uint G1ConcRefinementThreads                  = 15                                        {product} {ergonomic}
   size_t G1HeapRegionSize                         = 2097152                                   {product} {ergonomic}
   size_t InitialHeapSize                          = 264241152                                 {product} {ergonomic}
   size_t MarkStackSize                            = 4194304                                   {product} {ergonomic}
   size_t MarkStackSizeMax                         = 536870912                                 {product} {ergonomic}
   size_t MaxHeapSize                              = 4198498304                                {product} {ergonomic}
   size_t MaxNewSize                               = 2518679552                                {product} {ergonomic}
   size_t MinHeapDeltaBytes                        = 2097152                                   {product} {ergonomic}
   size_t MinHeapSize                              = 8388608                                   {product} {ergonomic}
    uintx NonNMethodCodeHeapSize                   = 7602176                                {pd product} {ergonomic}
    uintx NonProfiledCodeHeapSize                  = 122093568                              {pd product} {ergonomic}
    uintx ProfiledCodeHeapSize                     = 121962496                              {pd product} {ergonomic}
    uintx ReservedCodeCacheSize                    = 251658240                              {pd product} {ergonomic}
     bool SegmentedCodeCache                       = true                                      {product} {ergonomic}
   size_t SoftMaxHeapSize                          = 4198498304                             {manageable} {ergonomic}
     bool UseCompressedOops                        = true                           {product lp64_product} {ergonomic}
     bool UseG1GC                                  = true                                      {product} {ergonomic}
     bool UseLargePagesIndividualAllocation        = false                                  {pd product} {ergonomic}

Logging:
Log output configuration:
 #0: stdout all=warning uptime,level,tags foldmultilines=false
 #1: stderr all=off uptime,level,tags foldmultilines=false

Release file:
IMPLEMENTOR="Oracle Corporation" 
JAVA_RUNTIME_VERSION="25.0.2+10-LTS-69" 
JAVA_VERSION="25.0.2" 
JAVA_VERSION_DATE="2026-01-20" 
LIBC="default" 
MODULES="java.base java.compiler java.datatransfer java.xml java.prefs java.desktop java.instrument java.logging java.management java.security.sasl java.naming java.rmi java.management.rmi java.net.http java.scripting java.security.jgss java.transaction.xa java.sql java.sql.rowset java.xml.crypto java.se java.smartcardio jdk.accessibility jdk.internal.jvmstat jdk.attach jdk.charsets jdk.internal.opt jdk.zipfs jdk.compiler jdk.crypto.cryptoki jdk.crypto.ec jdk.crypto.mscapi jdk.dynalink jdk.internal.ed jdk.editpad jdk.internal.vm.ci jdk.graal.compiler jdk.graal.compiler.management jdk.hotspot.agent jdk.httpserver jdk.incubator.vector jdk.internal.le jdk.internal.md jdk.jartool jdk.javadoc jdk.jcmd jdk.management jdk.management.agent jdk.jconsole jdk.jdeps jdk.jdwp.agent jdk.jdi jdk.jfr jdk.jlink jdk.jpackage jdk.jshell jdk.jsobject jdk.jstatd jdk.localedata jdk.management.jfr jdk.naming.dns jdk.naming.rmi jdk.net jdk.nio.mapmode jdk.sctp jdk.security.auth jdk.security.jgss jdk.unsupported jdk.unsupported.desktop jdk.xml.dom" 
OS_ARCH="x86_64" 
OS_NAME="Windows" 
SOURCE=".:git:b75efb40c93a open:git:405a5699ebd0" 

Environment Variables:
PATH=C:\Program Files\Common Files\Oracle\Java\javapath;C:\Program Files\Eclipse Adoptium\jdk-25.0.2.10-hotspot\bin;C:\Program Files (x86)\VMware\VMware Workstation\bin\;C:\WINDOWS\system32;C:\WINDOWS;C:\WINDOWS\System32\Wbem;C:\WINDOWS\System32\WindowsPowerShell\v1.0\;C:\WINDOWS\System32\OpenSSH\;C:\Program Files\Git\cmd;C:\Program Files\TortoiseGit\bin;C:\Users\fersd\AppData\Local\nvm;C:\Program Files\nodejs;C:\Program Files\PuTTY\;C:\Program Files\Docker\Docker\resources\bin;C:\Users\fersd\AppData\Local\Python\pythoncore-3.14-64\Scripts;;C:\Users\fersd\AppData\Local\nvm;C:\Program Files\nodejs;C:\Program Files\PowerShell\7\;C:\Program Files\PostgreSQL\18\bin;E:\DevOps\Antigravity\bin;C:\Users\fersd\AppData\Local\Programs\Microsoft VS Code\bin;C:\Users\fersd\apache-maven-3.9.14\bin;E:\DevOps\fullstack\flutter\bin;C:\kubectl;C:\Program Files\nodejs\;C:\Users\fersd\AppData\Local\Programs\Python\Launcher\;C:\Program Files\PostgreSQL\18\bin;C:\Users\fersd\AppData\Local\Programs\Microsoft VS Code\bin;C:\Users\fersd\apache-maven-3.9.14\bin;E:\DevOps\fullstack\flutter\bin;C:\kubectl;C:\Users\fersd\AppData\Local\Python\bin;C:\Users\fersd\AppData\Roaming\npm
USERNAME=fersd
OS=Windows_NT
PROCESSOR_IDENTIFIER=Intel64 Family 6 Model 186 Stepping 2, GenuineIntel
TMP=C:\Users\fersd\AppData\Local\Temp
TEMP=C:\Users\fersd\AppData\Local\Temp




Compilation memory statistics disabled.

Periodic native trim disabled

---------------  S Y S T E M  ---------------

OS:
 Windows 11 , 64 bit Build 26100 (10.0.26100.8246)
OS uptime: 3 days 23:49 hours
Hyper-V role detected

CPU: total 20 (initial active 20) (10 cores per cpu, 2 threads per core) family 6 model 186 stepping 2 microcode 0x410e, cx8, cmov, fxsr, ht, mmx, 3dnowpref, sse, sse2, sse3, ssse3, sse4.1, sse4.2, popcnt, lzcnt, tsc, tscinvbit, avx, avx2, aes, erms, clmul, bmi1, bmi2, adx, sha, fma, vzeroupper, clflush, clflushopt, clwb, hv, serialize, rdtscp, rdpid, fsrm, gfni, f16c, cet_ibt, cet_ss
Processor Information for processor 0
  Max Mhz: 2600, Current Mhz: 2600, Mhz Limit: 2600
Processor Information for processor 1
  Max Mhz: 2600, Current Mhz: 2600, Mhz Limit: 2600
Processor Information for processor 2
  Max Mhz: 2600, Current Mhz: 2600, Mhz Limit: 2600
Processor Information for processor 3
  Max Mhz: 2600, Current Mhz: 2600, Mhz Limit: 2600
Processor Information for processor 4
  Max Mhz: 2600, Current Mhz: 2600, Mhz Limit: 2600
Processor Information for processor 5
  Max Mhz: 2600, Current Mhz: 2600, Mhz Limit: 2600
Processor Information for processor 6
  Max Mhz: 2600, Current Mhz: 2600, Mhz Limit: 2600
Processor Information for processor 7
  Max Mhz: 2600, Current Mhz: 2600, Mhz Limit: 2600
Processor Information for processor 8
  Max Mhz: 2600, Current Mhz: 2600, Mhz Limit: 2600
Processor Information for processor 9
  Max Mhz: 2600, Current Mhz: 2600, Mhz Limit: 2600
Processor Information for processor 10
  Max Mhz: 2600, Current Mhz: 2600, Mhz Limit: 2600
Processor Information for processor 11
  Max Mhz: 2600, Current Mhz: 2600, Mhz Limit: 2600
Processor Information for processor 12
  Max Mhz: 2600, Current Mhz: 2600, Mhz Limit: 2600
Processor Information for processor 13
  Max Mhz: 2600, Current Mhz: 2600, Mhz Limit: 2600
Processor Information for processor 14
  Max Mhz: 2600, Current Mhz: 1505, Mhz Limit: 2600
Processor Information for processor 15
  Max Mhz: 2600, Current Mhz: 1505, Mhz Limit: 2600
Processor Information for processor 16
  Max Mhz: 2600, Current Mhz: 1505, Mhz Limit: 2600
Processor Information for processor 17
  Max Mhz: 2600, Current Mhz: 1505, Mhz Limit: 2600
Processor Information for processor 18
  Max Mhz: 2600, Current Mhz: 1505, Mhz Limit: 2600
Processor Information for processor 19
  Max Mhz: 2600, Current Mhz: 2600, Mhz Limit: 2600

Memory: 4k page, system-wide physical 16008M (1604M free)
TotalPageFile size 34383M (AvailPageFile size 154M)
current process WorkingSet (physical memory assigned to process): 206M, peak: 302M
current process commit charge ("private bytes"): 302M, peak: 452M

vm_info: Java HotSpot(TM) 64-Bit Server VM (25.0.2+10-LTS-69) for windows-amd64 JRE (25.0.2+10-LTS-69), built on 2025-12-18T11:36:35Z with MS VC++ 17.13 (VS2022)

END.
