#
# There is insufficient memory for the Java Runtime Environment to continue.
# Native memory allocation (malloc) failed to allocate 1307696 bytes. Error detail: Chunk::new
# Possible reasons:
#   The system is out of physical RAM or swap space
#   This process is running with CompressedOops enabled, and the Java Heap may be blocking the growth of the native heap
# Possible solutions:
#   Reduce memory load on the system
#   Increase physical memory or swap space
#   Check if swap backing store is full
#   Decrease Java heap size (-Xmx/-Xms)
#   Decrease number of Java threads
#   Decrease Java thread stack sizes (-Xss)
#   Set larger code cache with -XX:ReservedCodeCacheSize=
#   JVM is running with Unscaled Compressed Oops mode in which the Java heap is
#     placed in the first 4GB address space. The Java Heap base address is the
#     maximum limit for the native heap growth. Please use -XX:HeapBaseMinAddress
#     to set the Java Heap base and to place the Java Heap above 4GB virtual address.
# This output file may be truncated or incomplete.
#
#  Out of Memory Error (arena.cpp:168), pid=5336, tid=11632
#
# JRE version: OpenJDK Runtime Environment Temurin-21.0.10+7 (21.0.10+7) (build 21.0.10+7-LTS)
# Java VM: OpenJDK 64-Bit Server VM Temurin-21.0.10+7 (21.0.10+7-LTS, mixed mode, sharing, tiered, compressed oops, compressed class ptrs, parallel gc, windows-amd64)
# No core dump will be written. Minidumps are not enabled by default on client versions of Windows
#

---------------  S U M M A R Y ------------

Command Line: --add-modules=ALL-SYSTEM --add-opens=java.base/java.util=ALL-UNNAMED --add-opens=java.base/java.lang=ALL-UNNAMED --add-opens=java.base/sun.nio.fs=ALL-UNNAMED -Declipse.application=org.eclipse.jdt.ls.core.id1 -Dosgi.bundles.defaultStartLevel=4 -Declipse.product=org.eclipse.jdt.ls.core.product -Djava.import.generatesMetadataFilesAtProjectRoot=false -DDetectVMInstallationsJob.disabled=true -Dfile.encoding=utf8 -XX:+UseParallelGC -XX:GCTimeRatio=4 -XX:AdaptiveSizePolicyWeight=90 -Dsun.zip.disableMemoryMapping=true -Xmx2G -Xms100m -Xlog:disable -javaagent:c:\Users\fersd\.vscode\extensions\redhat.java-1.54.0-win32-x64\lombok\lombok-1.18.39-4050.jar -XX:+HeapDumpOnOutOfMemoryError -XX:HeapDumpPath=c:\Users\fersd\AppData\Roaming\Code\User\workspaceStorage\e7a5fce1c07637243827d322c0b3266d\redhat.java -Daether.dependencyCollector.impl=bf c:\Users\fersd\.vscode\extensions\redhat.java-1.54.0-win32-x64\server\plugins\org.eclipse.equinox.launcher_1.7.100.v20251111-0406.jar -configuration c:\Users\fersd\AppData\Roaming\Code\User\globalStorage\redhat.java\1.54.0\config_win -data c:\Users\fersd\AppData\Roaming\Code\User\workspaceStorage\e7a5fce1c07637243827d322c0b3266d\redhat.java\jdt_ws --pipe=\\.\pipe\lsp-dd3782dd87c39320ce24e535d5a4eab2-sock

Host: 13th Gen Intel(R) Core(TM) i9-13900H, 20 cores, 15G,  Windows 11 , 64 bit Build 26100 (10.0.26100.8246)
Time: Tue Apr 21 20:21:39 2026 Afr. centrale Ouest elapsed time: 13147.370260 seconds (0d 3h 39m 7s)

---------------  T H R E A D  ---------------

Current thread (0x0000020965333e20):  JavaThread "C2 CompilerThread0" daemon [_thread_in_native, id=11632, stack(0x0000008448600000,0x0000008448700000) (1024K)]


Current CompileTask:
C2:13147370 21191   !   4       java.io.ObjectOutputStream::writeObject0 (620 bytes)

Stack: [0x0000008448600000,0x0000008448700000]
Native frames: (J=compiled Java code, j=interpreted, Vv=VM code, C=native code)
V  [jvm.dll+0x6d7a39]
V  [jvm.dll+0x8b4b26]
V  [jvm.dll+0x8b70de]
V  [jvm.dll+0x8b77c3]
V  [jvm.dll+0x284346]
V  [jvm.dll+0xc66ed]
V  [jvm.dll+0xc6c31]
V  [jvm.dll+0x3bec01]
V  [jvm.dll+0x38b162]
V  [jvm.dll+0x38a5aa]
V  [jvm.dll+0x24c560]
V  [jvm.dll+0x24bb40]
V  [jvm.dll+0x1cb34e]
V  [jvm.dll+0x25b85d]
V  [jvm.dll+0x259dea]
V  [jvm.dll+0x3f857e]
V  [jvm.dll+0x85f59d]
V  [jvm.dll+0x6d626d]
C  [ucrtbase.dll+0x37b0]
C  [KERNEL32.DLL+0x2e8d7]
C  [ntdll.dll+0x8c3fc]


---------------  P R O C E S S  ---------------

Threads class SMR info:
_java_thread_list=0x000002096c8cbb80, length=65, elements={
0x000002090c58e7a0, 0x00000209641e9390, 0x000002090c61cde0, 0x00000209641f0160,
0x00000209641f52a0, 0x00000209641f3ef0, 0x00000209641f31d0, 0x0000020965333e20,
0x00000209653378c0, 0x00000209641f4580, 0x00000209641f4c10, 0x00000209641f3860,
0x00000209641f2b40, 0x00000209641f1e20, 0x00000209641f24b0, 0x000002096c5d17e0,
0x000002096c5d1150, 0x000002096c5d38b0, 0x000002096c5d2b90, 0x000002096c5d3f40,
0x000002096c5d5980, 0x000002096c5d80e0, 0x000002096c5d6010, 0x000002096c5d73c0,
0x000002096c5d6d30, 0x000002096c5d4c60, 0x000002096c5d7a50, 0x000002096c5d66a0,
0x000002096c5d8770, 0x000002096ef5e670, 0x000002096ef5b880, 0x000002096ef5bf10,
0x000002096ef5ed00, 0x000002096ef5d950, 0x000002096ef5d2c0, 0x000002096ef5f390,
0x000002096ef5dfe0, 0x000002096ef5fa20, 0x000002096ef5c5a0, 0x000002096ef5cc30,
0x000002096ef61460, 0x000002096ef60dd0, 0x000002096ef600b0, 0x000002096ef60740,
0x000002096de5e5a0, 0x000002096c14b120, 0x000002097302d340, 0x000002097302c620,
0x000002096ca29350, 0x000002096ca28630, 0x000002096ca26bf0, 0x000002096ca27fa0,
0x0000020971018fb0, 0x000002096ca2db80, 0x000002096ca2e210, 0x000002096c143b00,
0x000002096c144eb0, 0x000002096c144820, 0x000002096c146f80, 0x000002096c145bd0,
0x000002096c1468f0, 0x000002096c144190, 0x000002097101a420, 0x000002096de61390,
0x0000020971018210
}

Java Threads: ( => current thread )
  0x000002090c58e7a0 JavaThread "main"                              [_thread_blocked, id=4004, stack(0x0000008447c00000,0x0000008447d00000) (1024K)]
  0x00000209641e9390 JavaThread "Reference Handler"          daemon [_thread_blocked, id=31584, stack(0x0000008448000000,0x0000008448100000) (1024K)]
  0x000002090c61cde0 JavaThread "Finalizer"                  daemon [_thread_blocked, id=18288, stack(0x0000008448100000,0x0000008448200000) (1024K)]
  0x00000209641f0160 JavaThread "Signal Dispatcher"          daemon [_thread_blocked, id=15168, stack(0x0000008448200000,0x0000008448300000) (1024K)]
  0x00000209641f52a0 JavaThread "Attach Listener"            daemon [_thread_blocked, id=17460, stack(0x0000008448300000,0x0000008448400000) (1024K)]
  0x00000209641f3ef0 JavaThread "Service Thread"             daemon [_thread_blocked, id=18512, stack(0x0000008448400000,0x0000008448500000) (1024K)]
  0x00000209641f31d0 JavaThread "Monitor Deflation Thread"   daemon [_thread_blocked, id=22312, stack(0x0000008448500000,0x0000008448600000) (1024K)]
=>0x0000020965333e20 JavaThread "C2 CompilerThread0"         daemon [_thread_in_native, id=11632, stack(0x0000008448600000,0x0000008448700000) (1024K)]
  0x00000209653378c0 JavaThread "C1 CompilerThread0"         daemon [_thread_in_native, id=12404, stack(0x0000008448700000,0x0000008448800000) (1024K)]
  0x00000209641f4580 JavaThread "Common-Cleaner"             daemon [_thread_blocked, id=2400, stack(0x0000008448c00000,0x0000008448d00000) (1024K)]
  0x00000209641f4c10 JavaThread "Notification Thread"        daemon [_thread_blocked, id=28600, stack(0x0000008448e00000,0x0000008448f00000) (1024K)]
  0x00000209641f3860 JavaThread "Active Thread: Equinox Container: 489444ac-9321-4f0e-b5e0-1bbe01894a8c"        [_thread_blocked, id=13972, stack(0x0000008449700000,0x0000008449800000) (1024K)]
  0x00000209641f2b40 JavaThread "Refresh Thread: Equinox Container: 489444ac-9321-4f0e-b5e0-1bbe01894a8c" daemon [_thread_blocked, id=25024, stack(0x0000008449900000,0x0000008449a00000) (1024K)]
  0x00000209641f1e20 JavaThread "Framework Event Dispatcher: Equinox Container: 489444ac-9321-4f0e-b5e0-1bbe01894a8c" daemon [_thread_blocked, id=8504, stack(0x0000008449a00000,0x0000008449b00000) (1024K)]
  0x00000209641f24b0 JavaThread "Start Level: Equinox Container: 489444ac-9321-4f0e-b5e0-1bbe01894a8c" daemon [_thread_blocked, id=3408, stack(0x0000008449b00000,0x0000008449c00000) (1024K)]
  0x000002096c5d17e0 JavaThread "Bundle File Closer"         daemon [_thread_blocked, id=14208, stack(0x0000008449f00000,0x000000844a000000) (1024K)]
  0x000002096c5d1150 JavaThread "SCR Component Actor"        daemon [_thread_blocked, id=12720, stack(0x0000008448a00000,0x0000008448b00000) (1024K)]
  0x000002096c5d38b0 JavaThread "Worker-JM"                         [_thread_blocked, id=21492, stack(0x000000844a000000,0x000000844a100000) (1024K)]
  0x000002096c5d2b90 JavaThread "JNA Cleaner"                daemon [_thread_blocked, id=2148, stack(0x000000844a300000,0x000000844a400000) (1024K)]
  0x000002096c5d3f40 JavaThread "Java indexing"              daemon [_thread_in_Java, id=23448, stack(0x000000844a800000,0x000000844a900000) (1024K)]
  0x000002096c5d5980 JavaThread "Thread-1"                   daemon [_thread_in_native, id=18004, stack(0x000000844ae00000,0x000000844af00000) (1024K)]
  0x000002096c5d80e0 JavaThread "Thread-2"                   daemon [_thread_in_native, id=7084, stack(0x000000844af00000,0x000000844b000000) (1024K)]
  0x000002096c5d6010 JavaThread "Thread-3"                   daemon [_thread_in_native, id=4048, stack(0x000000844b000000,0x000000844b100000) (1024K)]
  0x000002096c5d73c0 JavaThread "Thread-4"                   daemon [_thread_in_native, id=13908, stack(0x000000844b100000,0x000000844b200000) (1024K)]
  0x000002096c5d6d30 JavaThread "Thread-5"                   daemon [_thread_in_native, id=29336, stack(0x000000844b200000,0x000000844b300000) (1024K)]
  0x000002096c5d4c60 JavaThread "Thread-6"                   daemon [_thread_in_native, id=21364, stack(0x000000844b300000,0x000000844b400000) (1024K)]
  0x000002096c5d7a50 JavaThread "Thread-7"                   daemon [_thread_in_native, id=24884, stack(0x000000844b400000,0x000000844b500000) (1024K)]
  0x000002096c5d66a0 JavaThread "Thread-8"                   daemon [_thread_in_native, id=19044, stack(0x000000844b500000,0x000000844b600000) (1024K)]
  0x000002096c5d8770 JavaThread "Thread-9"                   daemon [_thread_in_native, id=3708, stack(0x000000844b600000,0x000000844b700000) (1024K)]
  0x000002096ef5e670 JavaThread "Thread-10"                  daemon [_thread_in_native, id=23504, stack(0x000000844b700000,0x000000844b800000) (1024K)]
  0x000002096ef5b880 JavaThread "Thread-11"                  daemon [_thread_in_native, id=19856, stack(0x000000844b800000,0x000000844b900000) (1024K)]
  0x000002096ef5bf10 JavaThread "Thread-12"                  daemon [_thread_in_native, id=25120, stack(0x000000844b900000,0x000000844ba00000) (1024K)]
  0x000002096ef5ed00 JavaThread "Thread-13"                  daemon [_thread_in_native, id=2692, stack(0x000000844ba00000,0x000000844bb00000) (1024K)]
  0x000002096ef5d950 JavaThread "Thread-14"                  daemon [_thread_in_native, id=4192, stack(0x000000844bb00000,0x000000844bc00000) (1024K)]
  0x000002096ef5d2c0 JavaThread "Thread-15"                  daemon [_thread_in_native, id=1176, stack(0x000000844bc00000,0x000000844bd00000) (1024K)]
  0x000002096ef5f390 JavaThread "Thread-16"                  daemon [_thread_in_native, id=12940, stack(0x000000844bd00000,0x000000844be00000) (1024K)]
  0x000002096ef5dfe0 JavaThread "Thread-17"                  daemon [_thread_in_native, id=424, stack(0x000000844be00000,0x000000844bf00000) (1024K)]
  0x000002096ef5fa20 JavaThread "Thread-18"                  daemon [_thread_in_native, id=9060, stack(0x000000844bf00000,0x000000844c000000) (1024K)]
  0x000002096ef5c5a0 JavaThread "Thread-19"                  daemon [_thread_in_native, id=24404, stack(0x000000844c000000,0x000000844c100000) (1024K)]
  0x000002096ef5cc30 JavaThread "Thread-20"                  daemon [_thread_in_native, id=7348, stack(0x000000844c100000,0x000000844c200000) (1024K)]
  0x000002096ef61460 JavaThread "Thread-21"                  daemon [_thread_in_native, id=22860, stack(0x000000844c200000,0x000000844c300000) (1024K)]
  0x000002096ef60dd0 JavaThread "pool-2-thread-1"                   [_thread_blocked, id=28012, stack(0x000000844c300000,0x000000844c400000) (1024K)]
  0x000002096ef600b0 JavaThread "WorkspaceEventsHandler"            [_thread_blocked, id=18932, stack(0x000000844c700000,0x000000844c800000) (1024K)]
  0x000002096ef60740 JavaThread "pool-1-thread-1"                   [_thread_blocked, id=21048, stack(0x000000844c800000,0x000000844c900000) (1024K)]
  0x000002096de5e5a0 JavaThread "Timer-0"                           [_thread_blocked, id=24716, stack(0x000000844de00000,0x000000844df00000) (1024K)]
  0x000002096c14b120 JavaThread "Worker-5: Synchronizing projects"        [_thread_blocked, id=21180, stack(0x000000844fe00000,0x000000844ff00000) (1024K)]
  0x000002097302d340 JavaThread "Cleaner-0"                  daemon [_thread_blocked, id=18704, stack(0x000000844c500000,0x000000844c600000) (1024K)]
  0x000002097302c620 JavaThread "Worker-8: Building"                [_thread_in_native, id=27716, stack(0x0000008448800000,0x0000008448900000) (1024K)]
  0x000002096ca29350 JavaThread "HttpClient-1-SelectorManager" daemon [_thread_in_native, id=28240, stack(0x000000844cd00000,0x000000844ce00000) (1024K)]
  0x000002096ca28630 JavaThread "HttpClient-2-SelectorManager" daemon [_thread_in_native, id=19980, stack(0x0000008447b00000,0x0000008447c00000) (1024K)]
  0x000002096ca26bf0 JavaThread "ForkJoinPool.commonPool-worker-43" daemon [_thread_blocked, id=15896, stack(0x0000008447900000,0x0000008447a00000) (1024K)]
  0x000002096ca27fa0 JavaThread "ForkJoinPool.commonPool-worker-44" daemon [_thread_blocked, id=17912, stack(0x0000008447a00000,0x0000008447b00000) (1024K)]
  0x0000020971018fb0 JavaThread "C1 CompilerThread1"         daemon [_thread_blocked, id=5436, stack(0x0000008448f00000,0x0000008449000000) (1024K)]
  0x000002096ca2db80 JavaThread "ForkJoinPool.commonPool-worker-45" daemon [_thread_blocked, id=27440, stack(0x000000844ac00000,0x000000844ad00000) (1024K)]
  0x000002096ca2e210 JavaThread "ForkJoinPool.commonPool-worker-46" daemon [_thread_blocked, id=16580, stack(0x000000844ad00000,0x000000844ae00000) (1024K)]
  0x000002096c143b00 JavaThread "ForkJoinPool.commonPool-worker-47" daemon [_thread_blocked, id=7788, stack(0x000000844c400000,0x000000844c500000) (1024K)]
  0x000002096c144eb0 JavaThread "ForkJoinPool.commonPool-worker-48" daemon [_thread_blocked, id=19944, stack(0x000000844c600000,0x000000844c700000) (1024K)]
  0x000002096c144820 JavaThread "ForkJoinPool.commonPool-worker-49" daemon [_thread_blocked, id=27364, stack(0x000000844c900000,0x000000844ca00000) (1024K)]
  0x000002096c146f80 JavaThread "ForkJoinPool.commonPool-worker-50" daemon [_thread_blocked, id=11880, stack(0x000000844ca00000,0x000000844cb00000) (1024K)]
  0x000002096c145bd0 JavaThread "ForkJoinPool.commonPool-worker-51" daemon [_thread_blocked, id=31604, stack(0x000000844cb00000,0x000000844cc00000) (1024K)]
  0x000002096c1468f0 JavaThread "ForkJoinPool.commonPool-worker-52" daemon [_thread_blocked, id=27584, stack(0x000000844cc00000,0x000000844cd00000) (1024K)]
  0x000002096c144190 JavaThread "Worker-10"                         [_thread_blocked, id=32332, stack(0x0000008448b00000,0x0000008448c00000) (1024K)]
  0x000002097101a420 JavaThread "C2 CompilerThread1"         daemon [_thread_in_native, id=1868, stack(0x0000008448d00000,0x0000008448e00000) (1024K)]
  0x000002096de61390 JavaThread "Worker-11"                         [_thread_blocked, id=6216, stack(0x000000844a400000,0x000000844a500000) (1024K)]
  0x0000020971018210 JavaThread "C2 CompilerThread2"         daemon [_thread_in_native, id=26168, stack(0x000000844a500000,0x000000844a600000) (1024K)]
Total: 65

Other Threads:
  0x00000209641e48a0 VMThread "VM Thread"                           [id=27260, stack(0x0000008447f00000,0x0000008448000000) (1024K)]
  0x00000209640dca00 WatcherThread "VM Periodic Task Thread"        [id=11508, stack(0x0000008447e00000,0x0000008447f00000) (1024K)]
  0x000002090c5acc60 WorkerThread "GC Thread#0"                     [id=18124, stack(0x0000008447d00000,0x0000008447e00000) (1024K)]
  0x00000209679cfe00 WorkerThread "GC Thread#1"                     [id=18836, stack(0x0000008449000000,0x0000008449100000) (1024K)]
  0x000002096798a000 WorkerThread "GC Thread#2"                     [id=22940, stack(0x0000008449100000,0x0000008449200000) (1024K)]
  0x000002096798a3b0 WorkerThread "GC Thread#3"                     [id=3148, stack(0x0000008449200000,0x0000008449300000) (1024K)]
  0x0000020967750390 WorkerThread "GC Thread#4"                     [id=9940, stack(0x0000008449300000,0x0000008449400000) (1024K)]
  0x0000020967750740 WorkerThread "GC Thread#5"                     [id=17400, stack(0x0000008449400000,0x0000008449500000) (1024K)]
  0x0000020967a13570 WorkerThread "GC Thread#6"                     [id=16804, stack(0x0000008449500000,0x0000008449600000) (1024K)]
  0x000002096c435d90 WorkerThread "GC Thread#7"                     [id=11212, stack(0x0000008449800000,0x0000008449900000) (1024K)]
  0x000002096c49b570 WorkerThread "GC Thread#8"                     [id=14312, stack(0x0000008449c00000,0x0000008449d00000) (1024K)]
  0x000002096c49b920 WorkerThread "GC Thread#9"                     [id=7640, stack(0x0000008449d00000,0x0000008449e00000) (1024K)]
  0x000002096c639ca0 WorkerThread "GC Thread#10"                    [id=2344, stack(0x0000008449e00000,0x0000008449f00000) (1024K)]
  0x000002096c9f5230 WorkerThread "GC Thread#11"                    [id=23216, stack(0x0000008449600000,0x0000008449700000) (1024K)]
  0x000002096c9f55e0 WorkerThread "GC Thread#12"                    [id=26284, stack(0x000000844a100000,0x000000844a200000) (1024K)]
  0x000002096c9f4370 WorkerThread "GC Thread#13"                    [id=22548, stack(0x000000844a200000,0x000000844a300000) (1024K)]
  0x000002096c9f5990 WorkerThread "GC Thread#14"                    [id=11932, stack(0x000000844a600000,0x000000844a700000) (1024K)]
Total: 17

Threads with active compile tasks:
C2 CompilerThread0  13147416 21191   !   4       java.io.ObjectOutputStream::writeObject0 (620 bytes)
C2 CompilerThread1  13147416 21218   !   4       com.google.inject.spi.InjectionPoint::getInjectionPoints (489 bytes)
C2 CompilerThread2  13147416 21257       4       org.eclipse.jdt.internal.core.JavaProject::getResolvedClasspath (49 bytes)
Total: 3

VM state: not at safepoint (normal execution)

VM Mutex/Monitor currently owned by a thread: None

Heap address: 0x0000000080000000, size: 2048 MB, Compressed Oops mode: 32-bit

CDS archive(s) mapped at: [0x0000020923000000-0x0000020923ba0000-0x0000020923ba0000), size 12189696, SharedBaseAddress: 0x0000020923000000, ArchiveRelocationMode: 1.
Compressed class space mapped at: 0x0000020924000000-0x0000020964000000, reserved size: 1073741824
Narrow klass base: 0x0000020923000000, Narrow klass shift: 0, Narrow klass range: 0x100000000

GC Precious Log:
 CardTable entry size: 512
 CPUs: 20 total, 20 available
 Memory: 16008M
 Large Page Support: Disabled
 NUMA Support: Disabled
 Compressed Oops: Enabled (32-bit)
 Alignments: Space 512K, Generation 512K, Heap 2M
 Heap Min Capacity: 100M
 Heap Initial Capacity: 100M
 Heap Max Capacity: 2G
 Pre-touch: Disabled
 Parallel Workers: 15

Heap:
 PSYoungGen      total 6656K, used 5532K [0x00000000d5580000, 0x00000000d5d00000, 0x0000000100000000)
  eden space 5632K, 87% used [0x00000000d5580000,0x00000000d5a502f8,0x00000000d5b00000)
  from space 1024K, 59% used [0x00000000d5b00000,0x00000000d5b99420,0x00000000d5c00000)
  to   space 1024K, 0% used [0x00000000d5c00000,0x00000000d5c00000,0x00000000d5d00000)
 ParOldGen       total 393216K, used 393162K [0x0000000080000000, 0x0000000098000000, 0x00000000d5580000)
  object space 393216K, 99% used [0x0000000080000000,0x0000000097ff2a88,0x0000000098000000)
 Metaspace       used 100976K, committed 102784K, reserved 1179648K
  class space    used 11115K, committed 11904K, reserved 1048576K

Card table byte_map: [0x000002090bf00000,0x000002090c310000] _byte_map_base: 0x000002090bb00000

Marking Bits: (ParMarkBitMap*) 0x00007ff80bf03450
 Begin Bits: [0x000002091ea10000, 0x0000020920a10000)
 End Bits:   [0x0000020920a10000, 0x0000020922a10000)

Polling page: 0x000002090a3c0000

Metaspace:

Usage:
  Non-class:     87.75 MB used.
      Class:     10.85 MB used.
       Both:     98.61 MB used.

Virtual space:
  Non-class space:      128.00 MB reserved,      88.75 MB ( 69%) committed,  2 nodes.
      Class space:        1.00 GB reserved,      11.62 MB (  1%) committed,  1 nodes.
             Both:        1.12 GB reserved,     100.38 MB (  9%) committed. 

Chunk freelists:
   Non-Class:  7.09 MB
       Class:  4.22 MB
        Both:  11.31 MB

MaxMetaspaceSize: unlimited
CompressedClassSpaceSize: 1.00 GB
Initial GC threshold: 21.00 MB
Current GC threshold: 142.19 MB
CDS: on
 - commit_granule_bytes: 65536.
 - commit_granule_words: 8192.
 - virtual_space_node_default_size: 8388608.
 - enlarge_chunks_in_place: 1.
 - use_allocation_guard: 0.


Internal statistics:

num_allocs_failed_limit: 9.
num_arena_births: 2098.
num_arena_deaths: 678.
num_vsnodes_births: 3.
num_vsnodes_deaths: 0.
num_space_committed: 1607.
num_space_uncommitted: 1.
num_chunks_returned_to_freelist: 849.
num_chunks_taken_from_freelist: 7238.
num_chunk_merges: 271.
num_chunk_splits: 4234.
num_chunks_enlarged: 2517.
num_inconsistent_stats: 0.

CodeHeap 'non-profiled nmethods': size=119168Kb used=20079Kb max_used=20079Kb free=99088Kb
 bounds [0x0000020917300000, 0x00000209186a0000, 0x000002091e760000]
CodeHeap 'profiled nmethods': size=119104Kb used=47464Kb max_used=47464Kb free=71639Kb
 bounds [0x000002090f760000, 0x00000209125c0000, 0x0000020916bb0000]
CodeHeap 'non-nmethods': size=7488Kb used=2101Kb max_used=3269Kb free=5386Kb
 bounds [0x0000020916bb0000, 0x0000020916f20000, 0x0000020917300000]
CodeCache: size=245760Kb, used=69644Kb, max_used=70812Kb, free=176113Kb
 total_blobs=20535, nmethods=19671, adapters=766, full_count=0
Compilation: enabled, stopped_count=0, restarted_count=0

Compilation events (20 events):
Event: 13147.349 Thread 0x0000020971018fb0 21226       1       org.apache.maven.plugin.descriptor.PluginDescriptor::getClassRealm (5 bytes)
Event: 13147.349 Thread 0x0000020971018fb0 nmethod 21226 0x0000020918699c10 code [0x0000020918699da0, 0x0000020918699e68]
Event: 13147.351 Thread 0x0000020971018fb0 21227   !   3       org.codehaus.plexus.component.configurator.converters.basic.AbstractBasicConverter::fromConfiguration (102 bytes)
Event: 13147.351 Thread 0x00000209653378c0 21228   !   3       org.codehaus.plexus.component.configurator.converters.basic.AbstractBasicConverter::fromExpression (166 bytes)
Event: 13147.352 Thread 0x0000020971018fb0 nmethod 21227 0x000002091259cd90 code [0x000002091259d060, 0x000002091259dfa8]
Event: 13147.352 Thread 0x0000020971018fb0 21229       3       org.codehaus.plexus.component.configurator.converters.basic.AbstractBasicConverter::fromString (6 bytes)
Event: 13147.352 Thread 0x0000020971018fb0 nmethod 21229 0x000002091259e510 code [0x000002091259e6c0, 0x000002091259e888]
Event: 13147.352 Thread 0x00000209653378c0 nmethod 21228 0x000002091259e910 code [0x000002091259eca0, 0x00000209125a0900]
Event: 13147.355 Thread 0x00000209653378c0 21230       1       org.apache.maven.shared.filtering.BaseFilter::getLogger (5 bytes)
Event: 13147.355 Thread 0x00000209653378c0 nmethod 21230 0x0000020918699f10 code [0x000002091869a0a0, 0x000002091869a168]
Event: 13147.358 Thread 0x00000209653378c0 21232       3       org.apache.maven.RepositoryUtils::toRepo (118 bytes)
Event: 13147.358 Thread 0x0000020971018fb0 21233   !   3       org.apache.maven.RepositoryUtils::getLayout (97 bytes)
Event: 13147.359 Thread 0x00000209653378c0 nmethod 21232 0x00000209125a1390 code [0x00000209125a1660, 0x00000209125a24e8]
Event: 13147.359 Thread 0x00000209653378c0 21234       3       org.apache.maven.RepositoryUtils::toAuthentication (50 bytes)
Event: 13147.359 Thread 0x00000209653378c0 nmethod 21234 0x00000209125a2990 code [0x00000209125a2bc0, 0x00000209125a3158]
Event: 13147.360 Thread 0x0000020971018fb0 nmethod 21233 0x00000209125a3310 code [0x00000209125a36e0, 0x00000209125a4e00]
Event: 13147.361 Thread 0x00000209653378c0 21235       3       org.codehaus.plexus.util.introspection.ReflectionValueExtractor$Tokenizer::getPosition (23 bytes)
Event: 13147.361 Thread 0x00000209653378c0 nmethod 21235 0x00000209125a5810 code [0x00000209125a59c0, 0x00000209125a5c38]
Event: 13147.361 Thread 0x0000020971018fb0 21236       3       org.apache.maven.plugin.PluginParameterExpressionEvaluator::stripTokens (38 bytes)
Event: 13147.362 Thread 0x0000020971018fb0 nmethod 21236 0x00000209125a5d90 code [0x00000209125a5fa0, 0x00000209125a6498]

GC Heap History (20 events):
Event: 13146.892 GC heap before
{Heap before GC invocations=819 (full 4):
 PSYoungGen      total 6144K, used 5920K [0x00000000d5580000, 0x00000000d5c80000, 0x0000000100000000)
  eden space 5632K, 100% used [0x00000000d5580000,0x00000000d5b00000,0x00000000d5b00000)
  from space 512K, 56% used [0x00000000d5c00000,0x00000000d5c48000,0x00000000d5c80000)
  to   space 512K, 0% used [0x00000000d5b80000,0x00000000d5b80000,0x00000000d5c00000)
 ParOldGen       total 392192K, used 391686K [0x0000000080000000, 0x0000000097f00000, 0x00000000d5580000)
  object space 392192K, 99% used [0x0000000080000000,0x0000000097e81a18,0x0000000097f00000)
 Metaspace       used 100588K, committed 102400K, reserved 1179648K
  class space    used 11085K, committed 11904K, reserved 1048576K
}
Event: 13146.893 GC heap after
{Heap after GC invocations=819 (full 4):
 PSYoungGen      total 6144K, used 320K [0x00000000d5580000, 0x00000000d5c80000, 0x0000000100000000)
  eden space 5632K, 0% used [0x00000000d5580000,0x00000000d5580000,0x00000000d5b00000)
  from space 512K, 62% used [0x00000000d5b80000,0x00000000d5bd0000,0x00000000d5c00000)
  to   space 512K, 0% used [0x00000000d5c00000,0x00000000d5c00000,0x00000000d5c80000)
 ParOldGen       total 392192K, used 391742K [0x0000000080000000, 0x0000000097f00000, 0x00000000d5580000)
  object space 392192K, 99% used [0x0000000080000000,0x0000000097e8fa18,0x0000000097f00000)
 Metaspace       used 100588K, committed 102400K, reserved 1179648K
  class space    used 11085K, committed 11904K, reserved 1048576K
}
Event: 13146.923 GC heap before
{Heap before GC invocations=820 (full 4):
 PSYoungGen      total 6144K, used 5952K [0x00000000d5580000, 0x00000000d5c80000, 0x0000000100000000)
  eden space 5632K, 100% used [0x00000000d5580000,0x00000000d5b00000,0x00000000d5b00000)
  from space 512K, 62% used [0x00000000d5b80000,0x00000000d5bd0000,0x00000000d5c00000)
  to   space 512K, 0% used [0x00000000d5c00000,0x00000000d5c00000,0x00000000d5c80000)
 ParOldGen       total 392192K, used 391742K [0x0000000080000000, 0x0000000097f00000, 0x00000000d5580000)
  object space 392192K, 99% used [0x0000000080000000,0x0000000097e8fa18,0x0000000097f00000)
 Metaspace       used 100588K, committed 102400K, reserved 1179648K
  class space    used 11085K, committed 11904K, reserved 1048576K
}
Event: 13146.924 GC heap after
{Heap after GC invocations=820 (full 4):
 PSYoungGen      total 6144K, used 192K [0x00000000d5580000, 0x00000000d5c80000, 0x0000000100000000)
  eden space 5632K, 0% used [0x00000000d5580000,0x00000000d5580000,0x00000000d5b00000)
  from space 512K, 37% used [0x00000000d5c00000,0x00000000d5c30000,0x00000000d5c80000)
  to   space 512K, 0% used [0x00000000d5b80000,0x00000000d5b80000,0x00000000d5c00000)
 ParOldGen       total 392192K, used 391838K [0x0000000080000000, 0x0000000097f00000, 0x00000000d5580000)
  object space 392192K, 99% used [0x0000000080000000,0x0000000097ea7a18,0x0000000097f00000)
 Metaspace       used 100588K, committed 102400K, reserved 1179648K
  class space    used 11085K, committed 11904K, reserved 1048576K
}
Event: 13146.951 GC heap before
{Heap before GC invocations=821 (full 4):
 PSYoungGen      total 6144K, used 5824K [0x00000000d5580000, 0x00000000d5c80000, 0x0000000100000000)
  eden space 5632K, 100% used [0x00000000d5580000,0x00000000d5b00000,0x00000000d5b00000)
  from space 512K, 37% used [0x00000000d5c00000,0x00000000d5c30000,0x00000000d5c80000)
  to   space 512K, 0% used [0x00000000d5b80000,0x00000000d5b80000,0x00000000d5c00000)
 ParOldGen       total 392192K, used 391838K [0x0000000080000000, 0x0000000097f00000, 0x00000000d5580000)
  object space 392192K, 99% used [0x0000000080000000,0x0000000097ea7a18,0x0000000097f00000)
 Metaspace       used 100590K, committed 102400K, reserved 1179648K
  class space    used 11085K, committed 11904K, reserved 1048576K
}
Event: 13146.953 GC heap after
{Heap after GC invocations=821 (full 4):
 PSYoungGen      total 6144K, used 400K [0x00000000d5580000, 0x00000000d5c80000, 0x0000000100000000)
  eden space 5632K, 0% used [0x00000000d5580000,0x00000000d5580000,0x00000000d5b00000)
  from space 512K, 78% used [0x00000000d5b80000,0x00000000d5be4048,0x00000000d5c00000)
  to   space 512K, 0% used [0x00000000d5c00000,0x00000000d5c00000,0x00000000d5c80000)
 ParOldGen       total 392192K, used 391862K [0x0000000080000000, 0x0000000097f00000, 0x00000000d5580000)
  object space 392192K, 99% used [0x0000000080000000,0x0000000097eada18,0x0000000097f00000)
 Metaspace       used 100590K, committed 102400K, reserved 1179648K
  class space    used 11085K, committed 11904K, reserved 1048576K
}
Event: 13147.013 GC heap before
{Heap before GC invocations=822 (full 4):
 PSYoungGen      total 6144K, used 6032K [0x00000000d5580000, 0x00000000d5c80000, 0x0000000100000000)
  eden space 5632K, 100% used [0x00000000d5580000,0x00000000d5b00000,0x00000000d5b00000)
  from space 512K, 78% used [0x00000000d5b80000,0x00000000d5be4048,0x00000000d5c00000)
  to   space 512K, 0% used [0x00000000d5c00000,0x00000000d5c00000,0x00000000d5c80000)
 ParOldGen       total 392192K, used 391862K [0x0000000080000000, 0x0000000097f00000, 0x00000000d5580000)
  object space 392192K, 99% used [0x0000000080000000,0x0000000097eada18,0x0000000097f00000)
 Metaspace       used 100592K, committed 102400K, reserved 1179648K
  class space    used 11085K, committed 11904K, reserved 1048576K
}
Event: 13147.014 GC heap after
{Heap after GC invocations=822 (full 4):
 PSYoungGen      total 6144K, used 224K [0x00000000d5580000, 0x00000000d5c80000, 0x0000000100000000)
  eden space 5632K, 0% used [0x00000000d5580000,0x00000000d5580000,0x00000000d5b00000)
  from space 512K, 43% used [0x00000000d5c00000,0x00000000d5c38000,0x00000000d5c80000)
  to   space 512K, 0% used [0x00000000d5b80000,0x00000000d5b80000,0x00000000d5c00000)
 ParOldGen       total 392192K, used 391990K [0x0000000080000000, 0x0000000097f00000, 0x00000000d5580000)
  object space 392192K, 99% used [0x0000000080000000,0x0000000097ecda78,0x0000000097f00000)
 Metaspace       used 100592K, committed 102400K, reserved 1179648K
  class space    used 11085K, committed 11904K, reserved 1048576K
}
Event: 13147.080 GC heap before
{Heap before GC invocations=823 (full 4):
 PSYoungGen      total 6144K, used 5856K [0x00000000d5580000, 0x00000000d5c80000, 0x0000000100000000)
  eden space 5632K, 100% used [0x00000000d5580000,0x00000000d5b00000,0x00000000d5b00000)
  from space 512K, 43% used [0x00000000d5c00000,0x00000000d5c38000,0x00000000d5c80000)
  to   space 512K, 0% used [0x00000000d5b80000,0x00000000d5b80000,0x00000000d5c00000)
 ParOldGen       total 392192K, used 391990K [0x0000000080000000, 0x0000000097f00000, 0x00000000d5580000)
  object space 392192K, 99% used [0x0000000080000000,0x0000000097ecda78,0x0000000097f00000)
 Metaspace       used 100592K, committed 102400K, reserved 1179648K
  class space    used 11085K, committed 11904K, reserved 1048576K
}
Event: 13147.081 GC heap after
{Heap after GC invocations=823 (full 4):
 PSYoungGen      total 6144K, used 64K [0x00000000d5580000, 0x00000000d5c80000, 0x0000000100000000)
  eden space 5632K, 0% used [0x00000000d5580000,0x00000000d5580000,0x00000000d5b00000)
  from space 512K, 12% used [0x00000000d5b80000,0x00000000d5b90000,0x00000000d5c00000)
  to   space 512K, 0% used [0x00000000d5c00000,0x00000000d5c00000,0x00000000d5c80000)
 ParOldGen       total 392192K, used 392038K [0x0000000080000000, 0x0000000097f00000, 0x00000000d5580000)
  object space 392192K, 99% used [0x0000000080000000,0x0000000097ed9a78,0x0000000097f00000)
 Metaspace       used 100592K, committed 102400K, reserved 1179648K
  class space    used 11085K, committed 11904K, reserved 1048576K
}
Event: 13147.160 GC heap before
{Heap before GC invocations=824 (full 4):
 PSYoungGen      total 6144K, used 5696K [0x00000000d5580000, 0x00000000d5c80000, 0x0000000100000000)
  eden space 5632K, 100% used [0x00000000d5580000,0x00000000d5b00000,0x00000000d5b00000)
  from space 512K, 12% used [0x00000000d5b80000,0x00000000d5b90000,0x00000000d5c00000)
  to   space 512K, 0% used [0x00000000d5c00000,0x00000000d5c00000,0x00000000d5c80000)
 ParOldGen       total 392192K, used 392038K [0x0000000080000000, 0x0000000097f00000, 0x00000000d5580000)
  object space 392192K, 99% used [0x0000000080000000,0x0000000097ed9a78,0x0000000097f00000)
 Metaspace       used 100607K, committed 102400K, reserved 1179648K
  class space    used 11086K, committed 11904K, reserved 1048576K
}
Event: 13147.162 GC heap after
{Heap after GC invocations=824 (full 4):
 PSYoungGen      total 6144K, used 494K [0x00000000d5580000, 0x00000000d5d00000, 0x0000000100000000)
  eden space 5632K, 0% used [0x00000000d5580000,0x00000000d5580000,0x00000000d5b00000)
  from space 512K, 96% used [0x00000000d5c00000,0x00000000d5c7ba50,0x00000000d5c80000)
  to   space 1024K, 0% used [0x00000000d5b00000,0x00000000d5b00000,0x00000000d5c00000)
 ParOldGen       total 392704K, used 392302K [0x0000000080000000, 0x0000000097f80000, 0x00000000d5580000)
  object space 392704K, 99% used [0x0000000080000000,0x0000000097f1ba78,0x0000000097f80000)
 Metaspace       used 100607K, committed 102400K, reserved 1179648K
  class space    used 11086K, committed 11904K, reserved 1048576K
}
Event: 13147.172 GC heap before
{Heap before GC invocations=825 (full 4):
 PSYoungGen      total 6144K, used 6126K [0x00000000d5580000, 0x00000000d5d00000, 0x0000000100000000)
  eden space 5632K, 100% used [0x00000000d5580000,0x00000000d5b00000,0x00000000d5b00000)
  from space 512K, 96% used [0x00000000d5c00000,0x00000000d5c7ba50,0x00000000d5c80000)
  to   space 1024K, 0% used [0x00000000d5b00000,0x00000000d5b00000,0x00000000d5c00000)
 ParOldGen       total 392704K, used 392302K [0x0000000080000000, 0x0000000097f80000, 0x00000000d5580000)
  object space 392704K, 99% used [0x0000000080000000,0x0000000097f1ba78,0x0000000097f80000)
 Metaspace       used 100607K, committed 102400K, reserved 1179648K
  class space    used 11086K, committed 11904K, reserved 1048576K
}
Event: 13147.174 GC heap after
{Heap after GC invocations=825 (full 4):
 PSYoungGen      total 6656K, used 160K [0x00000000d5580000, 0x00000000d5c80000, 0x0000000100000000)
  eden space 5632K, 0% used [0x00000000d5580000,0x00000000d5580000,0x00000000d5b00000)
  from space 1024K, 15% used [0x00000000d5b00000,0x00000000d5b28000,0x00000000d5c00000)
  to   space 512K, 0% used [0x00000000d5c00000,0x00000000d5c00000,0x00000000d5c80000)
 ParOldGen       total 392704K, used 392598K [0x0000000080000000, 0x0000000097f80000, 0x00000000d5580000)
  object space 392704K, 99% used [0x0000000080000000,0x0000000097f65a78,0x0000000097f80000)
 Metaspace       used 100607K, committed 102400K, reserved 1179648K
  class space    used 11086K, committed 11904K, reserved 1048576K
}
Event: 13147.191 GC heap before
{Heap before GC invocations=826 (full 4):
 PSYoungGen      total 6656K, used 5665K [0x00000000d5580000, 0x00000000d5c80000, 0x0000000100000000)
  eden space 5632K, 97% used [0x00000000d5580000,0x00000000d5ae0538,0x00000000d5b00000)
  from space 1024K, 15% used [0x00000000d5b00000,0x00000000d5b28000,0x00000000d5c00000)
  to   space 512K, 0% used [0x00000000d5c00000,0x00000000d5c00000,0x00000000d5c80000)
 ParOldGen       total 392704K, used 392598K [0x0000000080000000, 0x0000000097f80000, 0x00000000d5580000)
  object space 392704K, 99% used [0x0000000080000000,0x0000000097f65a78,0x0000000097f80000)
 Metaspace       used 100607K, committed 102400K, reserved 1179648K
  class space    used 11086K, committed 11904K, reserved 1048576K
}
Event: 13147.193 GC heap after
{Heap after GC invocations=826 (full 4):
 PSYoungGen      total 6144K, used 256K [0x00000000d5580000, 0x00000000d5c80000, 0x0000000100000000)
  eden space 5632K, 0% used [0x00000000d5580000,0x00000000d5580000,0x00000000d5b00000)
  from space 512K, 50% used [0x00000000d5c00000,0x00000000d5c40000,0x00000000d5c80000)
  to   space 512K, 0% used [0x00000000d5b80000,0x00000000d5b80000,0x00000000d5c00000)
 ParOldGen       total 392704K, used 392654K [0x0000000080000000, 0x0000000097f80000, 0x00000000d5580000)
  object space 392704K, 99% used [0x0000000080000000,0x0000000097f73a78,0x0000000097f80000)
 Metaspace       used 100607K, committed 102400K, reserved 1179648K
  class space    used 11086K, committed 11904K, reserved 1048576K
}
Event: 13147.320 GC heap before
{Heap before GC invocations=827 (full 4):
 PSYoungGen      total 6144K, used 5888K [0x00000000d5580000, 0x00000000d5c80000, 0x0000000100000000)
  eden space 5632K, 100% used [0x00000000d5580000,0x00000000d5b00000,0x00000000d5b00000)
  from space 512K, 50% used [0x00000000d5c00000,0x00000000d5c40000,0x00000000d5c80000)
  to   space 512K, 0% used [0x00000000d5b80000,0x00000000d5b80000,0x00000000d5c00000)
 ParOldGen       total 392704K, used 392654K [0x0000000080000000, 0x0000000097f80000, 0x00000000d5580000)
  object space 392704K, 99% used [0x0000000080000000,0x0000000097f73a78,0x0000000097f80000)
 Metaspace       used 100639K, committed 102464K, reserved 1179648K
  class space    used 11086K, committed 11904K, reserved 1048576K
}
Event: 13147.321 GC heap after
{Heap after GC invocations=827 (full 4):
 PSYoungGen      total 6144K, used 480K [0x00000000d5580000, 0x00000000d5d00000, 0x0000000100000000)
  eden space 5632K, 0% used [0x00000000d5580000,0x00000000d5580000,0x00000000d5b00000)
  from space 512K, 93% used [0x00000000d5b80000,0x00000000d5bf8000,0x00000000d5c00000)
  to   space 1024K, 0% used [0x00000000d5c00000,0x00000000d5c00000,0x00000000d5d00000)
 ParOldGen       total 393216K, used 392726K [0x0000000080000000, 0x0000000098000000, 0x00000000d5580000)
  object space 393216K, 99% used [0x0000000080000000,0x0000000097f85a78,0x0000000098000000)
 Metaspace       used 100639K, committed 102464K, reserved 1179648K
  class space    used 11086K, committed 11904K, reserved 1048576K
}
Event: 13147.336 GC heap before
{Heap before GC invocations=828 (full 4):
 PSYoungGen      total 6144K, used 6112K [0x00000000d5580000, 0x00000000d5d00000, 0x0000000100000000)
  eden space 5632K, 100% used [0x00000000d5580000,0x00000000d5b00000,0x00000000d5b00000)
  from space 512K, 93% used [0x00000000d5b80000,0x00000000d5bf8000,0x00000000d5c00000)
  to   space 1024K, 0% used [0x00000000d5c00000,0x00000000d5c00000,0x00000000d5d00000)
 ParOldGen       total 393216K, used 392726K [0x0000000080000000, 0x0000000098000000, 0x00000000d5580000)
  object space 393216K, 99% used [0x0000000080000000,0x0000000097f85a78,0x0000000098000000)
 Metaspace       used 100674K, committed 102528K, reserved 1179648K
  class space    used 11089K, committed 11904K, reserved 1048576K
}
Event: 13147.337 GC heap after
{Heap after GC invocations=828 (full 4):
 PSYoungGen      total 6656K, used 640K [0x00000000d5580000, 0x00000000d5d00000, 0x0000000100000000)
  eden space 5632K, 0% used [0x00000000d5580000,0x00000000d5580000,0x00000000d5b00000)
  from space 1024K, 62% used [0x00000000d5c00000,0x00000000d5ca0000,0x00000000d5d00000)
  to   space 1024K, 0% used [0x00000000d5b00000,0x00000000d5b00000,0x00000000d5c00000)
 ParOldGen       total 393216K, used 392886K [0x0000000080000000, 0x0000000098000000, 0x00000000d5580000)
  object space 393216K, 99% used [0x0000000080000000,0x0000000097fada78,0x0000000098000000)
 Metaspace       used 100674K, committed 102528K, reserved 1179648K
  class space    used 11089K, committed 11904K, reserved 1048576K
}

Dll operation events (15 events):
Event: 0.010 Loaded shared library c:\Users\fersd\.vscode\extensions\redhat.java-1.54.0-win32-x64\jre\21.0.10-win32-x86_64\bin\java.dll
Event: 0.053 Loaded shared library c:\Users\fersd\.vscode\extensions\redhat.java-1.54.0-win32-x64\jre\21.0.10-win32-x86_64\bin\zip.dll
Event: 0.066 Loaded shared library C:\Users\fersd\.vscode\extensions\redhat.java-1.54.0-win32-x64\jre\21.0.10-win32-x86_64\bin\instrument.dll
Event: 0.070 Loaded shared library C:\Users\fersd\.vscode\extensions\redhat.java-1.54.0-win32-x64\jre\21.0.10-win32-x86_64\bin\net.dll
Event: 0.073 Loaded shared library C:\Users\fersd\.vscode\extensions\redhat.java-1.54.0-win32-x64\jre\21.0.10-win32-x86_64\bin\nio.dll
Event: 0.075 Loaded shared library C:\Users\fersd\.vscode\extensions\redhat.java-1.54.0-win32-x64\jre\21.0.10-win32-x86_64\bin\zip.dll
Event: 0.090 Loaded shared library C:\Users\fersd\.vscode\extensions\redhat.java-1.54.0-win32-x64\jre\21.0.10-win32-x86_64\bin\jimage.dll
Event: 0.145 Loaded shared library c:\Users\fersd\.vscode\extensions\redhat.java-1.54.0-win32-x64\jre\21.0.10-win32-x86_64\bin\verify.dll
Event: 1.039 Loaded shared library C:\Users\fersd\AppData\Roaming\Code\User\globalStorage\redhat.java\1.54.0\config_win\org.eclipse.equinox.launcher\org.eclipse.equinox.launcher.win32.win32.x86_64_1.3.0.v20260203-2149\eclipse_11919.dll
Event: 3.963 Loaded shared library C:\Users\fersd\AppData\Local\Temp\jna-97321252\jna10308985798540329017.dll
Event: 7.759 Loaded shared library C:\Users\fersd\.gradle\native\1def1411415f61bf3af743bc5b6707747c0891f09f0c88961ee8f79bc544acac\windows-amd64\native-platform.dll
Event: 8.645 Loaded shared library C:\Users\fersd\.vscode\extensions\redhat.java-1.54.0-win32-x64\jre\21.0.10-win32-x86_64\bin\management.dll
Event: 8.649 Loaded shared library C:\Users\fersd\.vscode\extensions\redhat.java-1.54.0-win32-x64\jre\21.0.10-win32-x86_64\bin\management_ext.dll
Event: 12.306 Loaded shared library C:\Users\fersd\.vscode\extensions\redhat.java-1.54.0-win32-x64\jre\21.0.10-win32-x86_64\bin\extnet.dll
Event: 14.742 Loaded shared library C:\Users\fersd\.vscode\extensions\redhat.java-1.54.0-win32-x64\jre\21.0.10-win32-x86_64\bin\sunmscapi.dll

Deoptimization events (20 events):
Event: 13146.680 Thread 0x000002096de620b0 DEOPT PACKING pc=0x00000209124d7606 sp=0x000000844aafe4b0
Event: 13146.680 Thread 0x000002096de620b0 DEOPT UNPACKING pc=0x0000020916c04242 sp=0x000000844aafd9e8 mode 0
Event: 13146.684 Thread 0x000002096de5df10 DEOPT PACKING pc=0x00000209124d7648 sp=0x000000844a7feb90
Event: 13146.684 Thread 0x000002096de5df10 DEOPT UNPACKING pc=0x0000020916c04242 sp=0x000000844a7fe0c8 mode 0
Event: 13146.686 Thread 0x000002096de5df10 DEOPT PACKING pc=0x00000209124d7606 sp=0x000000844a7feb90
Event: 13146.686 Thread 0x000002096de5df10 DEOPT UNPACKING pc=0x0000020916c04242 sp=0x000000844a7fe0c8 mode 0
Event: 13146.687 Thread 0x000002096de61a20 DEOPT PACKING pc=0x00000209124d7606 sp=0x000000844a9fe7e0
Event: 13146.687 Thread 0x000002096de61a20 DEOPT UNPACKING pc=0x0000020916c04242 sp=0x000000844a9fdd18 mode 0
Event: 13146.690 Thread 0x000002096de5df10 DEOPT PACKING pc=0x00000209124d7606 sp=0x000000844a7feb90
Event: 13146.690 Thread 0x000002096de5df10 DEOPT UNPACKING pc=0x0000020916c04242 sp=0x000000844a7fe0c8 mode 0
Event: 13146.690 Thread 0x000002096de5df10 DEOPT PACKING pc=0x00000209124d7606 sp=0x000000844a7feb90
Event: 13146.690 Thread 0x000002096de5df10 DEOPT UNPACKING pc=0x0000020916c04242 sp=0x000000844a7fe0c8 mode 0
Event: 13147.319 Thread 0x000002097302c620 Uncommon trap: trap_request=0xffffffde fr.pc=0x0000020917bbb334 relative=0x0000000000000774
Event: 13147.319 Thread 0x000002097302c620 Uncommon trap: reason=class_check action=maybe_recompile pc=0x0000020917bbb334 method=org.eclipse.core.internal.resources.Workspace.getResourceInfo(Lorg/eclipse/core/runtime/IPath;ZZ)Lorg/eclipse/core/internal/resources/ResourceInfo; @ 60 c2
Event: 13147.319 Thread 0x000002097302c620 DEOPT PACKING pc=0x0000020917bbb334 sp=0x00000084488fdd20
Event: 13147.319 Thread 0x000002097302c620 DEOPT UNPACKING pc=0x0000020916c03aa2 sp=0x00000084488fdc90 mode 2
Event: 13147.356 Thread 0x000002097302c620 Uncommon trap: trap_request=0xffffff6e fr.pc=0x000002091858f9a8 relative=0x0000000000001068
Event: 13147.356 Thread 0x000002097302c620 Uncommon trap: reason=loop_limit_check action=maybe_recompile pc=0x000002091858f9a8 method=org.codehaus.plexus.util.SelectorUtils.match([C[CZ)Z @ 280 c2
Event: 13147.356 Thread 0x000002097302c620 DEOPT PACKING pc=0x000002091858f9a8 sp=0x00000084488fd500
Event: 13147.356 Thread 0x000002097302c620 DEOPT UNPACKING pc=0x0000020916c03aa2 sp=0x00000084488fd490 mode 2

Classes loaded (20 events):
Event: 13145.789 Loading class sun/nio/ch/NioSocketImpl$1
Event: 13145.789 Loading class sun/nio/ch/NioSocketImpl$1 done
Event: 13145.789 Loading class java/net/Socket$SocketOutputStream
Event: 13145.789 Loading class java/net/Socket$SocketOutputStream done
Event: 13145.789 Loading class sun/nio/ch/NioSocketImpl$2
Event: 13145.789 Loading class sun/nio/ch/NioSocketImpl$2 done
Event: 13145.835 Loading class com/sun/crypto/provider/HmacCore$HmacSHA384
Event: 13145.835 Loading class com/sun/crypto/provider/HmacCore$HmacSHA384 done
Event: 13145.853 Loading class sun/security/util/math/IntegerModuloP$MultiplicativeInverser$Secp256R1Field
Event: 13145.853 Loading class sun/security/util/math/IntegerModuloP$MultiplicativeInverser$Secp256R1Field done
Event: 13145.922 Loading class java/util/zip/GZIPInputStream$1
Event: 13145.922 Loading class java/util/zip/GZIPInputStream$1 done
Event: 13146.082 Loading class sun/security/ssl/PreSharedKeyExtension$PskIdentity
Event: 13146.083 Loading class sun/security/ssl/PreSharedKeyExtension$PskIdentity done
Event: 13146.083 Loading class sun/security/ssl/PreSharedKeyExtension$CHPreSharedKeySpec
Event: 13146.084 Loading class sun/security/ssl/PreSharedKeyExtension$CHPreSharedKeySpec done
Event: 13146.084 Loading class sun/security/ssl/PreSharedKeyExtension$PartialClientHelloMessage
Event: 13146.084 Loading class sun/security/ssl/PreSharedKeyExtension$PartialClientHelloMessage done
Event: 13146.124 Loading class sun/security/ssl/PreSharedKeyExtension$SHPreSharedKeySpec
Event: 13146.124 Loading class sun/security/ssl/PreSharedKeyExtension$SHPreSharedKeySpec done

Classes unloaded (20 events):
Event: 6013.476 Thread 0x00000209641e48a0 Unloading class 0x0000020924080000 'java/lang/invoke/LambdaForm$MH+0x0000020924080000'
Event: 6013.476 Thread 0x00000209641e48a0 Unloading class 0x000002092401ec00 'java/lang/invoke/LambdaForm$MH+0x000002092401ec00'
Event: 6013.476 Thread 0x00000209641e48a0 Unloading class 0x000002092400d800 'java/lang/invoke/LambdaForm$MH+0x000002092400d800'
Event: 6013.476 Thread 0x00000209641e48a0 Unloading class 0x000002092400d400 'java/lang/invoke/LambdaForm$MH+0x000002092400d400'
Event: 6013.476 Thread 0x00000209641e48a0 Unloading class 0x000002092400d000 'java/lang/invoke/LambdaForm$MH+0x000002092400d000'
Event: 6013.476 Thread 0x00000209641e48a0 Unloading class 0x000002092400cc00 'java/lang/invoke/LambdaForm$MH+0x000002092400cc00'
Event: 6013.476 Thread 0x00000209641e48a0 Unloading class 0x000002092400c800 'java/lang/invoke/LambdaForm$BMH+0x000002092400c800'
Event: 6013.476 Thread 0x00000209641e48a0 Unloading class 0x000002092400c000 'java/lang/invoke/LambdaForm$DMH+0x000002092400c000'
Event: 6013.476 Thread 0x00000209641e48a0 Unloading class 0x0000020924008c00 'java/lang/invoke/LambdaForm$MH+0x0000020924008c00'
Event: 6013.476 Thread 0x00000209641e48a0 Unloading class 0x0000020924008800 'java/lang/invoke/LambdaForm$MH+0x0000020924008800'
Event: 6013.476 Thread 0x00000209641e48a0 Unloading class 0x0000020924008400 'java/lang/invoke/LambdaForm$MH+0x0000020924008400'
Event: 6013.476 Thread 0x00000209641e48a0 Unloading class 0x0000020924007000 'java/lang/invoke/LambdaForm$MH+0x0000020924007000'
Event: 6013.476 Thread 0x00000209641e48a0 Unloading class 0x0000020924006800 'java/lang/invoke/LambdaForm$MH+0x0000020924006800'
Event: 6013.476 Thread 0x00000209641e48a0 Unloading class 0x0000020924006400 'java/lang/invoke/LambdaForm$MH+0x0000020924006400'
Event: 6013.476 Thread 0x00000209641e48a0 Unloading class 0x0000020924006000 'java/lang/invoke/LambdaForm$MH+0x0000020924006000'
Event: 6013.476 Thread 0x00000209641e48a0 Unloading class 0x0000020924005c00 'java/lang/invoke/LambdaForm$BMH+0x0000020924005c00'
Event: 6013.476 Thread 0x00000209641e48a0 Unloading class 0x0000020924004800 'java/lang/invoke/LambdaForm$DMH+0x0000020924004800'
Event: 6013.476 Thread 0x00000209641e48a0 Unloading class 0x0000020924002400 'java/lang/invoke/LambdaForm$MH+0x0000020924002400'
Event: 6013.476 Thread 0x00000209641e48a0 Unloading class 0x0000020924002000 'java/lang/invoke/LambdaForm$MH+0x0000020924002000'
Event: 6013.476 Thread 0x00000209641e48a0 Unloading class 0x0000020924001800 'java/lang/invoke/LambdaForm$MH+0x0000020924001800'

Classes redefined (0 events):
No events

Internal exceptions (20 events):
Event: 13147.126 Thread 0x000002097302c620 Exception <a 'sun/nio/fs/WindowsException'{0x00000000d57c8a80}> (0x00000000d57c8a80) 
thrown [s\src\hotspot\share\prims\jni.cpp, line 520]
Event: 13147.127 Thread 0x000002097302c620 Exception <a 'sun/nio/fs/WindowsException'{0x00000000d57d3348}> (0x00000000d57d3348) 
thrown [s\src\hotspot\share\prims\jni.cpp, line 520]
Event: 13147.129 Thread 0x000002097302c620 Exception <a 'sun/nio/fs/WindowsException'{0x00000000d57db890}> (0x00000000d57db890) 
thrown [s\src\hotspot\share\prims\jni.cpp, line 520]
Event: 13147.130 Thread 0x000002097302c620 Exception <a 'sun/nio/fs/WindowsException'{0x00000000d57e2140}> (0x00000000d57e2140) 
thrown [s\src\hotspot\share\prims\jni.cpp, line 520]
Event: 13147.131 Thread 0x000002097302c620 Exception <a 'sun/nio/fs/WindowsException'{0x00000000d57ee800}> (0x00000000d57ee800) 
thrown [s\src\hotspot\share\prims\jni.cpp, line 520]
Event: 13147.132 Thread 0x000002097302c620 Exception <a 'sun/nio/fs/WindowsException'{0x00000000d57f92e0}> (0x00000000d57f92e0) 
thrown [s\src\hotspot\share\prims\jni.cpp, line 520]
Event: 13147.134 Thread 0x000002097302c620 Exception <a 'sun/nio/fs/WindowsException'{0x00000000d5801678}> (0x00000000d5801678) 
thrown [s\src\hotspot\share\prims\jni.cpp, line 520]
Event: 13147.134 Thread 0x000002097302c620 Exception <a 'sun/nio/fs/WindowsException'{0x00000000d5807bb8}> (0x00000000d5807bb8) 
thrown [s\src\hotspot\share\prims\jni.cpp, line 520]
Event: 13147.136 Thread 0x000002097302c620 Exception <a 'sun/nio/fs/WindowsException'{0x00000000d5813f88}> (0x00000000d5813f88) 
thrown [s\src\hotspot\share\prims\jni.cpp, line 520]
Event: 13147.137 Thread 0x000002097302c620 Exception <a 'sun/nio/fs/WindowsException'{0x00000000d581e8c0}> (0x00000000d581e8c0) 
thrown [s\src\hotspot\share\prims\jni.cpp, line 520]
Event: 13147.138 Thread 0x000002097302c620 Exception <a 'sun/nio/fs/WindowsException'{0x00000000d5826c60}> (0x00000000d5826c60) 
thrown [s\src\hotspot\share\prims\jni.cpp, line 520]
Event: 13147.139 Thread 0x000002097302c620 Exception <a 'sun/nio/fs/WindowsException'{0x00000000d582d1a0}> (0x00000000d582d1a0) 
thrown [s\src\hotspot\share\prims\jni.cpp, line 520]
Event: 13147.140 Thread 0x000002097302c620 Exception <a 'sun/nio/fs/WindowsException'{0x00000000d58395b8}> (0x00000000d58395b8) 
thrown [s\src\hotspot\share\prims\jni.cpp, line 520]
Event: 13147.141 Thread 0x000002097302c620 Exception <a 'sun/nio/fs/WindowsException'{0x00000000d5843e40}> (0x00000000d5843e40) 
thrown [s\src\hotspot\share\prims\jni.cpp, line 520]
Event: 13147.310 Thread 0x000002097302c620 Exception <a 'sun/nio/fs/WindowsException'{0x00000000d59034d8}> (0x00000000d59034d8) 
thrown [s\src\hotspot\share\prims\jni.cpp, line 520]
Event: 13147.310 Thread 0x000002097302c620 Exception <a 'sun/nio/fs/WindowsException'{0x00000000d5903e88}> (0x00000000d5903e88) 
thrown [s\src\hotspot\share\prims\jni.cpp, line 520]
Event: 13147.311 Thread 0x000002097302c620 Exception <a 'sun/nio/fs/WindowsException'{0x00000000d59164e0}> (0x00000000d59164e0) 
thrown [s\src\hotspot\share\prims\jni.cpp, line 520]
Event: 13147.311 Thread 0x000002097302c620 Exception <a 'sun/nio/fs/WindowsException'{0x00000000d5916e90}> (0x00000000d5916e90) 
thrown [s\src\hotspot\share\prims\jni.cpp, line 520]
Event: 13147.318 Thread 0x000002097302c620 Exception <a 'sun/nio/fs/WindowsException'{0x00000000d5a4a808}> (0x00000000d5a4a808) 
thrown [s\src\hotspot\share\prims\jni.cpp, line 520]
Event: 13147.318 Thread 0x000002097302c620 Exception <a 'sun/nio/fs/WindowsException'{0x00000000d5a4b1b8}> (0x00000000d5a4b1b8) 
thrown [s\src\hotspot\share\prims\jni.cpp, line 520]

ZGC Phase Switch (0 events):
No events

VM Operations (20 events):
Event: 13146.892 Executing safepoint VM operation: ParallelGCFailedAllocation (Allocation Failure)
Event: 13146.893 Executing safepoint VM operation: ParallelGCFailedAllocation (Allocation Failure) done
Event: 13146.923 Executing safepoint VM operation: ParallelGCFailedAllocation (Allocation Failure)
Event: 13146.924 Executing safepoint VM operation: ParallelGCFailedAllocation (Allocation Failure) done
Event: 13146.951 Executing safepoint VM operation: ParallelGCFailedAllocation (Allocation Failure)
Event: 13146.953 Executing safepoint VM operation: ParallelGCFailedAllocation (Allocation Failure) done
Event: 13147.013 Executing safepoint VM operation: ParallelGCFailedAllocation (Allocation Failure)
Event: 13147.014 Executing safepoint VM operation: ParallelGCFailedAllocation (Allocation Failure) done
Event: 13147.080 Executing safepoint VM operation: ParallelGCFailedAllocation (Allocation Failure)
Event: 13147.081 Executing safepoint VM operation: ParallelGCFailedAllocation (Allocation Failure) done
Event: 13147.160 Executing safepoint VM operation: ParallelGCFailedAllocation (Allocation Failure)
Event: 13147.162 Executing safepoint VM operation: ParallelGCFailedAllocation (Allocation Failure) done
Event: 13147.172 Executing safepoint VM operation: ParallelGCFailedAllocation (Allocation Failure)
Event: 13147.174 Executing safepoint VM operation: ParallelGCFailedAllocation (Allocation Failure) done
Event: 13147.191 Executing safepoint VM operation: ParallelGCFailedAllocation (Allocation Failure)
Event: 13147.193 Executing safepoint VM operation: ParallelGCFailedAllocation (Allocation Failure) done
Event: 13147.320 Executing safepoint VM operation: ParallelGCFailedAllocation (Allocation Failure)
Event: 13147.321 Executing safepoint VM operation: ParallelGCFailedAllocation (Allocation Failure) done
Event: 13147.336 Executing safepoint VM operation: ParallelGCFailedAllocation (Allocation Failure)
Event: 13147.337 Executing safepoint VM operation: ParallelGCFailedAllocation (Allocation Failure) done

Memory protections (0 events):
No events

Nmethod flushes (20 events):
Event: 6013.583 Thread 0x00000209641e48a0 flushing  nmethod 0x00000209106d4990
Event: 6013.583 Thread 0x00000209641e48a0 flushing  nmethod 0x00000209106db410
Event: 6013.583 Thread 0x00000209641e48a0 flushing  nmethod 0x00000209106dc210
Event: 6013.583 Thread 0x00000209641e48a0 flushing  nmethod 0x00000209106dd290
Event: 6013.583 Thread 0x00000209641e48a0 flushing  nmethod 0x00000209106dea10
Event: 6013.583 Thread 0x00000209641e48a0 flushing  nmethod 0x00000209106df290
Event: 6013.583 Thread 0x00000209641e48a0 flushing  nmethod 0x00000209106e2610
Event: 6013.583 Thread 0x00000209641e48a0 flushing  nmethod 0x00000209106e8510
Event: 6013.583 Thread 0x00000209641e48a0 flushing  nmethod 0x00000209106e8910
Event: 6013.583 Thread 0x00000209641e48a0 flushing  nmethod 0x00000209106e8d10
Event: 6013.583 Thread 0x00000209641e48a0 flushing  nmethod 0x00000209106e9210
Event: 6013.583 Thread 0x00000209641e48a0 flushing  nmethod 0x0000020910a19a10
Event: 6013.583 Thread 0x00000209641e48a0 flushing  nmethod 0x0000020910a6ac90
Event: 6013.583 Thread 0x00000209641e48a0 flushing  nmethod 0x0000020910e0a790
Event: 6013.583 Thread 0x00000209641e48a0 flushing  nmethod 0x0000020910e14610
Event: 6013.583 Thread 0x00000209641e48a0 flushing  nmethod 0x0000020910e15390
Event: 6013.583 Thread 0x00000209641e48a0 flushing  nmethod 0x0000020910e1e590
Event: 6013.583 Thread 0x00000209641e48a0 flushing  nmethod 0x0000020910e26090
Event: 6013.583 Thread 0x00000209641e48a0 flushing  nmethod 0x0000020911232510
Event: 6013.583 Thread 0x00000209641e48a0 flushing  nmethod 0x0000020911233a90

Events (20 events):
Event: 13146.464 Thread 0x000002097302c620 Thread added: 0x000002096de5ec30
Event: 13146.799 Thread 0x0000020971017b40 Thread exited: 0x0000020971017b40
Event: 13146.841 Thread 0x0000020971018210 Thread exited: 0x0000020971018210
Event: 13146.841 Thread 0x000002097101a420 Thread exited: 0x000002097101a420
Event: 13147.114 Thread 0x000002096de5df10 Thread exited: 0x000002096de5df10
Event: 13147.114 Thread 0x000002096de5ec30 Thread exited: 0x000002096de5ec30
Event: 13147.114 Thread 0x000002096de620b0 Thread exited: 0x000002096de620b0
Event: 13147.114 Thread 0x000002096de61a20 Thread exited: 0x000002096de61a20
Event: 13147.114 Thread 0x000002096de61390 Thread exited: 0x000002096de61390
Event: 13147.323 Thread 0x0000020971018fb0 Thread added: 0x000002097101a420
Event: 13147.326 Thread 0x000002097302c620 Thread added: 0x000002096de61390
Event: 13147.326 Thread 0x000002097302c620 Thread added: 0x000002096de5df10
Event: 13147.327 Thread 0x000002097302c620 Thread added: 0x000002096de61a20
Event: 13147.327 Thread 0x000002097302c620 Thread added: 0x000002096de620b0
Event: 13147.327 Thread 0x000002097302c620 Thread added: 0x000002096de5ec30
Event: 13147.330 Thread 0x000002096de5df10 Thread exited: 0x000002096de5df10
Event: 13147.330 Thread 0x000002096de5ec30 Thread exited: 0x000002096de5ec30
Event: 13147.330 Thread 0x000002096de620b0 Thread exited: 0x000002096de620b0
Event: 13147.330 Thread 0x000002096de61a20 Thread exited: 0x000002096de61a20
Event: 13147.331 Thread 0x000002096de61390 Thread exited: 0x000002096de61390


Dynamic libraries:
0x00007ff728340000 - 0x00007ff72834e000 	c:\Users\fersd\.vscode\extensions\redhat.java-1.54.0-win32-x64\jre\21.0.10-win32-x86_64\bin\java.exe
0x00007ff8bfd20000 - 0x00007ff8bff87000 	C:\WINDOWS\SYSTEM32\ntdll.dll
0x00007ff8befc0000 - 0x00007ff8bf089000 	C:\WINDOWS\System32\KERNEL32.DLL
0x00007ff8bd490000 - 0x00007ff8bd884000 	C:\WINDOWS\System32\KERNELBASE.dll
0x00007ff8bc8a0000 - 0x00007ff8bc9eb000 	C:\WINDOWS\System32\ucrtbase.dll
0x00007ff82d700000 - 0x00007ff82d718000 	c:\Users\fersd\.vscode\extensions\redhat.java-1.54.0-win32-x64\jre\21.0.10-win32-x86_64\bin\jli.dll
0x00007ff8be6e0000 - 0x00007ff8be8a5000 	C:\WINDOWS\System32\USER32.dll
0x00007ff8bcb60000 - 0x00007ff8bcb87000 	C:\WINDOWS\System32\win32u.dll
0x00007ff8be3e0000 - 0x00007ff8be40b000 	C:\WINDOWS\System32\GDI32.dll
0x00007ff8bc770000 - 0x00007ff8bc89b000 	C:\WINDOWS\System32\gdi32full.dll
0x00007ff8bda00000 - 0x00007ff8bdaa3000 	C:\WINDOWS\System32\msvcp_win.dll
0x00007ff82c9c0000 - 0x00007ff82c9de000 	c:\Users\fersd\.vscode\extensions\redhat.java-1.54.0-win32-x64\jre\21.0.10-win32-x86_64\bin\VCRUNTIME140.dll
0x00007ff8bb780000 - 0x00007ff8bba13000 	C:\WINDOWS\WinSxS\amd64_microsoft.windows.common-controls_6595b64144ccf1df_6.0.26100.8115_none_3e075c82e3354f9c\COMCTL32.dll
0x00007ff8bf6b0000 - 0x00007ff8bf759000 	C:\WINDOWS\System32\msvcrt.dll
0x00007ff8be310000 - 0x00007ff8be342000 	C:\WINDOWS\System32\IMM32.DLL
0x000000005c050000 - 0x000000005c05d000 	C:\Program Files (x86)\360\Total Security\safemon\SafeWrapper.dll
0x00007ff8bef00000 - 0x00007ff8befb6000 	C:\WINDOWS\System32\ADVAPI32.dll
0x00007ff8bf600000 - 0x00007ff8bf6a7000 	C:\WINDOWS\System32\sechost.dll
0x00007ff8bf220000 - 0x00007ff8bf338000 	C:\WINDOWS\System32\RPCRT4.dll
0x00007ff8b4410000 - 0x00007ff8b4515000 	C:\Program Files (x86)\360\Total Security\safemon\libzdtp64.dll
0x00007ff8bdba0000 - 0x00007ff8be307000 	C:\WINDOWS\System32\SHELL32.dll
0x00007ff8bd890000 - 0x00007ff8bd9fa000 	C:\WINDOWS\System32\wintypes.dll
0x00007ff8bf950000 - 0x00007ff8bfcd2000 	C:\WINDOWS\System32\combase.dll
0x00007ff8bdb30000 - 0x00007ff8bdb96000 	C:\WINDOWS\System32\SHLWAPI.dll
0x00007ff8bcc20000 - 0x00007ff8bd488000 	C:\WINDOWS\System32\Windows.Storage.dll
0x00007ff8bc0d0000 - 0x00007ff8bc0db000 	C:\WINDOWS\SYSTEM32\VERSION.dll
0x00007ff885de0000 - 0x00007ff885dec000 	c:\Users\fersd\.vscode\extensions\redhat.java-1.54.0-win32-x64\jre\21.0.10-win32-x86_64\bin\vcruntime140_1.dll
0x00007ff812f90000 - 0x00007ff81301d000 	c:\Users\fersd\.vscode\extensions\redhat.java-1.54.0-win32-x64\jre\21.0.10-win32-x86_64\bin\msvcp140.dll
0x00007ff80b240000 - 0x00007ff80bfe1000 	c:\Users\fersd\.vscode\extensions\redhat.java-1.54.0-win32-x64\jre\21.0.10-win32-x86_64\bin\server\jvm.dll
0x00007ff8be350000 - 0x00007ff8be3d0000 	C:\WINDOWS\System32\WS2_32.dll
0x00007ff8bc450000 - 0x00007ff8bc4ae000 	C:\WINDOWS\SYSTEM32\POWRPROF.dll
0x00007ff8b1990000 - 0x00007ff8b19c6000 	C:\WINDOWS\SYSTEM32\WINMM.dll
0x00007ff8bc430000 - 0x00007ff8bc444000 	C:\WINDOWS\SYSTEM32\UMPDC.dll
0x00007ff8bad00000 - 0x00007ff8bad1b000 	C:\WINDOWS\SYSTEM32\kernel.appcore.dll
0x00007ff87e3f0000 - 0x00007ff87e3fa000 	c:\Users\fersd\.vscode\extensions\redhat.java-1.54.0-win32-x64\jre\21.0.10-win32-x86_64\bin\jimage.dll
0x00007ff8bbd30000 - 0x00007ff8bbf72000 	C:\WINDOWS\SYSTEM32\DBGHELP.DLL
0x00007ff8be410000 - 0x00007ff8be4e8000 	C:\WINDOWS\System32\OLEAUT32.dll
0x00007ff8bbc20000 - 0x00007ff8bbc5b000 	C:\WINDOWS\SYSTEM32\dbgcore.DLL
0x00007ff8bc9f0000 - 0x00007ff8bca95000 	C:\WINDOWS\System32\bcryptPrimitives.dll
0x00007ff88aca0000 - 0x00007ff88acaf000 	c:\Users\fersd\.vscode\extensions\redhat.java-1.54.0-win32-x64\jre\21.0.10-win32-x86_64\bin\instrument.dll
0x00007ff818450000 - 0x00007ff818470000 	c:\Users\fersd\.vscode\extensions\redhat.java-1.54.0-win32-x64\jre\21.0.10-win32-x86_64\bin\java.dll
0x00007ff8bedb0000 - 0x00007ff8beea8000 	C:\WINDOWS\System32\SHCORE.dll
0x00007ff8bc510000 - 0x00007ff8bc539000 	C:\WINDOWS\SYSTEM32\profapi.dll
0x00007ff818430000 - 0x00007ff818448000 	c:\Users\fersd\.vscode\extensions\redhat.java-1.54.0-win32-x64\jre\21.0.10-win32-x86_64\bin\zip.dll
0x00007ff875910000 - 0x00007ff875920000 	C:\Users\fersd\.vscode\extensions\redhat.java-1.54.0-win32-x64\jre\21.0.10-win32-x86_64\bin\net.dll
0x00007ff8aae70000 - 0x00007ff8aaf9d000 	C:\WINDOWS\SYSTEM32\WINHTTP.dll
0x00007ff8ba7b0000 - 0x00007ff8ba81c000 	C:\WINDOWS\system32\mswsock.dll
0x00007ff835860000 - 0x00007ff835876000 	C:\Users\fersd\.vscode\extensions\redhat.java-1.54.0-win32-x64\jre\21.0.10-win32-x86_64\bin\nio.dll
0x00007ff877df0000 - 0x00007ff877e00000 	c:\Users\fersd\.vscode\extensions\redhat.java-1.54.0-win32-x64\jre\21.0.10-win32-x86_64\bin\verify.dll
0x00007ff8175e0000 - 0x00007ff817625000 	C:\Users\fersd\AppData\Roaming\Code\User\globalStorage\redhat.java\1.54.0\config_win\org.eclipse.equinox.launcher\org.eclipse.equinox.launcher.win32.win32.x86_64_1.3.0.v20260203-2149\eclipse_11919.dll
0x00007ff8bf760000 - 0x00007ff8bf8f7000 	C:\WINDOWS\System32\ole32.dll
0x00007ff8bc0a0000 - 0x00007ff8bc0bb000 	C:\WINDOWS\SYSTEM32\CRYPTSP.dll
0x00007ff8ba270000 - 0x00007ff8ba2a9000 	C:\WINDOWS\system32\rsaenh.dll
0x00007ff8ba860000 - 0x00007ff8ba893000 	C:\WINDOWS\SYSTEM32\USERENV.dll
0x00007ff8bc4e0000 - 0x00007ff8bc50a000 	C:\WINDOWS\SYSTEM32\bcrypt.dll
0x00007ff8baa10000 - 0x00007ff8baa1c000 	C:\WINDOWS\SYSTEM32\CRYPTBASE.dll
0x00007ff8b9d90000 - 0x00007ff8b9dc2000 	C:\WINDOWS\SYSTEM32\IPHLPAPI.DLL
0x00007ff8be910000 - 0x00007ff8be91a000 	C:\WINDOWS\System32\NSI.dll
0x00007ff812990000 - 0x00007ff8129d9000 	C:\Users\fersd\AppData\Local\Temp\jna-97321252\jna10308985798540329017.dll
0x00007ff8bf3d0000 - 0x00007ff8bf3d8000 	C:\WINDOWS\System32\PSAPI.DLL
0x00007ff8aba30000 - 0x00007ff8aba4d000 	C:\WINDOWS\SYSTEM32\dhcpcsvc6.DLL
0x00007ff8aba00000 - 0x00007ff8aba25000 	C:\WINDOWS\SYSTEM32\dhcpcsvc.DLL
0x00007ff875bb0000 - 0x00007ff875bd7000 	C:\Users\fersd\.gradle\native\1def1411415f61bf3af743bc5b6707747c0891f09f0c88961ee8f79bc544acac\windows-amd64\native-platform.dll
0x00007ff877de0000 - 0x00007ff877dea000 	C:\Users\fersd\.vscode\extensions\redhat.java-1.54.0-win32-x64\jre\21.0.10-win32-x86_64\bin\management.dll
0x00007ff874890000 - 0x00007ff87489c000 	C:\Users\fersd\.vscode\extensions\redhat.java-1.54.0-win32-x64\jre\21.0.10-win32-x86_64\bin\management_ext.dll
0x00007ff86eb60000 - 0x00007ff86eb69000 	C:\Users\fersd\.vscode\extensions\redhat.java-1.54.0-win32-x64\jre\21.0.10-win32-x86_64\bin\extnet.dll
0x00007ff873260000 - 0x00007ff87326e000 	C:\Users\fersd\.vscode\extensions\redhat.java-1.54.0-win32-x64\jre\21.0.10-win32-x86_64\bin\sunmscapi.dll
0x00007ff8bc5f0000 - 0x00007ff8bc767000 	C:\WINDOWS\System32\CRYPT32.dll
0x00007ff8bb640000 - 0x00007ff8bb670000 	C:\WINDOWS\SYSTEM32\ncrypt.dll
0x00007ff8bb5f0000 - 0x00007ff8bb62f000 	C:\WINDOWS\SYSTEM32\NTASN1.dll
0x00007ff89cd50000 - 0x00007ff89cd58000 	C:\WINDOWS\system32\wshunix.dll
0x00007ff8bbcf0000 - 0x00007ff8bbd26000 	C:\WINDOWS\SYSTEM32\ntmarta.dll
0x00007ff8b9e70000 - 0x00007ff8b9fa2000 	C:\WINDOWS\SYSTEM32\DNSAPI.dll
0x00007ff8a9810000 - 0x00007ff8a981b000 	C:\Windows\System32\rasadhlp.dll
0x00007ff8abb60000 - 0x00007ff8abbe6000 	C:\WINDOWS\System32\fwpuclnt.dll

JVMTI agents:
c:\Users\fersd\.vscode\extensions\redhat.java-1.54.0-win32-x64\lombok\lombok-1.18.39-4050.jar path:c:\Users\fersd\.vscode\extensions\redhat.java-1.54.0-win32-x64\jre\21.0.10-win32-x86_64\bin\instrument.dll, loaded, initialized, instrumentlib options:none

dbghelp: loaded successfully - version: 4.0.5 - missing functions: none
symbol engine: initialized successfully - sym options: 0x614 - pdb path: .;c:\Users\fersd\.vscode\extensions\redhat.java-1.54.0-win32-x64\jre\21.0.10-win32-x86_64\bin;C:\WINDOWS\SYSTEM32;C:\WINDOWS\WinSxS\amd64_microsoft.windows.common-controls_6595b64144ccf1df_6.0.26100.8115_none_3e075c82e3354f9c;C:\Program Files (x86)\360\Total Security\safemon;c:\Users\fersd\.vscode\extensions\redhat.java-1.54.0-win32-x64\jre\21.0.10-win32-x86_64\bin\server;C:\Users\fersd\AppData\Roaming\Code\User\globalStorage\redhat.java\1.54.0\config_win\org.eclipse.equinox.launcher\org.eclipse.equinox.launcher.win32.win32.x86_64_1.3.0.v20260203-2149;C:\Users\fersd\AppData\Local\Temp\jna-97321252;C:\Users\fersd\.gradle\native\1def1411415f61bf3af743bc5b6707747c0891f09f0c88961ee8f79bc544acac\windows-amd64

VM Arguments:
jvm_args: --add-modules=ALL-SYSTEM --add-opens=java.base/java.util=ALL-UNNAMED --add-opens=java.base/java.lang=ALL-UNNAMED --add-opens=java.base/sun.nio.fs=ALL-UNNAMED -Declipse.application=org.eclipse.jdt.ls.core.id1 -Dosgi.bundles.defaultStartLevel=4 -Declipse.product=org.eclipse.jdt.ls.core.product -Djava.import.generatesMetadataFilesAtProjectRoot=false -DDetectVMInstallationsJob.disabled=true -Dfile.encoding=utf8 -XX:+UseParallelGC -XX:GCTimeRatio=4 -XX:AdaptiveSizePolicyWeight=90 -Dsun.zip.disableMemoryMapping=true -Xmx2G -Xms100m -Xlog:disable -javaagent:c:\Users\fersd\.vscode\extensions\redhat.java-1.54.0-win32-x64\lombok\lombok-1.18.39-4050.jar -XX:+HeapDumpOnOutOfMemoryError -XX:HeapDumpPath=c:\Users\fersd\AppData\Roaming\Code\User\workspaceStorage\e7a5fce1c07637243827d322c0b3266d\redhat.java -Daether.dependencyCollector.impl=bf 
java_command: c:\Users\fersd\.vscode\extensions\redhat.java-1.54.0-win32-x64\server\plugins\org.eclipse.equinox.launcher_1.7.100.v20251111-0406.jar -configuration c:\Users\fersd\AppData\Roaming\Code\User\globalStorage\redhat.java\1.54.0\config_win -data c:\Users\fersd\AppData\Roaming\Code\User\workspaceStorage\e7a5fce1c07637243827d322c0b3266d\redhat.java\jdt_ws --pipe=\\.\pipe\lsp-dd3782dd87c39320ce24e535d5a4eab2-sock
java_class_path (initial): c:\Users\fersd\.vscode\extensions\redhat.java-1.54.0-win32-x64\server\plugins\org.eclipse.equinox.launcher_1.7.100.v20251111-0406.jar
Launcher Type: SUN_STANDARD

[Global flags]
    uintx AdaptiveSizePolicyWeight                 = 90                                        {product} {command line}
     intx CICompilerCount                          = 12                                        {product} {ergonomic}
    uintx GCTimeRatio                              = 4                                         {product} {command line}
     bool HeapDumpOnOutOfMemoryError               = true                                   {manageable} {command line}
    ccstr HeapDumpPath                             = c:\Users\fersd\AppData\Roaming\Code\User\workspaceStorage\e7a5fce1c07637243827d322c0b3266d\redhat.java         {manageable} {command line}
   size_t InitialHeapSize                          = 104857600                                 {product} {command line}
   size_t MaxHeapSize                              = 2147483648                                {product} {command line}
   size_t MaxNewSize                               = 715653120                                 {product} {ergonomic}
   size_t MinHeapDeltaBytes                        = 524288                                    {product} {ergonomic}
   size_t MinHeapSize                              = 104857600                                 {product} {command line}
   size_t NewSize                                  = 34603008                                  {product} {ergonomic}
    uintx NonNMethodCodeHeapSize                   = 7602480                                {pd product} {ergonomic}
    uintx NonProfiledCodeHeapSize                  = 122027880                              {pd product} {ergonomic}
   size_t OldSize                                  = 70254592                                  {product} {ergonomic}
    uintx ProfiledCodeHeapSize                     = 122027880                              {pd product} {ergonomic}
    uintx ReservedCodeCacheSize                    = 251658240                              {pd product} {ergonomic}
     bool SegmentedCodeCache                       = true                                      {product} {ergonomic}
   size_t SoftMaxHeapSize                          = 2147483648                             {manageable} {ergonomic}
     bool UseCompressedOops                        = true                           {product lp64_product} {ergonomic}
     bool UseLargePagesIndividualAllocation        = false                                  {pd product} {ergonomic}
     bool UseParallelGC                            = true                                      {product} {command line}

Logging:
Log output configuration:
 #0: stdout all=off uptime,level,tags foldmultilines=false
 #1: stderr all=off uptime,level,tags foldmultilines=false

Release file:
JAVA_VERSION="21.0.10" 
MODULES="java.base java.compiler java.datatransfer java.xml java.prefs java.desktop java.instrument java.logging java.management java.security.sasl java.naming java.rmi java.management.rmi java.net.http java.scripting java.security.jgss java.transaction.xa java.sql java.sql.rowset java.xml.crypto java.se java.smartcardio jdk.accessibility jdk.internal.jvmstat jdk.attach jdk.charsets jdk.internal.opt jdk.zipfs jdk.compiler jdk.crypto.ec jdk.crypto.cryptoki jdk.crypto.mscapi jdk.dynalink jdk.internal.ed jdk.editpad jdk.hotspot.agent jdk.httpserver jdk.internal.le jdk.internal.vm.ci jdk.internal.vm.compiler jdk.internal.vm.compiler.management jdk.jartool jdk.javadoc jdk.jcmd jdk.management jdk.management.agent jdk.jconsole jdk.jdeps jdk.jdwp.agent jdk.jdi jdk.jfr jdk.jshell jdk.jsobject jdk.jstatd jdk.localedata jdk.management.jfr jdk.naming.dns jdk.naming.rmi jdk.net jdk.nio.mapmode jdk.random jdk.sctp jdk.security.auth jdk.security.jgss jdk.unsupported jdk.unsupported.desktop jdk.xml.dom" 

Environment Variables:
PATH=C:\Users\fersd\AppData\Local\Programs\Microsoft VS Code;C:\Program Files\Common Files\Oracle\Java\javapath;C:\Program Files\Eclipse Adoptium\jdk-25.0.2.10-hotspot\bin;C:\Program Files (x86)\VMware\VMware Workstation\bin\;C:\WINDOWS\system32;C:\WINDOWS;C:\WINDOWS\System32\Wbem;C:\WINDOWS\System32\WindowsPowerShell\v1.0\;C:\WINDOWS\System32\OpenSSH\;C:\Program Files\Git\cmd;C:\Program Files\TortoiseGit\bin;C:\Users\fersd\AppData\Local\nvm;C:\Program Files\nodejs;C:\Program Files\PuTTY\;C:\Program Files\Docker\Docker\resources\bin;C:\Users\fersd\AppData\Local\Python\pythoncore-3.14-64\Scripts;;C:\Users\fersd\AppData\Local\nvm;C:\Program Files\nodejs;C:\Program Files\PowerShell\7\;C:\Program Files\PostgreSQL\18\bin;E:\DevOps\Antigravity\bin;C:\Users\fersd\AppData\Local\Programs\Microsoft VS Code\bin;C:\Users\fersd\apache-maven-3.9.14\bin;E:\DevOps\fullstack\flutter\bin;C:\kubectl;C:\Program Files\nodejs\;C:\Users\fersd\AppData\Local\Programs\Python\Launcher\;C:\Program Files\PostgreSQL\18\bin;C:\Users\fersd\AppData\Local\Programs\Microsoft VS Code\bin;C:\Users\fersd\apache-maven-3.9.14\bin;E:\DevOps\fullstack\flutter\bin;C:\kubectl;C:\Users\fersd\AppData\Local\Python\bin;C:\Users\fersd\AppData\Roaming\npm
USERNAME=fersd
OS=Windows_NT
PROCESSOR_IDENTIFIER=Intel64 Family 6 Model 186 Stepping 2, GenuineIntel
TMP=C:\Users\fersd\AppData\Local\Temp
TEMP=C:\Users\fersd\AppData\Local\Temp




Periodic native trim disabled

---------------  S Y S T E M  ---------------

OS:
 Windows 11 , 64 bit Build 26100 (10.0.26100.8246)
OS uptime: 0 days 19:51 hours
Hyper-V role detected

CPU: total 20 (initial active 20) (10 cores per cpu, 2 threads per core) family 6 model 186 stepping 2 microcode 0x410e, cx8, cmov, fxsr, ht, mmx, 3dnowpref, sse, sse2, sse3, ssse3, sse4.1, sse4.2, popcnt, lzcnt, tsc, tscinvbit, avx, avx2, aes, erms, clmul, bmi1, bmi2, adx, sha, fma, vzeroupper, clflush, clflushopt, clwb, hv, serialize, rdtscp, rdpid, fsrm, f16c, cet_ibt, cet_ss
Processor Information for the first 20 processors :
  Max Mhz: 2600, Current Mhz: 2600, Mhz Limit: 2600

Memory: 4k page, system-wide physical 16008M (3563M free)
TotalPageFile size 28062M (AvailPageFile size 0M)
current process WorkingSet (physical memory assigned to process): 367M, peak: 647M
current process commit charge ("private bytes"): 832M, peak: 1812M

vm_info: OpenJDK 64-Bit Server VM (21.0.10+7-LTS) for windows-amd64 JRE (21.0.10+7-LTS), built on 2026-01-20T00:00:00Z by "admin" with MS VC++ 17.12 (VS2022)

END.
